2025-07-20 18:24:16.297 [info] [main] Log level: Info
2025-07-20 18:24:16.297 [info] [main] Validating found git in: "git"
2025-07-20 18:24:16.297 [info] [main] Using git "2.50.1" from "git"
2025-07-20 18:24:16.297 [info] [Model][doInitialScan] Initial repository scan started
2025-07-20 18:24:16.297 [info] > git rev-parse --show-toplevel [18ms]
2025-07-20 18:24:16.297 [info] > git rev-parse --git-dir --git-common-dir [1ms]
2025-07-20 18:24:16.297 [info] [Model][openRepository] Opened repository (path): /home/arch/.config
2025-07-20 18:24:16.297 [info] [Model][openRepository] Opened repository (real path): /home/arch/.config
2025-07-20 18:24:16.297 [info] > git rev-parse --show-toplevel [5ms]
2025-07-20 18:24:16.297 [info] > git config --get commit.template [9ms]
2025-07-20 18:24:16.297 [info] > git for-each-ref --format=%(refname)%00%(upstream:short)%00%(objectname)%00%(upstream:track)%00%(upstream:remotename)%00%(upstream:remoteref) refs/heads/main refs/remotes/main [13ms]
2025-07-20 18:24:16.310 [info] > git for-each-ref --sort -committerdate --format %(refname)%00%(objectname)%00%(*objectname) [2ms]
2025-07-20 18:24:16.590 [info] > git status -z -uall [287ms]
2025-07-20 18:24:16.695 [info] > git for-each-ref --format=%(refname)%00%(upstream:short)%00%(objectname)%00%(upstream:track)%00%(upstream:remotename)%00%(upstream:remoteref) refs/heads/main refs/remotes/main [12ms]
2025-07-20 18:24:16.873 [info] > git config --get --local branch.main.vscode-merge-base [170ms]
2025-07-20 18:24:16.873 [warning] [Git][config] git config failed: Failed to execute git
2025-07-20 18:24:16.878 [info] > git config --get commit.template [184ms]
2025-07-20 18:24:16.889 [info] > git check-ignore -v -z --stdin [4ms]
2025-07-20 18:24:16.890 [info] > git reflog main --grep-reflog=branch: Created from *. [13ms]
2025-07-20 18:24:16.905 [info] > git symbolic-ref --short refs/remotes/origin/HEAD [9ms]
2025-07-20 18:24:16.905 [info] fatal: ref refs/remotes/origin/HEAD is not a symbolic ref
2025-07-20 18:24:16.905 [warning] [Repository][getDefaultBranch] Failed to get default branch details: Failed to execute git.
2025-07-20 18:24:16.915 [info] > git merge-base refs/heads/main refs/remotes/origin/main [6ms]
2025-07-20 18:24:16.920 [info] > git for-each-ref --format=%(refname)%00%(upstream:short)%00%(objectname)%00%(upstream:track)%00%(upstream:remotename)%00%(upstream:remoteref) refs/heads/main refs/remotes/main [17ms]
2025-07-20 18:24:16.922 [info] > git diff --name-status -z --diff-filter=ADMR 06bb28050d2c500c4f01db53c1d35e23a37c7845...refs/remotes/origin/main [3ms]
2025-07-20 18:24:16.938 [info] > git rev-parse --show-toplevel [11ms]
2025-07-20 18:24:16.945 [info] > git for-each-ref --sort -committerdate --format %(refname)%00%(objectname)%00%(*objectname) [7ms]
2025-07-20 18:24:16.947 [info] > git rev-parse --show-toplevel [3ms]
2025-07-20 18:24:16.952 [info] > git rev-parse --show-toplevel [1ms]
2025-07-20 18:24:16.959 [info] > git rev-parse --show-toplevel [1ms]
2025-07-20 18:24:16.965 [info] > git rev-parse --show-toplevel [1ms]
2025-07-20 18:24:16.971 [info] > git rev-parse --show-toplevel [1ms]
2025-07-20 18:24:16.976 [info] > git rev-parse --show-toplevel [1ms]
2025-07-20 18:24:16.983 [info] > git rev-parse --show-toplevel [1ms]
2025-07-20 18:24:16.990 [info] > git rev-parse --show-toplevel [1ms]
2025-07-20 18:24:16.999 [info] > git rev-parse --show-toplevel [1ms]
2025-07-20 18:24:17.007 [info] > git rev-parse --show-toplevel [1ms]
2025-07-20 18:24:17.013 [info] > git rev-parse --show-toplevel [2ms]
2025-07-20 18:24:17.018 [info] > git rev-parse --show-toplevel [1ms]
2025-07-20 18:24:17.024 [info] > git rev-parse --show-toplevel [1ms]
2025-07-20 18:24:17.031 [info] > git rev-parse --show-toplevel [1ms]
2025-07-20 18:24:17.037 [info] > git rev-parse --show-toplevel [1ms]
2025-07-20 18:24:17.043 [info] > git rev-parse --show-toplevel [2ms]
2025-07-20 18:24:17.050 [info] > git rev-parse --show-toplevel [1ms]
2025-07-20 18:24:17.056 [info] > git rev-parse --show-toplevel [2ms]
2025-07-20 18:24:17.062 [info] > git rev-parse --show-toplevel [1ms]
2025-07-20 18:24:17.068 [info] > git rev-parse --show-toplevel [1ms]
2025-07-20 18:24:17.073 [info] > git rev-parse --show-toplevel [1ms]
2025-07-20 18:24:17.080 [info] > git rev-parse --show-toplevel [2ms]
2025-07-20 18:24:17.086 [info] > git rev-parse --show-toplevel [1ms]
2025-07-20 18:24:17.092 [info] > git rev-parse --show-toplevel [1ms]
2025-07-20 18:24:17.100 [info] > git rev-parse --show-toplevel [2ms]
2025-07-20 18:24:17.105 [info] > git rev-parse --show-toplevel [1ms]
2025-07-20 18:24:17.111 [info] > git rev-parse --show-toplevel [2ms]
2025-07-20 18:24:17.118 [info] > git rev-parse --show-toplevel [2ms]
2025-07-20 18:24:17.124 [info] > git status -z -uall [191ms]
2025-07-20 18:24:17.124 [info] > git rev-parse --show-toplevel [2ms]
2025-07-20 18:24:17.167 [info] > git rev-parse --show-toplevel [2ms]
2025-07-20 18:24:17.216 [info] > git rev-parse --show-toplevel [40ms]
2025-07-20 18:24:17.231 [info] > git rev-parse --show-toplevel [3ms]
2025-07-20 18:24:17.232 [info] [Model][doInitialScan] Initial repository scan completed - repositories (1), closed repositories (0), parent repositories (0), unsafe repositories (0)
2025-07-20 18:24:17.418 [info] > git show --textconv :hypr/hyprland.conf [180ms]
2025-07-20 18:24:17.418 [info] > git ls-files --stage -- hypr/hyprland.conf [176ms]
2025-07-20 18:24:17.426 [info] > git cat-file -s 67c91d3409f7f3cc67e2d5e796b1fc8c06b6df6b [3ms]
2025-07-20 18:24:17.486 [info] > git blame --root --incremental 06bb28050d2c500c4f01db53c1d35e23a37c7845 -- hypr/hyprland.conf [2ms]
2025-07-20 18:24:25.623 [info] > git check-ignore -v -z --stdin [18ms]
2025-07-20 18:24:27.567 [info] > git config --get commit.template [7ms]
2025-07-20 18:24:27.568 [info] > git for-each-ref --format=%(refname)%00%(upstream:short)%00%(objectname)%00%(upstream:track)%00%(upstream:remotename)%00%(upstream:remoteref) refs/heads/main refs/remotes/main [2ms]
2025-07-20 18:24:27.583 [info] > git for-each-ref --sort -committerdate --format %(refname)%00%(objectname)%00%(*objectname) [2ms]
2025-07-20 18:24:27.715 [info] > git status -z -uall [140ms]
2025-07-20 18:24:41.474 [info] > git config --get commit.template [7ms]
2025-07-20 18:24:41.475 [info] > git for-each-ref --format=%(refname)%00%(upstream:short)%00%(objectname)%00%(upstream:track)%00%(upstream:remotename)%00%(upstream:remoteref) refs/heads/main refs/remotes/main [1ms]
2025-07-20 18:24:41.490 [info] > git for-each-ref --sort -committerdate --format %(refname)%00%(objectname)%00%(*objectname) [2ms]
2025-07-20 18:24:41.630 [info] > git status -z -uall [149ms]
2025-07-20 18:24:43.080 [info] > git check-ignore -v -z --stdin [8ms]
2025-07-20 18:24:46.698 [info] > git config --get commit.template [23ms]
2025-07-20 18:24:46.702 [info] > git for-each-ref --format=%(refname)%00%(upstream:short)%00%(objectname)%00%(upstream:track)%00%(upstream:remotename)%00%(upstream:remoteref) refs/heads/main refs/remotes/main [6ms]
2025-07-20 18:24:46.742 [info] > git for-each-ref --sort -committerdate --format %(refname)%00%(objectname)%00%(*objectname) [4ms]
2025-07-20 18:24:46.888 [info] > git status -z -uall [167ms]
2025-07-20 18:24:51.920 [info] > git config --get commit.template [5ms]
2025-07-20 18:24:51.921 [info] > git for-each-ref --format=%(refname)%00%(upstream:short)%00%(objectname)%00%(upstream:track)%00%(upstream:remotename)%00%(upstream:remoteref) refs/heads/main refs/remotes/main [1ms]
2025-07-20 18:24:51.947 [info] > git for-each-ref --sort -committerdate --format %(refname)%00%(objectname)%00%(*objectname) [5ms]
2025-07-20 18:24:52.084 [info] > git status -z -uall [156ms]
2025-07-20 18:24:57.154 [info] > git config --get commit.template [21ms]
2025-07-20 18:24:57.156 [info] > git for-each-ref --format=%(refname)%00%(upstream:short)%00%(objectname)%00%(upstream:track)%00%(upstream:remotename)%00%(upstream:remoteref) refs/heads/main refs/remotes/main [4ms]
2025-07-20 18:24:57.193 [info] > git for-each-ref --sort -committerdate --format %(refname)%00%(objectname)%00%(*objectname) [4ms]
2025-07-20 18:24:57.324 [info] > git status -z -uall [153ms]
2025-07-20 18:25:02.382 [info] > git config --get commit.template [14ms]
2025-07-20 18:25:02.384 [info] > git for-each-ref --format=%(refname)%00%(upstream:short)%00%(objectname)%00%(upstream:track)%00%(upstream:remotename)%00%(upstream:remoteref) refs/heads/main refs/remotes/main [5ms]
2025-07-20 18:25:02.411 [info] > git for-each-ref --sort -committerdate --format %(refname)%00%(objectname)%00%(*objectname) [1ms]
2025-07-20 18:25:02.546 [info] > git status -z -uall [148ms]
2025-07-20 18:25:07.606 [info] > git config --get commit.template [11ms]
2025-07-20 18:25:07.608 [info] > git for-each-ref --format=%(refname)%00%(upstream:short)%00%(objectname)%00%(upstream:track)%00%(upstream:remotename)%00%(upstream:remoteref) refs/heads/main refs/remotes/main [3ms]
2025-07-20 18:25:07.637 [info] > git for-each-ref --sort -committerdate --format %(refname)%00%(objectname)%00%(*objectname) [1ms]
2025-07-20 18:25:07.781 [info] > git status -z -uall [157ms]
2025-07-20 18:25:12.848 [info] > git config --get commit.template [20ms]
2025-07-20 18:25:12.851 [info] > git for-each-ref --format=%(refname)%00%(upstream:short)%00%(objectname)%00%(upstream:track)%00%(upstream:remotename)%00%(upstream:remoteref) refs/heads/main refs/remotes/main [5ms]
2025-07-20 18:25:12.904 [info] > git for-each-ref --sort -committerdate --format %(refname)%00%(objectname)%00%(*objectname) [3ms]
2025-07-20 18:25:13.032 [info] > git status -z -uall [156ms]
2025-07-20 18:25:18.079 [info] > git config --get commit.template [12ms]
2025-07-20 18:25:18.081 [info] > git for-each-ref --format=%(refname)%00%(upstream:short)%00%(objectname)%00%(upstream:track)%00%(upstream:remotename)%00%(upstream:remoteref) refs/heads/main refs/remotes/main [4ms]
2025-07-20 18:25:18.108 [info] > git for-each-ref --sort -committerdate --format %(refname)%00%(objectname)%00%(*objectname) [2ms]
2025-07-20 18:25:18.242 [info] > git status -z -uall [147ms]
2025-07-20 18:25:23.281 [info] > git config --get commit.template [9ms]
2025-07-20 18:25:23.284 [info] > git for-each-ref --format=%(refname)%00%(upstream:short)%00%(objectname)%00%(upstream:track)%00%(upstream:remotename)%00%(upstream:remoteref) refs/heads/main refs/remotes/main [4ms]
2025-07-20 18:25:23.326 [info] > git for-each-ref --sort -committerdate --format %(refname)%00%(objectname)%00%(*objectname) [6ms]
2025-07-20 18:25:23.464 [info] > git status -z -uall [164ms]
2025-07-20 18:25:28.524 [info] > git config --get commit.template [18ms]
2025-07-20 18:25:28.527 [info] > git for-each-ref --format=%(refname)%00%(upstream:short)%00%(objectname)%00%(upstream:track)%00%(upstream:remotename)%00%(upstream:remoteref) refs/heads/main refs/remotes/main [5ms]
2025-07-20 18:25:28.555 [info] > git for-each-ref --sort -committerdate --format %(refname)%00%(objectname)%00%(*objectname) [3ms]
2025-07-20 18:25:28.684 [info] > git status -z -uall [147ms]
2025-07-20 18:25:33.731 [info] > git config --get commit.template [13ms]
2025-07-20 18:25:33.732 [info] > git for-each-ref --format=%(refname)%00%(upstream:short)%00%(objectname)%00%(upstream:track)%00%(upstream:remotename)%00%(upstream:remoteref) refs/heads/main refs/remotes/main [3ms]
2025-07-20 18:25:33.759 [info] > git for-each-ref --sort -committerdate --format %(refname)%00%(objectname)%00%(*objectname) [2ms]
2025-07-20 18:25:33.895 [info] > git status -z -uall [150ms]
2025-07-20 18:25:38.944 [info] > git config --get commit.template [19ms]
2025-07-20 18:25:38.947 [info] > git for-each-ref --format=%(refname)%00%(upstream:short)%00%(objectname)%00%(upstream:track)%00%(upstream:remotename)%00%(upstream:remoteref) refs/heads/main refs/remotes/main [6ms]
2025-07-20 18:25:38.985 [info] > git for-each-ref --sort -committerdate --format %(refname)%00%(objectname)%00%(*objectname) [2ms]
2025-07-20 18:25:39.124 [info] > git status -z -uall [159ms]
2025-07-20 18:25:44.178 [info] > git config --get commit.template [13ms]
2025-07-20 18:25:44.180 [info] > git for-each-ref --format=%(refname)%00%(upstream:short)%00%(objectname)%00%(upstream:track)%00%(upstream:remotename)%00%(upstream:remoteref) refs/heads/main refs/remotes/main [4ms]
2025-07-20 18:25:44.217 [info] > git for-each-ref --sort -committerdate --format %(refname)%00%(objectname)%00%(*objectname) [5ms]
2025-07-20 18:25:44.354 [info] > git status -z -uall [158ms]
2025-07-20 18:25:49.416 [info] > git config --get commit.template [25ms]
2025-07-20 18:25:49.418 [info] > git for-each-ref --format=%(refname)%00%(upstream:short)%00%(objectname)%00%(upstream:track)%00%(upstream:remotename)%00%(upstream:remoteref) refs/heads/main refs/remotes/main [6ms]
2025-07-20 18:25:49.452 [info] > git for-each-ref --sort -committerdate --format %(refname)%00%(objectname)%00%(*objectname) [2ms]
2025-07-20 18:25:49.587 [info] > git status -z -uall [151ms]
2025-07-20 18:25:54.659 [info] > git config --get commit.template [29ms]
2025-07-20 18:25:54.661 [info] > git for-each-ref --format=%(refname)%00%(upstream:short)%00%(objectname)%00%(upstream:track)%00%(upstream:remotename)%00%(upstream:remoteref) refs/heads/main refs/remotes/main [6ms]
2025-07-20 18:25:54.708 [info] > git for-each-ref --sort -committerdate --format %(refname)%00%(objectname)%00%(*objectname) [4ms]
2025-07-20 18:25:54.837 [info] > git status -z -uall [153ms]
2025-07-20 18:25:59.896 [info] > git config --get commit.template [22ms]
2025-07-20 18:25:59.899 [info] > git for-each-ref --format=%(refname)%00%(upstream:short)%00%(objectname)%00%(upstream:track)%00%(upstream:remotename)%00%(upstream:remoteref) refs/heads/main refs/remotes/main [5ms]
2025-07-20 18:25:59.929 [info] > git for-each-ref --sort -committerdate --format %(refname)%00%(objectname)%00%(*objectname) [2ms]
2025-07-20 18:26:00.056 [info] > git status -z -uall [143ms]
2025-07-20 18:26:05.110 [info] > git config --get commit.template [22ms]
2025-07-20 18:26:05.114 [info] > git for-each-ref --format=%(refname)%00%(upstream:short)%00%(objectname)%00%(upstream:track)%00%(upstream:remotename)%00%(upstream:remoteref) refs/heads/main refs/remotes/main [6ms]
2025-07-20 18:26:05.150 [info] > git for-each-ref --sort -committerdate --format %(refname)%00%(objectname)%00%(*objectname) [6ms]
2025-07-20 18:26:05.300 [info] > git status -z -uall [172ms]
2025-07-20 18:26:10.367 [info] > git config --get commit.template [19ms]
2025-07-20 18:26:10.371 [info] > git for-each-ref --format=%(refname)%00%(upstream:short)%00%(objectname)%00%(upstream:track)%00%(upstream:remotename)%00%(upstream:remoteref) refs/heads/main refs/remotes/main [6ms]
2025-07-20 18:26:10.426 [info] > git for-each-ref --sort -committerdate --format %(refname)%00%(objectname)%00%(*objectname) [5ms]
2025-07-20 18:26:10.564 [info] > git status -z -uall [167ms]
2025-07-20 18:26:15.607 [info] > git config --get commit.template [3ms]
2025-07-20 18:26:15.621 [info] > git for-each-ref --format=%(refname)%00%(upstream:short)%00%(objectname)%00%(upstream:track)%00%(upstream:remotename)%00%(upstream:remoteref) refs/heads/main refs/remotes/main [2ms]
2025-07-20 18:26:15.638 [info] > git for-each-ref --sort -committerdate --format %(refname)%00%(objectname)%00%(*objectname) [1ms]
2025-07-20 18:26:15.781 [info] > git status -z -uall [153ms]
2025-07-20 18:26:20.836 [info] > git config --get commit.template [21ms]
2025-07-20 18:26:20.840 [info] > git for-each-ref --format=%(refname)%00%(upstream:short)%00%(objectname)%00%(upstream:track)%00%(upstream:remotename)%00%(upstream:remoteref) refs/heads/main refs/remotes/main [5ms]
2025-07-20 18:26:20.880 [info] > git for-each-ref --sort -committerdate --format %(refname)%00%(objectname)%00%(*objectname) [2ms]
2025-07-20 18:26:21.025 [info] > git status -z -uall [163ms]
2025-07-20 18:26:26.070 [info] > git config --get commit.template [11ms]
2025-07-20 18:26:26.072 [info] > git for-each-ref --format=%(refname)%00%(upstream:short)%00%(objectname)%00%(upstream:track)%00%(upstream:remotename)%00%(upstream:remoteref) refs/heads/main refs/remotes/main [3ms]
2025-07-20 18:26:26.099 [info] > git for-each-ref --sort -committerdate --format %(refname)%00%(objectname)%00%(*objectname) [2ms]
2025-07-20 18:26:26.231 [info] > git status -z -uall [146ms]
2025-07-20 18:26:31.288 [info] > git config --get commit.template [19ms]
2025-07-20 18:26:31.293 [info] > git for-each-ref --format=%(refname)%00%(upstream:short)%00%(objectname)%00%(upstream:track)%00%(upstream:remotename)%00%(upstream:remoteref) refs/heads/main refs/remotes/main [6ms]
2025-07-20 18:26:31.321 [info] > git for-each-ref --sort -committerdate --format %(refname)%00%(objectname)%00%(*objectname) [2ms]
2025-07-20 18:26:31.449 [info] > git status -z -uall [141ms]
2025-07-20 18:26:36.490 [info] > git config --get commit.template [11ms]
2025-07-20 18:26:36.493 [info] > git for-each-ref --format=%(refname)%00%(upstream:short)%00%(objectname)%00%(upstream:track)%00%(upstream:remotename)%00%(upstream:remoteref) refs/heads/main refs/remotes/main [4ms]
2025-07-20 18:26:36.526 [info] > git for-each-ref --sort -committerdate --format %(refname)%00%(objectname)%00%(*objectname) [4ms]
2025-07-20 18:26:36.662 [info] > git status -z -uall [154ms]
2025-07-20 18:26:41.706 [info] > git config --get commit.template [3ms]
2025-07-20 18:26:41.724 [info] > git for-each-ref --format=%(refname)%00%(upstream:short)%00%(objectname)%00%(upstream:track)%00%(upstream:remotename)%00%(upstream:remoteref) refs/heads/main refs/remotes/main [3ms]
2025-07-20 18:26:41.753 [info] > git for-each-ref --sort -committerdate --format %(refname)%00%(objectname)%00%(*objectname) [4ms]
2025-07-20 18:26:41.883 [info] > git status -z -uall [146ms]
