2025-07-20 18:06:31.812 [info] [main] Log level: Info
2025-07-20 18:06:31.812 [info] [main] Validating found git in: "git"
2025-07-20 18:06:31.812 [info] [main] Using git "2.50.1" from "git"
2025-07-20 18:06:31.812 [info] [Model][doInitialScan] Initial repository scan started
2025-07-20 18:06:31.812 [info] > git rev-parse --show-toplevel [9ms]
2025-07-20 18:06:31.812 [info] fatal: not a git repository (or any of the parent directories): .git
2025-07-20 18:06:31.812 [info] > git rev-parse --show-toplevel [9ms]
2025-07-20 18:06:31.812 [info] fatal: not a git repository (or any of the parent directories): .git
2025-07-20 18:06:31.812 [info] > git rev-parse --show-toplevel [17ms]
2025-07-20 18:06:31.812 [info] fatal: not a git repository (or any of the parent directories): .git
2025-07-20 18:06:31.812 [info] > git rev-parse --show-toplevel [6ms]
2025-07-20 18:06:31.812 [info] fatal: not a git repository (or any of the parent directories): .git
2025-07-20 18:06:31.812 [info] > git rev-parse --show-toplevel [7ms]
2025-07-20 18:06:31.812 [info] fatal: not a git repository (or any of the parent directories): .git
2025-07-20 18:06:31.812 [info] [Model][doInitialScan] Initial repository scan completed - repositories (0), closed repositories (0), parent repositories (0), unsafe repositories (0)
2025-07-20 18:06:32.237 [info] > git rev-parse --show-toplevel [2ms]
2025-07-20 18:06:32.237 [info] fatal: not a git repository (or any of the parent directories): .git
2025-07-20 18:06:32.331 [info] > git rev-parse --show-toplevel [4ms]
2025-07-20 18:06:32.331 [info] fatal: not a git repository (or any of the parent directories): .git
2025-07-20 18:06:33.272 [info] > git rev-parse --show-toplevel [44ms]
2025-07-20 18:06:33.272 [info] fatal: not a git repository (or any of the parent directories): .git
2025-07-20 18:06:33.382 [info] > git rev-parse --show-toplevel [3ms]
2025-07-20 18:06:33.382 [info] fatal: not a git repository (or any of the parent directories): .git
