2025-07-19 22:39:55.801 [info] [main] Log level: Info
2025-07-19 22:39:55.801 [info] [main] Validating found git in: "git"
2025-07-19 22:39:55.801 [info] [main] Using git "2.50.1" from "git"
2025-07-19 22:39:55.801 [info] [Model][doInitialScan] Initial repository scan started
2025-07-19 22:39:55.801 [info] [Model][doInitialScan] Initial repository scan completed - repositories (0), closed repositories (0), parent repositories (0), unsafe repositories (0)
2025-07-19 22:40:00.439 [info] [main] Log level: Info
2025-07-19 22:40:00.439 [info] [main] Validating found git in: "git"
2025-07-19 22:40:00.439 [info] [main] Using git "2.50.1" from "git"
2025-07-19 22:40:00.439 [info] [Model][doInitialScan] Initial repository scan started
2025-07-19 22:40:00.439 [info] > git rev-parse --show-toplevel [72ms]
2025-07-19 22:40:00.439 [info] fatal: not a git repository (or any of the parent directories): .git
2025-07-19 22:40:00.439 [info] [Model][doInitialScan] Initial repository scan completed - repositories (0), closed repositories (0), parent repositories (0), unsafe repositories (0)
2025-07-19 22:40:00.439 [info] > git rev-parse --show-toplevel [5ms]
2025-07-19 22:40:00.439 [info] fatal: not a git repository (or any of the parent directories): .git
2025-07-19 22:40:00.479 [info] > git rev-parse --show-toplevel [28ms]
2025-07-19 22:40:00.479 [info] fatal: not a git repository (or any of the parent directories): .git
2025-07-19 22:40:01.639 [info] > git rev-parse --show-toplevel [2ms]
2025-07-19 22:40:01.639 [info] fatal: not a git repository (or any of the parent directories): .git
2025-07-19 22:40:02.125 [info] > git rev-parse --show-toplevel [1ms]
2025-07-19 22:40:02.125 [info] fatal: not a git repository (or any of the parent directories): .git
2025-07-19 22:40:10.563 [info] > git rev-parse --show-toplevel [2ms]
2025-07-19 22:40:10.563 [info] fatal: not a git repository (or any of the parent directories): .git
