2025-07-19 20:25:13.630 [info] Extension host with pid 2889 started
2025-07-19 20:25:13.630 [info] Skipping acquiring lock for /home/arch/.config/Code - OSS/User/workspaceStorage/5131df26ff64064dffac3ae144254f7c.
2025-07-19 20:25:14.027 [info] ExtensionService#_doActivateExtension vscode.emmet, startup: false, activationEvent: 'onLanguage'
2025-07-19 20:25:14.062 [info] ExtensionService#_doActivateExtension vscode.typescript-language-features, startup: false, activationEvent: 'onLanguage:typescriptreact'
2025-07-19 20:25:14.406 [info] ExtensionService#_doActivateExtension vscode.git-base, startup: true, activationEvent: '*', root cause: vscode.git
2025-07-19 20:25:14.411 [info] ExtensionService#_doActivateExtension vscode.npm, startup: true, activationEvent: 'workspaceContains:package.json'
2025-07-19 20:25:14.475 [info] ExtensionService#_doActivateExtension vscode.git, startup: true, activationEvent: '*'
2025-07-19 20:25:14.564 [info] ExtensionService#_doActivateExtension vscode.github, startup: true, activationEvent: '*'
2025-07-19 20:25:14.701 [info] ExtensionService#_doActivateExtension vscode.configuration-editing, startup: false, activationEvent: 'onLanguage:jsonc'
2025-07-19 20:25:14.715 [info] ExtensionService#_doActivateExtension vscode.json-language-features, startup: false, activationEvent: 'onLanguage:jsonc'
2025-07-19 20:25:14.879 [info] Eager extensions activated
2025-07-19 20:25:14.893 [info] ExtensionService#_doActivateExtension vscode.debug-auto-launch, startup: false, activationEvent: 'onStartupFinished'
2025-07-19 20:25:14.897 [info] ExtensionService#_doActivateExtension vscode.merge-conflict, startup: false, activationEvent: 'onStartupFinished'
2025-07-19 20:25:19.681 [info] ExtensionService#_doActivateExtension vscode.extension-editing, startup: false, activationEvent: 'onLanguage:json'
2025-07-20 00:17:47.587 [info] ExtensionService#_doActivateExtension vscode.html-language-features, startup: false, activationEvent: 'onLanguage:html'
2025-07-20 00:45:23.531 [error] [vscode.typescript-language-features] provider FAILED
2025-07-20 00:45:23.531 [error] Error: <semantic> TypeScript Server Error (5.8.3)
Debug Failure. False expression: Expected symbol to be a module
Error: Debug Failure. False expression: Expected symbol to be a module
    at Object.addImportForModuleSymbol (/usr/lib/code/extensions/node_modules/typescript/lib/typescript.js:157416:11)
    at /usr/lib/code/extensions/node_modules/typescript/lib/typescript.js:147140:19
    at Map.forEach (<anonymous>)
    at addTargetFileImports (/usr/lib/code/extensions/node_modules/typescript/lib/typescript.js:147133:17)
    at /usr/lib/code/extensions/node_modules/typescript/lib/typescript.js:182051:7
    at ConfiguredProject2.runWithTemporaryFileUpdate (/usr/lib/code/extensions/node_modules/typescript/lib/typescript.js:187575:7)
    at pasteEdits (/usr/lib/code/extensions/node_modules/typescript/lib/typescript.js:182031:55)
    at /usr/lib/code/extensions/node_modules/typescript/lib/typescript.js:182016:118
    at _ChangeTracker.with (/usr/lib/code/extensions/node_modules/typescript/lib/typescript.js:178070:5)
    at Object.pasteEditsProvider (/usr/lib/code/extensions/node_modules/typescript/lib/typescript.js:182016:60)
    at Object.getPasteEdits (/usr/lib/code/extensions/node_modules/typescript/lib/typescript.js:152265:34)
    at IpcIOSession.getPasteEdits (/usr/lib/code/extensions/node_modules/typescript/lib/typescript.js:195298:49)
    at getPasteEdits (/usr/lib/code/extensions/node_modules/typescript/lib/typescript.js:193419:43)
    at /usr/lib/code/extensions/node_modules/typescript/lib/typescript.js:195676:15
    at IpcIOSession.executeWithRequestId (/usr/lib/code/extensions/node_modules/typescript/lib/typescript.js:195665:14)
    at IpcIOSession.executeCommand (/usr/lib/code/extensions/node_modules/typescript/lib/typescript.js:195674:29)
    at IpcIOSession.onMessage (/usr/lib/code/extensions/node_modules/typescript/lib/typescript.js:195722:68)
    at process.<anonymous> (/usr/lib/code/extensions/node_modules/typescript/lib/_tsserver.js:519:14)
    at process.emit (node:events:518:28)
    at emit (node:internal/child_process:949:14)
    at process.processTicksAndRejections (node:internal/process/task_queues:91:21)
	at n.create (/usr/lib/code/extensions/typescript-language-features/dist/extension.js:2:497261)
	at y.dispatchResponse (/usr/lib/code/extensions/typescript-language-features/dist/extension.js:2:490340)
	at y.dispatchMessage (/usr/lib/code/extensions/typescript-language-features/dist/extension.js:2:488781)
	at ChildProcess.<anonymous> (/usr/lib/code/extensions/typescript-language-features/dist/extension.js:2:488274)
	at ChildProcess.emit (node:events:518:28)
	at emit (node:internal/child_process:949:14)
	at process.processTicksAndRejections (node:internal/process/task_queues:91:21)
2025-07-20 01:53:31.925 [info] ExtensionService#_doActivateExtension vscode.css-language-features, startup: false, activationEvent: 'onLanguage:css'
