2025-07-20 19:54:12.460 [info] Extension host with pid 41498 started
2025-07-20 19:54:12.521 [info] ExtensionService#_doActivateExtension vscode.configuration-editing, startup: false, activationEvent: 'onLanguage:jsonc'
2025-07-20 19:54:12.535 [info] ExtensionService#_doActivateExtension vscode.json-language-features, startup: false, activationEvent: 'onLanguage:jsonc'
2025-07-20 19:54:12.610 [info] ExtensionService#_doActivateExtension vscode.typescript-language-features, startup: false, activationEvent: 'onLanguage:jsonc'
2025-07-20 19:54:12.660 [info] ExtensionService#_doActivateExtension vscode.emmet, startup: false, activationEvent: 'onLanguage'
2025-07-20 19:54:12.845 [info] ExtensionService#_doActivateExtension vscode.git-base, startup: true, activationEvent: '*', root cause: vscode.git
2025-07-20 19:54:12.847 [info] ExtensionService#_doActivateExtension vscode.git, startup: true, activationEvent: '*'
2025-07-20 19:54:12.886 [info] ExtensionService#_doActivateExtension vscode.github, startup: true, activationEvent: '*'
2025-07-20 19:54:12.949 [info] Eager extensions activated
2025-07-20 19:54:12.950 [info] ExtensionService#_doActivateExtension vscode.debug-auto-launch, startup: false, activationEvent: 'onStartupFinished'
2025-07-20 19:54:12.952 [info] ExtensionService#_doActivateExtension vscode.merge-conflict, startup: false, activationEvent: 'onStartupFinished'
2025-07-20 19:54:12.964 [info] ExtensionService#_doActivateExtension Catppuccin.catppuccin-vsc, startup: false, activationEvent: 'onStartupFinished'
2025-07-20 19:54:12.967 [info] ExtensionService#_doActivateExtension PKief.material-icon-theme, startup: false, activationEvent: 'onStartupFinished'
2025-07-20 19:54:15.319 [info] Extension host terminating: renderer closed the MessagePort
2025-07-20 19:54:15.330 [info] Extension host with pid 41498 exiting with code 0
2025-07-20 19:54:16.280 [info] Extension host with pid 41544 started
2025-07-20 19:54:16.280 [info] Skipping acquiring lock for /home/arch/.config/Code - OSS/User/workspaceStorage/bb2a9779ff93daad339410085ddf195a.
2025-07-20 19:54:16.507 [info] ExtensionService#_doActivateExtension vscode.git-base, startup: true, activationEvent: '*', root cause: vscode.git
2025-07-20 19:54:16.551 [info] ExtensionService#_doActivateExtension vscode.git, startup: true, activationEvent: '*'
2025-07-20 19:54:16.601 [info] ExtensionService#_doActivateExtension vscode.github, startup: true, activationEvent: '*'
2025-07-20 19:54:16.721 [info] ExtensionService#_doActivateExtension vscode.configuration-editing, startup: false, activationEvent: 'onLanguage:jsonc'
2025-07-20 19:54:16.732 [info] ExtensionService#_doActivateExtension vscode.json-language-features, startup: false, activationEvent: 'onLanguage:jsonc'
2025-07-20 19:54:16.806 [info] ExtensionService#_doActivateExtension vscode.typescript-language-features, startup: false, activationEvent: 'onLanguage:jsonc'
2025-07-20 19:54:16.875 [info] ExtensionService#_doActivateExtension vscode.emmet, startup: false, activationEvent: 'onLanguage'
2025-07-20 19:54:16.931 [info] Eager extensions activated
2025-07-20 19:54:16.990 [info] ExtensionService#_doActivateExtension vscode.debug-auto-launch, startup: false, activationEvent: 'onStartupFinished'
2025-07-20 19:54:16.993 [info] ExtensionService#_doActivateExtension vscode.merge-conflict, startup: false, activationEvent: 'onStartupFinished'
2025-07-20 19:54:17.017 [info] ExtensionService#_doActivateExtension Catppuccin.catppuccin-vsc, startup: false, activationEvent: 'onStartupFinished'
2025-07-20 19:54:17.023 [info] ExtensionService#_doActivateExtension PKief.material-icon-theme, startup: false, activationEvent: 'onStartupFinished'
2025-07-20 19:54:17.292 [info] ExtensionService#_doActivateExtension vscode.github-authentication, startup: false, activationEvent: 'onAuthenticationRequest:github'
2025-07-20 19:54:17.420 [error] Error: Git error
	at ChildProcess.<anonymous> (/usr/lib/code/extensions/git/dist/main.js:2:604689)
	at ChildProcess.emit (node:events:530:35)
	at ChildProcess._handle.onexit (node:internal/child_process:293:12)
2025-07-20 19:54:17.420 [error] Error: Git error
	at ChildProcess.<anonymous> (/usr/lib/code/extensions/git/dist/main.js:2:604689)
	at ChildProcess.emit (node:events:530:35)
	at ChildProcess._handle.onexit (node:internal/child_process:293:12)
2025-07-20 19:54:17.420 [error] Error: Git error
	at ChildProcess.<anonymous> (/usr/lib/code/extensions/git/dist/main.js:2:604689)
	at ChildProcess.emit (node:events:530:35)
	at ChildProcess._handle.onexit (node:internal/child_process:293:12)
2025-07-20 19:54:17.420 [error] Error: Git error
	at ChildProcess.<anonymous> (/usr/lib/code/extensions/git/dist/main.js:2:604689)
	at ChildProcess.emit (node:events:530:35)
	at ChildProcess._handle.onexit (node:internal/child_process:293:12)
2025-07-20 19:54:17.420 [error] Error: Git error
	at ChildProcess.<anonymous> (/usr/lib/code/extensions/git/dist/main.js:2:604689)
	at ChildProcess.emit (node:events:530:35)
	at ChildProcess._handle.onexit (node:internal/child_process:293:12)
2025-07-20 19:54:17.420 [error] Error: Git error
	at ChildProcess.<anonymous> (/usr/lib/code/extensions/git/dist/main.js:2:604689)
	at ChildProcess.emit (node:events:530:35)
	at ChildProcess._handle.onexit (node:internal/child_process:293:12)
2025-07-20 19:54:17.420 [error] Error: Git error
	at ChildProcess.<anonymous> (/usr/lib/code/extensions/git/dist/main.js:2:604689)
	at ChildProcess.emit (node:events:530:35)
	at ChildProcess._handle.onexit (node:internal/child_process:293:12)
2025-07-20 19:54:17.420 [error] Error: Git error
	at ChildProcess.<anonymous> (/usr/lib/code/extensions/git/dist/main.js:2:604689)
	at ChildProcess.emit (node:events:530:35)
	at ChildProcess._handle.onexit (node:internal/child_process:293:12)
2025-07-20 19:54:17.420 [error] Error: Git error
	at ChildProcess.<anonymous> (/usr/lib/code/extensions/git/dist/main.js:2:604689)
	at ChildProcess.emit (node:events:530:35)
	at ChildProcess._handle.onexit (node:internal/child_process:293:12)
2025-07-20 19:54:17.420 [error] Error: Git error
	at ChildProcess.<anonymous> (/usr/lib/code/extensions/git/dist/main.js:2:604689)
	at ChildProcess.emit (node:events:530:35)
	at ChildProcess._handle.onexit (node:internal/child_process:293:12)
2025-07-20 19:54:17.420 [error] Error: Git error
	at ChildProcess.<anonymous> (/usr/lib/code/extensions/git/dist/main.js:2:604689)
	at ChildProcess.emit (node:events:530:35)
	at ChildProcess._handle.onexit (node:internal/child_process:293:12)
2025-07-20 19:54:17.420 [error] Error: Git error
	at ChildProcess.<anonymous> (/usr/lib/code/extensions/git/dist/main.js:2:604689)
	at ChildProcess.emit (node:events:530:35)
	at ChildProcess._handle.onexit (node:internal/child_process:293:12)
2025-07-20 19:54:17.420 [error] Error: Git error
	at ChildProcess.<anonymous> (/usr/lib/code/extensions/git/dist/main.js:2:604689)
	at ChildProcess.emit (node:events:530:35)
	at ChildProcess._handle.onexit (node:internal/child_process:293:12)
2025-07-20 19:54:17.420 [error] Error: Git error
	at ChildProcess.<anonymous> (/usr/lib/code/extensions/git/dist/main.js:2:604689)
	at ChildProcess.emit (node:events:530:35)
	at ChildProcess._handle.onexit (node:internal/child_process:293:12)
2025-07-20 19:54:17.420 [error] Error: Git error
	at ChildProcess.<anonymous> (/usr/lib/code/extensions/git/dist/main.js:2:604689)
	at ChildProcess.emit (node:events:530:35)
	at ChildProcess._handle.onexit (node:internal/child_process:293:12)
2025-07-20 19:54:17.420 [error] Error: Git error
	at ChildProcess.<anonymous> (/usr/lib/code/extensions/git/dist/main.js:2:604689)
	at ChildProcess.emit (node:events:530:35)
	at ChildProcess._handle.onexit (node:internal/child_process:293:12)
2025-07-20 19:54:17.421 [error] Error: Git error
	at ChildProcess.<anonymous> (/usr/lib/code/extensions/git/dist/main.js:2:604689)
	at ChildProcess.emit (node:events:530:35)
	at ChildProcess._handle.onexit (node:internal/child_process:293:12)
2025-07-20 19:54:17.421 [error] Error: Git error
	at ChildProcess.<anonymous> (/usr/lib/code/extensions/git/dist/main.js:2:604689)
	at ChildProcess.emit (node:events:530:35)
	at ChildProcess._handle.onexit (node:internal/child_process:293:12)
2025-07-20 19:54:17.421 [error] Error: Git error
	at ChildProcess.<anonymous> (/usr/lib/code/extensions/git/dist/main.js:2:604689)
	at ChildProcess.emit (node:events:530:35)
	at ChildProcess._handle.onexit (node:internal/child_process:293:12)
2025-07-20 19:54:17.421 [error] Error: Git error
	at ChildProcess.<anonymous> (/usr/lib/code/extensions/git/dist/main.js:2:604689)
	at ChildProcess.emit (node:events:530:35)
	at ChildProcess._handle.onexit (node:internal/child_process:293:12)
2025-07-20 19:54:17.421 [error] Error: Git error
	at ChildProcess.<anonymous> (/usr/lib/code/extensions/git/dist/main.js:2:604689)
	at ChildProcess.emit (node:events:530:35)
	at ChildProcess._handle.onexit (node:internal/child_process:293:12)
2025-07-20 19:54:17.421 [error] Error: Git error
	at ChildProcess.<anonymous> (/usr/lib/code/extensions/git/dist/main.js:2:604689)
	at ChildProcess.emit (node:events:530:35)
	at ChildProcess._handle.onexit (node:internal/child_process:293:12)
2025-07-20 19:54:17.421 [error] Error: Git error
	at ChildProcess.<anonymous> (/usr/lib/code/extensions/git/dist/main.js:2:604689)
	at ChildProcess.emit (node:events:530:35)
	at ChildProcess._handle.onexit (node:internal/child_process:293:12)
2025-07-20 19:54:17.421 [error] Error: Git error
	at ChildProcess.<anonymous> (/usr/lib/code/extensions/git/dist/main.js:2:604689)
	at ChildProcess.emit (node:events:530:35)
	at ChildProcess._handle.onexit (node:internal/child_process:293:12)
2025-07-20 19:54:17.421 [error] Error: Git error
	at ChildProcess.<anonymous> (/usr/lib/code/extensions/git/dist/main.js:2:604689)
	at ChildProcess.emit (node:events:530:35)
	at ChildProcess._handle.onexit (node:internal/child_process:293:12)
2025-07-20 19:54:17.421 [error] Error: Git error
	at ChildProcess.<anonymous> (/usr/lib/code/extensions/git/dist/main.js:2:604689)
	at ChildProcess.emit (node:events:530:35)
	at ChildProcess._handle.onexit (node:internal/child_process:293:12)
2025-07-20 19:54:17.421 [error] Error: Git error
	at ChildProcess.<anonymous> (/usr/lib/code/extensions/git/dist/main.js:2:604689)
	at ChildProcess.emit (node:events:530:35)
	at ChildProcess._handle.onexit (node:internal/child_process:293:12)
2025-07-20 19:54:17.421 [error] Error: Git error
	at ChildProcess.<anonymous> (/usr/lib/code/extensions/git/dist/main.js:2:604689)
	at ChildProcess.emit (node:events:530:35)
	at ChildProcess._handle.onexit (node:internal/child_process:293:12)
2025-07-20 19:54:17.421 [error] Error: Git error
	at ChildProcess.<anonymous> (/usr/lib/code/extensions/git/dist/main.js:2:604689)
	at ChildProcess.emit (node:events:530:35)
	at ChildProcess._handle.onexit (node:internal/child_process:293:12)
2025-07-20 19:54:17.421 [error] Error: Git error
	at ChildProcess.<anonymous> (/usr/lib/code/extensions/git/dist/main.js:2:604689)
	at ChildProcess.emit (node:events:530:35)
	at ChildProcess._handle.onexit (node:internal/child_process:293:12)
2025-07-20 19:54:17.421 [error] Error: Git error
	at ChildProcess.<anonymous> (/usr/lib/code/extensions/git/dist/main.js:2:604689)
	at ChildProcess.emit (node:events:530:35)
	at ChildProcess._handle.onexit (node:internal/child_process:293:12)
2025-07-20 19:54:17.421 [error] Error: Git error
	at ChildProcess.<anonymous> (/usr/lib/code/extensions/git/dist/main.js:2:604689)
	at ChildProcess.emit (node:events:530:35)
	at ChildProcess._handle.onexit (node:internal/child_process:293:12)
2025-07-20 19:54:17.421 [error] Error: Git error
	at ChildProcess.<anonymous> (/usr/lib/code/extensions/git/dist/main.js:2:604689)
	at ChildProcess.emit (node:events:530:35)
	at ChildProcess._handle.onexit (node:internal/child_process:293:12)
2025-07-20 19:54:17.421 [error] Error: Git error
	at ChildProcess.<anonymous> (/usr/lib/code/extensions/git/dist/main.js:2:604689)
	at ChildProcess.emit (node:events:530:35)
	at ChildProcess._handle.onexit (node:internal/child_process:293:12)
2025-07-20 19:54:17.421 [error] Error: Git error
	at ChildProcess.<anonymous> (/usr/lib/code/extensions/git/dist/main.js:2:604689)
	at ChildProcess.emit (node:events:530:35)
	at ChildProcess._handle.onexit (node:internal/child_process:293:12)
2025-07-20 19:54:17.421 [error] Error: Git error
	at ChildProcess.<anonymous> (/usr/lib/code/extensions/git/dist/main.js:2:604689)
	at ChildProcess.emit (node:events:530:35)
	at ChildProcess._handle.onexit (node:internal/child_process:293:12)
2025-07-20 19:54:17.421 [error] Error: Git error
	at ChildProcess.<anonymous> (/usr/lib/code/extensions/git/dist/main.js:2:604689)
	at ChildProcess.emit (node:events:530:35)
	at ChildProcess._handle.onexit (node:internal/child_process:293:12)
2025-07-20 19:54:17.421 [error] Error: Git error
	at ChildProcess.<anonymous> (/usr/lib/code/extensions/git/dist/main.js:2:604689)
	at ChildProcess.emit (node:events:530:35)
	at ChildProcess._handle.onexit (node:internal/child_process:293:12)
2025-07-20 19:54:17.421 [error] Error: Git error
	at ChildProcess.<anonymous> (/usr/lib/code/extensions/git/dist/main.js:2:604689)
	at ChildProcess.emit (node:events:530:35)
	at ChildProcess._handle.onexit (node:internal/child_process:293:12)
2025-07-20 19:54:17.421 [error] Error: Git error
	at ChildProcess.<anonymous> (/usr/lib/code/extensions/git/dist/main.js:2:604689)
	at ChildProcess.emit (node:events:530:35)
	at ChildProcess._handle.onexit (node:internal/child_process:293:12)
2025-07-20 19:54:17.421 [error] Error: Git error
	at ChildProcess.<anonymous> (/usr/lib/code/extensions/git/dist/main.js:2:604689)
	at ChildProcess.emit (node:events:530:35)
	at ChildProcess._handle.onexit (node:internal/child_process:293:12)
2025-07-20 19:54:17.421 [error] Error: Git error
	at ChildProcess.<anonymous> (/usr/lib/code/extensions/git/dist/main.js:2:604689)
	at ChildProcess.emit (node:events:530:35)
	at ChildProcess._handle.onexit (node:internal/child_process:293:12)
2025-07-20 19:54:17.421 [error] Error: Git error
	at ChildProcess.<anonymous> (/usr/lib/code/extensions/git/dist/main.js:2:604689)
	at ChildProcess.emit (node:events:530:35)
	at ChildProcess._handle.onexit (node:internal/child_process:293:12)
2025-07-20 19:54:17.421 [error] Error: Git error
	at ChildProcess.<anonymous> (/usr/lib/code/extensions/git/dist/main.js:2:604689)
	at ChildProcess.emit (node:events:530:35)
	at ChildProcess._handle.onexit (node:internal/child_process:293:12)
2025-07-20 19:54:17.421 [error] Error: Git error
	at ChildProcess.<anonymous> (/usr/lib/code/extensions/git/dist/main.js:2:604689)
	at ChildProcess.emit (node:events:530:35)
	at ChildProcess._handle.onexit (node:internal/child_process:293:12)
2025-07-20 19:54:17.421 [error] Error: Git error
	at ChildProcess.<anonymous> (/usr/lib/code/extensions/git/dist/main.js:2:604689)
	at ChildProcess.emit (node:events:530:35)
	at ChildProcess._handle.onexit (node:internal/child_process:293:12)
2025-07-20 19:54:17.421 [error] Error: Git error
	at ChildProcess.<anonymous> (/usr/lib/code/extensions/git/dist/main.js:2:604689)
	at ChildProcess.emit (node:events:530:35)
	at ChildProcess._handle.onexit (node:internal/child_process:293:12)
2025-07-20 19:54:17.421 [error] Error: Git error
	at ChildProcess.<anonymous> (/usr/lib/code/extensions/git/dist/main.js:2:604689)
	at ChildProcess.emit (node:events:530:35)
	at ChildProcess._handle.onexit (node:internal/child_process:293:12)
2025-07-20 19:54:17.421 [error] Error: Git error
	at ChildProcess.<anonymous> (/usr/lib/code/extensions/git/dist/main.js:2:604689)
	at ChildProcess.emit (node:events:530:35)
	at ChildProcess._handle.onexit (node:internal/child_process:293:12)
2025-07-20 19:54:17.421 [error] Error: Git error
	at ChildProcess.<anonymous> (/usr/lib/code/extensions/git/dist/main.js:2:604689)
	at ChildProcess.emit (node:events:530:35)
	at ChildProcess._handle.onexit (node:internal/child_process:293:12)
2025-07-20 19:54:17.421 [error] Error: Git error
	at ChildProcess.<anonymous> (/usr/lib/code/extensions/git/dist/main.js:2:604689)
	at ChildProcess.emit (node:events:530:35)
	at ChildProcess._handle.onexit (node:internal/child_process:293:12)
2025-07-20 19:54:17.421 [error] Error: Git error
	at ChildProcess.<anonymous> (/usr/lib/code/extensions/git/dist/main.js:2:604689)
	at ChildProcess.emit (node:events:530:35)
	at ChildProcess._handle.onexit (node:internal/child_process:293:12)
2025-07-20 19:54:17.421 [error] Error: Git error
	at ChildProcess.<anonymous> (/usr/lib/code/extensions/git/dist/main.js:2:604689)
	at ChildProcess.emit (node:events:530:35)
	at ChildProcess._handle.onexit (node:internal/child_process:293:12)
2025-07-20 19:54:17.421 [error] Error: Git error
	at ChildProcess.<anonymous> (/usr/lib/code/extensions/git/dist/main.js:2:604689)
	at ChildProcess.emit (node:events:530:35)
	at ChildProcess._handle.onexit (node:internal/child_process:293:12)
2025-07-20 19:54:17.421 [error] Error: Git error
	at ChildProcess.<anonymous> (/usr/lib/code/extensions/git/dist/main.js:2:604689)
	at ChildProcess.emit (node:events:530:35)
	at ChildProcess._handle.onexit (node:internal/child_process:293:12)
2025-07-20 19:54:17.421 [error] Error: Git error
	at ChildProcess.<anonymous> (/usr/lib/code/extensions/git/dist/main.js:2:604689)
	at ChildProcess.emit (node:events:530:35)
	at ChildProcess._handle.onexit (node:internal/child_process:293:12)
2025-07-20 19:54:17.421 [error] Error: Git error
	at ChildProcess.<anonymous> (/usr/lib/code/extensions/git/dist/main.js:2:604689)
	at ChildProcess.emit (node:events:530:35)
	at ChildProcess._handle.onexit (node:internal/child_process:293:12)
2025-07-20 19:54:17.421 [error] Error: Git error
	at ChildProcess.<anonymous> (/usr/lib/code/extensions/git/dist/main.js:2:604689)
	at ChildProcess.emit (node:events:530:35)
	at ChildProcess._handle.onexit (node:internal/child_process:293:12)
2025-07-20 19:54:17.421 [error] Error: Git error
	at ChildProcess.<anonymous> (/usr/lib/code/extensions/git/dist/main.js:2:604689)
	at ChildProcess.emit (node:events:530:35)
	at ChildProcess._handle.onexit (node:internal/child_process:293:12)
2025-07-20 19:54:17.421 [error] Error: Git error
	at ChildProcess.<anonymous> (/usr/lib/code/extensions/git/dist/main.js:2:604689)
	at ChildProcess.emit (node:events:530:35)
	at ChildProcess._handle.onexit (node:internal/child_process:293:12)
2025-07-20 19:54:17.421 [error] Error: Git error
	at ChildProcess.<anonymous> (/usr/lib/code/extensions/git/dist/main.js:2:604689)
	at ChildProcess.emit (node:events:530:35)
	at ChildProcess._handle.onexit (node:internal/child_process:293:12)
2025-07-20 19:54:17.421 [error] Error: Git error
	at ChildProcess.<anonymous> (/usr/lib/code/extensions/git/dist/main.js:2:604689)
	at ChildProcess.emit (node:events:530:35)
	at ChildProcess._handle.onexit (node:internal/child_process:293:12)
2025-07-20 19:54:17.421 [error] Error: Git error
	at ChildProcess.<anonymous> (/usr/lib/code/extensions/git/dist/main.js:2:604689)
	at ChildProcess.emit (node:events:530:35)
	at ChildProcess._handle.onexit (node:internal/child_process:293:12)
2025-07-20 19:54:17.421 [error] Error: Git error
	at ChildProcess.<anonymous> (/usr/lib/code/extensions/git/dist/main.js:2:604689)
	at ChildProcess.emit (node:events:530:35)
	at ChildProcess._handle.onexit (node:internal/child_process:293:12)
2025-07-20 19:54:17.421 [error] Error: Git error
	at ChildProcess.<anonymous> (/usr/lib/code/extensions/git/dist/main.js:2:604689)
	at ChildProcess.emit (node:events:530:35)
	at ChildProcess._handle.onexit (node:internal/child_process:293:12)
2025-07-20 19:54:17.421 [error] Error: Git error
	at ChildProcess.<anonymous> (/usr/lib/code/extensions/git/dist/main.js:2:604689)
	at ChildProcess.emit (node:events:530:35)
	at ChildProcess._handle.onexit (node:internal/child_process:293:12)
2025-07-20 19:54:17.421 [error] Error: Git error
	at ChildProcess.<anonymous> (/usr/lib/code/extensions/git/dist/main.js:2:604689)
	at ChildProcess.emit (node:events:530:35)
	at ChildProcess._handle.onexit (node:internal/child_process:293:12)
2025-07-20 19:54:17.421 [error] Error: Git error
	at ChildProcess.<anonymous> (/usr/lib/code/extensions/git/dist/main.js:2:604689)
	at ChildProcess.emit (node:events:530:35)
	at ChildProcess._handle.onexit (node:internal/child_process:293:12)
2025-07-20 19:54:17.421 [error] Error: Git error
	at ChildProcess.<anonymous> (/usr/lib/code/extensions/git/dist/main.js:2:604689)
	at ChildProcess.emit (node:events:530:35)
	at ChildProcess._handle.onexit (node:internal/child_process:293:12)
2025-07-20 19:54:17.421 [error] Error: Git error
	at ChildProcess.<anonymous> (/usr/lib/code/extensions/git/dist/main.js:2:604689)
	at ChildProcess.emit (node:events:530:35)
	at ChildProcess._handle.onexit (node:internal/child_process:293:12)
2025-07-20 19:54:17.421 [error] Error: Git error
	at ChildProcess.<anonymous> (/usr/lib/code/extensions/git/dist/main.js:2:604689)
	at ChildProcess.emit (node:events:530:35)
	at ChildProcess._handle.onexit (node:internal/child_process:293:12)
2025-07-20 19:54:17.421 [error] Error: Git error
	at ChildProcess.<anonymous> (/usr/lib/code/extensions/git/dist/main.js:2:604689)
	at ChildProcess.emit (node:events:530:35)
	at ChildProcess._handle.onexit (node:internal/child_process:293:12)
2025-07-20 19:54:17.421 [error] Error: Git error
	at ChildProcess.<anonymous> (/usr/lib/code/extensions/git/dist/main.js:2:604689)
	at ChildProcess.emit (node:events:530:35)
	at ChildProcess._handle.onexit (node:internal/child_process:293:12)
2025-07-20 19:54:17.421 [error] Error: Git error
	at ChildProcess.<anonymous> (/usr/lib/code/extensions/git/dist/main.js:2:604689)
	at ChildProcess.emit (node:events:530:35)
	at ChildProcess._handle.onexit (node:internal/child_process:293:12)
2025-07-20 19:54:17.421 [error] Error: Git error
	at ChildProcess.<anonymous> (/usr/lib/code/extensions/git/dist/main.js:2:604689)
	at ChildProcess.emit (node:events:530:35)
	at ChildProcess._handle.onexit (node:internal/child_process:293:12)
2025-07-20 19:54:17.421 [error] Error: Git error
	at ChildProcess.<anonymous> (/usr/lib/code/extensions/git/dist/main.js:2:604689)
	at ChildProcess.emit (node:events:530:35)
	at ChildProcess._handle.onexit (node:internal/child_process:293:12)
2025-07-20 19:54:17.421 [error] Error: Git error
	at ChildProcess.<anonymous> (/usr/lib/code/extensions/git/dist/main.js:2:604689)
	at ChildProcess.emit (node:events:530:35)
	at ChildProcess._handle.onexit (node:internal/child_process:293:12)
2025-07-20 19:54:17.421 [error] Error: Git error
	at ChildProcess.<anonymous> (/usr/lib/code/extensions/git/dist/main.js:2:604689)
	at ChildProcess.emit (node:events:530:35)
	at ChildProcess._handle.onexit (node:internal/child_process:293:12)
2025-07-20 19:54:17.421 [error] Error: Git error
	at ChildProcess.<anonymous> (/usr/lib/code/extensions/git/dist/main.js:2:604689)
	at ChildProcess.emit (node:events:530:35)
	at ChildProcess._handle.onexit (node:internal/child_process:293:12)
2025-07-20 19:54:17.421 [error] Error: Git error
	at ChildProcess.<anonymous> (/usr/lib/code/extensions/git/dist/main.js:2:604689)
	at ChildProcess.emit (node:events:530:35)
	at ChildProcess._handle.onexit (node:internal/child_process:293:12)
2025-07-20 19:54:17.421 [error] Error: Git error
	at ChildProcess.<anonymous> (/usr/lib/code/extensions/git/dist/main.js:2:604689)
	at ChildProcess.emit (node:events:530:35)
	at ChildProcess._handle.onexit (node:internal/child_process:293:12)
2025-07-20 19:54:17.421 [error] Error: Git error
	at ChildProcess.<anonymous> (/usr/lib/code/extensions/git/dist/main.js:2:604689)
	at ChildProcess.emit (node:events:530:35)
	at ChildProcess._handle.onexit (node:internal/child_process:293:12)
2025-07-20 19:54:17.421 [error] Error: Git error
	at ChildProcess.<anonymous> (/usr/lib/code/extensions/git/dist/main.js:2:604689)
	at ChildProcess.emit (node:events:530:35)
	at ChildProcess._handle.onexit (node:internal/child_process:293:12)
2025-07-20 19:54:17.421 [error] Error: Git error
	at ChildProcess.<anonymous> (/usr/lib/code/extensions/git/dist/main.js:2:604689)
	at ChildProcess.emit (node:events:530:35)
	at ChildProcess._handle.onexit (node:internal/child_process:293:12)
2025-07-20 19:54:17.421 [error] Error: Git error
	at ChildProcess.<anonymous> (/usr/lib/code/extensions/git/dist/main.js:2:604689)
	at ChildProcess.emit (node:events:530:35)
	at ChildProcess._handle.onexit (node:internal/child_process:293:12)
2025-07-20 19:54:17.421 [error] Error: Git error
	at ChildProcess.<anonymous> (/usr/lib/code/extensions/git/dist/main.js:2:604689)
	at ChildProcess.emit (node:events:530:35)
	at ChildProcess._handle.onexit (node:internal/child_process:293:12)
2025-07-20 19:54:18.423 [error] Error: Git error
	at ChildProcess.<anonymous> (/usr/lib/code/extensions/git/dist/main.js:2:604689)
	at ChildProcess.emit (node:events:530:35)
	at ChildProcess._handle.onexit (node:internal/child_process:293:12)
2025-07-20 19:54:18.424 [error] Error: Git error
	at ChildProcess.<anonymous> (/usr/lib/code/extensions/git/dist/main.js:2:604689)
	at ChildProcess.emit (node:events:530:35)
	at ChildProcess._handle.onexit (node:internal/child_process:293:12)
2025-07-20 19:54:18.425 [error] Error: Git error
	at ChildProcess.<anonymous> (/usr/lib/code/extensions/git/dist/main.js:2:604689)
	at ChildProcess.emit (node:events:530:35)
	at ChildProcess._handle.onexit (node:internal/child_process:293:12)
2025-07-20 19:54:18.425 [error] Error: Git error
	at ChildProcess.<anonymous> (/usr/lib/code/extensions/git/dist/main.js:2:604689)
	at ChildProcess.emit (node:events:530:35)
	at ChildProcess._handle.onexit (node:internal/child_process:293:12)
2025-07-20 19:54:18.425 [error] Error: Git error
	at ChildProcess.<anonymous> (/usr/lib/code/extensions/git/dist/main.js:2:604689)
	at ChildProcess.emit (node:events:530:35)
	at ChildProcess._handle.onexit (node:internal/child_process:293:12)
2025-07-20 19:54:18.426 [error] Error: Git error
	at ChildProcess.<anonymous> (/usr/lib/code/extensions/git/dist/main.js:2:604689)
	at ChildProcess.emit (node:events:530:35)
	at ChildProcess._handle.onexit (node:internal/child_process:293:12)
2025-07-20 19:54:18.426 [error] Error: Git error
	at ChildProcess.<anonymous> (/usr/lib/code/extensions/git/dist/main.js:2:604689)
	at ChildProcess.emit (node:events:530:35)
	at ChildProcess._handle.onexit (node:internal/child_process:293:12)
2025-07-20 19:54:18.426 [error] Error: Git error
	at ChildProcess.<anonymous> (/usr/lib/code/extensions/git/dist/main.js:2:604689)
	at ChildProcess.emit (node:events:530:35)
	at ChildProcess._handle.onexit (node:internal/child_process:293:12)
2025-07-20 19:54:18.427 [error] Error: Git error
	at ChildProcess.<anonymous> (/usr/lib/code/extensions/git/dist/main.js:2:604689)
	at ChildProcess.emit (node:events:530:35)
	at ChildProcess._handle.onexit (node:internal/child_process:293:12)
2025-07-20 19:54:18.427 [error] Error: Git error
	at ChildProcess.<anonymous> (/usr/lib/code/extensions/git/dist/main.js:2:604689)
	at ChildProcess.emit (node:events:530:35)
	at ChildProcess._handle.onexit (node:internal/child_process:293:12)
2025-07-20 19:54:18.428 [error] Error: Git error
	at ChildProcess.<anonymous> (/usr/lib/code/extensions/git/dist/main.js:2:604689)
	at ChildProcess.emit (node:events:530:35)
	at ChildProcess._handle.onexit (node:internal/child_process:293:12)
2025-07-20 19:54:18.428 [error] Error: Git error
	at ChildProcess.<anonymous> (/usr/lib/code/extensions/git/dist/main.js:2:604689)
	at ChildProcess.emit (node:events:530:35)
	at ChildProcess._handle.onexit (node:internal/child_process:293:12)
2025-07-20 19:54:18.428 [error] Error: Git error
	at ChildProcess.<anonymous> (/usr/lib/code/extensions/git/dist/main.js:2:604689)
	at ChildProcess.emit (node:events:530:35)
	at ChildProcess._handle.onexit (node:internal/child_process:293:12)
2025-07-20 19:54:18.429 [error] Error: Git error
	at ChildProcess.<anonymous> (/usr/lib/code/extensions/git/dist/main.js:2:604689)
	at ChildProcess.emit (node:events:530:35)
	at ChildProcess._handle.onexit (node:internal/child_process:293:12)
2025-07-20 19:54:18.429 [error] Error: Git error
	at ChildProcess.<anonymous> (/usr/lib/code/extensions/git/dist/main.js:2:604689)
	at ChildProcess.emit (node:events:530:35)
	at ChildProcess._handle.onexit (node:internal/child_process:293:12)
2025-07-20 19:54:18.429 [error] Error: Git error
	at ChildProcess.<anonymous> (/usr/lib/code/extensions/git/dist/main.js:2:604689)
	at ChildProcess.emit (node:events:530:35)
	at ChildProcess._handle.onexit (node:internal/child_process:293:12)
2025-07-20 19:54:18.429 [error] Error: Git error
	at ChildProcess.<anonymous> (/usr/lib/code/extensions/git/dist/main.js:2:604689)
	at ChildProcess.emit (node:events:530:35)
	at ChildProcess._handle.onexit (node:internal/child_process:293:12)
2025-07-20 19:54:18.430 [error] Error: Git error
	at ChildProcess.<anonymous> (/usr/lib/code/extensions/git/dist/main.js:2:604689)
	at ChildProcess.emit (node:events:530:35)
	at ChildProcess._handle.onexit (node:internal/child_process:293:12)
2025-07-20 19:54:18.430 [error] Error: Git error
	at ChildProcess.<anonymous> (/usr/lib/code/extensions/git/dist/main.js:2:604689)
	at ChildProcess.emit (node:events:530:35)
	at ChildProcess._handle.onexit (node:internal/child_process:293:12)
2025-07-20 19:54:18.430 [error] Error: Git error
	at ChildProcess.<anonymous> (/usr/lib/code/extensions/git/dist/main.js:2:604689)
	at ChildProcess.emit (node:events:530:35)
	at ChildProcess._handle.onexit (node:internal/child_process:293:12)
2025-07-20 19:54:18.431 [error] Error: Git error
	at ChildProcess.<anonymous> (/usr/lib/code/extensions/git/dist/main.js:2:604689)
	at ChildProcess.emit (node:events:530:35)
	at ChildProcess._handle.onexit (node:internal/child_process:293:12)
2025-07-20 19:54:18.431 [error] Error: Git error
	at ChildProcess.<anonymous> (/usr/lib/code/extensions/git/dist/main.js:2:604689)
	at ChildProcess.emit (node:events:530:35)
	at ChildProcess._handle.onexit (node:internal/child_process:293:12)
2025-07-20 19:54:18.431 [error] Error: Git error
	at ChildProcess.<anonymous> (/usr/lib/code/extensions/git/dist/main.js:2:604689)
	at ChildProcess.emit (node:events:530:35)
	at ChildProcess._handle.onexit (node:internal/child_process:293:12)
2025-07-20 19:54:18.431 [error] Error: Git error
	at ChildProcess.<anonymous> (/usr/lib/code/extensions/git/dist/main.js:2:604689)
	at ChildProcess.emit (node:events:530:35)
	at ChildProcess._handle.onexit (node:internal/child_process:293:12)
2025-07-20 19:54:18.432 [error] Error: Git error
	at ChildProcess.<anonymous> (/usr/lib/code/extensions/git/dist/main.js:2:604689)
	at ChildProcess.emit (node:events:530:35)
	at ChildProcess._handle.onexit (node:internal/child_process:293:12)
2025-07-20 19:54:18.432 [error] Error: Git error
	at ChildProcess.<anonymous> (/usr/lib/code/extensions/git/dist/main.js:2:604689)
	at ChildProcess.emit (node:events:530:35)
	at ChildProcess._handle.onexit (node:internal/child_process:293:12)
2025-07-20 19:54:18.432 [error] Error: Git error
	at ChildProcess.<anonymous> (/usr/lib/code/extensions/git/dist/main.js:2:604689)
	at ChildProcess.emit (node:events:530:35)
	at ChildProcess._handle.onexit (node:internal/child_process:293:12)
2025-07-20 19:54:18.433 [error] Error: Git error
	at ChildProcess.<anonymous> (/usr/lib/code/extensions/git/dist/main.js:2:604689)
	at ChildProcess.emit (node:events:530:35)
	at ChildProcess._handle.onexit (node:internal/child_process:293:12)
2025-07-20 19:54:18.433 [error] Error: Git error
	at ChildProcess.<anonymous> (/usr/lib/code/extensions/git/dist/main.js:2:604689)
	at ChildProcess.emit (node:events:530:35)
	at ChildProcess._handle.onexit (node:internal/child_process:293:12)
2025-07-20 19:54:18.433 [error] Error: Git error
	at ChildProcess.<anonymous> (/usr/lib/code/extensions/git/dist/main.js:2:604689)
	at ChildProcess.emit (node:events:530:35)
	at ChildProcess._handle.onexit (node:internal/child_process:293:12)
2025-07-20 19:54:18.433 [error] Error: Git error
	at ChildProcess.<anonymous> (/usr/lib/code/extensions/git/dist/main.js:2:604689)
	at ChildProcess.emit (node:events:530:35)
	at ChildProcess._handle.onexit (node:internal/child_process:293:12)
2025-07-20 19:54:18.434 [error] Error: Git error
	at ChildProcess.<anonymous> (/usr/lib/code/extensions/git/dist/main.js:2:604689)
	at ChildProcess.emit (node:events:530:35)
	at ChildProcess._handle.onexit (node:internal/child_process:293:12)
2025-07-20 19:54:18.434 [error] Error: Git error
	at ChildProcess.<anonymous> (/usr/lib/code/extensions/git/dist/main.js:2:604689)
	at ChildProcess.emit (node:events:530:35)
	at ChildProcess._handle.onexit (node:internal/child_process:293:12)
2025-07-20 19:54:18.434 [error] Error: Git error
	at ChildProcess.<anonymous> (/usr/lib/code/extensions/git/dist/main.js:2:604689)
	at ChildProcess.emit (node:events:530:35)
	at ChildProcess._handle.onexit (node:internal/child_process:293:12)
2025-07-20 19:54:18.435 [error] Error: Git error
	at ChildProcess.<anonymous> (/usr/lib/code/extensions/git/dist/main.js:2:604689)
	at ChildProcess.emit (node:events:530:35)
	at ChildProcess._handle.onexit (node:internal/child_process:293:12)
2025-07-20 19:54:18.435 [error] Error: Git error
	at ChildProcess.<anonymous> (/usr/lib/code/extensions/git/dist/main.js:2:604689)
	at ChildProcess.emit (node:events:530:35)
	at ChildProcess._handle.onexit (node:internal/child_process:293:12)
2025-07-20 19:54:18.435 [error] Error: Git error
	at ChildProcess.<anonymous> (/usr/lib/code/extensions/git/dist/main.js:2:604689)
	at ChildProcess.emit (node:events:530:35)
	at ChildProcess._handle.onexit (node:internal/child_process:293:12)
2025-07-20 19:54:18.435 [error] Error: Git error
	at ChildProcess.<anonymous> (/usr/lib/code/extensions/git/dist/main.js:2:604689)
	at ChildProcess.emit (node:events:530:35)
	at ChildProcess._handle.onexit (node:internal/child_process:293:12)
2025-07-20 19:54:18.436 [error] Error: Git error
	at ChildProcess.<anonymous> (/usr/lib/code/extensions/git/dist/main.js:2:604689)
	at ChildProcess.emit (node:events:530:35)
	at ChildProcess._handle.onexit (node:internal/child_process:293:12)
2025-07-20 19:54:18.436 [error] Error: Git error
	at ChildProcess.<anonymous> (/usr/lib/code/extensions/git/dist/main.js:2:604689)
	at ChildProcess.emit (node:events:530:35)
	at ChildProcess._handle.onexit (node:internal/child_process:293:12)
2025-07-20 19:54:18.436 [error] Error: Git error
	at ChildProcess.<anonymous> (/usr/lib/code/extensions/git/dist/main.js:2:604689)
	at ChildProcess.emit (node:events:530:35)
	at ChildProcess._handle.onexit (node:internal/child_process:293:12)
2025-07-20 19:54:18.437 [error] Error: Git error
	at ChildProcess.<anonymous> (/usr/lib/code/extensions/git/dist/main.js:2:604689)
	at ChildProcess.emit (node:events:530:35)
	at ChildProcess._handle.onexit (node:internal/child_process:293:12)
2025-07-20 19:54:18.437 [error] Error: Git error
	at ChildProcess.<anonymous> (/usr/lib/code/extensions/git/dist/main.js:2:604689)
	at ChildProcess.emit (node:events:530:35)
	at ChildProcess._handle.onexit (node:internal/child_process:293:12)
2025-07-20 19:54:19.427 [info] ExtensionService#_doActivateExtension vscode.media-preview, startup: false, activationEvent: 'onCustomEditor:imagePreview.previewEditor'
2025-07-20 19:54:27.519 [error] Error: Git error
	at ChildProcess.<anonymous> (/usr/lib/code/extensions/git/dist/main.js:2:604689)
	at ChildProcess.emit (node:events:530:35)
	at ChildProcess._handle.onexit (node:internal/child_process:293:12)
2025-07-20 19:54:28.520 [error] Error: Git error
	at ChildProcess.<anonymous> (/usr/lib/code/extensions/git/dist/main.js:2:604689)
	at ChildProcess.emit (node:events:530:35)
	at ChildProcess._handle.onexit (node:internal/child_process:293:12)
