2025-07-20 19:19:46.830 [info] [main] Log level: Info
2025-07-20 19:19:46.830 [info] [main] Validating found git in: "git"
2025-07-20 19:19:46.830 [info] [main] Using git "2.50.1" from "git"
2025-07-20 19:19:46.830 [info] [Model][doInitialScan] Initial repository scan started
2025-07-20 19:19:46.830 [info] > git rev-parse --show-toplevel [15ms]
2025-07-20 19:19:46.830 [info] > git rev-parse --git-dir --git-common-dir [2ms]
2025-07-20 19:19:46.830 [info] [Model][openRepository] Opened repository (path): /home/arch/.config
2025-07-20 19:19:46.830 [info] [Model][openRepository] Opened repository (real path): /home/arch/.config
2025-07-20 19:19:46.830 [info] > git rev-parse --show-toplevel [3ms]
2025-07-20 19:19:46.830 [info] > git config --get commit.template [8ms]
2025-07-20 19:19:46.830 [info] > git for-each-ref --format=%(refname)%00%(upstream:short)%00%(objectname)%00%(upstream:track)%00%(upstream:remotename)%00%(upstream:remoteref) refs/heads/main refs/remotes/main [2ms]
2025-07-20 19:19:46.841 [info] > git for-each-ref --sort -committerdate --format %(refname)%00%(objectname)%00%(*objectname) [13ms]
2025-07-20 19:19:46.890 [info] > git status -z -uall [68ms]
2025-07-20 19:19:46.947 [info] > git for-each-ref --format=%(refname)%00%(upstream:short)%00%(objectname)%00%(upstream:track)%00%(upstream:remotename)%00%(upstream:remoteref) refs/heads/main refs/remotes/main [32ms]
2025-07-20 19:19:46.960 [info] > git config --get --local branch.main.vscode-merge-base [7ms]
2025-07-20 19:19:46.960 [warning] [Git][config] git config failed: Failed to execute git
2025-07-20 19:19:46.966 [info] > git config --get commit.template [20ms]
2025-07-20 19:19:46.973 [info] > git reflog main --grep-reflog=branch: Created from *. [8ms]
2025-07-20 19:19:46.980 [info] > git for-each-ref --format=%(refname)%00%(upstream:short)%00%(objectname)%00%(upstream:track)%00%(upstream:remotename)%00%(upstream:remoteref) refs/heads/main refs/remotes/main [7ms]
2025-07-20 19:19:46.981 [info] > git symbolic-ref --short refs/remotes/origin/HEAD [2ms]
2025-07-20 19:19:46.981 [info] fatal: ref refs/remotes/origin/HEAD is not a symbolic ref
2025-07-20 19:19:46.981 [warning] [Repository][getDefaultBranch] Failed to get default branch details: Failed to execute git.
2025-07-20 19:19:46.997 [info] > git merge-base refs/heads/main refs/remotes/origin/main [12ms]
2025-07-20 19:19:47.002 [info] > git for-each-ref --sort -committerdate --format %(refname)%00%(objectname)%00%(*objectname) [6ms]
2025-07-20 19:19:47.003 [info] > git diff --name-status -z --diff-filter=ADMR bfcbe2a5be644a7639a5cfcc6604080041dddaf6...refs/remotes/origin/main [2ms]
2025-07-20 19:19:47.011 [info] > git rev-parse --show-toplevel [1ms]
2025-07-20 19:19:47.018 [info] > git rev-parse --show-toplevel [1ms]
2025-07-20 19:19:47.023 [info] > git rev-parse --show-toplevel [0ms]
2025-07-20 19:19:47.028 [info] > git rev-parse --show-toplevel [1ms]
2025-07-20 19:19:47.034 [info] > git rev-parse --show-toplevel [1ms]
2025-07-20 19:19:47.039 [info] > git rev-parse --show-toplevel [1ms]
2025-07-20 19:19:47.044 [info] > git rev-parse --show-toplevel [1ms]
2025-07-20 19:19:47.049 [info] > git status -z -uall [59ms]
2025-07-20 19:19:47.054 [info] > git rev-parse --show-toplevel [6ms]
2025-07-20 19:19:47.060 [info] > git rev-parse --show-toplevel [2ms]
2025-07-20 19:19:47.081 [info] > git rev-parse --show-toplevel [16ms]
2025-07-20 19:19:47.088 [info] > git rev-parse --show-toplevel [2ms]
2025-07-20 19:19:47.093 [info] > git rev-parse --show-toplevel [2ms]
2025-07-20 19:19:47.099 [info] > git rev-parse --show-toplevel [1ms]
2025-07-20 19:19:47.114 [info] > git rev-parse --show-toplevel [10ms]
2025-07-20 19:19:47.119 [info] > git rev-parse --show-toplevel [1ms]
2025-07-20 19:19:47.125 [info] > git rev-parse --show-toplevel [2ms]
2025-07-20 19:19:47.130 [info] > git rev-parse --show-toplevel [1ms]
2025-07-20 19:19:47.135 [info] > git rev-parse --show-toplevel [1ms]
2025-07-20 19:19:47.140 [info] > git rev-parse --show-toplevel [2ms]
2025-07-20 19:19:47.147 [info] > git rev-parse --show-toplevel [2ms]
2025-07-20 19:19:47.167 [info] > git rev-parse --show-toplevel [16ms]
2025-07-20 19:19:47.173 [info] > git rev-parse --show-toplevel [1ms]
2025-07-20 19:19:47.178 [info] > git rev-parse --show-toplevel [1ms]
2025-07-20 19:19:47.184 [info] > git rev-parse --show-toplevel [2ms]
2025-07-20 19:19:47.189 [info] > git rev-parse --show-toplevel [1ms]
2025-07-20 19:19:47.196 [info] > git rev-parse --show-toplevel [2ms]
2025-07-20 19:19:47.202 [info] > git rev-parse --show-toplevel [1ms]
2025-07-20 19:19:47.208 [info] > git rev-parse --show-toplevel [1ms]
2025-07-20 19:19:47.215 [info] > git rev-parse --show-toplevel [1ms]
2025-07-20 19:19:47.220 [info] > git rev-parse --show-toplevel [1ms]
2025-07-20 19:19:47.224 [info] > git rev-parse --show-toplevel [1ms]
2025-07-20 19:19:47.229 [info] > git rev-parse --show-toplevel [1ms]
2025-07-20 19:19:47.263 [info] > git rev-parse --show-toplevel [29ms]
2025-07-20 19:19:47.263 [info] [Model][doInitialScan] Initial repository scan completed - repositories (1), closed repositories (0), parent repositories (0), unsafe repositories (0)
2025-07-20 19:19:47.273 [info] > git show --textconv :hypr/hyprland.conf [5ms]
2025-07-20 19:19:47.274 [info] > git ls-files --stage -- hypr/hyprland.conf [2ms]
2025-07-20 19:19:47.280 [info] > git cat-file -s 56d652e4b515ae7cb755d8761fcfd238f86b4b4d [1ms]
2025-07-20 19:19:47.301 [info] > git blame --root --incremental bfcbe2a5be644a7639a5cfcc6604080041dddaf6 -- hypr/hyprland.conf [2ms]
2025-07-20 19:19:47.317 [info] > git check-ignore -v -z --stdin [4ms]
2025-07-20 19:19:59.372 [info] > git check-ignore -v -z --stdin [4ms]
