2025-07-19 21:39:57.010 [info] Extension host with pid 8886 started
2025-07-19 21:39:57.020 [info] ExtensionService#_doActivateExtension vscode.configuration-editing, startup: false, activationEvent: 'onLanguage:jsonc'
2025-07-19 21:39:57.027 [info] ExtensionService#_doActivateExtension vscode.json-language-features, startup: false, activationEvent: 'onLanguage:jsonc'
2025-07-19 21:39:57.068 [info] ExtensionService#_doActivateExtension vscode.typescript-language-features, startup: false, activationEvent: 'onLanguage:jsonc'
2025-07-19 21:39:57.113 [info] ExtensionService#_doActivateExtension vscode.emmet, startup: false, activationEvent: 'onLanguage'
2025-07-19 21:39:57.297 [info] ExtensionService#_doActivateExtension vscode.git-base, startup: true, activationEvent: '*', root cause: vscode.git
2025-07-19 21:39:57.300 [info] ExtensionService#_doActivateExtension vscode.git, startup: true, activationEvent: '*'
2025-07-19 21:39:57.345 [info] ExtensionService#_doActivateExtension vscode.github, startup: true, activationEvent: '*'
2025-07-19 21:39:57.408 [info] Eager extensions activated
2025-07-19 21:39:57.408 [info] ExtensionService#_doActivateExtension vscode.debug-auto-launch, startup: false, activationEvent: 'onStartupFinished'
2025-07-19 21:39:57.410 [info] ExtensionService#_doActivateExtension vscode.merge-conflict, startup: false, activationEvent: 'onStartupFinished'
2025-07-19 21:40:01.324 [info] Extension host terminating: renderer closed the MessagePort
2025-07-19 21:40:01.333 [info] Extension host with pid 8886 exiting with code 0
2025-07-19 21:40:02.408 [info] Extension host with pid 8930 started
2025-07-19 21:40:02.408 [info] Skipping acquiring lock for /home/arch/.config/Code - OSS/User/workspaceStorage/29f523b118193c4a7253a6be432d504f.
2025-07-19 21:40:02.504 [info] ExtensionService#_doActivateExtension vscode.emmet, startup: false, activationEvent: 'onLanguage'
2025-07-19 21:40:02.651 [info] ExtensionService#_doActivateExtension vscode.git-base, startup: true, activationEvent: '*', root cause: vscode.git
2025-07-19 21:40:02.679 [info] ExtensionService#_doActivateExtension vscode.git, startup: true, activationEvent: '*'
2025-07-19 21:40:02.728 [info] ExtensionService#_doActivateExtension vscode.github, startup: true, activationEvent: '*'
2025-07-19 21:40:02.848 [info] Eager extensions activated
2025-07-19 21:40:02.849 [info] ExtensionService#_doActivateExtension vscode.configuration-editing, startup: false, activationEvent: 'onLanguage:jsonc'
2025-07-19 21:40:02.858 [info] ExtensionService#_doActivateExtension vscode.json-language-features, startup: false, activationEvent: 'onLanguage:jsonc'
2025-07-19 21:40:02.920 [info] ExtensionService#_doActivateExtension vscode.typescript-language-features, startup: false, activationEvent: 'onLanguage:jsonc'
2025-07-19 21:40:02.966 [info] ExtensionService#_doActivateExtension vscode.debug-auto-launch, startup: false, activationEvent: 'onStartupFinished'
2025-07-19 21:40:02.967 [info] ExtensionService#_doActivateExtension vscode.merge-conflict, startup: false, activationEvent: 'onStartupFinished'
2025-07-19 21:40:16.729 [info] Extension host terminating: renderer closed the MessagePort
2025-07-19 21:40:16.745 [info] Extension host with pid 8930 exiting with code 0
