2025-07-20 08:45:31.928 [info] Extension host with pid 3355 started
2025-07-20 08:45:31.928 [info] Skipping acquiring lock for /home/arch/.config/Code - OSS/User/workspaceStorage/bb2a9779ff93daad339410085ddf195a.
2025-07-20 08:45:32.115 [info] ExtensionService#_doActivateExtension vscode.emmet, startup: false, activationEvent: 'onLanguage'
2025-07-20 08:45:32.166 [info] ExtensionService#_doActivateExtension vscode.git-base, startup: true, activationEvent: '*', root cause: vscode.git
2025-07-20 08:45:32.181 [info] ExtensionService#_doActivateExtension vscode.git, startup: true, activationEvent: '*'
2025-07-20 08:45:32.229 [info] ExtensionService#_doActivateExtension vscode.github, startup: true, activationEvent: '*'
2025-07-20 08:45:32.289 [info] ExtensionService#_doActivateExtension vscode.configuration-editing, startup: false, activationEvent: 'onLanguage:jsonc'
2025-07-20 08:45:32.301 [info] ExtensionService#_doActivateExtension vscode.json-language-features, startup: false, activationEvent: 'onLanguage:jsonc'
2025-07-20 08:45:32.348 [info] ExtensionService#_doActivateExtension vscode.typescript-language-features, startup: false, activationEvent: 'onLanguage:jsonc'
2025-07-20 08:45:32.412 [info] Eager extensions activated
2025-07-20 08:45:32.436 [info] ExtensionService#_doActivateExtension vscode.debug-auto-launch, startup: false, activationEvent: 'onStartupFinished'
2025-07-20 08:45:32.437 [info] ExtensionService#_doActivateExtension vscode.merge-conflict, startup: false, activationEvent: 'onStartupFinished'
2025-07-20 08:45:32.450 [info] ExtensionService#_doActivateExtension Catppuccin.catppuccin-vsc, startup: false, activationEvent: 'onStartupFinished'
2025-07-20 08:45:32.454 [info] ExtensionService#_doActivateExtension PKief.material-icon-theme, startup: false, activationEvent: 'onStartupFinished'
2025-07-20 08:48:25.377 [warning] [Decorations] CAPPING events from decorations provider vscode.git 4674
2025-07-20 08:48:25.727 [warning] [Decorations] CAPPING events from decorations provider vscode.git 4674
2025-07-20 08:48:25.830 [error] Error: Git error
	at ChildProcess.<anonymous> (/usr/lib/code/extensions/git/dist/main.js:2:604689)
	at ChildProcess.emit (node:events:530:35)
	at ChildProcess._handle.onexit (node:internal/child_process:293:12)
2025-07-20 08:48:25.831 [error] Error: Git error
	at ChildProcess.<anonymous> (/usr/lib/code/extensions/git/dist/main.js:2:604689)
	at ChildProcess.emit (node:events:530:35)
	at ChildProcess._handle.onexit (node:internal/child_process:293:12)
2025-07-20 08:48:25.831 [error] Error: Git error
	at ChildProcess.<anonymous> (/usr/lib/code/extensions/git/dist/main.js:2:604689)
	at ChildProcess.emit (node:events:530:35)
	at ChildProcess._handle.onexit (node:internal/child_process:293:12)
2025-07-20 08:48:25.831 [error] Error: Git error
	at ChildProcess.<anonymous> (/usr/lib/code/extensions/git/dist/main.js:2:604689)
	at ChildProcess.emit (node:events:530:35)
	at ChildProcess._handle.onexit (node:internal/child_process:293:12)
2025-07-20 08:48:25.831 [error] Error: Git error
	at ChildProcess.<anonymous> (/usr/lib/code/extensions/git/dist/main.js:2:604689)
	at ChildProcess.emit (node:events:530:35)
	at ChildProcess._handle.onexit (node:internal/child_process:293:12)
2025-07-20 08:48:25.831 [error] Error: Git error
	at ChildProcess.<anonymous> (/usr/lib/code/extensions/git/dist/main.js:2:604689)
	at ChildProcess.emit (node:events:530:35)
	at ChildProcess._handle.onexit (node:internal/child_process:293:12)
2025-07-20 08:48:25.831 [error] Error: Git error
	at ChildProcess.<anonymous> (/usr/lib/code/extensions/git/dist/main.js:2:604689)
	at ChildProcess.emit (node:events:530:35)
	at ChildProcess._handle.onexit (node:internal/child_process:293:12)
2025-07-20 08:48:25.831 [error] Error: Git error
	at ChildProcess.<anonymous> (/usr/lib/code/extensions/git/dist/main.js:2:604689)
	at ChildProcess.emit (node:events:530:35)
	at ChildProcess._handle.onexit (node:internal/child_process:293:12)
2025-07-20 08:48:25.831 [error] Error: Git error
	at ChildProcess.<anonymous> (/usr/lib/code/extensions/git/dist/main.js:2:604689)
	at ChildProcess.emit (node:events:530:35)
	at ChildProcess._handle.onexit (node:internal/child_process:293:12)
2025-07-20 08:48:25.832 [error] Error: Git error
	at ChildProcess.<anonymous> (/usr/lib/code/extensions/git/dist/main.js:2:604689)
	at ChildProcess.emit (node:events:530:35)
	at ChildProcess._handle.onexit (node:internal/child_process:293:12)
2025-07-20 08:48:25.832 [error] Error: Git error
	at ChildProcess.<anonymous> (/usr/lib/code/extensions/git/dist/main.js:2:604689)
	at ChildProcess.emit (node:events:530:35)
	at ChildProcess._handle.onexit (node:internal/child_process:293:12)
2025-07-20 08:48:25.832 [error] Error: Git error
	at ChildProcess.<anonymous> (/usr/lib/code/extensions/git/dist/main.js:2:604689)
	at ChildProcess.emit (node:events:530:35)
	at ChildProcess._handle.onexit (node:internal/child_process:293:12)
2025-07-20 08:48:25.832 [error] Error: Git error
	at ChildProcess.<anonymous> (/usr/lib/code/extensions/git/dist/main.js:2:604689)
	at ChildProcess.emit (node:events:530:35)
	at ChildProcess._handle.onexit (node:internal/child_process:293:12)
2025-07-20 08:48:25.832 [error] Error: Git error
	at ChildProcess.<anonymous> (/usr/lib/code/extensions/git/dist/main.js:2:604689)
	at ChildProcess.emit (node:events:530:35)
	at ChildProcess._handle.onexit (node:internal/child_process:293:12)
2025-07-20 08:48:25.832 [error] Error: Git error
	at ChildProcess.<anonymous> (/usr/lib/code/extensions/git/dist/main.js:2:604689)
	at ChildProcess.emit (node:events:530:35)
	at ChildProcess._handle.onexit (node:internal/child_process:293:12)
2025-07-20 08:48:25.832 [error] Error: Git error
	at ChildProcess.<anonymous> (/usr/lib/code/extensions/git/dist/main.js:2:604689)
	at ChildProcess.emit (node:events:530:35)
	at ChildProcess._handle.onexit (node:internal/child_process:293:12)
2025-07-20 08:48:25.832 [error] Error: Git error
	at ChildProcess.<anonymous> (/usr/lib/code/extensions/git/dist/main.js:2:604689)
	at ChildProcess.emit (node:events:530:35)
	at ChildProcess._handle.onexit (node:internal/child_process:293:12)
2025-07-20 08:48:25.832 [error] Error: Git error
	at ChildProcess.<anonymous> (/usr/lib/code/extensions/git/dist/main.js:2:604689)
	at ChildProcess.emit (node:events:530:35)
	at ChildProcess._handle.onexit (node:internal/child_process:293:12)
2025-07-20 08:48:25.832 [error] Error: Git error
	at ChildProcess.<anonymous> (/usr/lib/code/extensions/git/dist/main.js:2:604689)
	at ChildProcess.emit (node:events:530:35)
	at ChildProcess._handle.onexit (node:internal/child_process:293:12)
2025-07-20 08:48:25.832 [error] Error: Git error
	at ChildProcess.<anonymous> (/usr/lib/code/extensions/git/dist/main.js:2:604689)
	at ChildProcess.emit (node:events:530:35)
	at ChildProcess._handle.onexit (node:internal/child_process:293:12)
2025-07-20 08:48:25.832 [error] Error: Git error
	at ChildProcess.<anonymous> (/usr/lib/code/extensions/git/dist/main.js:2:604689)
	at ChildProcess.emit (node:events:530:35)
	at ChildProcess._handle.onexit (node:internal/child_process:293:12)
2025-07-20 08:48:25.832 [error] Error: Git error
	at ChildProcess.<anonymous> (/usr/lib/code/extensions/git/dist/main.js:2:604689)
	at ChildProcess.emit (node:events:530:35)
	at ChildProcess._handle.onexit (node:internal/child_process:293:12)
2025-07-20 08:48:25.833 [error] Error: Git error
	at ChildProcess.<anonymous> (/usr/lib/code/extensions/git/dist/main.js:2:604689)
	at ChildProcess.emit (node:events:530:35)
	at ChildProcess._handle.onexit (node:internal/child_process:293:12)
2025-07-20 08:48:25.833 [error] Error: Git error
	at ChildProcess.<anonymous> (/usr/lib/code/extensions/git/dist/main.js:2:604689)
	at ChildProcess.emit (node:events:530:35)
	at ChildProcess._handle.onexit (node:internal/child_process:293:12)
2025-07-20 08:48:25.833 [error] Error: Git error
	at ChildProcess.<anonymous> (/usr/lib/code/extensions/git/dist/main.js:2:604689)
	at ChildProcess.emit (node:events:530:35)
	at ChildProcess._handle.onexit (node:internal/child_process:293:12)
2025-07-20 08:48:25.833 [error] Error: Git error
	at ChildProcess.<anonymous> (/usr/lib/code/extensions/git/dist/main.js:2:604689)
	at ChildProcess.emit (node:events:530:35)
	at ChildProcess._handle.onexit (node:internal/child_process:293:12)
2025-07-20 08:48:25.833 [error] Error: Git error
	at ChildProcess.<anonymous> (/usr/lib/code/extensions/git/dist/main.js:2:604689)
	at ChildProcess.emit (node:events:530:35)
	at ChildProcess._handle.onexit (node:internal/child_process:293:12)
2025-07-20 08:48:25.833 [error] Error: Git error
	at ChildProcess.<anonymous> (/usr/lib/code/extensions/git/dist/main.js:2:604689)
	at ChildProcess.emit (node:events:530:35)
	at ChildProcess._handle.onexit (node:internal/child_process:293:12)
2025-07-20 08:48:25.833 [error] Error: Git error
	at ChildProcess.<anonymous> (/usr/lib/code/extensions/git/dist/main.js:2:604689)
	at ChildProcess.emit (node:events:530:35)
	at ChildProcess._handle.onexit (node:internal/child_process:293:12)
2025-07-20 08:48:25.833 [error] Error: Git error
	at ChildProcess.<anonymous> (/usr/lib/code/extensions/git/dist/main.js:2:604689)
	at ChildProcess.emit (node:events:530:35)
	at ChildProcess._handle.onexit (node:internal/child_process:293:12)
2025-07-20 08:48:25.833 [error] Error: Git error
	at ChildProcess.<anonymous> (/usr/lib/code/extensions/git/dist/main.js:2:604689)
	at ChildProcess.emit (node:events:530:35)
	at ChildProcess._handle.onexit (node:internal/child_process:293:12)
2025-07-20 08:48:25.833 [error] Error: Git error
	at ChildProcess.<anonymous> (/usr/lib/code/extensions/git/dist/main.js:2:604689)
	at ChildProcess.emit (node:events:530:35)
	at ChildProcess._handle.onexit (node:internal/child_process:293:12)
2025-07-20 08:48:25.833 [error] Error: Git error
	at ChildProcess.<anonymous> (/usr/lib/code/extensions/git/dist/main.js:2:604689)
	at ChildProcess.emit (node:events:530:35)
	at ChildProcess._handle.onexit (node:internal/child_process:293:12)
2025-07-20 08:48:25.833 [error] Error: Git error
	at ChildProcess.<anonymous> (/usr/lib/code/extensions/git/dist/main.js:2:604689)
	at ChildProcess.emit (node:events:530:35)
	at ChildProcess._handle.onexit (node:internal/child_process:293:12)
2025-07-20 08:48:25.833 [error] Error: Git error
	at ChildProcess.<anonymous> (/usr/lib/code/extensions/git/dist/main.js:2:604689)
	at ChildProcess.emit (node:events:530:35)
	at ChildProcess._handle.onexit (node:internal/child_process:293:12)
2025-07-20 08:48:25.833 [error] Error: Git error
	at ChildProcess.<anonymous> (/usr/lib/code/extensions/git/dist/main.js:2:604689)
	at ChildProcess.emit (node:events:530:35)
	at ChildProcess._handle.onexit (node:internal/child_process:293:12)
2025-07-20 08:48:25.833 [error] Error: Git error
	at ChildProcess.<anonymous> (/usr/lib/code/extensions/git/dist/main.js:2:604689)
	at ChildProcess.emit (node:events:530:35)
	at ChildProcess._handle.onexit (node:internal/child_process:293:12)
2025-07-20 08:48:25.834 [error] Error: Git error
	at ChildProcess.<anonymous> (/usr/lib/code/extensions/git/dist/main.js:2:604689)
	at ChildProcess.emit (node:events:530:35)
	at ChildProcess._handle.onexit (node:internal/child_process:293:12)
2025-07-20 08:48:25.834 [error] Error: Git error
	at ChildProcess.<anonymous> (/usr/lib/code/extensions/git/dist/main.js:2:604689)
	at ChildProcess.emit (node:events:530:35)
	at ChildProcess._handle.onexit (node:internal/child_process:293:12)
2025-07-20 08:48:25.834 [error] Error: Git error
	at ChildProcess.<anonymous> (/usr/lib/code/extensions/git/dist/main.js:2:604689)
	at ChildProcess.emit (node:events:530:35)
	at ChildProcess._handle.onexit (node:internal/child_process:293:12)
2025-07-20 08:48:25.834 [error] Error: Git error
	at ChildProcess.<anonymous> (/usr/lib/code/extensions/git/dist/main.js:2:604689)
	at ChildProcess.emit (node:events:530:35)
	at ChildProcess._handle.onexit (node:internal/child_process:293:12)
2025-07-20 08:48:25.834 [error] Error: Git error
	at ChildProcess.<anonymous> (/usr/lib/code/extensions/git/dist/main.js:2:604689)
	at ChildProcess.emit (node:events:530:35)
	at ChildProcess._handle.onexit (node:internal/child_process:293:12)
2025-07-20 08:48:26.838 [error] Error: Git error
	at ChildProcess.<anonymous> (/usr/lib/code/extensions/git/dist/main.js:2:604689)
	at ChildProcess.emit (node:events:530:35)
	at ChildProcess._handle.onexit (node:internal/child_process:293:12)
2025-07-20 08:48:26.840 [error] Error: Git error
	at ChildProcess.<anonymous> (/usr/lib/code/extensions/git/dist/main.js:2:604689)
	at ChildProcess.emit (node:events:530:35)
	at ChildProcess._handle.onexit (node:internal/child_process:293:12)
2025-07-20 08:48:26.841 [error] Error: Git error
	at ChildProcess.<anonymous> (/usr/lib/code/extensions/git/dist/main.js:2:604689)
	at ChildProcess.emit (node:events:530:35)
	at ChildProcess._handle.onexit (node:internal/child_process:293:12)
2025-07-20 08:48:26.842 [error] Error: Git error
	at ChildProcess.<anonymous> (/usr/lib/code/extensions/git/dist/main.js:2:604689)
	at ChildProcess.emit (node:events:530:35)
	at ChildProcess._handle.onexit (node:internal/child_process:293:12)
2025-07-20 08:48:26.843 [error] Error: Git error
	at ChildProcess.<anonymous> (/usr/lib/code/extensions/git/dist/main.js:2:604689)
	at ChildProcess.emit (node:events:530:35)
	at ChildProcess._handle.onexit (node:internal/child_process:293:12)
2025-07-20 08:48:26.843 [error] Error: Git error
	at ChildProcess.<anonymous> (/usr/lib/code/extensions/git/dist/main.js:2:604689)
	at ChildProcess.emit (node:events:530:35)
	at ChildProcess._handle.onexit (node:internal/child_process:293:12)
2025-07-20 08:48:26.844 [error] Error: Git error
	at ChildProcess.<anonymous> (/usr/lib/code/extensions/git/dist/main.js:2:604689)
	at ChildProcess.emit (node:events:530:35)
	at ChildProcess._handle.onexit (node:internal/child_process:293:12)
2025-07-20 08:48:26.845 [error] Error: Git error
	at ChildProcess.<anonymous> (/usr/lib/code/extensions/git/dist/main.js:2:604689)
	at ChildProcess.emit (node:events:530:35)
	at ChildProcess._handle.onexit (node:internal/child_process:293:12)
2025-07-20 08:48:26.846 [error] Error: Git error
	at ChildProcess.<anonymous> (/usr/lib/code/extensions/git/dist/main.js:2:604689)
	at ChildProcess.emit (node:events:530:35)
	at ChildProcess._handle.onexit (node:internal/child_process:293:12)
2025-07-20 08:48:26.846 [error] Error: Git error
	at ChildProcess.<anonymous> (/usr/lib/code/extensions/git/dist/main.js:2:604689)
	at ChildProcess.emit (node:events:530:35)
	at ChildProcess._handle.onexit (node:internal/child_process:293:12)
2025-07-20 08:48:26.847 [error] Error: Git error
	at ChildProcess.<anonymous> (/usr/lib/code/extensions/git/dist/main.js:2:604689)
	at ChildProcess.emit (node:events:530:35)
	at ChildProcess._handle.onexit (node:internal/child_process:293:12)
2025-07-20 08:48:26.848 [error] Error: Git error
	at ChildProcess.<anonymous> (/usr/lib/code/extensions/git/dist/main.js:2:604689)
	at ChildProcess.emit (node:events:530:35)
	at ChildProcess._handle.onexit (node:internal/child_process:293:12)
2025-07-20 08:48:26.849 [error] Error: Git error
	at ChildProcess.<anonymous> (/usr/lib/code/extensions/git/dist/main.js:2:604689)
	at ChildProcess.emit (node:events:530:35)
	at ChildProcess._handle.onexit (node:internal/child_process:293:12)
2025-07-20 08:48:26.850 [error] Error: Git error
	at ChildProcess.<anonymous> (/usr/lib/code/extensions/git/dist/main.js:2:604689)
	at ChildProcess.emit (node:events:530:35)
	at ChildProcess._handle.onexit (node:internal/child_process:293:12)
2025-07-20 08:48:26.851 [error] Error: Git error
	at ChildProcess.<anonymous> (/usr/lib/code/extensions/git/dist/main.js:2:604689)
	at ChildProcess.emit (node:events:530:35)
	at ChildProcess._handle.onexit (node:internal/child_process:293:12)
2025-07-20 08:48:26.851 [error] Error: Git error
	at ChildProcess.<anonymous> (/usr/lib/code/extensions/git/dist/main.js:2:604689)
	at ChildProcess.emit (node:events:530:35)
	at ChildProcess._handle.onexit (node:internal/child_process:293:12)
2025-07-20 08:48:26.852 [error] Error: Git error
	at ChildProcess.<anonymous> (/usr/lib/code/extensions/git/dist/main.js:2:604689)
	at ChildProcess.emit (node:events:530:35)
	at ChildProcess._handle.onexit (node:internal/child_process:293:12)
2025-07-20 08:48:26.852 [error] Error: Git error
	at ChildProcess.<anonymous> (/usr/lib/code/extensions/git/dist/main.js:2:604689)
	at ChildProcess.emit (node:events:530:35)
	at ChildProcess._handle.onexit (node:internal/child_process:293:12)
2025-07-20 08:48:26.853 [error] Error: Git error
	at ChildProcess.<anonymous> (/usr/lib/code/extensions/git/dist/main.js:2:604689)
	at ChildProcess.emit (node:events:530:35)
	at ChildProcess._handle.onexit (node:internal/child_process:293:12)
2025-07-20 08:48:26.853 [error] Error: Git error
	at ChildProcess.<anonymous> (/usr/lib/code/extensions/git/dist/main.js:2:604689)
	at ChildProcess.emit (node:events:530:35)
	at ChildProcess._handle.onexit (node:internal/child_process:293:12)
2025-07-20 08:48:26.854 [error] Error: Git error
	at ChildProcess.<anonymous> (/usr/lib/code/extensions/git/dist/main.js:2:604689)
	at ChildProcess.emit (node:events:530:35)
	at ChildProcess._handle.onexit (node:internal/child_process:293:12)
2025-07-20 08:48:26.854 [error] Error: Git error
	at ChildProcess.<anonymous> (/usr/lib/code/extensions/git/dist/main.js:2:604689)
	at ChildProcess.emit (node:events:530:35)
	at ChildProcess._handle.onexit (node:internal/child_process:293:12)
2025-07-20 08:48:26.855 [error] Error: Git error
	at ChildProcess.<anonymous> (/usr/lib/code/extensions/git/dist/main.js:2:604689)
	at ChildProcess.emit (node:events:530:35)
	at ChildProcess._handle.onexit (node:internal/child_process:293:12)
2025-07-20 08:48:26.856 [error] Error: Git error
	at ChildProcess.<anonymous> (/usr/lib/code/extensions/git/dist/main.js:2:604689)
	at ChildProcess.emit (node:events:530:35)
	at ChildProcess._handle.onexit (node:internal/child_process:293:12)
2025-07-20 08:48:26.856 [error] Error: Git error
	at ChildProcess.<anonymous> (/usr/lib/code/extensions/git/dist/main.js:2:604689)
	at ChildProcess.emit (node:events:530:35)
	at ChildProcess._handle.onexit (node:internal/child_process:293:12)
2025-07-20 08:48:26.857 [error] Error: Git error
	at ChildProcess.<anonymous> (/usr/lib/code/extensions/git/dist/main.js:2:604689)
	at ChildProcess.emit (node:events:530:35)
	at ChildProcess._handle.onexit (node:internal/child_process:293:12)
2025-07-20 08:48:26.858 [error] Error: Git error
	at ChildProcess.<anonymous> (/usr/lib/code/extensions/git/dist/main.js:2:604689)
	at ChildProcess.emit (node:events:530:35)
	at ChildProcess._handle.onexit (node:internal/child_process:293:12)
2025-07-20 08:48:26.859 [error] Error: Git error
	at ChildProcess.<anonymous> (/usr/lib/code/extensions/git/dist/main.js:2:604689)
	at ChildProcess.emit (node:events:530:35)
	at ChildProcess._handle.onexit (node:internal/child_process:293:12)
2025-07-20 08:48:26.859 [error] Error: Git error
	at ChildProcess.<anonymous> (/usr/lib/code/extensions/git/dist/main.js:2:604689)
	at ChildProcess.emit (node:events:530:35)
	at ChildProcess._handle.onexit (node:internal/child_process:293:12)
2025-07-20 08:48:26.860 [error] Error: Git error
	at ChildProcess.<anonymous> (/usr/lib/code/extensions/git/dist/main.js:2:604689)
	at ChildProcess.emit (node:events:530:35)
	at ChildProcess._handle.onexit (node:internal/child_process:293:12)
2025-07-20 08:48:26.860 [error] Error: Git error
	at ChildProcess.<anonymous> (/usr/lib/code/extensions/git/dist/main.js:2:604689)
	at ChildProcess.emit (node:events:530:35)
	at ChildProcess._handle.onexit (node:internal/child_process:293:12)
2025-07-20 08:48:26.861 [error] Error: Git error
	at ChildProcess.<anonymous> (/usr/lib/code/extensions/git/dist/main.js:2:604689)
	at ChildProcess.emit (node:events:530:35)
	at ChildProcess._handle.onexit (node:internal/child_process:293:12)
2025-07-20 08:48:26.861 [error] Error: Git error
	at ChildProcess.<anonymous> (/usr/lib/code/extensions/git/dist/main.js:2:604689)
	at ChildProcess.emit (node:events:530:35)
	at ChildProcess._handle.onexit (node:internal/child_process:293:12)
2025-07-20 08:48:26.862 [error] Error: Git error
	at ChildProcess.<anonymous> (/usr/lib/code/extensions/git/dist/main.js:2:604689)
	at ChildProcess.emit (node:events:530:35)
	at ChildProcess._handle.onexit (node:internal/child_process:293:12)
2025-07-20 08:48:26.862 [error] Error: Git error
	at ChildProcess.<anonymous> (/usr/lib/code/extensions/git/dist/main.js:2:604689)
	at ChildProcess.emit (node:events:530:35)
	at ChildProcess._handle.onexit (node:internal/child_process:293:12)
2025-07-20 08:48:26.863 [error] Error: Git error
	at ChildProcess.<anonymous> (/usr/lib/code/extensions/git/dist/main.js:2:604689)
	at ChildProcess.emit (node:events:530:35)
	at ChildProcess._handle.onexit (node:internal/child_process:293:12)
2025-07-20 08:48:26.864 [error] Error: Git error
	at ChildProcess.<anonymous> (/usr/lib/code/extensions/git/dist/main.js:2:604689)
	at ChildProcess.emit (node:events:530:35)
	at ChildProcess._handle.onexit (node:internal/child_process:293:12)
2025-07-20 08:48:26.864 [error] Error: Git error
	at ChildProcess.<anonymous> (/usr/lib/code/extensions/git/dist/main.js:2:604689)
	at ChildProcess.emit (node:events:530:35)
	at ChildProcess._handle.onexit (node:internal/child_process:293:12)
2025-07-20 08:48:26.865 [error] Error: Git error
	at ChildProcess.<anonymous> (/usr/lib/code/extensions/git/dist/main.js:2:604689)
	at ChildProcess.emit (node:events:530:35)
	at ChildProcess._handle.onexit (node:internal/child_process:293:12)
2025-07-20 08:48:26.866 [error] Error: Git error
	at ChildProcess.<anonymous> (/usr/lib/code/extensions/git/dist/main.js:2:604689)
	at ChildProcess.emit (node:events:530:35)
	at ChildProcess._handle.onexit (node:internal/child_process:293:12)
2025-07-20 08:48:26.866 [error] Error: Git error
	at ChildProcess.<anonymous> (/usr/lib/code/extensions/git/dist/main.js:2:604689)
	at ChildProcess.emit (node:events:530:35)
	at ChildProcess._handle.onexit (node:internal/child_process:293:12)
2025-07-20 08:48:26.867 [error] Error: Git error
	at ChildProcess.<anonymous> (/usr/lib/code/extensions/git/dist/main.js:2:604689)
	at ChildProcess.emit (node:events:530:35)
	at ChildProcess._handle.onexit (node:internal/child_process:293:12)
2025-07-20 08:48:28.091 [warning] [Decorations] CAPPING events from decorations provider vscode.git 4674
2025-07-20 08:48:33.138 [warning] [Decorations] CAPPING events from decorations provider vscode.git 4674
