2025-07-20 18:16:12.793 [info] [main] Log level: Info
2025-07-20 18:16:12.793 [info] [main] Validating found git in: "git"
2025-07-20 18:16:12.793 [info] [main] Using git "2.50.1" from "git"
2025-07-20 18:16:12.793 [info] [Model][doInitialScan] Initial repository scan started
2025-07-20 18:16:12.793 [info] > git rev-parse --show-toplevel [9ms]
2025-07-20 18:16:12.793 [info] > git rev-parse --git-dir --git-common-dir [1ms]
2025-07-20 18:16:12.793 [info] [Model][openRepository] Opened repository (path): /home/arch/.config
2025-07-20 18:16:12.793 [info] [Model][openRepository] Opened repository (real path): /home/arch/.config
2025-07-20 18:16:12.793 [info] > git rev-parse --show-toplevel [13ms]
2025-07-20 18:16:12.793 [info] > git config --get commit.template [18ms]
2025-07-20 18:16:12.794 [info] > git for-each-ref --format=%(refname)%00%(upstream:short)%00%(objectname)%00%(upstream:track)%00%(upstream:remotename)%00%(upstream:remoteref) refs/heads/main refs/remotes/main [2ms]
2025-07-20 18:16:12.872 [info] > git for-each-ref --sort -committerdate --format %(refname)%00%(objectname)%00%(*objectname) [65ms]
2025-07-20 18:16:12.889 [info] > git rev-parse --show-toplevel [1ms]
2025-07-20 18:16:12.895 [info] > git rev-parse --show-toplevel [2ms]
2025-07-20 18:16:12.901 [info] > git rev-parse --show-toplevel [2ms]
2025-07-20 18:16:12.907 [info] > git rev-parse --show-toplevel [2ms]
2025-07-20 18:16:12.913 [info] > git rev-parse --show-toplevel [1ms]
2025-07-20 18:16:12.920 [info] > git rev-parse --show-toplevel [2ms]
2025-07-20 18:16:12.925 [info] > git rev-parse --show-toplevel [1ms]
2025-07-20 18:16:12.931 [info] > git rev-parse --show-toplevel [1ms]
2025-07-20 18:16:12.937 [info] > git rev-parse --show-toplevel [1ms]
2025-07-20 18:16:12.943 [info] > git rev-parse --show-toplevel [2ms]
2025-07-20 18:16:12.954 [info] > git rev-parse --show-toplevel [7ms]
2025-07-20 18:16:13.040 [info] > git status -z -uall [240ms]
2025-07-20 18:16:13.092 [info] > git for-each-ref --format=%(refname)%00%(upstream:short)%00%(objectname)%00%(upstream:track)%00%(upstream:remotename)%00%(upstream:remoteref) refs/heads/main refs/remotes/main [17ms]
2025-07-20 18:16:13.096 [info] > git rev-parse --show-toplevel [57ms]
2025-07-20 18:16:13.103 [info] > git config --get --local branch.main.vscode-merge-base [7ms]
2025-07-20 18:16:13.104 [warning] [Git][config] git config failed: Failed to execute git
2025-07-20 18:16:13.108 [info] > git config --get commit.template [16ms]
2025-07-20 18:16:13.109 [info] > git rev-parse --show-toplevel [6ms]
2025-07-20 18:16:13.132 [info] > git for-each-ref --format=%(refname)%00%(upstream:short)%00%(objectname)%00%(upstream:track)%00%(upstream:remotename)%00%(upstream:remoteref) refs/heads/main refs/remotes/main [20ms]
2025-07-20 18:16:13.132 [info] > git reflog main --grep-reflog=branch: Created from *. [25ms]
2025-07-20 18:16:13.137 [info] > git rev-parse --show-toplevel [13ms]
2025-07-20 18:16:13.142 [info] > git symbolic-ref --short refs/remotes/origin/HEAD [5ms]
2025-07-20 18:16:13.142 [info] fatal: ref refs/remotes/origin/HEAD is not a symbolic ref
2025-07-20 18:16:13.142 [warning] [Repository][getDefaultBranch] Failed to get default branch details: Failed to execute git.
2025-07-20 18:16:13.267 [info] > git merge-base refs/heads/main refs/remotes/origin/main [121ms]
2025-07-20 18:16:13.274 [info] > git rev-parse --show-toplevel [133ms]
2025-07-20 18:16:13.281 [info] > git for-each-ref --sort -committerdate --format %(refname)%00%(objectname)%00%(*objectname) [14ms]
2025-07-20 18:16:13.283 [info] > git rev-parse --show-toplevel [2ms]
2025-07-20 18:16:13.283 [info] > git diff --name-status -z --diff-filter=ADMR 06bb28050d2c500c4f01db53c1d35e23a37c7845...refs/remotes/origin/main [10ms]
2025-07-20 18:16:13.295 [info] > git rev-parse --show-toplevel [7ms]
2025-07-20 18:16:13.300 [info] > git check-ignore -v -z --stdin [6ms]
2025-07-20 18:16:13.306 [info] > git rev-parse --show-toplevel [7ms]
2025-07-20 18:16:13.315 [info] > git rev-parse --show-toplevel [5ms]
2025-07-20 18:16:13.321 [info] > git rev-parse --show-toplevel [1ms]
2025-07-20 18:16:13.326 [info] > git rev-parse --show-toplevel [1ms]
2025-07-20 18:16:13.330 [info] > git rev-parse --show-toplevel [1ms]
2025-07-20 18:16:13.334 [info] > git rev-parse --show-toplevel [1ms]
2025-07-20 18:16:13.340 [info] > git rev-parse --show-toplevel [2ms]
2025-07-20 18:16:13.345 [info] > git rev-parse --show-toplevel [1ms]
2025-07-20 18:16:13.349 [info] > git rev-parse --show-toplevel [1ms]
2025-07-20 18:16:13.353 [info] > git rev-parse --show-toplevel [1ms]
2025-07-20 18:16:13.358 [info] > git rev-parse --show-toplevel [1ms]
2025-07-20 18:16:13.362 [info] > git rev-parse --show-toplevel [1ms]
2025-07-20 18:16:13.367 [info] > git rev-parse --show-toplevel [1ms]
2025-07-20 18:16:13.373 [info] > git rev-parse --show-toplevel [1ms]
2025-07-20 18:16:13.378 [info] > git rev-parse --show-toplevel [1ms]
2025-07-20 18:16:13.383 [info] > git rev-parse --show-toplevel [2ms]
2025-07-20 18:16:13.383 [info] [Model][doInitialScan] Initial repository scan completed - repositories (1), closed repositories (0), parent repositories (0), unsafe repositories (0)
2025-07-20 18:16:13.394 [info] > git show --textconv :hypr/hyprland.conf [5ms]
2025-07-20 18:16:13.396 [info] > git ls-files --stage -- hypr/hyprland.conf [2ms]
2025-07-20 18:16:13.403 [info] > git cat-file -s 67c91d3409f7f3cc67e2d5e796b1fc8c06b6df6b [1ms]
2025-07-20 18:16:13.439 [info] > git blame --root --incremental 06bb28050d2c500c4f01db53c1d35e23a37c7845 -- hypr/hyprland.conf [2ms]
2025-07-20 18:16:13.451 [info] > git status -z -uall [190ms]
2025-07-20 18:16:16.512 [info] > git check-ignore -v -z --stdin [8ms]
2025-07-20 18:16:28.128 [info] > git config --get commit.template [1ms]
2025-07-20 18:16:28.137 [info] > git for-each-ref --format=%(refname)%00%(upstream:short)%00%(objectname)%00%(upstream:track)%00%(upstream:remotename)%00%(upstream:remoteref) refs/heads/main refs/remotes/main [2ms]
2025-07-20 18:16:28.155 [info] > git for-each-ref --sort -committerdate --format %(refname)%00%(objectname)%00%(*objectname) [2ms]
2025-07-20 18:16:28.298 [info] > git status -z -uall [154ms]
2025-07-20 18:16:33.354 [info] > git config --get commit.template [9ms]
2025-07-20 18:16:33.356 [info] > git for-each-ref --format=%(refname)%00%(upstream:short)%00%(objectname)%00%(upstream:track)%00%(upstream:remotename)%00%(upstream:remoteref) refs/heads/main refs/remotes/main [3ms]
2025-07-20 18:16:33.374 [info] > git for-each-ref --sort -committerdate --format %(refname)%00%(objectname)%00%(*objectname) [2ms]
2025-07-20 18:16:33.510 [info] > git status -z -uall [147ms]
2025-07-20 18:16:38.544 [info] > git config --get commit.template [4ms]
2025-07-20 18:16:38.565 [info] > git for-each-ref --format=%(refname)%00%(upstream:short)%00%(objectname)%00%(upstream:track)%00%(upstream:remotename)%00%(upstream:remoteref) refs/heads/main refs/remotes/main [6ms]
2025-07-20 18:16:38.610 [info] > git for-each-ref --sort -committerdate --format %(refname)%00%(objectname)%00%(*objectname) [1ms]
2025-07-20 18:16:38.741 [info] > git status -z -uall [154ms]
2025-07-20 18:16:43.790 [info] > git config --get commit.template [3ms]
2025-07-20 18:16:43.805 [info] > git for-each-ref --format=%(refname)%00%(upstream:short)%00%(objectname)%00%(upstream:track)%00%(upstream:remotename)%00%(upstream:remoteref) refs/heads/main refs/remotes/main [4ms]
2025-07-20 18:16:43.825 [info] > git for-each-ref --sort -committerdate --format %(refname)%00%(objectname)%00%(*objectname) [1ms]
2025-07-20 18:16:43.958 [info] > git status -z -uall [142ms]
2025-07-20 18:16:49.012 [info] > git config --get commit.template [17ms]
2025-07-20 18:16:49.014 [info] > git for-each-ref --format=%(refname)%00%(upstream:short)%00%(objectname)%00%(upstream:track)%00%(upstream:remotename)%00%(upstream:remoteref) refs/heads/main refs/remotes/main [4ms]
2025-07-20 18:16:49.046 [info] > git for-each-ref --sort -committerdate --format %(refname)%00%(objectname)%00%(*objectname) [1ms]
2025-07-20 18:16:49.180 [info] > git status -z -uall [149ms]
2025-07-20 18:16:54.243 [info] > git config --get commit.template [19ms]
2025-07-20 18:16:54.245 [info] > git for-each-ref --format=%(refname)%00%(upstream:short)%00%(objectname)%00%(upstream:track)%00%(upstream:remotename)%00%(upstream:remoteref) refs/heads/main refs/remotes/main [4ms]
2025-07-20 18:16:54.273 [info] > git for-each-ref --sort -committerdate --format %(refname)%00%(objectname)%00%(*objectname) [2ms]
2025-07-20 18:16:54.417 [info] > git status -z -uall [158ms]
2025-07-20 18:16:59.463 [info] > git config --get commit.template [18ms]
2025-07-20 18:16:59.465 [info] > git for-each-ref --format=%(refname)%00%(upstream:short)%00%(objectname)%00%(upstream:track)%00%(upstream:remotename)%00%(upstream:remoteref) refs/heads/main refs/remotes/main [4ms]
2025-07-20 18:16:59.495 [info] > git for-each-ref --sort -committerdate --format %(refname)%00%(objectname)%00%(*objectname) [2ms]
2025-07-20 18:16:59.632 [info] > git status -z -uall [151ms]
2025-07-20 18:17:04.671 [info] > git config --get commit.template [4ms]
2025-07-20 18:17:04.687 [info] > git for-each-ref --format=%(refname)%00%(upstream:short)%00%(objectname)%00%(upstream:track)%00%(upstream:remotename)%00%(upstream:remoteref) refs/heads/main refs/remotes/main [1ms]
2025-07-20 18:17:04.709 [info] > git for-each-ref --sort -committerdate --format %(refname)%00%(objectname)%00%(*objectname) [2ms]
2025-07-20 18:17:04.843 [info] > git status -z -uall [145ms]
2025-07-20 18:17:09.875 [info] > git config --get commit.template [2ms]
2025-07-20 18:17:09.894 [info] > git for-each-ref --format=%(refname)%00%(upstream:short)%00%(objectname)%00%(upstream:track)%00%(upstream:remotename)%00%(upstream:remoteref) refs/heads/main refs/remotes/main [4ms]
2025-07-20 18:17:09.942 [info] > git for-each-ref --sort -committerdate --format %(refname)%00%(objectname)%00%(*objectname) [2ms]
2025-07-20 18:17:10.074 [info] > git status -z -uall [148ms]
2025-07-20 18:17:15.117 [info] > git config --get commit.template [16ms]
2025-07-20 18:17:15.119 [info] > git for-each-ref --format=%(refname)%00%(upstream:short)%00%(objectname)%00%(upstream:track)%00%(upstream:remotename)%00%(upstream:remoteref) refs/heads/main refs/remotes/main [4ms]
2025-07-20 18:17:15.159 [info] > git for-each-ref --sort -committerdate --format %(refname)%00%(objectname)%00%(*objectname) [3ms]
2025-07-20 18:17:15.294 [info] > git status -z -uall [161ms]
2025-07-20 18:17:20.342 [info] > git config --get commit.template [15ms]
2025-07-20 18:17:20.343 [info] > git for-each-ref --format=%(refname)%00%(upstream:short)%00%(objectname)%00%(upstream:track)%00%(upstream:remotename)%00%(upstream:remoteref) refs/heads/main refs/remotes/main [1ms]
2025-07-20 18:17:20.362 [info] > git for-each-ref --sort -committerdate --format %(refname)%00%(objectname)%00%(*objectname) [1ms]
2025-07-20 18:17:20.495 [info] > git status -z -uall [143ms]
2025-07-20 18:17:25.550 [info] > git config --get commit.template [17ms]
2025-07-20 18:17:25.552 [info] > git for-each-ref --format=%(refname)%00%(upstream:short)%00%(objectname)%00%(upstream:track)%00%(upstream:remotename)%00%(upstream:remoteref) refs/heads/main refs/remotes/main [3ms]
2025-07-20 18:17:25.590 [info] > git for-each-ref --sort -committerdate --format %(refname)%00%(objectname)%00%(*objectname) [5ms]
2025-07-20 18:17:25.723 [info] > git status -z -uall [153ms]
2025-07-20 18:17:30.777 [info] > git config --get commit.template [16ms]
2025-07-20 18:17:30.778 [info] > git for-each-ref --format=%(refname)%00%(upstream:short)%00%(objectname)%00%(upstream:track)%00%(upstream:remotename)%00%(upstream:remoteref) refs/heads/main refs/remotes/main [1ms]
2025-07-20 18:17:30.801 [info] > git for-each-ref --sort -committerdate --format %(refname)%00%(objectname)%00%(*objectname) [2ms]
2025-07-20 18:17:30.940 [info] > git status -z -uall [152ms]
2025-07-20 18:17:35.981 [info] > git config --get commit.template [14ms]
2025-07-20 18:17:35.981 [info] > git for-each-ref --format=%(refname)%00%(upstream:short)%00%(objectname)%00%(upstream:track)%00%(upstream:remotename)%00%(upstream:remoteref) refs/heads/main refs/remotes/main [1ms]
2025-07-20 18:17:36.016 [info] > git for-each-ref --sort -committerdate --format %(refname)%00%(objectname)%00%(*objectname) [3ms]
2025-07-20 18:17:36.151 [info] > git status -z -uall [157ms]
2025-07-20 18:17:41.187 [info] > git config --get commit.template [8ms]
2025-07-20 18:17:41.189 [info] > git for-each-ref --format=%(refname)%00%(upstream:short)%00%(objectname)%00%(upstream:track)%00%(upstream:remotename)%00%(upstream:remoteref) refs/heads/main refs/remotes/main [3ms]
2025-07-20 18:17:41.208 [info] > git for-each-ref --sort -committerdate --format %(refname)%00%(objectname)%00%(*objectname) [1ms]
2025-07-20 18:17:41.346 [info] > git status -z -uall [146ms]
2025-07-20 18:17:50.553 [info] > git config --get commit.template [11ms]
2025-07-20 18:17:50.556 [info] > git for-each-ref --format=%(refname)%00%(upstream:short)%00%(objectname)%00%(upstream:track)%00%(upstream:remotename)%00%(upstream:remoteref) refs/heads/main refs/remotes/main [3ms]
2025-07-20 18:17:50.572 [info] > git for-each-ref --sort -committerdate --format %(refname)%00%(objectname)%00%(*objectname) [2ms]
2025-07-20 18:17:50.701 [info] > git status -z -uall [139ms]
2025-07-20 18:17:55.746 [info] > git config --get commit.template [16ms]
2025-07-20 18:17:55.747 [info] > git for-each-ref --format=%(refname)%00%(upstream:short)%00%(objectname)%00%(upstream:track)%00%(upstream:remotename)%00%(upstream:remoteref) refs/heads/main refs/remotes/main [3ms]
2025-07-20 18:17:55.768 [info] > git for-each-ref --sort -committerdate --format %(refname)%00%(objectname)%00%(*objectname) [2ms]
2025-07-20 18:17:55.906 [info] > git status -z -uall [148ms]
2025-07-20 18:18:00.942 [info] > git config --get commit.template [3ms]
2025-07-20 18:18:00.961 [info] > git for-each-ref --format=%(refname)%00%(upstream:short)%00%(objectname)%00%(upstream:track)%00%(upstream:remotename)%00%(upstream:remoteref) refs/heads/main refs/remotes/main [3ms]
2025-07-20 18:18:00.997 [info] > git for-each-ref --sort -committerdate --format %(refname)%00%(objectname)%00%(*objectname) [4ms]
2025-07-20 18:18:01.125 [info] > git status -z -uall [148ms]
2025-07-20 18:18:06.177 [info] > git config --get commit.template [18ms]
2025-07-20 18:18:06.182 [info] > git for-each-ref --format=%(refname)%00%(upstream:short)%00%(objectname)%00%(upstream:track)%00%(upstream:remotename)%00%(upstream:remoteref) refs/heads/main refs/remotes/main [6ms]
2025-07-20 18:18:06.218 [info] > git for-each-ref --sort -committerdate --format %(refname)%00%(objectname)%00%(*objectname) [5ms]
2025-07-20 18:18:06.364 [info] > git status -z -uall [164ms]
2025-07-20 18:18:11.402 [info] > git config --get commit.template [9ms]
2025-07-20 18:18:11.403 [info] > git for-each-ref --format=%(refname)%00%(upstream:short)%00%(objectname)%00%(upstream:track)%00%(upstream:remotename)%00%(upstream:remoteref) refs/heads/main refs/remotes/main [2ms]
2025-07-20 18:18:11.438 [info] > git for-each-ref --sort -committerdate --format %(refname)%00%(objectname)%00%(*objectname) [6ms]
2025-07-20 18:18:11.571 [info] > git status -z -uall [153ms]
2025-07-20 18:18:16.614 [info] > git config --get commit.template [10ms]
2025-07-20 18:18:16.615 [info] > git for-each-ref --format=%(refname)%00%(upstream:short)%00%(objectname)%00%(upstream:track)%00%(upstream:remotename)%00%(upstream:remoteref) refs/heads/main refs/remotes/main [4ms]
2025-07-20 18:18:16.649 [info] > git for-each-ref --sort -committerdate --format %(refname)%00%(objectname)%00%(*objectname) [1ms]
2025-07-20 18:18:16.798 [info] > git status -z -uall [163ms]
2025-07-20 18:18:21.851 [info] > git config --get commit.template [19ms]
2025-07-20 18:18:21.853 [info] > git for-each-ref --format=%(refname)%00%(upstream:short)%00%(objectname)%00%(upstream:track)%00%(upstream:remotename)%00%(upstream:remoteref) refs/heads/main refs/remotes/main [4ms]
2025-07-20 18:18:21.905 [info] > git for-each-ref --sort -committerdate --format %(refname)%00%(objectname)%00%(*objectname) [6ms]
2025-07-20 18:18:22.040 [info] > git status -z -uall [165ms]
2025-07-20 18:18:27.091 [info] > git config --get commit.template [21ms]
2025-07-20 18:18:27.096 [info] > git for-each-ref --format=%(refname)%00%(upstream:short)%00%(objectname)%00%(upstream:track)%00%(upstream:remotename)%00%(upstream:remoteref) refs/heads/main refs/remotes/main [7ms]
2025-07-20 18:18:27.135 [info] > git for-each-ref --sort -committerdate --format %(refname)%00%(objectname)%00%(*objectname) [3ms]
2025-07-20 18:18:27.270 [info] > git status -z -uall [155ms]
