2025-07-20 19:39:37.400 [info] [main] Log level: Info
2025-07-20 19:39:37.400 [info] [main] Validating found git in: "git"
2025-07-20 19:39:37.400 [info] [main] Using git "2.50.1" from "git"
2025-07-20 19:39:37.400 [info] [Model][doInitialScan] Initial repository scan started
2025-07-20 19:39:37.400 [info] [Model][doInitialScan] Initial repository scan completed - repositories (0), closed repositories (0), parent repositories (0), unsafe repositories (0)
2025-07-20 19:53:04.805 [info] [main] Log level: Info
2025-07-20 19:53:04.805 [info] [main] Validating found git in: "git"
2025-07-20 19:53:04.805 [info] [main] Using git "2.50.1" from "git"
2025-07-20 19:53:04.805 [info] [Model][doInitialScan] Initial repository scan started
2025-07-20 19:53:04.805 [info] > git rev-parse --show-toplevel [3ms]
2025-07-20 19:53:04.811 [info] > git rev-parse --git-dir --git-common-dir [1ms]
2025-07-20 19:53:04.818 [info] [Model][openRepository] Opened repository (path): /home/arch/.config
2025-07-20 19:53:04.818 [info] [Model][openRepository] Opened repository (real path): /home/arch/.config
2025-07-20 19:53:04.830 [info] > git rev-parse --show-toplevel [2ms]
2025-07-20 19:53:04.831 [info] > git config --get commit.template [6ms]
2025-07-20 19:53:04.841 [info] > git for-each-ref --format=%(refname)%00%(upstream:short)%00%(objectname)%00%(upstream:track)%00%(upstream:remotename)%00%(upstream:remoteref) refs/heads/main refs/remotes/main [2ms]
2025-07-20 19:53:04.854 [info] > git for-each-ref --sort -committerdate --format %(refname)%00%(objectname)%00%(*objectname) [3ms]
2025-07-20 19:53:04.866 [info] > git rev-parse --show-toplevel [4ms]
2025-07-20 19:53:04.886 [info] > git rev-parse --show-toplevel [14ms]
2025-07-20 19:53:04.893 [info] > git status -z -uall [48ms]
2025-07-20 19:53:04.953 [info] > git for-each-ref --format=%(refname)%00%(upstream:short)%00%(objectname)%00%(upstream:track)%00%(upstream:remotename)%00%(upstream:remoteref) refs/heads/main refs/remotes/main [30ms]
2025-07-20 19:53:04.959 [info] > git rev-parse --show-toplevel [68ms]
2025-07-20 19:53:05.023 [info] > git config --get --local branch.main.vscode-merge-base [64ms]
2025-07-20 19:53:05.024 [warning] [Git][config] git config failed: Failed to execute git
2025-07-20 19:53:05.028 [info] > git config --get commit.template [76ms]
2025-07-20 19:53:05.035 [info] > git reflog main --grep-reflog=branch: Created from *. [7ms]
2025-07-20 19:53:05.040 [info] > git rev-parse --show-toplevel [18ms]
2025-07-20 19:53:05.052 [info] > git symbolic-ref --short refs/remotes/origin/HEAD [12ms]
2025-07-20 19:53:05.052 [info] fatal: ref refs/remotes/origin/HEAD is not a symbolic ref
2025-07-20 19:53:05.052 [warning] [Repository][getDefaultBranch] Failed to get default branch details: Failed to execute git.
2025-07-20 19:53:05.058 [info] > git for-each-ref --format=%(refname)%00%(upstream:short)%00%(objectname)%00%(upstream:track)%00%(upstream:remotename)%00%(upstream:remoteref) refs/heads/main refs/remotes/main [12ms]
2025-07-20 19:53:05.059 [info] > git rev-parse --show-toplevel [8ms]
2025-07-20 19:53:05.065 [info] > git merge-base refs/heads/main refs/remotes/origin/main [7ms]
2025-07-20 19:53:05.072 [info] > git rev-parse --show-toplevel [8ms]
2025-07-20 19:53:05.090 [info] > git for-each-ref --sort -committerdate --format %(refname)%00%(objectname)%00%(*objectname) [7ms]
2025-07-20 19:53:05.091 [info] > git diff --name-status -z --diff-filter=ADMR d5c28b4d7b60b83779eb1c71f54ecf19e45ee401...refs/remotes/origin/main [20ms]
2025-07-20 19:53:05.100 [info] > git rev-parse --show-toplevel [12ms]
2025-07-20 19:53:05.183 [info] > git status -z -uall [106ms]
2025-07-20 19:53:05.232 [info] > git rev-parse --show-toplevel [49ms]
2025-07-20 19:53:05.267 [info] > git rev-parse --show-toplevel [20ms]
2025-07-20 19:53:05.305 [info] > git rev-parse --show-toplevel [24ms]
2025-07-20 19:53:05.312 [info] > git rev-parse --show-toplevel [2ms]
2025-07-20 19:53:05.328 [info] > git rev-parse --show-toplevel [12ms]
2025-07-20 19:53:05.335 [info] > git rev-parse --show-toplevel [2ms]
2025-07-20 19:53:05.342 [info] > git rev-parse --show-toplevel [2ms]
2025-07-20 19:53:05.396 [info] > git rev-parse --show-toplevel [49ms]
2025-07-20 19:53:05.410 [info] > git check-ignore -v -z --stdin [9ms]
2025-07-20 19:53:05.417 [info] > git rev-parse --show-toplevel [9ms]
2025-07-20 19:53:05.425 [info] > git rev-parse --show-toplevel [4ms]
2025-07-20 19:53:05.431 [info] > git rev-parse --show-toplevel [1ms]
2025-07-20 19:53:05.436 [info] > git rev-parse --show-toplevel [1ms]
2025-07-20 19:53:05.441 [info] > git rev-parse --show-toplevel [1ms]
2025-07-20 19:53:05.444 [info] > git rev-parse --show-toplevel [0ms]
2025-07-20 19:53:05.449 [info] > git rev-parse --show-toplevel [1ms]
2025-07-20 19:53:05.454 [info] > git rev-parse --show-toplevel [1ms]
2025-07-20 19:53:05.459 [info] > git rev-parse --show-toplevel [1ms]
2025-07-20 19:53:05.463 [info] > git rev-parse --show-toplevel [1ms]
2025-07-20 19:53:05.468 [info] > git rev-parse --show-toplevel [1ms]
2025-07-20 19:53:05.473 [info] > git rev-parse --show-toplevel [1ms]
2025-07-20 19:53:05.477 [info] > git rev-parse --show-toplevel [1ms]
2025-07-20 19:53:05.482 [info] > git rev-parse --show-toplevel [1ms]
2025-07-20 19:53:05.486 [info] > git rev-parse --show-toplevel [1ms]
2025-07-20 19:53:05.490 [info] > git rev-parse --show-toplevel [1ms]
2025-07-20 19:53:05.494 [info] > git rev-parse --show-toplevel [1ms]
2025-07-20 19:53:05.499 [info] > git rev-parse --show-toplevel [1ms]
2025-07-20 19:53:05.499 [info] [Model][doInitialScan] Initial repository scan completed - repositories (1), closed repositories (0), parent repositories (0), unsafe repositories (0)
2025-07-20 19:53:05.507 [info] > git show --textconv :hypr/hyprland.conf [5ms]
2025-07-20 19:53:05.509 [info] > git ls-files --stage -- hypr/hyprland.conf [2ms]
2025-07-20 19:53:05.515 [info] > git cat-file -s 1f4f38f3daecd57e5facd849c104ebd9008f6867 [2ms]
2025-07-20 19:53:05.541 [info] > git blame --root --incremental d5c28b4d7b60b83779eb1c71f54ecf19e45ee401 -- hypr/hyprland.conf [1ms]
2025-07-20 19:53:07.647 [info] > git config --get commit.template [6ms]
2025-07-20 19:53:07.648 [info] > git for-each-ref --format=%(refname)%00%(upstream:short)%00%(objectname)%00%(upstream:track)%00%(upstream:remotename)%00%(upstream:remoteref) refs/heads/main refs/remotes/main [1ms]
2025-07-20 19:53:07.661 [info] > git for-each-ref --sort -committerdate --format %(refname)%00%(objectname)%00%(*objectname) [2ms]
2025-07-20 19:53:07.698 [info] > git status -z -uall [45ms]
2025-07-20 19:53:12.712 [info] > git config --get commit.template [5ms]
2025-07-20 19:53:12.713 [info] > git for-each-ref --format=%(refname)%00%(upstream:short)%00%(objectname)%00%(upstream:track)%00%(upstream:remotename)%00%(upstream:remoteref) refs/heads/main refs/remotes/main [2ms]
2025-07-20 19:53:12.722 [info] > git for-each-ref --sort -committerdate --format %(refname)%00%(objectname)%00%(*objectname) [1ms]
2025-07-20 19:53:12.765 [info] > git status -z -uall [48ms]
2025-07-20 19:53:17.777 [info] > git config --get commit.template [1ms]
2025-07-20 19:53:17.783 [info] > git for-each-ref --format=%(refname)%00%(upstream:short)%00%(objectname)%00%(upstream:track)%00%(upstream:remotename)%00%(upstream:remoteref) refs/heads/main refs/remotes/main [2ms]
2025-07-20 19:53:17.794 [info] > git for-each-ref --sort -committerdate --format %(refname)%00%(objectname)%00%(*objectname) [1ms]
2025-07-20 19:53:17.831 [info] > git status -z -uall [43ms]
2025-07-20 19:53:18.365 [info] > git check-ignore -v -z --stdin [3ms]
2025-07-20 19:53:20.028 [info] > git check-ignore -v -z --stdin [4ms]
2025-07-20 19:53:22.841 [info] > git config --get commit.template [2ms]
2025-07-20 19:53:22.847 [info] > git for-each-ref --format=%(refname)%00%(upstream:short)%00%(objectname)%00%(upstream:track)%00%(upstream:remotename)%00%(upstream:remoteref) refs/heads/main refs/remotes/main [1ms]
2025-07-20 19:53:22.858 [info] > git for-each-ref --sort -committerdate --format %(refname)%00%(objectname)%00%(*objectname) [1ms]
2025-07-20 19:53:22.901 [info] > git status -z -uall [49ms]
2025-07-20 19:53:26.341 [info] > git check-ignore -v -z --stdin [2ms]
2025-07-20 19:53:27.476 [info] > git check-ignore -v -z --stdin [2ms]
2025-07-20 19:53:27.918 [info] > git config --get commit.template [6ms]
2025-07-20 19:53:27.919 [info] > git for-each-ref --format=%(refname)%00%(upstream:short)%00%(objectname)%00%(upstream:track)%00%(upstream:remotename)%00%(upstream:remoteref) refs/heads/main refs/remotes/main [1ms]
2025-07-20 19:53:27.931 [info] > git for-each-ref --sort -committerdate --format %(refname)%00%(objectname)%00%(*objectname) [1ms]
2025-07-20 19:53:28.006 [info] > git status -z -uall [82ms]
2025-07-20 19:53:33.025 [info] > git config --get commit.template [4ms]
2025-07-20 19:53:33.026 [info] > git for-each-ref --format=%(refname)%00%(upstream:short)%00%(objectname)%00%(upstream:track)%00%(upstream:remotename)%00%(upstream:remoteref) refs/heads/main refs/remotes/main [1ms]
2025-07-20 19:53:33.037 [info] > git for-each-ref --sort -committerdate --format %(refname)%00%(objectname)%00%(*objectname) [1ms]
2025-07-20 19:53:33.077 [info] > git status -z -uall [47ms]
2025-07-20 19:53:55.552 [info] > git check-ignore -v -z --stdin [2ms]
