2025-07-20 08:42:06.489 [info] ComputeTargetPlatform: linux-x64
2025-07-20 08:43:18.920 [info] ComputeTargetPlatform: linux-x64
2025-07-20 08:43:32.134 [info] Getting Manifest... pkief.material-icon-theme
2025-07-20 08:43:34.190 [info] Installing extension: pkief.material-icon-theme {"isMachineScoped":false,"installPreReleaseVersion":false,"pinned":false,"profileLocation":{"$mid":1,"external":"vscode-userdata:/home/arch/.vscode-oss/extensions/extensions.json","path":"/home/arch/.vscode-oss/extensions/extensions.json","scheme":"vscode-userdata"},"isApplicationScoped":false,"productVersion":{"version":"1.101.2","date":"2025-06-25T19:40:00.687Z"}}
2025-07-20 08:43:42.618 [info] Getting Manifest... catppuccin.catppuccin-vsc
2025-07-20 08:43:43.123 [info] Installing extension: catppuccin.catppuccin-vsc {"isMachineScoped":false,"installPreReleaseVersion":false,"pinned":false,"profileLocation":{"$mid":1,"external":"vscode-userdata:/home/arch/.vscode-oss/extensions/extensions.json","path":"/home/arch/.vscode-oss/extensions/extensions.json","scheme":"vscode-userdata"},"isApplicationScoped":false,"productVersion":{"version":"1.101.2","date":"2025-06-25T19:40:00.687Z"}}
2025-07-20 08:43:51.686 [info] Extension signature verification result for pkief.material-icon-theme: Success. Executed: true. Duration: 3073ms.
2025-07-20 08:43:52.004 [info] Extracted extension to file:///home/arch/.vscode-oss/extensions/pkief.material-icon-theme-5.24.0-universal: pkief.material-icon-theme
2025-07-20 08:43:52.316 [info] Renamed to /home/arch/.vscode-oss/extensions/pkief.material-icon-theme-5.24.0-universal
2025-07-20 08:43:52.537 [info] Extension installed successfully: pkief.material-icon-theme vscode-userdata:/home/arch/.vscode-oss/extensions/extensions.json
2025-07-20 08:44:46.745 [info] Extension signature verification result for catppuccin.catppuccin-vsc: UnknownError. Executed: false. Duration: 61171ms.
2025-07-20 08:44:46.756 [error] Error while installing the extension catppuccin.catppuccin-vsc Signature verification failed with 'UnknownError' error. vscode-userdata:/home/arch/.vscode-oss/extensions/extensions.json
2025-07-20 08:44:46.764 [error] [uncaught exception in sharedProcess]: Signature verification failed with 'UnknownError' error.: SignatureVerificationInternal: Signature verification failed with 'UnknownError' error.
    at $h.Bb (file:///usr/lib/code/out/vs/code/electron-utility/sharedProcess/sharedProcessMain.js:74:64839)
    at async $h.Ab (file:///usr/lib/code/out/vs/code/electron-utility/sharedProcess/sharedProcessMain.js:74:63310)
2025-07-20 08:44:54.740 [info] Getting Manifest... catppuccin.catppuccin-vsc
2025-07-20 08:44:56.071 [info] Installing extension: catppuccin.catppuccin-vsc {"isMachineScoped":false,"installPreReleaseVersion":false,"pinned":false,"donotVerifySignature":true,"profileLocation":{"$mid":1,"external":"vscode-userdata:/home/arch/.vscode-oss/extensions/extensions.json","path":"/home/arch/.vscode-oss/extensions/extensions.json","scheme":"vscode-userdata"},"isApplicationScoped":false,"productVersion":{"version":"1.101.2","date":"2025-06-25T19:40:00.687Z"}}
2025-07-20 08:44:59.179 [info] Extracted extension to file:///home/arch/.vscode-oss/extensions/catppuccin.catppuccin-vsc-3.17.0-universal: catppuccin.catppuccin-vsc
2025-07-20 08:44:59.187 [info] Renamed to /home/arch/.vscode-oss/extensions/catppuccin.catppuccin-vsc-3.17.0-universal
2025-07-20 08:44:59.217 [info] Extension installed successfully: catppuccin.catppuccin-vsc vscode-userdata:/home/arch/.vscode-oss/extensions/extensions.json
