2025-07-20 18:24:15.594 [info] Extension host with pid 13875 started
2025-07-20 18:24:15.594 [info] Skipping acquiring lock for /home/arch/.config/Code - OSS/User/workspaceStorage/bb2a9779ff93daad339410085ddf195a.
2025-07-20 18:24:15.843 [info] ExtensionService#_doActivateExtension vscode.emmet, startup: false, activationEvent: 'onLanguage'
2025-07-20 18:24:16.042 [info] ExtensionService#_doActivateExtension vscode.git-base, startup: true, activationEvent: '*', root cause: vscode.git
2025-07-20 18:24:16.068 [info] ExtensionService#_doActivateExtension vscode.git, startup: true, activationEvent: '*'
2025-07-20 18:24:16.131 [info] ExtensionService#_doActivateExtension vscode.github, startup: true, activationEvent: '*'
2025-07-20 18:24:16.295 [info] Eager extensions activated
2025-07-20 18:24:16.313 [info] ExtensionService#_doActivateExtension vscode.debug-auto-launch, startup: false, activationEvent: 'onStartupFinished'
2025-07-20 18:24:16.315 [info] ExtensionService#_doActivateExtension vscode.merge-conflict, startup: false, activationEvent: 'onStartupFinished'
2025-07-20 18:24:16.335 [info] ExtensionService#_doActivateExtension Catppuccin.catppuccin-vsc, startup: false, activationEvent: 'onStartupFinished'
2025-07-20 18:24:16.342 [info] ExtensionService#_doActivateExtension PKief.material-icon-theme, startup: false, activationEvent: 'onStartupFinished'
2025-07-20 18:24:16.367 [info] ExtensionService#_doActivateExtension vscode.configuration-editing, startup: false, activationEvent: 'onLanguage:jsonc'
2025-07-20 18:24:16.377 [info] ExtensionService#_doActivateExtension vscode.json-language-features, startup: false, activationEvent: 'onLanguage:jsonc'
2025-07-20 18:24:16.452 [info] ExtensionService#_doActivateExtension vscode.typescript-language-features, startup: false, activationEvent: 'onLanguage:jsonc'
2025-07-20 18:24:16.662 [warning] [Decorations] CAPPING events from decorations provider vscode.git 2203
2025-07-20 18:24:17.156 [warning] [Decorations] CAPPING events from decorations provider vscode.git 2205
2025-07-20 18:24:17.176 [info] ExtensionService#_doActivateExtension vscode.github-authentication, startup: false, activationEvent: 'onAuthenticationRequest:github'
2025-07-20 18:24:27.737 [warning] [Decorations] CAPPING events from decorations provider vscode.git 2210
2025-07-20 18:24:41.647 [warning] [Decorations] CAPPING events from decorations provider vscode.git 2205
2025-07-20 18:24:46.906 [warning] [Decorations] CAPPING events from decorations provider vscode.git 2205
2025-07-20 18:24:52.106 [warning] [Decorations] CAPPING events from decorations provider vscode.git 2205
2025-07-20 18:24:57.341 [warning] [Decorations] CAPPING events from decorations provider vscode.git 2207
2025-07-20 18:25:02.573 [warning] [Decorations] CAPPING events from decorations provider vscode.git 2205
2025-07-20 18:25:07.800 [warning] [Decorations] CAPPING events from decorations provider vscode.git 2205
2025-07-20 18:25:13.046 [warning] [Decorations] CAPPING events from decorations provider vscode.git 2205
2025-07-20 18:25:18.256 [warning] [Decorations] CAPPING events from decorations provider vscode.git 2205
2025-07-20 18:25:23.479 [warning] [Decorations] CAPPING events from decorations provider vscode.git 2206
2025-07-20 18:25:28.698 [warning] [Decorations] CAPPING events from decorations provider vscode.git 2206
2025-07-20 18:25:33.909 [warning] [Decorations] CAPPING events from decorations provider vscode.git 2206
2025-07-20 18:25:39.138 [warning] [Decorations] CAPPING events from decorations provider vscode.git 2206
2025-07-20 18:25:44.368 [warning] [Decorations] CAPPING events from decorations provider vscode.git 2208
2025-07-20 18:25:49.602 [warning] [Decorations] CAPPING events from decorations provider vscode.git 2208
2025-07-20 18:25:54.851 [warning] [Decorations] CAPPING events from decorations provider vscode.git 2208
2025-07-20 18:26:00.070 [warning] [Decorations] CAPPING events from decorations provider vscode.git 2208
2025-07-20 18:26:05.321 [warning] [Decorations] CAPPING events from decorations provider vscode.git 2208
2025-07-20 18:26:10.578 [warning] [Decorations] CAPPING events from decorations provider vscode.git 2208
2025-07-20 18:26:15.795 [warning] [Decorations] CAPPING events from decorations provider vscode.git 2209
2025-07-20 18:26:21.039 [warning] [Decorations] CAPPING events from decorations provider vscode.git 2207
2025-07-20 18:26:26.244 [warning] [Decorations] CAPPING events from decorations provider vscode.git 2207
2025-07-20 18:26:31.463 [warning] [Decorations] CAPPING events from decorations provider vscode.git 2207
2025-07-20 18:26:36.677 [warning] [Decorations] CAPPING events from decorations provider vscode.git 2207
2025-07-20 18:26:41.906 [warning] [Decorations] CAPPING events from decorations provider vscode.git 2207
2025-07-20 18:26:45.317 [info] Extension host terminating: renderer closed the MessagePort
2025-07-20 18:26:45.327 [info] Extension host with pid 13875 exiting with code 0
