2025-07-20 18:29:03.182 [info] Extension host with pid 18823 started
2025-07-20 18:29:03.182 [info] Skipping acquiring lock for /home/arch/.config/Code - OSS/User/workspaceStorage/bb2a9779ff93daad339410085ddf195a.
2025-07-20 18:29:03.591 [info] ExtensionService#_doActivateExtension vscode.emmet, startup: false, activationEvent: 'onLanguage'
2025-07-20 18:29:03.784 [info] ExtensionService#_doActivateExtension vscode.git-base, startup: true, activationEvent: '*', root cause: vscode.git
2025-07-20 18:29:03.852 [info] ExtensionService#_doActivateExtension vscode.git, startup: true, activationEvent: '*'
2025-07-20 18:29:03.908 [info] ExtensionService#_doActivateExtension vscode.github, startup: true, activationEvent: '*'
2025-07-20 18:29:04.042 [info] Eager extensions activated
2025-07-20 18:29:04.078 [info] ExtensionService#_doActivateExtension vscode.debug-auto-launch, startup: false, activationEvent: 'onStartupFinished'
2025-07-20 18:29:04.082 [info] ExtensionService#_doActivateExtension vscode.merge-conflict, startup: false, activationEvent: 'onStartupFinished'
2025-07-20 18:29:04.104 [info] ExtensionService#_doActivateExtension Catppuccin.catppuccin-vsc, startup: false, activationEvent: 'onStartupFinished'
2025-07-20 18:29:04.113 [info] ExtensionService#_doActivateExtension PKief.material-icon-theme, startup: false, activationEvent: 'onStartupFinished'
2025-07-20 18:29:04.330 [warning] [Decorations] CAPPING events from decorations provider vscode.git 2272
2025-07-20 18:29:04.667 [info] ExtensionService#_doActivateExtension vscode.configuration-editing, startup: false, activationEvent: 'onLanguage:jsonc'
2025-07-20 18:29:04.680 [info] ExtensionService#_doActivateExtension vscode.json-language-features, startup: false, activationEvent: 'onLanguage:jsonc'
2025-07-20 18:29:04.762 [info] ExtensionService#_doActivateExtension vscode.typescript-language-features, startup: false, activationEvent: 'onLanguage:jsonc'
2025-07-20 18:29:05.157 [warning] [Decorations] CAPPING events from decorations provider vscode.git 2274
2025-07-20 18:29:05.172 [info] ExtensionService#_doActivateExtension vscode.github-authentication, startup: false, activationEvent: 'onAuthenticationRequest:github'
2025-07-20 18:29:14.033 [warning] [Decorations] CAPPING events from decorations provider vscode.git 2364
2025-07-20 18:29:19.651 [warning] [Decorations] CAPPING events from decorations provider vscode.git 2360
2025-07-20 18:29:25.817 [warning] [Decorations] CAPPING events from decorations provider vscode.git 2354
2025-07-20 18:29:30.991 [warning] [Decorations] CAPPING events from decorations provider vscode.git 2353
2025-07-20 18:29:36.216 [warning] [Decorations] CAPPING events from decorations provider vscode.git 2353
2025-07-20 18:29:41.434 [warning] [Decorations] CAPPING events from decorations provider vscode.git 2351
2025-07-20 18:29:46.644 [warning] [Decorations] CAPPING events from decorations provider vscode.git 2351
2025-07-20 18:29:51.874 [warning] [Decorations] CAPPING events from decorations provider vscode.git 2351
2025-07-20 18:29:57.046 [warning] [Decorations] CAPPING events from decorations provider vscode.git 2352
2025-07-20 18:30:02.252 [warning] [Decorations] CAPPING events from decorations provider vscode.git 2352
2025-07-20 18:30:40.986 [warning] [Decorations] CAPPING events from decorations provider vscode.git 2361
2025-07-20 18:30:46.248 [warning] [Decorations] CAPPING events from decorations provider vscode.git 2349
2025-07-20 18:40:25.550 [warning] [Decorations] CAPPING events from decorations provider vscode.git 2354
2025-07-20 18:43:15.390 [warning] [Decorations] CAPPING events from decorations provider vscode.git 2350
2025-07-20 18:43:27.263 [warning] [Decorations] CAPPING events from decorations provider vscode.git 2350
2025-07-20 18:43:32.562 [warning] [Decorations] CAPPING events from decorations provider vscode.git 2350
2025-07-20 18:44:09.302 [warning] [Decorations] CAPPING events from decorations provider vscode.git 2351
2025-07-20 18:44:14.535 [warning] [Decorations] CAPPING events from decorations provider vscode.git 2351
2025-07-20 18:44:19.728 [warning] [Decorations] CAPPING events from decorations provider vscode.git 2350
2025-07-20 18:44:24.933 [warning] [Decorations] CAPPING events from decorations provider vscode.git 2350
2025-07-20 18:44:25.234 [info] ExtensionService#_doActivateExtension vscode.extension-editing, startup: false, activationEvent: 'onLanguage:json'
2025-07-20 18:44:25.246 [info] ExtensionService#_doActivateExtension vscode.npm, startup: false, activationEvent: 'onLanguage:json'
2025-07-20 18:44:30.150 [warning] [Decorations] CAPPING events from decorations provider vscode.git 2350
2025-07-20 18:44:35.392 [warning] [Decorations] CAPPING events from decorations provider vscode.git 2350
2025-07-20 18:44:40.033 [info] ExtensionService#_doActivateExtension vscode.css-language-features, startup: false, activationEvent: 'onLanguage:css'
2025-07-20 18:44:40.624 [warning] [Decorations] CAPPING events from decorations provider vscode.git 2351
2025-07-20 18:44:45.923 [warning] [Decorations] CAPPING events from decorations provider vscode.git 2351
2025-07-20 18:44:51.145 [warning] [Decorations] CAPPING events from decorations provider vscode.git 2352
2025-07-20 18:44:56.370 [warning] [Decorations] CAPPING events from decorations provider vscode.git 2352
2025-07-20 18:45:01.607 [warning] [Decorations] CAPPING events from decorations provider vscode.git 2351
2025-07-20 18:45:06.849 [warning] [Decorations] CAPPING events from decorations provider vscode.git 2351
2025-07-20 18:45:12.060 [warning] [Decorations] CAPPING events from decorations provider vscode.git 2351
2025-07-20 18:45:17.305 [warning] [Decorations] CAPPING events from decorations provider vscode.git 2351
2025-07-20 18:45:22.558 [warning] [Decorations] CAPPING events from decorations provider vscode.git 2352
2025-07-20 18:45:27.772 [warning] [Decorations] CAPPING events from decorations provider vscode.git 2352
2025-07-20 18:45:32.969 [warning] [Decorations] CAPPING events from decorations provider vscode.git 2352
2025-07-20 18:45:38.199 [warning] [Decorations] CAPPING events from decorations provider vscode.git 2352
2025-07-20 18:45:43.500 [warning] [Decorations] CAPPING events from decorations provider vscode.git 2352
2025-07-20 18:45:48.731 [warning] [Decorations] CAPPING events from decorations provider vscode.git 2353
2025-07-20 18:45:53.983 [warning] [Decorations] CAPPING events from decorations provider vscode.git 2353
2025-07-20 18:45:59.211 [warning] [Decorations] CAPPING events from decorations provider vscode.git 2353
2025-07-20 18:46:04.441 [warning] [Decorations] CAPPING events from decorations provider vscode.git 2353
2025-07-20 18:46:09.682 [warning] [Decorations] CAPPING events from decorations provider vscode.git 2353
2025-07-20 18:46:14.920 [warning] [Decorations] CAPPING events from decorations provider vscode.git 2353
2025-07-20 18:46:20.144 [warning] [Decorations] CAPPING events from decorations provider vscode.git 2353
2025-07-20 18:46:25.365 [warning] [Decorations] CAPPING events from decorations provider vscode.git 2353
2025-07-20 18:46:29.179 [warning] [Decorations] CAPPING events from decorations provider vscode.git 2353
2025-07-20 18:46:31.308 [warning] [Decorations] CAPPING events from decorations provider vscode.git 1963
2025-07-20 18:46:37.229 [warning] [Decorations] CAPPING events from decorations provider vscode.git 1963
2025-07-20 18:46:43.150 [warning] [Decorations] CAPPING events from decorations provider vscode.git 1963
2025-07-20 18:46:49.076 [warning] [Decorations] CAPPING events from decorations provider vscode.git 1963
2025-07-20 18:46:53.889 [warning] [Decorations] CAPPING events from decorations provider vscode.git 1963
2025-07-20 18:46:54.997 [warning] [Decorations] CAPPING events from decorations provider vscode.git 1963
2025-07-20 18:47:00.940 [warning] [Decorations] CAPPING events from decorations provider vscode.git 1963
2025-07-20 18:47:06.878 [warning] [Decorations] CAPPING events from decorations provider vscode.git 1963
2025-07-20 18:47:12.812 [warning] [Decorations] CAPPING events from decorations provider vscode.git 1963
2025-07-20 18:47:18.719 [warning] [Decorations] CAPPING events from decorations provider vscode.git 1963
2025-07-20 18:47:24.667 [warning] [Decorations] CAPPING events from decorations provider vscode.git 1963
2025-07-20 18:47:25.235 [warning] [Decorations] CAPPING events from decorations provider vscode.git 1963
2025-07-20 18:51:41.674 [info] Extension host terminating: renderer closed the MessagePort
2025-07-20 18:51:41.707 [info] Extension host with pid 18823 exiting with code 0
