2025-07-20 18:18:40.702 [info] Extension host with pid 9633 started
2025-07-20 18:18:40.776 [info] ExtensionService#_doActivateExtension vscode.git-base, startup: true, activationEvent: '*', root cause: vscode.git
2025-07-20 18:18:40.784 [info] ExtensionService#_doActivateExtension vscode.git, startup: true, activationEvent: '*'
2025-07-20 18:18:40.821 [info] ExtensionService#_doActivateExtension vscode.github, startup: true, activationEvent: '*'
2025-07-20 18:18:40.887 [info] ExtensionService#_doActivateExtension vscode.configuration-editing, startup: false, activationEvent: 'onLanguage:jsonc'
2025-07-20 18:18:40.893 [info] ExtensionService#_doActivateExtension vscode.json-language-features, startup: false, activationEvent: 'onLanguage:jsonc'
2025-07-20 18:18:40.933 [info] ExtensionService#_doActivateExtension vscode.typescript-language-features, startup: false, activationEvent: 'onLanguage:jsonc'
2025-07-20 18:18:40.970 [info] ExtensionService#_doActivateExtension vscode.emmet, startup: false, activationEvent: 'onLanguage'
2025-07-20 18:18:41.004 [info] Eager extensions activated
2025-07-20 18:18:41.006 [info] ExtensionService#_doActivateExtension vscode.debug-auto-launch, startup: false, activationEvent: 'onStartupFinished'
2025-07-20 18:18:41.007 [info] ExtensionService#_doActivateExtension vscode.merge-conflict, startup: false, activationEvent: 'onStartupFinished'
2025-07-20 18:18:41.019 [info] ExtensionService#_doActivateExtension Catppuccin.catppuccin-vsc, startup: false, activationEvent: 'onStartupFinished'
2025-07-20 18:18:41.023 [info] ExtensionService#_doActivateExtension PKief.material-icon-theme, startup: false, activationEvent: 'onStartupFinished'
2025-07-20 18:19:26.810 [info] Extension host terminating: renderer closed the MessagePort
2025-07-20 18:19:26.824 [info] Extension host with pid 9633 exiting with code 0
2025-07-20 18:19:27.905 [info] Extension host with pid 10269 started
2025-07-20 18:19:27.905 [info] Skipping acquiring lock for /home/arch/.config/Code - OSS/User/workspaceStorage/bb2a9779ff93daad339410085ddf195a.
2025-07-20 18:19:28.145 [info] ExtensionService#_doActivateExtension vscode.emmet, startup: false, activationEvent: 'onLanguage'
2025-07-20 18:19:28.205 [info] ExtensionService#_doActivateExtension vscode.git-base, startup: true, activationEvent: '*', root cause: vscode.git
2025-07-20 18:19:28.236 [info] ExtensionService#_doActivateExtension vscode.git, startup: true, activationEvent: '*'
2025-07-20 18:19:28.276 [info] ExtensionService#_doActivateExtension vscode.github, startup: true, activationEvent: '*'
2025-07-20 18:19:28.413 [info] Eager extensions activated
2025-07-20 18:19:28.448 [info] ExtensionService#_doActivateExtension vscode.configuration-editing, startup: false, activationEvent: 'onLanguage:jsonc'
2025-07-20 18:19:28.460 [info] ExtensionService#_doActivateExtension vscode.json-language-features, startup: false, activationEvent: 'onLanguage:jsonc'
2025-07-20 18:19:28.536 [info] ExtensionService#_doActivateExtension vscode.typescript-language-features, startup: false, activationEvent: 'onLanguage:jsonc'
2025-07-20 18:19:28.609 [info] ExtensionService#_doActivateExtension vscode.debug-auto-launch, startup: false, activationEvent: 'onStartupFinished'
2025-07-20 18:19:28.612 [info] ExtensionService#_doActivateExtension vscode.merge-conflict, startup: false, activationEvent: 'onStartupFinished'
2025-07-20 18:19:28.637 [info] ExtensionService#_doActivateExtension Catppuccin.catppuccin-vsc, startup: false, activationEvent: 'onStartupFinished'
2025-07-20 18:19:28.644 [info] ExtensionService#_doActivateExtension PKief.material-icon-theme, startup: false, activationEvent: 'onStartupFinished'
2025-07-20 18:19:28.729 [warning] [Decorations] CAPPING events from decorations provider vscode.git 2037
2025-07-20 18:19:29.172 [warning] [Decorations] CAPPING events from decorations provider vscode.git 2037
2025-07-20 18:19:29.195 [info] ExtensionService#_doActivateExtension vscode.github-authentication, startup: false, activationEvent: 'onAuthenticationRequest:github'
2025-07-20 18:19:33.027 [warning] [Decorations] CAPPING events from decorations provider vscode.git 2038
2025-07-20 18:19:38.281 [warning] [Decorations] CAPPING events from decorations provider vscode.git 2038
2025-07-20 18:19:43.513 [warning] [Decorations] CAPPING events from decorations provider vscode.git 2041
2025-07-20 18:19:48.760 [warning] [Decorations] CAPPING events from decorations provider vscode.git 2035
2025-07-20 18:19:53.940 [warning] [Decorations] CAPPING events from decorations provider vscode.git 2035
2025-07-20 18:20:02.098 [warning] [Decorations] CAPPING events from decorations provider vscode.git 2036
2025-07-20 18:20:07.330 [warning] [Decorations] CAPPING events from decorations provider vscode.git 2037
2025-07-20 18:20:12.572 [warning] [Decorations] CAPPING events from decorations provider vscode.git 2038
2025-07-20 18:20:17.815 [warning] [Decorations] CAPPING events from decorations provider vscode.git 2038
2025-07-20 18:20:23.028 [warning] [Decorations] CAPPING events from decorations provider vscode.git 2038
2025-07-20 18:20:30.699 [warning] [Decorations] CAPPING events from decorations provider vscode.git 2040
2025-07-20 18:20:35.956 [warning] [Decorations] CAPPING events from decorations provider vscode.git 2039
2025-07-20 18:20:41.173 [warning] [Decorations] CAPPING events from decorations provider vscode.git 2039
2025-07-20 18:20:46.447 [warning] [Decorations] CAPPING events from decorations provider vscode.git 2038
2025-07-20 18:20:51.709 [warning] [Decorations] CAPPING events from decorations provider vscode.git 2038
2025-07-20 18:20:56.944 [warning] [Decorations] CAPPING events from decorations provider vscode.git 2038
2025-07-20 18:21:04.809 [warning] [Decorations] CAPPING events from decorations provider vscode.git 2039
2025-07-20 18:21:10.013 [warning] [Decorations] CAPPING events from decorations provider vscode.git 2040
2025-07-20 18:21:15.245 [warning] [Decorations] CAPPING events from decorations provider vscode.git 2039
2025-07-20 18:21:20.490 [warning] [Decorations] CAPPING events from decorations provider vscode.git 2039
2025-07-20 18:21:25.731 [warning] [Decorations] CAPPING events from decorations provider vscode.git 2039
2025-07-20 18:21:30.967 [warning] [Decorations] CAPPING events from decorations provider vscode.git 2039
2025-07-20 18:21:36.177 [warning] [Decorations] CAPPING events from decorations provider vscode.git 2039
2025-07-20 18:21:41.411 [warning] [Decorations] CAPPING events from decorations provider vscode.git 2040
2025-07-20 18:21:46.626 [warning] [Decorations] CAPPING events from decorations provider vscode.git 2040
2025-07-20 18:21:58.154 [warning] [Decorations] CAPPING events from decorations provider vscode.git 2042
2025-07-20 18:22:03.395 [warning] [Decorations] CAPPING events from decorations provider vscode.git 2042
2025-07-20 18:22:08.644 [warning] [Decorations] CAPPING events from decorations provider vscode.git 2042
2025-07-20 18:22:13.131 [info] Extension host terminating: renderer closed the MessagePort
2025-07-20 18:22:13.150 [info] Extension host with pid 10269 exiting with code 0
