2025-07-20 19:33:49.032 [info] [main] Log level: Info
2025-07-20 19:33:49.032 [info] [main] Validating found git in: "git"
2025-07-20 19:33:49.032 [info] [main] Using git "2.50.1" from "git"
2025-07-20 19:33:49.032 [info] [Model][doInitialScan] Initial repository scan started
2025-07-20 19:33:49.032 [info] > git rev-parse --show-toplevel [3ms]
2025-07-20 19:33:49.032 [info] > git rev-parse --git-dir --git-common-dir [2ms]
2025-07-20 19:33:49.032 [info] [Model][openRepository] Opened repository (path): /home/arch/.config
2025-07-20 19:33:49.032 [info] [Model][openRepository] Opened repository (real path): /home/arch/.config
2025-07-20 19:33:49.032 [info] > git config --get commit.template [5ms]
2025-07-20 19:33:49.032 [info] > git rev-parse --show-toplevel [9ms]
2025-07-20 19:33:49.033 [info] > git for-each-ref --format=%(refname)%00%(upstream:short)%00%(objectname)%00%(upstream:track)%00%(upstream:remotename)%00%(upstream:remoteref) refs/heads/main refs/remotes/main [1ms]
2025-07-20 19:33:49.047 [info] > git for-each-ref --sort -committerdate --format %(refname)%00%(objectname)%00%(*objectname) [4ms]
2025-07-20 19:33:49.054 [info] > git rev-parse --show-toplevel [2ms]
2025-07-20 19:33:49.058 [info] > git rev-parse --show-toplevel [1ms]
2025-07-20 19:33:49.063 [info] > git rev-parse --show-toplevel [1ms]
2025-07-20 19:33:49.068 [info] > git rev-parse --show-toplevel [1ms]
2025-07-20 19:33:49.076 [info] > git rev-parse --show-toplevel [4ms]
2025-07-20 19:33:49.114 [info] > git rev-parse --show-toplevel [34ms]
2025-07-20 19:33:49.128 [info] > git rev-parse --show-toplevel [2ms]
2025-07-20 19:33:49.137 [info] > git status -z -uall [98ms]
2025-07-20 19:33:49.137 [info] > git rev-parse --show-toplevel [4ms]
2025-07-20 19:33:49.182 [info] > git for-each-ref --format=%(refname)%00%(upstream:short)%00%(objectname)%00%(upstream:track)%00%(upstream:remotename)%00%(upstream:remoteref) refs/heads/main refs/remotes/main [14ms]
2025-07-20 19:33:49.195 [info] > git config --get --local branch.main.vscode-merge-base [7ms]
2025-07-20 19:33:49.195 [warning] [Git][config] git config failed: Failed to execute git
2025-07-20 19:33:49.200 [info] > git config --get commit.template [19ms]
2025-07-20 19:33:49.201 [info] > git rev-parse --show-toplevel [23ms]
2025-07-20 19:33:49.214 [info] > git reflog main --grep-reflog=branch: Created from *. [14ms]
2025-07-20 19:33:49.219 [info] > git for-each-ref --format=%(refname)%00%(upstream:short)%00%(objectname)%00%(upstream:track)%00%(upstream:remotename)%00%(upstream:remoteref) refs/heads/main refs/remotes/main [6ms]
2025-07-20 19:33:49.219 [info] > git rev-parse --show-toplevel [12ms]
2025-07-20 19:33:49.227 [info] > git symbolic-ref --short refs/remotes/origin/HEAD [9ms]
2025-07-20 19:33:49.227 [info] fatal: ref refs/remotes/origin/HEAD is not a symbolic ref
2025-07-20 19:33:49.228 [warning] [Repository][getDefaultBranch] Failed to get default branch details: Failed to execute git.
2025-07-20 19:33:49.233 [info] > git rev-parse --show-toplevel [6ms]
2025-07-20 19:33:49.404 [info] > git merge-base refs/heads/main refs/remotes/origin/main [171ms]
2025-07-20 19:33:49.507 [info] > git diff --name-status -z --diff-filter=ADMR bfcbe2a5be644a7639a5cfcc6604080041dddaf6...refs/remotes/origin/main [94ms]
2025-07-20 19:33:49.508 [info] > git rev-parse --show-toplevel [105ms]
2025-07-20 19:33:49.515 [info] > git for-each-ref --sort -committerdate --format %(refname)%00%(objectname)%00%(*objectname) [8ms]
2025-07-20 19:33:49.516 [info] > git rev-parse --show-toplevel [2ms]
2025-07-20 19:33:49.546 [info] > git rev-parse --show-toplevel [17ms]
2025-07-20 19:33:49.556 [info] > git rev-parse --show-toplevel [5ms]
2025-07-20 19:33:49.563 [info] > git rev-parse --show-toplevel [1ms]
2025-07-20 19:33:49.570 [info] > git rev-parse --show-toplevel [2ms]
2025-07-20 19:33:49.586 [info] > git rev-parse --show-toplevel [8ms]
2025-07-20 19:33:49.595 [info] > git check-ignore -v -z --stdin [11ms]
2025-07-20 19:33:49.596 [info] > git rev-parse --show-toplevel [2ms]
2025-07-20 19:33:49.605 [info] > git rev-parse --show-toplevel [3ms]
2025-07-20 19:33:49.611 [info] > git status -z -uall [114ms]
2025-07-20 19:33:49.625 [info] > git rev-parse --show-toplevel [14ms]
2025-07-20 19:33:49.636 [info] > git rev-parse --show-toplevel [4ms]
2025-07-20 19:33:49.677 [info] > git rev-parse --show-toplevel [33ms]
2025-07-20 19:33:49.690 [info] > git rev-parse --show-toplevel [3ms]
2025-07-20 19:33:49.699 [info] > git rev-parse --show-toplevel [3ms]
2025-07-20 19:33:49.778 [info] > git rev-parse --show-toplevel [71ms]
2025-07-20 19:33:49.791 [info] > git rev-parse --show-toplevel [6ms]
2025-07-20 19:33:49.798 [info] > git rev-parse --show-toplevel [1ms]
2025-07-20 19:33:49.806 [info] > git rev-parse --show-toplevel [2ms]
2025-07-20 19:33:49.813 [info] > git rev-parse --show-toplevel [1ms]
2025-07-20 19:33:49.820 [info] > git rev-parse --show-toplevel [2ms]
2025-07-20 19:33:49.827 [info] > git rev-parse --show-toplevel [1ms]
2025-07-20 19:33:49.834 [info] > git rev-parse --show-toplevel [1ms]
2025-07-20 19:33:49.834 [info] [Model][doInitialScan] Initial repository scan completed - repositories (1), closed repositories (0), parent repositories (0), unsafe repositories (0)
2025-07-20 19:33:49.846 [info] > git show --textconv :hypr/hyprland.conf [6ms]
2025-07-20 19:33:49.848 [info] > git ls-files --stage -- hypr/hyprland.conf [2ms]
2025-07-20 19:33:49.855 [info] > git cat-file -s 56d652e4b515ae7cb755d8761fcfd238f86b4b4d [2ms]
2025-07-20 19:33:49.880 [info] > git blame --root --incremental bfcbe2a5be644a7639a5cfcc6604080041dddaf6 -- hypr/hyprland.conf [2ms]
2025-07-20 19:33:52.916 [info] > git check-ignore -v -z --stdin [11ms]
