2025-07-19 19:43:12.730 [info] Extension host with pid 2535 started
2025-07-19 19:43:12.730 [info] Skipping acquiring lock for /home/arch/.config/Code - OSS/User/workspaceStorage/5131df26ff64064dffac3ae144254f7c.
2025-07-19 19:43:13.249 [info] ExtensionService#_doActivateExtension vscode.emmet, startup: false, activationEvent: 'onLanguage'
2025-07-19 19:43:13.277 [info] ExtensionService#_doActivateExtension vscode.typescript-language-features, startup: false, activationEvent: 'onLanguage:typescriptreact'
2025-07-19 19:43:13.603 [info] ExtensionService#_doActivateExtension vscode.git-base, startup: true, activationEvent: '*', root cause: vscode.git
2025-07-19 19:43:13.606 [info] ExtensionService#_doActivateExtension vscode.npm, startup: true, activationEvent: 'workspaceContains:package.json'
2025-07-19 19:43:13.643 [info] ExtensionService#_doActivateExtension vscode.git, startup: true, activationEvent: '*'
2025-07-19 19:43:13.698 [info] ExtensionService#_doActivateExtension vscode.github, startup: true, activationEvent: '*'
2025-07-19 19:43:13.833 [info] Eager extensions activated
2025-07-19 19:43:13.835 [info] ExtensionService#_doActivateExtension vscode.debug-auto-launch, startup: false, activationEvent: 'onStartupFinished'
2025-07-19 19:43:13.841 [info] ExtensionService#_doActivateExtension vscode.merge-conflict, startup: false, activationEvent: 'onStartupFinished'
2025-07-19 19:43:18.770 [info] ExtensionService#_doActivateExtension vscode.configuration-editing, startup: false, activationEvent: 'onLanguage:json'
2025-07-19 19:43:18.780 [info] ExtensionService#_doActivateExtension vscode.extension-editing, startup: false, activationEvent: 'onLanguage:json'
2025-07-19 19:43:18.794 [info] ExtensionService#_doActivateExtension vscode.json-language-features, startup: false, activationEvent: 'onLanguage:json'
2025-07-19 19:48:50.637 [info] ExtensionService#_doActivateExtension vscode.css-language-features, startup: false, activationEvent: 'onLanguage:css'
2025-07-19 20:14:03.101 [error] [vscode.typescript-language-features] provider FAILED
2025-07-19 20:14:03.101 [error] Error: DisposableStore is missing...
	at s2.l (file:///usr/lib/code/out/vs/workbench/api/node/extensionHostProcess.js:147:141629)
	at s2.resolveCompletionItem (file:///usr/lib/code/out/vs/workbench/api/node/extensionHostProcess.js:147:141122)
	at process.processTicksAndRejections (node:internal/process/task_queues:105:5)
