2025-07-20 18:26:55.457 [info] [main] Log level: Info
2025-07-20 18:26:55.457 [info] [main] Validating found git in: "git"
2025-07-20 18:26:55.457 [info] [main] Using git "2.50.1" from "git"
2025-07-20 18:26:55.457 [info] [Model][doInitialScan] Initial repository scan started
2025-07-20 18:26:55.457 [info] > git rev-parse --show-toplevel [5ms]
2025-07-20 18:26:55.457 [info] > git rev-parse --git-dir --git-common-dir [2ms]
2025-07-20 18:26:55.457 [info] [Model][openRepository] Opened repository (path): /home/arch/.config
2025-07-20 18:26:55.457 [info] [Model][openRepository] Opened repository (real path): /home/arch/.config
2025-07-20 18:26:55.457 [info] > git rev-parse --show-toplevel [12ms]
2025-07-20 18:26:55.457 [info] > git config --get commit.template [19ms]
2025-07-20 18:26:55.457 [info] > git for-each-ref --format=%(refname)%00%(upstream:short)%00%(objectname)%00%(upstream:track)%00%(upstream:remotename)%00%(upstream:remoteref) refs/heads/main refs/remotes/main [2ms]
2025-07-20 18:26:55.457 [info] > git for-each-ref --sort -committerdate --format %(refname)%00%(objectname)%00%(*objectname) [2ms]
2025-07-20 18:26:55.561 [info] > git rev-parse --show-toplevel [2ms]
2025-07-20 18:26:55.569 [info] > git rev-parse --show-toplevel [1ms]
2025-07-20 18:26:55.578 [info] > git rev-parse --show-toplevel [2ms]
2025-07-20 18:26:55.587 [info] > git rev-parse --show-toplevel [2ms]
2025-07-20 18:26:55.595 [info] > git rev-parse --show-toplevel [2ms]
2025-07-20 18:26:55.603 [info] > git rev-parse --show-toplevel [2ms]
2025-07-20 18:26:55.612 [info] > git status -z -uall [180ms]
2025-07-20 18:26:55.612 [info] > git rev-parse --show-toplevel [3ms]
2025-07-20 18:26:55.738 [info] > git for-each-ref --format=%(refname)%00%(upstream:short)%00%(objectname)%00%(upstream:track)%00%(upstream:remotename)%00%(upstream:remoteref) refs/heads/main refs/remotes/main [14ms]
2025-07-20 18:26:55.746 [info] > git rev-parse --show-toplevel [128ms]
2025-07-20 18:26:55.972 [info] > git config --get --local branch.main.vscode-merge-base [226ms]
2025-07-20 18:26:55.972 [warning] [Git][config] git config failed: Failed to execute git
2025-07-20 18:26:55.997 [info] > git check-ignore -v -z --stdin [10ms]
2025-07-20 18:26:55.999 [info] > git reflog main --grep-reflog=branch: Created from *. [21ms]
2025-07-20 18:26:56.004 [info] > git rev-parse --show-toplevel [34ms]
2025-07-20 18:26:56.005 [info] > git config --get commit.template [39ms]
2025-07-20 18:26:56.162 [info] > git symbolic-ref --short refs/remotes/origin/HEAD [158ms]
2025-07-20 18:26:56.162 [info] fatal: ref refs/remotes/origin/HEAD is not a symbolic ref
2025-07-20 18:26:56.162 [warning] [Repository][getDefaultBranch] Failed to get default branch details: Failed to execute git.
2025-07-20 18:26:56.197 [info] > git merge-base refs/heads/main refs/remotes/origin/main [27ms]
2025-07-20 18:26:56.204 [info] > git rev-parse --show-toplevel [44ms]
2025-07-20 18:26:56.212 [info] > git diff --name-status -z --diff-filter=ADMR 06bb28050d2c500c4f01db53c1d35e23a37c7845...refs/remotes/origin/main [7ms]
2025-07-20 18:26:56.213 [info] > git for-each-ref --format=%(refname)%00%(upstream:short)%00%(objectname)%00%(upstream:track)%00%(upstream:remotename)%00%(upstream:remoteref) refs/heads/main refs/remotes/main [16ms]
2025-07-20 18:26:56.217 [info] > git rev-parse --show-toplevel [6ms]
2025-07-20 18:26:56.262 [info] > git rev-parse --show-toplevel [26ms]
2025-07-20 18:26:56.268 [info] > git for-each-ref --sort -committerdate --format %(refname)%00%(objectname)%00%(*objectname) [7ms]
2025-07-20 18:26:56.270 [info] > git rev-parse --show-toplevel [2ms]
2025-07-20 18:26:56.276 [info] > git rev-parse --show-toplevel [1ms]
2025-07-20 18:26:56.282 [info] > git rev-parse --show-toplevel [1ms]
2025-07-20 18:26:56.289 [info] > git rev-parse --show-toplevel [1ms]
2025-07-20 18:26:56.298 [info] > git rev-parse --show-toplevel [2ms]
2025-07-20 18:26:56.305 [info] > git rev-parse --show-toplevel [1ms]
2025-07-20 18:26:56.311 [info] > git rev-parse --show-toplevel [1ms]
2025-07-20 18:26:56.317 [info] > git rev-parse --show-toplevel [1ms]
2025-07-20 18:26:56.322 [info] > git rev-parse --show-toplevel [1ms]
2025-07-20 18:26:56.327 [info] > git rev-parse --show-toplevel [1ms]
2025-07-20 18:26:56.332 [info] > git rev-parse --show-toplevel [1ms]
2025-07-20 18:26:56.338 [info] > git rev-parse --show-toplevel [1ms]
2025-07-20 18:26:56.344 [info] > git rev-parse --show-toplevel [1ms]
2025-07-20 18:26:56.355 [info] > git rev-parse --show-toplevel [5ms]
2025-07-20 18:26:56.360 [info] > git rev-parse --show-toplevel [1ms]
2025-07-20 18:26:56.367 [info] > git rev-parse --show-toplevel [2ms]
2025-07-20 18:26:56.373 [info] > git rev-parse --show-toplevel [1ms]
2025-07-20 18:26:56.379 [info] > git rev-parse --show-toplevel [1ms]
2025-07-20 18:26:56.386 [info] > git rev-parse --show-toplevel [1ms]
2025-07-20 18:26:56.393 [info] > git rev-parse --show-toplevel [1ms]
2025-07-20 18:26:56.398 [info] > git rev-parse --show-toplevel [1ms]
2025-07-20 18:26:56.399 [info] [Model][doInitialScan] Initial repository scan completed - repositories (1), closed repositories (0), parent repositories (0), unsafe repositories (0)
2025-07-20 18:26:56.413 [info] > git show --textconv :hypr/hyprland.conf [7ms]
2025-07-20 18:26:56.415 [info] > git ls-files --stage -- hypr/hyprland.conf [3ms]
2025-07-20 18:26:56.423 [info] > git cat-file -s 67c91d3409f7f3cc67e2d5e796b1fc8c06b6df6b [2ms]
2025-07-20 18:26:56.434 [info] > git status -z -uall [178ms]
2025-07-20 18:26:56.528 [info] > git blame --root --incremental 06bb28050d2c500c4f01db53c1d35e23a37c7845 -- hypr/hyprland.conf [27ms]
2025-07-20 18:27:06.501 [info] > git config --get commit.template [6ms]
2025-07-20 18:27:06.502 [info] > git for-each-ref --format=%(refname)%00%(upstream:short)%00%(objectname)%00%(upstream:track)%00%(upstream:remotename)%00%(upstream:remoteref) refs/heads/main refs/remotes/main [2ms]
2025-07-20 18:27:06.515 [info] > git for-each-ref --sort -committerdate --format %(refname)%00%(objectname)%00%(*objectname) [1ms]
2025-07-20 18:27:06.643 [info] > git status -z -uall [135ms]
2025-07-20 18:27:11.703 [info] > git config --get commit.template [20ms]
2025-07-20 18:27:11.705 [info] > git for-each-ref --format=%(refname)%00%(upstream:short)%00%(objectname)%00%(upstream:track)%00%(upstream:remotename)%00%(upstream:remoteref) refs/heads/main refs/remotes/main [4ms]
2025-07-20 18:27:11.734 [info] > git for-each-ref --sort -committerdate --format %(refname)%00%(objectname)%00%(*objectname) [2ms]
2025-07-20 18:27:11.879 [info] > git status -z -uall [160ms]
2025-07-20 18:27:49.208 [info] > git config --get commit.template [17ms]
2025-07-20 18:27:49.209 [info] > git for-each-ref --format=%(refname)%00%(upstream:short)%00%(objectname)%00%(upstream:track)%00%(upstream:remotename)%00%(upstream:remoteref) refs/heads/main refs/remotes/main [2ms]
2025-07-20 18:27:49.225 [info] > git for-each-ref --sort -committerdate --format %(refname)%00%(objectname)%00%(*objectname) [2ms]
2025-07-20 18:27:49.353 [info] > git status -z -uall [137ms]
2025-07-20 18:27:54.871 [info] > git config --get commit.template [10ms]
2025-07-20 18:27:54.873 [info] > git for-each-ref --format=%(refname)%00%(upstream:short)%00%(objectname)%00%(upstream:track)%00%(upstream:remotename)%00%(upstream:remoteref) refs/heads/main refs/remotes/main [3ms]
2025-07-20 18:27:54.900 [info] > git for-each-ref --sort -committerdate --format %(refname)%00%(objectname)%00%(*objectname) [2ms]
2025-07-20 18:27:55.079 [info] > git status -z -uall [193ms]
2025-07-20 18:28:01.546 [info] > git config --get commit.template [18ms]
2025-07-20 18:28:01.548 [info] > git for-each-ref --format=%(refname)%00%(upstream:short)%00%(objectname)%00%(upstream:track)%00%(upstream:remotename)%00%(upstream:remoteref) refs/heads/main refs/remotes/main [7ms]
2025-07-20 18:28:01.589 [info] > git for-each-ref --sort -committerdate --format %(refname)%00%(objectname)%00%(*objectname) [6ms]
2025-07-20 18:28:01.727 [info] > git status -z -uall [161ms]
2025-07-20 18:28:11.013 [info] > git config --get commit.template [5ms]
2025-07-20 18:28:11.015 [info] > git for-each-ref --format=%(refname)%00%(upstream:short)%00%(objectname)%00%(upstream:track)%00%(upstream:remotename)%00%(upstream:remoteref) refs/heads/main refs/remotes/main [2ms]
2025-07-20 18:28:11.027 [info] > git for-each-ref --sort -committerdate --format %(refname)%00%(objectname)%00%(*objectname) [1ms]
2025-07-20 18:28:11.164 [info] > git status -z -uall [144ms]
2025-07-20 18:28:16.233 [info] > git config --get commit.template [19ms]
2025-07-20 18:28:16.236 [info] > git for-each-ref --format=%(refname)%00%(upstream:short)%00%(objectname)%00%(upstream:track)%00%(upstream:remotename)%00%(upstream:remoteref) refs/heads/main refs/remotes/main [5ms]
2025-07-20 18:28:16.267 [info] > git for-each-ref --sort -committerdate --format %(refname)%00%(objectname)%00%(*objectname) [2ms]
2025-07-20 18:28:16.397 [info] > git status -z -uall [146ms]
2025-07-20 18:28:21.448 [info] > git config --get commit.template [12ms]
2025-07-20 18:28:21.449 [info] > git for-each-ref --format=%(refname)%00%(upstream:short)%00%(objectname)%00%(upstream:track)%00%(upstream:remotename)%00%(upstream:remoteref) refs/heads/main refs/remotes/main [2ms]
2025-07-20 18:28:21.468 [info] > git for-each-ref --sort -committerdate --format %(refname)%00%(objectname)%00%(*objectname) [2ms]
2025-07-20 18:28:21.626 [info] > git status -z -uall [167ms]
