2025-07-20 18:18:41.038 [info] [main] Log level: Info
2025-07-20 18:18:41.038 [info] [main] Validating found git in: "git"
2025-07-20 18:18:41.038 [info] [main] Using git "2.50.1" from "git"
2025-07-20 18:18:41.038 [info] [Model][doInitialScan] Initial repository scan started
2025-07-20 18:18:41.038 [info] [Model][doInitialScan] Initial repository scan completed - repositories (0), closed repositories (0), parent repositories (0), unsafe repositories (0)
2025-07-20 18:19:28.403 [info] [main] Log level: Info
2025-07-20 18:19:28.403 [info] [main] Validating found git in: "git"
2025-07-20 18:19:28.403 [info] [main] Using git "2.50.1" from "git"
2025-07-20 18:19:28.403 [info] [Model][doInitialScan] Initial repository scan started
2025-07-20 18:19:28.403 [info] > git rev-parse --show-toplevel [15ms]
2025-07-20 18:19:28.403 [info] > git rev-parse --git-dir --git-common-dir [6ms]
2025-07-20 18:19:28.403 [info] [Model][openRepository] Opened repository (path): /home/arch/.config
2025-07-20 18:19:28.403 [info] [Model][openRepository] Opened repository (real path): /home/arch/.config
2025-07-20 18:19:28.403 [info] > git rev-parse --show-toplevel [3ms]
2025-07-20 18:19:28.403 [info] > git config --get commit.template [10ms]
2025-07-20 18:19:28.403 [info] > git for-each-ref --format=%(refname)%00%(upstream:short)%00%(objectname)%00%(upstream:track)%00%(upstream:remotename)%00%(upstream:remoteref) refs/heads/main refs/remotes/main [2ms]
2025-07-20 18:19:28.434 [info] > git for-each-ref --sort -committerdate --format %(refname)%00%(objectname)%00%(*objectname) [1ms]
2025-07-20 18:19:28.442 [info] > git rev-parse --show-toplevel [1ms]
2025-07-20 18:19:28.607 [info] > git rev-parse --show-toplevel [160ms]
2025-07-20 18:19:28.688 [info] > git status -z -uall [263ms]
2025-07-20 18:19:28.770 [info] > git for-each-ref --format=%(refname)%00%(upstream:short)%00%(objectname)%00%(upstream:track)%00%(upstream:remotename)%00%(upstream:remoteref) refs/heads/main refs/remotes/main [20ms]
2025-07-20 18:19:28.775 [info] > git rev-parse --show-toplevel [88ms]
2025-07-20 18:19:28.791 [info] > git config --get --local branch.main.vscode-merge-base [15ms]
2025-07-20 18:19:28.791 [warning] [Git][config] git config failed: Failed to execute git
2025-07-20 18:19:28.795 [info] > git config --get commit.template [28ms]
2025-07-20 18:19:28.936 [info] > git reflog main --grep-reflog=branch: Created from *. [141ms]
2025-07-20 18:19:28.941 [info] > git rev-parse --show-toplevel [154ms]
2025-07-20 18:19:28.965 [info] > git check-ignore -v -z --stdin [18ms]
2025-07-20 18:19:28.966 [info] > git symbolic-ref --short refs/remotes/origin/HEAD [26ms]
2025-07-20 18:19:28.966 [info] fatal: ref refs/remotes/origin/HEAD is not a symbolic ref
2025-07-20 18:19:28.966 [warning] [Repository][getDefaultBranch] Failed to get default branch details: Failed to execute git.
2025-07-20 18:19:28.972 [info] > git rev-parse --show-toplevel [7ms]
2025-07-20 18:19:28.972 [info] > git for-each-ref --format=%(refname)%00%(upstream:short)%00%(objectname)%00%(upstream:track)%00%(upstream:remotename)%00%(upstream:remoteref) refs/heads/main refs/remotes/main [11ms]
2025-07-20 18:19:28.976 [info] > git merge-base refs/heads/main refs/remotes/origin/main [6ms]
2025-07-20 18:19:28.981 [info] > git rev-parse --show-toplevel [5ms]
2025-07-20 18:19:28.992 [info] > git diff --name-status -z --diff-filter=ADMR 06bb28050d2c500c4f01db53c1d35e23a37c7845...refs/remotes/origin/main [12ms]
2025-07-20 18:19:28.993 [info] > git rev-parse --show-toplevel [8ms]
2025-07-20 18:19:28.998 [info] > git for-each-ref --sort -committerdate --format %(refname)%00%(objectname)%00%(*objectname) [6ms]
2025-07-20 18:19:28.998 [info] > git rev-parse --show-toplevel [1ms]
2025-07-20 18:19:29.003 [info] > git rev-parse --show-toplevel [1ms]
2025-07-20 18:19:29.008 [info] > git rev-parse --show-toplevel [1ms]
2025-07-20 18:19:29.013 [info] > git rev-parse --show-toplevel [1ms]
2025-07-20 18:19:29.018 [info] > git rev-parse --show-toplevel [1ms]
2025-07-20 18:19:29.024 [info] > git rev-parse --show-toplevel [1ms]
2025-07-20 18:19:29.030 [info] > git rev-parse --show-toplevel [1ms]
2025-07-20 18:19:29.036 [info] > git rev-parse --show-toplevel [1ms]
2025-07-20 18:19:29.042 [info] > git rev-parse --show-toplevel [2ms]
2025-07-20 18:19:29.047 [info] > git rev-parse --show-toplevel [1ms]
2025-07-20 18:19:29.053 [info] > git rev-parse --show-toplevel [1ms]
2025-07-20 18:19:29.059 [info] > git rev-parse --show-toplevel [1ms]
2025-07-20 18:19:29.064 [info] > git rev-parse --show-toplevel [1ms]
2025-07-20 18:19:29.070 [info] > git rev-parse --show-toplevel [1ms]
2025-07-20 18:19:29.076 [info] > git rev-parse --show-toplevel [1ms]
2025-07-20 18:19:29.096 [info] > git rev-parse --show-toplevel [4ms]
2025-07-20 18:19:29.101 [info] > git rev-parse --show-toplevel [1ms]
2025-07-20 18:19:29.106 [info] > git rev-parse --show-toplevel [0ms]
2025-07-20 18:19:29.111 [info] > git rev-parse --show-toplevel [1ms]
2025-07-20 18:19:29.116 [info] > git rev-parse --show-toplevel [1ms]
2025-07-20 18:19:29.121 [info] > git rev-parse --show-toplevel [1ms]
2025-07-20 18:19:29.125 [info] > git rev-parse --show-toplevel [1ms]
2025-07-20 18:19:29.130 [info] > git rev-parse --show-toplevel [1ms]
2025-07-20 18:19:29.135 [info] > git rev-parse --show-toplevel [1ms]
2025-07-20 18:19:29.142 [info] > git status -z -uall [154ms]
2025-07-20 18:19:29.142 [info] > git rev-parse --show-toplevel [2ms]
2025-07-20 18:19:29.175 [info] > git rev-parse --show-toplevel [29ms]
2025-07-20 18:19:29.175 [info] [Model][doInitialScan] Initial repository scan completed - repositories (1), closed repositories (0), parent repositories (0), unsafe repositories (0)
2025-07-20 18:19:29.186 [info] > git show --textconv :hypr/hyprland.conf [6ms]
2025-07-20 18:19:29.191 [info] > git ls-files --stage -- hypr/hyprland.conf [6ms]
2025-07-20 18:19:29.210 [info] > git cat-file -s 67c91d3409f7f3cc67e2d5e796b1fc8c06b6df6b [15ms]
2025-07-20 18:19:29.393 [info] > git blame --root --incremental 06bb28050d2c500c4f01db53c1d35e23a37c7845 -- hypr/hyprland.conf [3ms]
2025-07-20 18:19:32.825 [info] > git config --get commit.template [21ms]
2025-07-20 18:19:32.830 [info] > git for-each-ref --format=%(refname)%00%(upstream:short)%00%(objectname)%00%(upstream:track)%00%(upstream:remotename)%00%(upstream:remoteref) refs/heads/main refs/remotes/main [7ms]
2025-07-20 18:19:32.861 [info] > git for-each-ref --sort -committerdate --format %(refname)%00%(objectname)%00%(*objectname) [3ms]
2025-07-20 18:19:33.007 [info] > git status -z -uall [161ms]
2025-07-20 18:19:38.060 [info] > git config --get commit.template [3ms]
2025-07-20 18:19:38.088 [info] > git for-each-ref --format=%(refname)%00%(upstream:short)%00%(objectname)%00%(upstream:track)%00%(upstream:remotename)%00%(upstream:remoteref) refs/heads/main refs/remotes/main [7ms]
2025-07-20 18:19:38.127 [info] > git for-each-ref --sort -committerdate --format %(refname)%00%(objectname)%00%(*objectname) [1ms]
2025-07-20 18:19:38.262 [info] > git status -z -uall [151ms]
2025-07-20 18:19:43.328 [info] > git config --get commit.template [17ms]
2025-07-20 18:19:43.329 [info] > git for-each-ref --format=%(refname)%00%(upstream:short)%00%(objectname)%00%(upstream:track)%00%(upstream:remotename)%00%(upstream:remoteref) refs/heads/main refs/remotes/main [1ms]
2025-07-20 18:19:43.353 [info] > git for-each-ref --sort -committerdate --format %(refname)%00%(objectname)%00%(*objectname) [3ms]
2025-07-20 18:19:43.499 [info] > git status -z -uall [160ms]
2025-07-20 18:19:48.569 [info] > git config --get commit.template [27ms]
2025-07-20 18:19:48.571 [info] > git for-each-ref --format=%(refname)%00%(upstream:short)%00%(objectname)%00%(upstream:track)%00%(upstream:remotename)%00%(upstream:remoteref) refs/heads/main refs/remotes/main [5ms]
2025-07-20 18:19:48.596 [info] > git for-each-ref --sort -committerdate --format %(refname)%00%(objectname)%00%(*objectname) [2ms]
2025-07-20 18:19:48.747 [info] > git status -z -uall [159ms]
2025-07-20 18:19:53.773 [info] > git config --get commit.template [5ms]
2025-07-20 18:19:53.774 [info] > git for-each-ref --format=%(refname)%00%(upstream:short)%00%(objectname)%00%(upstream:track)%00%(upstream:remotename)%00%(upstream:remoteref) refs/heads/main refs/remotes/main [1ms]
2025-07-20 18:19:53.785 [info] > git for-each-ref --sort -committerdate --format %(refname)%00%(objectname)%00%(*objectname) [1ms]
2025-07-20 18:19:53.922 [info] > git status -z -uall [144ms]
2025-07-20 18:20:01.913 [info] > git config --get commit.template [5ms]
2025-07-20 18:20:01.914 [info] > git for-each-ref --format=%(refname)%00%(upstream:short)%00%(objectname)%00%(upstream:track)%00%(upstream:remotename)%00%(upstream:remoteref) refs/heads/main refs/remotes/main [1ms]
2025-07-20 18:20:01.932 [info] > git for-each-ref --sort -committerdate --format %(refname)%00%(objectname)%00%(*objectname) [1ms]
2025-07-20 18:20:02.078 [info] > git status -z -uall [155ms]
2025-07-20 18:20:07.146 [info] > git config --get commit.template [22ms]
2025-07-20 18:20:07.151 [info] > git for-each-ref --format=%(refname)%00%(upstream:short)%00%(objectname)%00%(upstream:track)%00%(upstream:remotename)%00%(upstream:remoteref) refs/heads/main refs/remotes/main [7ms]
2025-07-20 18:20:07.180 [info] > git for-each-ref --sort -committerdate --format %(refname)%00%(objectname)%00%(*objectname) [2ms]
2025-07-20 18:20:07.318 [info] > git status -z -uall [150ms]
2025-07-20 18:20:12.350 [info] > git config --get commit.template [3ms]
2025-07-20 18:20:12.375 [info] > git for-each-ref --format=%(refname)%00%(upstream:short)%00%(objectname)%00%(upstream:track)%00%(upstream:remotename)%00%(upstream:remoteref) refs/heads/main refs/remotes/main [5ms]
2025-07-20 18:20:12.413 [info] > git for-each-ref --sort -committerdate --format %(refname)%00%(objectname)%00%(*objectname) [5ms]
2025-07-20 18:20:12.552 [info] > git status -z -uall [158ms]
2025-07-20 18:20:17.610 [info] > git config --get commit.template [11ms]
2025-07-20 18:20:17.611 [info] > git for-each-ref --format=%(refname)%00%(upstream:short)%00%(objectname)%00%(upstream:track)%00%(upstream:remotename)%00%(upstream:remoteref) refs/heads/main refs/remotes/main [5ms]
2025-07-20 18:20:17.639 [info] > git for-each-ref --sort -committerdate --format %(refname)%00%(objectname)%00%(*objectname) [4ms]
2025-07-20 18:20:17.789 [info] > git status -z -uall [167ms]
2025-07-20 18:20:22.836 [info] > git config --get commit.template [6ms]
2025-07-20 18:20:22.839 [info] > git for-each-ref --format=%(refname)%00%(upstream:short)%00%(objectname)%00%(upstream:track)%00%(upstream:remotename)%00%(upstream:remoteref) refs/heads/main refs/remotes/main [4ms]
2025-07-20 18:20:22.876 [info] > git for-each-ref --sort -committerdate --format %(refname)%00%(objectname)%00%(*objectname) [5ms]
2025-07-20 18:20:23.015 [info] > git status -z -uall [161ms]
2025-07-20 18:20:30.502 [info] > git config --get commit.template [13ms]
2025-07-20 18:20:30.503 [info] > git for-each-ref --format=%(refname)%00%(upstream:short)%00%(objectname)%00%(upstream:track)%00%(upstream:remotename)%00%(upstream:remoteref) refs/heads/main refs/remotes/main [3ms]
2025-07-20 18:20:30.519 [info] > git for-each-ref --sort -committerdate --format %(refname)%00%(objectname)%00%(*objectname) [1ms]
2025-07-20 18:20:30.676 [info] > git status -z -uall [165ms]
2025-07-20 18:20:35.738 [info] > git config --get commit.template [4ms]
2025-07-20 18:20:35.765 [info] > git for-each-ref --format=%(refname)%00%(upstream:short)%00%(objectname)%00%(upstream:track)%00%(upstream:remotename)%00%(upstream:remoteref) refs/heads/main refs/remotes/main [8ms]
2025-07-20 18:20:35.793 [info] > git for-each-ref --sort -committerdate --format %(refname)%00%(objectname)%00%(*objectname) [1ms]
2025-07-20 18:20:35.935 [info] > git status -z -uall [154ms]
2025-07-20 18:20:40.993 [info] > git config --get commit.template [15ms]
2025-07-20 18:20:40.993 [info] > git for-each-ref --format=%(refname)%00%(upstream:short)%00%(objectname)%00%(upstream:track)%00%(upstream:remotename)%00%(upstream:remoteref) refs/heads/main refs/remotes/main [1ms]
2025-07-20 18:20:41.025 [info] > git for-each-ref --sort -committerdate --format %(refname)%00%(objectname)%00%(*objectname) [3ms]
2025-07-20 18:20:41.160 [info] > git status -z -uall [150ms]
2025-07-20 18:20:46.227 [info] > git config --get commit.template [25ms]
2025-07-20 18:20:46.231 [info] > git for-each-ref --format=%(refname)%00%(upstream:short)%00%(objectname)%00%(upstream:track)%00%(upstream:remotename)%00%(upstream:remoteref) refs/heads/main refs/remotes/main [6ms]
2025-07-20 18:20:46.263 [info] > git for-each-ref --sort -committerdate --format %(refname)%00%(objectname)%00%(*objectname) [2ms]
2025-07-20 18:20:46.434 [info] > git status -z -uall [184ms]
2025-07-20 18:20:51.480 [info] > git config --get commit.template [4ms]
2025-07-20 18:20:51.512 [info] > git for-each-ref --format=%(refname)%00%(upstream:short)%00%(objectname)%00%(upstream:track)%00%(upstream:remotename)%00%(upstream:remoteref) refs/heads/main refs/remotes/main [7ms]
2025-07-20 18:20:51.552 [info] > git for-each-ref --sort -committerdate --format %(refname)%00%(objectname)%00%(*objectname) [3ms]
2025-07-20 18:20:51.692 [info] > git status -z -uall [161ms]
2025-07-20 18:20:56.734 [info] > git config --get commit.template [5ms]
2025-07-20 18:20:56.756 [info] > git for-each-ref --format=%(refname)%00%(upstream:short)%00%(objectname)%00%(upstream:track)%00%(upstream:remotename)%00%(upstream:remoteref) refs/heads/main refs/remotes/main [3ms]
2025-07-20 18:20:56.791 [info] > git for-each-ref --sort -committerdate --format %(refname)%00%(objectname)%00%(*objectname) [3ms]
2025-07-20 18:20:56.931 [info] > git status -z -uall [158ms]
2025-07-20 18:21:04.628 [info] > git config --get commit.template [7ms]
2025-07-20 18:21:04.628 [info] > git for-each-ref --format=%(refname)%00%(upstream:short)%00%(objectname)%00%(upstream:track)%00%(upstream:remotename)%00%(upstream:remoteref) refs/heads/main refs/remotes/main [1ms]
2025-07-20 18:21:04.646 [info] > git for-each-ref --sort -committerdate --format %(refname)%00%(objectname)%00%(*objectname) [3ms]
2025-07-20 18:21:04.796 [info] > git status -z -uall [161ms]
2025-07-20 18:21:09.840 [info] > git config --get commit.template [10ms]
2025-07-20 18:21:09.840 [info] > git for-each-ref --format=%(refname)%00%(upstream:short)%00%(objectname)%00%(upstream:track)%00%(upstream:remotename)%00%(upstream:remoteref) refs/heads/main refs/remotes/main [1ms]
2025-07-20 18:21:09.861 [info] > git for-each-ref --sort -committerdate --format %(refname)%00%(objectname)%00%(*objectname) [1ms]
2025-07-20 18:21:10.000 [info] > git status -z -uall [151ms]
2025-07-20 18:21:15.058 [info] > git config --get commit.template [22ms]
2025-07-20 18:21:15.065 [info] > git for-each-ref --format=%(refname)%00%(upstream:short)%00%(objectname)%00%(upstream:track)%00%(upstream:remotename)%00%(upstream:remoteref) refs/heads/main refs/remotes/main [8ms]
2025-07-20 18:21:15.095 [info] > git for-each-ref --sort -committerdate --format %(refname)%00%(objectname)%00%(*objectname) [2ms]
2025-07-20 18:21:15.233 [info] > git status -z -uall [152ms]
2025-07-20 18:21:20.292 [info] > git config --get commit.template [21ms]
2025-07-20 18:21:20.297 [info] > git for-each-ref --format=%(refname)%00%(upstream:short)%00%(objectname)%00%(upstream:track)%00%(upstream:remotename)%00%(upstream:remoteref) refs/heads/main refs/remotes/main [7ms]
2025-07-20 18:21:20.332 [info] > git for-each-ref --sort -committerdate --format %(refname)%00%(objectname)%00%(*objectname) [3ms]
2025-07-20 18:21:20.476 [info] > git status -z -uall [161ms]
2025-07-20 18:21:25.535 [info] > git config --get commit.template [18ms]
2025-07-20 18:21:25.539 [info] > git for-each-ref --format=%(refname)%00%(upstream:short)%00%(objectname)%00%(upstream:track)%00%(upstream:remotename)%00%(upstream:remoteref) refs/heads/main refs/remotes/main [5ms]
2025-07-20 18:21:25.568 [info] > git for-each-ref --sort -committerdate --format %(refname)%00%(objectname)%00%(*objectname) [3ms]
2025-07-20 18:21:25.719 [info] > git status -z -uall [165ms]
2025-07-20 18:21:30.774 [info] > git config --get commit.template [19ms]
2025-07-20 18:21:30.777 [info] > git for-each-ref --format=%(refname)%00%(upstream:short)%00%(objectname)%00%(upstream:track)%00%(upstream:remotename)%00%(upstream:remoteref) refs/heads/main refs/remotes/main [4ms]
2025-07-20 18:21:30.805 [info] > git for-each-ref --sort -committerdate --format %(refname)%00%(objectname)%00%(*objectname) [2ms]
2025-07-20 18:21:30.946 [info] > git status -z -uall [156ms]
2025-07-20 18:21:36.012 [info] > git config --get commit.template [18ms]
2025-07-20 18:21:36.014 [info] > git for-each-ref --format=%(refname)%00%(upstream:short)%00%(objectname)%00%(upstream:track)%00%(upstream:remotename)%00%(upstream:remoteref) refs/heads/main refs/remotes/main [4ms]
2025-07-20 18:21:36.031 [info] > git for-each-ref --sort -committerdate --format %(refname)%00%(objectname)%00%(*objectname) [1ms]
2025-07-20 18:21:36.165 [info] > git status -z -uall [144ms]
2025-07-20 18:21:41.201 [info] > git config --get commit.template [1ms]
2025-07-20 18:21:41.224 [info] > git for-each-ref --format=%(refname)%00%(upstream:short)%00%(objectname)%00%(upstream:track)%00%(upstream:remotename)%00%(upstream:remoteref) refs/heads/main refs/remotes/main [4ms]
2025-07-20 18:21:41.259 [info] > git for-each-ref --sort -committerdate --format %(refname)%00%(objectname)%00%(*objectname) [2ms]
2025-07-20 18:21:41.398 [info] > git status -z -uall [157ms]
2025-07-20 18:21:46.441 [info] > git config --get commit.template [16ms]
2025-07-20 18:21:46.445 [info] > git for-each-ref --format=%(refname)%00%(upstream:short)%00%(objectname)%00%(upstream:track)%00%(upstream:remotename)%00%(upstream:remoteref) refs/heads/main refs/remotes/main [8ms]
2025-07-20 18:21:46.475 [info] > git for-each-ref --sort -committerdate --format %(refname)%00%(objectname)%00%(*objectname) [2ms]
2025-07-20 18:21:46.613 [info] > git status -z -uall [152ms]
2025-07-20 18:21:57.974 [info] > git config --get commit.template [29ms]
2025-07-20 18:21:57.975 [info] > git for-each-ref --format=%(refname)%00%(upstream:short)%00%(objectname)%00%(upstream:track)%00%(upstream:remotename)%00%(upstream:remoteref) refs/heads/main refs/remotes/main [6ms]
2025-07-20 18:21:57.993 [info] > git for-each-ref --sort -committerdate --format %(refname)%00%(objectname)%00%(*objectname) [1ms]
2025-07-20 18:21:58.141 [info] > git status -z -uall [157ms]
2025-07-20 18:22:03.172 [info] > git config --get commit.template [2ms]
2025-07-20 18:22:03.195 [info] > git for-each-ref --format=%(refname)%00%(upstream:short)%00%(objectname)%00%(upstream:track)%00%(upstream:remotename)%00%(upstream:remoteref) refs/heads/main refs/remotes/main [7ms]
2025-07-20 18:22:03.232 [info] > git for-each-ref --sort -committerdate --format %(refname)%00%(objectname)%00%(*objectname) [2ms]
2025-07-20 18:22:03.377 [info] > git status -z -uall [164ms]
2025-07-20 18:22:08.446 [info] > git config --get commit.template [19ms]
2025-07-20 18:22:08.450 [info] > git for-each-ref --format=%(refname)%00%(upstream:short)%00%(objectname)%00%(upstream:track)%00%(upstream:remotename)%00%(upstream:remoteref) refs/heads/main refs/remotes/main [6ms]
2025-07-20 18:22:08.483 [info] > git for-each-ref --sort -committerdate --format %(refname)%00%(objectname)%00%(*objectname) [2ms]
2025-07-20 18:22:08.631 [info] > git status -z -uall [163ms]
