2025-07-20 18:26:54.816 [info] Extension host with pid 15903 started
2025-07-20 18:26:54.816 [info] Skipping acquiring lock for /home/arch/.config/Code - OSS/User/workspaceStorage/bb2a9779ff93daad339410085ddf195a.
2025-07-20 18:26:55.139 [info] ExtensionService#_doActivateExtension vscode.emmet, startup: false, activationEvent: 'onLanguage'
2025-07-20 18:26:55.236 [info] ExtensionService#_doActivateExtension vscode.git-base, startup: true, activationEvent: '*', root cause: vscode.git
2025-07-20 18:26:55.260 [info] ExtensionService#_doActivateExtension vscode.git, startup: true, activationEvent: '*'
2025-07-20 18:26:55.300 [info] ExtensionService#_doActivateExtension vscode.github, startup: true, activationEvent: '*'
2025-07-20 18:26:55.455 [info] Eager extensions activated
2025-07-20 18:26:55.459 [info] ExtensionService#_doActivateExtension vscode.debug-auto-launch, startup: false, activationEvent: 'onStartupFinished'
2025-07-20 18:26:55.465 [info] ExtensionService#_doActivateExtension vscode.merge-conflict, startup: false, activationEvent: 'onStartupFinished'
2025-07-20 18:26:55.493 [info] ExtensionService#_doActivateExtension Catppuccin.catppuccin-vsc, startup: false, activationEvent: 'onStartupFinished'
2025-07-20 18:26:55.500 [info] ExtensionService#_doActivateExtension PKief.material-icon-theme, startup: false, activationEvent: 'onStartupFinished'
2025-07-20 18:26:55.693 [warning] [Decorations] CAPPING events from decorations provider vscode.git 2239
2025-07-20 18:26:56.006 [info] ExtensionService#_doActivateExtension vscode.configuration-editing, startup: false, activationEvent: 'onLanguage:jsonc'
2025-07-20 18:26:56.017 [info] ExtensionService#_doActivateExtension vscode.json-language-features, startup: false, activationEvent: 'onLanguage:jsonc'
2025-07-20 18:26:56.090 [info] ExtensionService#_doActivateExtension vscode.typescript-language-features, startup: false, activationEvent: 'onLanguage:jsonc'
2025-07-20 18:26:56.476 [warning] [Decorations] CAPPING events from decorations provider vscode.git 2241
2025-07-20 18:26:56.505 [info] ExtensionService#_doActivateExtension vscode.github-authentication, startup: false, activationEvent: 'onAuthenticationRequest:github'
2025-07-20 18:27:06.658 [warning] [Decorations] CAPPING events from decorations provider vscode.git 2243
2025-07-20 18:27:11.894 [warning] [Decorations] CAPPING events from decorations provider vscode.git 2240
2025-07-20 18:27:49.368 [warning] [Decorations] CAPPING events from decorations provider vscode.git 2240
2025-07-20 18:27:55.119 [warning] [Decorations] CAPPING events from decorations provider vscode.git 2253
2025-07-20 18:28:01.741 [warning] [Decorations] CAPPING events from decorations provider vscode.git 2253
2025-07-20 18:28:11.183 [warning] [Decorations] CAPPING events from decorations provider vscode.git 2252
2025-07-20 18:28:16.415 [warning] [Decorations] CAPPING events from decorations provider vscode.git 2252
2025-07-20 18:28:21.644 [warning] [Decorations] CAPPING events from decorations provider vscode.git 2254
2025-07-20 18:28:25.022 [info] Extension host terminating: renderer closed the MessagePort
2025-07-20 18:28:25.029 [info] Extension host with pid 15903 exiting with code 0
