2025-07-20 18:16:12.288 [info] Extension host with pid 7093 started
2025-07-20 18:16:12.288 [info] Skipping acquiring lock for /home/arch/.config/Code - OSS/User/workspaceStorage/bb2a9779ff93daad339410085ddf195a.
2025-07-20 18:16:12.514 [info] ExtensionService#_doActivateExtension vscode.emmet, startup: false, activationEvent: 'onLanguage'
2025-07-20 18:16:12.588 [info] ExtensionService#_doActivateExtension vscode.git-base, startup: true, activationEvent: '*', root cause: vscode.git
2025-07-20 18:16:12.597 [info] ExtensionService#_doActivateExtension vscode.git, startup: true, activationEvent: '*'
2025-07-20 18:16:12.660 [info] ExtensionService#_doActivateExtension vscode.github, startup: true, activationEvent: '*'
2025-07-20 18:16:12.786 [info] Eager extensions activated
2025-07-20 18:16:12.809 [info] ExtensionService#_doActivateExtension vscode.debug-auto-launch, startup: false, activationEvent: 'onStartupFinished'
2025-07-20 18:16:12.813 [info] ExtensionService#_doActivateExtension vscode.merge-conflict, startup: false, activationEvent: 'onStartupFinished'
2025-07-20 18:16:12.841 [info] ExtensionService#_doActivateExtension Catppuccin.catppuccin-vsc, startup: false, activationEvent: 'onStartupFinished'
2025-07-20 18:16:12.847 [info] ExtensionService#_doActivateExtension PKief.material-icon-theme, startup: false, activationEvent: 'onStartupFinished'
2025-07-20 18:16:12.955 [info] ExtensionService#_doActivateExtension vscode.configuration-editing, startup: false, activationEvent: 'onLanguage:jsonc'
2025-07-20 18:16:12.962 [info] ExtensionService#_doActivateExtension vscode.json-language-features, startup: false, activationEvent: 'onLanguage:jsonc'
2025-07-20 18:16:13.000 [info] ExtensionService#_doActivateExtension vscode.typescript-language-features, startup: false, activationEvent: 'onLanguage:jsonc'
2025-07-20 18:16:13.062 [warning] [Decorations] CAPPING events from decorations provider vscode.git 1762
2025-07-20 18:16:13.463 [warning] [Decorations] CAPPING events from decorations provider vscode.git 1763
2025-07-20 18:16:13.488 [info] ExtensionService#_doActivateExtension vscode.github-authentication, startup: false, activationEvent: 'onAuthenticationRequest:github'
2025-07-20 18:16:28.322 [warning] [Decorations] CAPPING events from decorations provider vscode.git 1884
2025-07-20 18:16:33.522 [warning] [Decorations] CAPPING events from decorations provider vscode.git 1884
2025-07-20 18:16:38.754 [warning] [Decorations] CAPPING events from decorations provider vscode.git 1885
2025-07-20 18:16:43.976 [warning] [Decorations] CAPPING events from decorations provider vscode.git 1885
2025-07-20 18:16:49.197 [warning] [Decorations] CAPPING events from decorations provider vscode.git 1884
2025-07-20 18:16:54.426 [warning] [Decorations] CAPPING events from decorations provider vscode.git 1884
2025-07-20 18:16:59.642 [warning] [Decorations] CAPPING events from decorations provider vscode.git 1884
2025-07-20 18:17:04.852 [warning] [Decorations] CAPPING events from decorations provider vscode.git 1884
2025-07-20 18:17:10.083 [warning] [Decorations] CAPPING events from decorations provider vscode.git 1884
2025-07-20 18:17:15.302 [warning] [Decorations] CAPPING events from decorations provider vscode.git 1884
2025-07-20 18:17:20.504 [warning] [Decorations] CAPPING events from decorations provider vscode.git 1884
2025-07-20 18:17:25.739 [warning] [Decorations] CAPPING events from decorations provider vscode.git 1885
2025-07-20 18:17:30.949 [warning] [Decorations] CAPPING events from decorations provider vscode.git 1885
2025-07-20 18:17:36.160 [warning] [Decorations] CAPPING events from decorations provider vscode.git 1885
2025-07-20 18:17:41.359 [warning] [Decorations] CAPPING events from decorations provider vscode.git 1885
2025-07-20 18:17:50.710 [warning] [Decorations] CAPPING events from decorations provider vscode.git 1928
2025-07-20 18:17:55.914 [warning] [Decorations] CAPPING events from decorations provider vscode.git 1925
2025-07-20 18:18:01.135 [warning] [Decorations] CAPPING events from decorations provider vscode.git 1926
2025-07-20 18:18:06.373 [warning] [Decorations] CAPPING events from decorations provider vscode.git 1926
2025-07-20 18:18:11.581 [warning] [Decorations] CAPPING events from decorations provider vscode.git 1926
2025-07-20 18:18:16.806 [warning] [Decorations] CAPPING events from decorations provider vscode.git 1926
2025-07-20 18:18:22.049 [warning] [Decorations] CAPPING events from decorations provider vscode.git 1926
2025-07-20 18:18:27.280 [warning] [Decorations] CAPPING events from decorations provider vscode.git 1926
2025-07-20 18:18:29.858 [info] Extension host terminating: renderer closed the MessagePort
2025-07-20 18:18:29.868 [info] Extension host with pid 7093 exiting with code 0
