2025-07-20 08:42:07.769 [info] [main] Log level: Info
2025-07-20 08:42:07.769 [info] [main] Validating found git in: "git"
2025-07-20 08:42:07.769 [info] [main] Using git "2.50.1" from "git"
2025-07-20 08:42:07.769 [info] [Model][doInitialScan] Initial repository scan started
2025-07-20 08:42:07.769 [info] > git rev-parse --show-toplevel [5ms]
2025-07-20 08:42:07.769 [info] fatal: not a git repository (or any of the parent directories): .git
2025-07-20 08:42:07.769 [info] > git rev-parse --show-toplevel [2ms]
2025-07-20 08:42:07.769 [info] fatal: not a git repository (or any of the parent directories): .git
2025-07-20 08:42:07.769 [info] > git rev-parse --show-toplevel [2ms]
2025-07-20 08:42:07.769 [info] fatal: not a git repository (or any of the parent directories): .git
2025-07-20 08:42:07.769 [info] > git rev-parse --show-toplevel [2ms]
2025-07-20 08:42:07.769 [info] fatal: not a git repository (or any of the parent directories): .git
2025-07-20 08:42:07.769 [info] > git rev-parse --show-toplevel [1ms]
2025-07-20 08:42:07.769 [info] fatal: not a git repository (or any of the parent directories): .git
2025-07-20 08:42:07.769 [info] [Model][doInitialScan] Initial repository scan completed - repositories (0), closed repositories (0), parent repositories (0), unsafe repositories (0)
2025-07-20 08:42:07.769 [info] > git rev-parse --show-toplevel [9ms]
2025-07-20 08:42:07.769 [info] fatal: not a git repository (or any of the parent directories): .git
2025-07-20 08:42:08.013 [info] > git rev-parse --show-toplevel [1ms]
2025-07-20 08:42:08.014 [info] fatal: not a git repository (or any of the parent directories): .git
2025-07-20 08:42:08.508 [info] > git rev-parse --show-toplevel [1ms]
2025-07-20 08:42:08.509 [info] fatal: not a git repository (or any of the parent directories): .git
2025-07-20 08:43:52.594 [info] > git rev-parse --show-toplevel [3ms]
2025-07-20 08:43:52.594 [info] fatal: not a git repository (or any of the parent directories): .git
2025-07-20 08:43:56.396 [info] > git rev-parse --show-toplevel [3ms]
2025-07-20 08:43:56.396 [info] fatal: not a git repository (or any of the parent directories): .git
2025-07-20 08:44:59.294 [info] > git rev-parse --show-toplevel [8ms]
2025-07-20 08:44:59.294 [info] fatal: not a git repository (or any of the parent directories): .git
2025-07-20 08:45:06.132 [info] > git rev-parse --show-toplevel [1ms]
2025-07-20 08:45:06.132 [info] fatal: not a git repository (or any of the parent directories): .git
