2025-07-20 18:22:40.853 [info] Extension host with pid 12113 started
2025-07-20 18:22:40.853 [info] Skipping acquiring lock for /home/arch/.config/Code - OSS/User/workspaceStorage/bb2a9779ff93daad339410085ddf195a.
2025-07-20 18:22:41.202 [info] ExtensionService#_doActivateExtension vscode.emmet, startup: false, activationEvent: 'onLanguage'
2025-07-20 18:22:41.358 [info] ExtensionService#_doActivateExtension vscode.git-base, startup: true, activationEvent: '*', root cause: vscode.git
2025-07-20 18:22:41.446 [info] ExtensionService#_doActivateExtension vscode.git, startup: true, activationEvent: '*'
2025-07-20 18:22:41.517 [info] ExtensionService#_doActivateExtension vscode.github, startup: true, activationEvent: '*'
2025-07-20 18:22:41.672 [info] Eager extensions activated
2025-07-20 18:22:41.686 [info] ExtensionService#_doActivateExtension vscode.debug-auto-launch, startup: false, activationEvent: 'onStartupFinished'
2025-07-20 18:22:41.689 [info] ExtensionService#_doActivateExtension vscode.merge-conflict, startup: false, activationEvent: 'onStartupFinished'
2025-07-20 18:22:41.720 [info] ExtensionService#_doActivateExtension Catppuccin.catppuccin-vsc, startup: false, activationEvent: 'onStartupFinished'
2025-07-20 18:22:41.728 [info] ExtensionService#_doActivateExtension PKief.material-icon-theme, startup: false, activationEvent: 'onStartupFinished'
2025-07-20 18:22:41.885 [info] ExtensionService#_doActivateExtension vscode.configuration-editing, startup: false, activationEvent: 'onLanguage:jsonc'
2025-07-20 18:22:41.893 [info] ExtensionService#_doActivateExtension vscode.json-language-features, startup: false, activationEvent: 'onLanguage:jsonc'
2025-07-20 18:22:41.976 [info] ExtensionService#_doActivateExtension vscode.typescript-language-features, startup: false, activationEvent: 'onLanguage:jsonc'
2025-07-20 18:22:42.121 [warning] [Decorations] CAPPING events from decorations provider vscode.git 2076
2025-07-20 18:22:42.850 [warning] [Decorations] CAPPING events from decorations provider vscode.git 2078
2025-07-20 18:22:42.886 [info] ExtensionService#_doActivateExtension vscode.github-authentication, startup: false, activationEvent: 'onAuthenticationRequest:github'
2025-07-20 18:22:49.727 [warning] [Decorations] CAPPING events from decorations provider vscode.git 2079
2025-07-20 18:22:54.934 [warning] [Decorations] CAPPING events from decorations provider vscode.git 2184
2025-07-20 18:23:57.045 [warning] [Decorations] CAPPING events from decorations provider vscode.git 2183
2025-07-20 18:24:02.260 [warning] [Decorations] CAPPING events from decorations provider vscode.git 2182
2025-07-20 18:24:02.972 [info] Extension host terminating: renderer closed the MessagePort
2025-07-20 18:24:02.978 [info] Extension host with pid 12113 exiting with code 0
