2025-07-20 18:51:46.735 [info] [main] Log level: Info
2025-07-20 18:51:46.735 [info] [main] Validating found git in: "git"
2025-07-20 18:51:46.735 [info] [main] Using git "2.50.1" from "git"
2025-07-20 18:51:46.735 [info] [Model][doInitialScan] Initial repository scan started
2025-07-20 18:51:46.735 [info] > git rev-parse --show-toplevel [3ms]
2025-07-20 18:51:46.735 [info] > git rev-parse --git-dir --git-common-dir [1ms]
2025-07-20 18:51:46.735 [info] [Model][openRepository] Opened repository (path): /home/arch/.config
2025-07-20 18:51:46.735 [info] [Model][openRepository] Opened repository (real path): /home/arch/.config
2025-07-20 18:51:46.735 [info] > git config --get commit.template [4ms]
2025-07-20 18:51:46.735 [info] > git rev-parse --show-toplevel [2ms]
2025-07-20 18:51:46.735 [info] > git for-each-ref --format=%(refname)%00%(upstream:short)%00%(objectname)%00%(upstream:track)%00%(upstream:remotename)%00%(upstream:remoteref) refs/heads/main refs/remotes/main [1ms]
2025-07-20 18:51:46.787 [info] > git for-each-ref --sort -committerdate --format %(refname)%00%(objectname)%00%(*objectname) [1ms]
2025-07-20 18:51:46.795 [info] > git rev-parse --show-toplevel [1ms]
2025-07-20 18:51:46.799 [info] > git rev-parse --show-toplevel [1ms]
2025-07-20 18:51:46.803 [info] > git rev-parse --show-toplevel [1ms]
2025-07-20 18:51:46.806 [info] > git rev-parse --show-toplevel [1ms]
2025-07-20 18:51:46.810 [info] > git rev-parse --show-toplevel [0ms]
2025-07-20 18:51:46.814 [info] > git rev-parse --show-toplevel [1ms]
2025-07-20 18:51:46.820 [info] > git status -z -uall [39ms]
2025-07-20 18:51:46.840 [info] > git for-each-ref --format=%(refname)%00%(upstream:short)%00%(objectname)%00%(upstream:track)%00%(upstream:remotename)%00%(upstream:remoteref) refs/heads/main refs/remotes/main [7ms]
2025-07-20 18:51:46.845 [info] > git rev-parse --show-toplevel [26ms]
2025-07-20 18:51:46.854 [info] > git config --get --local branch.main.vscode-merge-base [8ms]
2025-07-20 18:51:46.854 [warning] [Git][config] git config failed: Failed to execute git
2025-07-20 18:51:46.858 [info] > git config --get commit.template [18ms]
2025-07-20 18:51:46.859 [info] > git rev-parse --show-toplevel [7ms]
2025-07-20 18:51:46.866 [info] > git for-each-ref --format=%(refname)%00%(upstream:short)%00%(objectname)%00%(upstream:track)%00%(upstream:remotename)%00%(upstream:remoteref) refs/heads/main refs/remotes/main [4ms]
2025-07-20 18:51:46.866 [info] > git reflog main --grep-reflog=branch: Created from *. [8ms]
2025-07-20 18:51:46.869 [info] > git rev-parse --show-toplevel [4ms]
2025-07-20 18:51:46.870 [info] > git symbolic-ref --short refs/remotes/origin/HEAD [1ms]
2025-07-20 18:51:46.870 [info] fatal: ref refs/remotes/origin/HEAD is not a symbolic ref
2025-07-20 18:51:46.870 [warning] [Repository][getDefaultBranch] Failed to get default branch details: Failed to execute git.
2025-07-20 18:51:46.886 [info] > git merge-base refs/heads/main refs/remotes/origin/main [11ms]
2025-07-20 18:51:46.890 [info] > git for-each-ref --sort -committerdate --format %(refname)%00%(objectname)%00%(*objectname) [5ms]
2025-07-20 18:51:46.891 [info] > git rev-parse --show-toplevel [12ms]
2025-07-20 18:51:46.895 [info] > git diff --name-status -z --diff-filter=ADMR bfcbe2a5be644a7639a5cfcc6604080041dddaf6...refs/remotes/origin/main [5ms]
2025-07-20 18:51:46.896 [info] > git rev-parse --show-toplevel [2ms]
2025-07-20 18:51:46.901 [info] > git rev-parse --show-toplevel [1ms]
2025-07-20 18:51:46.905 [info] > git rev-parse --show-toplevel [1ms]
2025-07-20 18:51:46.910 [info] > git rev-parse --show-toplevel [1ms]
2025-07-20 18:51:46.915 [info] > git rev-parse --show-toplevel [2ms]
2025-07-20 18:51:46.920 [info] > git rev-parse --show-toplevel [1ms]
2025-07-20 18:51:46.937 [info] > git rev-parse --show-toplevel [1ms]
2025-07-20 18:51:46.942 [info] > git rev-parse --show-toplevel [1ms]
2025-07-20 18:51:46.945 [info] > git status -z -uall [63ms]
2025-07-20 18:51:46.948 [info] > git rev-parse --show-toplevel [3ms]
2025-07-20 18:51:46.954 [info] > git rev-parse --show-toplevel [2ms]
2025-07-20 18:51:46.978 [info] > git rev-parse --show-toplevel [4ms]
2025-07-20 18:51:46.986 [info] > git rev-parse --show-toplevel [2ms]
2025-07-20 18:51:46.991 [info] > git rev-parse --show-toplevel [1ms]
2025-07-20 18:51:46.996 [info] > git rev-parse --show-toplevel [1ms]
2025-07-20 18:51:47.008 [info] > git rev-parse --show-toplevel [7ms]
2025-07-20 18:51:47.013 [info] > git rev-parse --show-toplevel [1ms]
2025-07-20 18:51:47.019 [info] > git rev-parse --show-toplevel [1ms]
2025-07-20 18:51:47.024 [info] > git rev-parse --show-toplevel [1ms]
2025-07-20 18:51:47.029 [info] > git rev-parse --show-toplevel [1ms]
2025-07-20 18:51:47.034 [info] > git rev-parse --show-toplevel [1ms]
2025-07-20 18:51:47.039 [info] > git rev-parse --show-toplevel [1ms]
2025-07-20 18:51:47.044 [info] > git rev-parse --show-toplevel [1ms]
2025-07-20 18:51:47.058 [info] > git rev-parse --show-toplevel [11ms]
2025-07-20 18:51:47.059 [info] [Model][doInitialScan] Initial repository scan completed - repositories (1), closed repositories (0), parent repositories (0), unsafe repositories (0)
2025-07-20 18:51:47.315 [info] > git check-ignore -v -z --stdin [52ms]
2025-07-20 18:51:47.321 [info] > git show --textconv :hypr/hyprland.conf [27ms]
2025-07-20 18:51:47.338 [info] > git ls-files --stage -- hypr/hyprland.conf [26ms]
2025-07-20 18:51:47.357 [info] > git cat-file -s 56d652e4b515ae7cb755d8761fcfd238f86b4b4d [5ms]
2025-07-20 18:51:47.387 [info] > git blame --root --incremental bfcbe2a5be644a7639a5cfcc6604080041dddaf6 -- hypr/hyprland.conf [2ms]
2025-07-20 18:51:59.496 [info] > git config --get commit.template [8ms]
2025-07-20 18:51:59.497 [info] > git for-each-ref --format=%(refname)%00%(upstream:short)%00%(objectname)%00%(upstream:track)%00%(upstream:remotename)%00%(upstream:remoteref) refs/heads/main refs/remotes/main [2ms]
2025-07-20 18:51:59.515 [info] > git for-each-ref --sort -committerdate --format %(refname)%00%(objectname)%00%(*objectname) [3ms]
2025-07-20 18:51:59.546 [info] > git status -z -uall [41ms]
2025-07-20 18:52:04.582 [info] > git config --get commit.template [10ms]
2025-07-20 18:52:04.584 [info] > git for-each-ref --format=%(refname)%00%(upstream:short)%00%(objectname)%00%(upstream:track)%00%(upstream:remotename)%00%(upstream:remoteref) refs/heads/main refs/remotes/main [4ms]
2025-07-20 18:52:04.609 [info] > git for-each-ref --sort -committerdate --format %(refname)%00%(objectname)%00%(*objectname) [2ms]
2025-07-20 18:52:04.640 [info] > git status -z -uall [44ms]
2025-07-20 18:52:09.670 [info] > git config --get commit.template [9ms]
2025-07-20 18:52:09.673 [info] > git for-each-ref --format=%(refname)%00%(upstream:short)%00%(objectname)%00%(upstream:track)%00%(upstream:remotename)%00%(upstream:remoteref) refs/heads/main refs/remotes/main [4ms]
2025-07-20 18:52:09.702 [info] > git for-each-ref --sort -committerdate --format %(refname)%00%(objectname)%00%(*objectname) [2ms]
2025-07-20 18:52:09.761 [info] > git status -z -uall [75ms]
2025-07-20 18:52:14.816 [info] > git config --get commit.template [20ms]
2025-07-20 18:52:14.822 [info] > git for-each-ref --format=%(refname)%00%(upstream:short)%00%(objectname)%00%(upstream:track)%00%(upstream:remotename)%00%(upstream:remoteref) refs/heads/main refs/remotes/main [8ms]
2025-07-20 18:52:14.860 [info] > git for-each-ref --sort -committerdate --format %(refname)%00%(objectname)%00%(*objectname) [2ms]
2025-07-20 18:52:14.888 [info] > git status -z -uall [44ms]
2025-07-20 18:52:19.939 [info] > git config --get commit.template [21ms]
2025-07-20 18:52:19.944 [info] > git for-each-ref --format=%(refname)%00%(upstream:short)%00%(objectname)%00%(upstream:track)%00%(upstream:remotename)%00%(upstream:remoteref) refs/heads/main refs/remotes/main [7ms]
2025-07-20 18:52:19.977 [info] > git for-each-ref --sort -committerdate --format %(refname)%00%(objectname)%00%(*objectname) [3ms]
2025-07-20 18:52:20.022 [info] > git status -z -uall [61ms]
2025-07-20 18:52:25.068 [info] > git config --get commit.template [19ms]
2025-07-20 18:52:25.070 [info] > git for-each-ref --format=%(refname)%00%(upstream:short)%00%(objectname)%00%(upstream:track)%00%(upstream:remotename)%00%(upstream:remoteref) refs/heads/main refs/remotes/main [4ms]
2025-07-20 18:52:25.109 [info] > git for-each-ref --sort -committerdate --format %(refname)%00%(objectname)%00%(*objectname) [4ms]
2025-07-20 18:52:25.147 [info] > git status -z -uall [58ms]
2025-07-20 18:53:14.339 [info] > git config --get commit.template [22ms]
2025-07-20 18:53:14.343 [info] > git for-each-ref --format=%(refname)%00%(upstream:short)%00%(objectname)%00%(upstream:track)%00%(upstream:remotename)%00%(upstream:remoteref) refs/heads/main refs/remotes/main [8ms]
2025-07-20 18:53:14.360 [info] > git for-each-ref --sort -committerdate --format %(refname)%00%(objectname)%00%(*objectname) [2ms]
2025-07-20 18:53:14.394 [info] > git status -z -uall [43ms]
2025-07-20 18:54:18.199 [info] > git config --get commit.template [1ms]
2025-07-20 18:54:18.207 [info] > git for-each-ref --format=%(refname)%00%(upstream:short)%00%(objectname)%00%(upstream:track)%00%(upstream:remotename)%00%(upstream:remoteref) refs/heads/main refs/remotes/main [2ms]
2025-07-20 18:54:18.219 [info] > git for-each-ref --sort -committerdate --format %(refname)%00%(objectname)%00%(*objectname) [1ms]
2025-07-20 18:54:18.252 [info] > git status -z -uall [40ms]
2025-07-20 18:54:23.285 [info] > git config --get commit.template [3ms]
2025-07-20 18:54:23.309 [info] > git for-each-ref --format=%(refname)%00%(upstream:short)%00%(objectname)%00%(upstream:track)%00%(upstream:remotename)%00%(upstream:remoteref) refs/heads/main refs/remotes/main [7ms]
2025-07-20 18:54:23.347 [info] > git for-each-ref --sort -committerdate --format %(refname)%00%(objectname)%00%(*objectname) [3ms]
2025-07-20 18:54:23.379 [info] > git status -z -uall [51ms]
2025-07-20 18:54:44.394 [info] > git config --get commit.template [25ms]
2025-07-20 18:54:44.398 [info] > git for-each-ref --format=%(refname)%00%(upstream:short)%00%(objectname)%00%(upstream:track)%00%(upstream:remotename)%00%(upstream:remoteref) refs/heads/main refs/remotes/main [7ms]
2025-07-20 18:54:44.416 [info] > git for-each-ref --sort -committerdate --format %(refname)%00%(objectname)%00%(*objectname) [1ms]
2025-07-20 18:54:44.470 [info] > git status -z -uall [62ms]
2025-07-20 18:54:55.101 [info] > git config --get commit.template [14ms]
2025-07-20 18:54:55.105 [info] > git for-each-ref --format=%(refname)%00%(upstream:short)%00%(objectname)%00%(upstream:track)%00%(upstream:remotename)%00%(upstream:remoteref) refs/heads/main refs/remotes/main [7ms]
2025-07-20 18:54:55.135 [info] > git for-each-ref --sort -committerdate --format %(refname)%00%(objectname)%00%(*objectname) [2ms]
2025-07-20 18:54:55.164 [info] > git status -z -uall [46ms]
2025-07-20 18:55:00.184 [info] > git config --get commit.template [1ms]
2025-07-20 18:55:00.210 [info] > git for-each-ref --format=%(refname)%00%(upstream:short)%00%(objectname)%00%(upstream:track)%00%(upstream:remotename)%00%(upstream:remoteref) refs/heads/main refs/remotes/main [5ms]
2025-07-20 18:55:00.244 [info] > git for-each-ref --sort -committerdate --format %(refname)%00%(objectname)%00%(*objectname) [5ms]
2025-07-20 18:55:00.276 [info] > git status -z -uall [47ms]
2025-07-20 18:55:05.315 [info] > git config --get commit.template [16ms]
2025-07-20 18:55:05.317 [info] > git for-each-ref --format=%(refname)%00%(upstream:short)%00%(objectname)%00%(upstream:track)%00%(upstream:remotename)%00%(upstream:remoteref) refs/heads/main refs/remotes/main [4ms]
2025-07-20 18:55:05.346 [info] > git for-each-ref --sort -committerdate --format %(refname)%00%(objectname)%00%(*objectname) [4ms]
2025-07-20 18:55:05.380 [info] > git status -z -uall [52ms]
2025-07-20 18:55:10.414 [info] > git config --get commit.template [16ms]
2025-07-20 18:55:10.415 [info] > git for-each-ref --format=%(refname)%00%(upstream:short)%00%(objectname)%00%(upstream:track)%00%(upstream:remotename)%00%(upstream:remoteref) refs/heads/main refs/remotes/main [1ms]
2025-07-20 18:55:10.446 [info] > git for-each-ref --sort -committerdate --format %(refname)%00%(objectname)%00%(*objectname) [2ms]
2025-07-20 18:55:10.479 [info] > git status -z -uall [49ms]
2025-07-20 18:55:15.519 [info] > git config --get commit.template [22ms]
2025-07-20 18:55:15.520 [info] > git for-each-ref --format=%(refname)%00%(upstream:short)%00%(objectname)%00%(upstream:track)%00%(upstream:remotename)%00%(upstream:remoteref) refs/heads/main refs/remotes/main [3ms]
2025-07-20 18:55:15.549 [info] > git for-each-ref --sort -committerdate --format %(refname)%00%(objectname)%00%(*objectname) [2ms]
2025-07-20 18:55:15.586 [info] > git status -z -uall [51ms]
2025-07-20 18:55:22.840 [info] > git config --get commit.template [15ms]
2025-07-20 18:55:22.841 [info] > git for-each-ref --format=%(refname)%00%(upstream:short)%00%(objectname)%00%(upstream:track)%00%(upstream:remotename)%00%(upstream:remoteref) refs/heads/main refs/remotes/main [1ms]
2025-07-20 18:55:22.860 [info] > git for-each-ref --sort -committerdate --format %(refname)%00%(objectname)%00%(*objectname) [1ms]
2025-07-20 18:55:22.892 [info] > git status -z -uall [43ms]
2025-07-20 18:55:27.931 [info] > git config --get commit.template [21ms]
2025-07-20 18:55:27.938 [info] > git for-each-ref --format=%(refname)%00%(upstream:short)%00%(objectname)%00%(upstream:track)%00%(upstream:remotename)%00%(upstream:remoteref) refs/heads/main refs/remotes/main [9ms]
2025-07-20 18:55:27.968 [info] > git for-each-ref --sort -committerdate --format %(refname)%00%(objectname)%00%(*objectname) [1ms]
2025-07-20 18:55:28.000 [info] > git status -z -uall [42ms]
2025-07-20 18:55:33.031 [info] > git config --get commit.template [9ms]
2025-07-20 18:55:33.033 [info] > git for-each-ref --format=%(refname)%00%(upstream:short)%00%(objectname)%00%(upstream:track)%00%(upstream:remotename)%00%(upstream:remoteref) refs/heads/main refs/remotes/main [4ms]
2025-07-20 18:55:33.057 [info] > git for-each-ref --sort -committerdate --format %(refname)%00%(objectname)%00%(*objectname) [2ms]
2025-07-20 18:55:33.086 [info] > git status -z -uall [42ms]
2025-07-20 18:55:38.115 [info] > git config --get commit.template [3ms]
2025-07-20 18:55:38.134 [info] > git for-each-ref --format=%(refname)%00%(upstream:short)%00%(objectname)%00%(upstream:track)%00%(upstream:remotename)%00%(upstream:remoteref) refs/heads/main refs/remotes/main [4ms]
2025-07-20 18:55:38.162 [info] > git for-each-ref --sort -committerdate --format %(refname)%00%(objectname)%00%(*objectname) [2ms]
2025-07-20 18:55:38.202 [info] > git status -z -uall [53ms]
2025-07-20 18:55:43.250 [info] > git config --get commit.template [22ms]
2025-07-20 18:55:43.256 [info] > git for-each-ref --format=%(refname)%00%(upstream:short)%00%(objectname)%00%(upstream:track)%00%(upstream:remotename)%00%(upstream:remoteref) refs/heads/main refs/remotes/main [8ms]
2025-07-20 18:55:43.280 [info] > git for-each-ref --sort -committerdate --format %(refname)%00%(objectname)%00%(*objectname) [1ms]
2025-07-20 18:55:43.312 [info] > git status -z -uall [42ms]
2025-07-20 18:55:48.348 [info] > git config --get commit.template [15ms]
2025-07-20 18:55:48.351 [info] > git for-each-ref --format=%(refname)%00%(upstream:short)%00%(objectname)%00%(upstream:track)%00%(upstream:remotename)%00%(upstream:remoteref) refs/heads/main refs/remotes/main [4ms]
2025-07-20 18:55:48.380 [info] > git for-each-ref --sort -committerdate --format %(refname)%00%(objectname)%00%(*objectname) [2ms]
2025-07-20 18:55:48.407 [info] > git status -z -uall [45ms]
2025-07-20 18:55:53.440 [info] > git config --get commit.template [3ms]
2025-07-20 18:55:53.457 [info] > git for-each-ref --format=%(refname)%00%(upstream:short)%00%(objectname)%00%(upstream:track)%00%(upstream:remotename)%00%(upstream:remoteref) refs/heads/main refs/remotes/main [5ms]
2025-07-20 18:55:53.488 [info] > git for-each-ref --sort -committerdate --format %(refname)%00%(objectname)%00%(*objectname) [2ms]
2025-07-20 18:55:53.515 [info] > git status -z -uall [44ms]
2025-07-20 18:55:58.551 [info] > git config --get commit.template [4ms]
2025-07-20 18:55:58.575 [info] > git for-each-ref --format=%(refname)%00%(upstream:short)%00%(objectname)%00%(upstream:track)%00%(upstream:remotename)%00%(upstream:remoteref) refs/heads/main refs/remotes/main [5ms]
2025-07-20 18:55:58.611 [info] > git for-each-ref --sort -committerdate --format %(refname)%00%(objectname)%00%(*objectname) [2ms]
2025-07-20 18:55:58.639 [info] > git status -z -uall [45ms]
2025-07-20 18:56:03.689 [info] > git config --get commit.template [22ms]
2025-07-20 18:56:03.692 [info] > git for-each-ref --format=%(refname)%00%(upstream:short)%00%(objectname)%00%(upstream:track)%00%(upstream:remotename)%00%(upstream:remoteref) refs/heads/main refs/remotes/main [5ms]
2025-07-20 18:56:03.723 [info] > git for-each-ref --sort -committerdate --format %(refname)%00%(objectname)%00%(*objectname) [3ms]
2025-07-20 18:56:03.772 [info] > git status -z -uall [67ms]
2025-07-20 18:56:08.911 [info] > git config --get commit.template [12ms]
2025-07-20 18:56:08.914 [info] > git for-each-ref --format=%(refname)%00%(upstream:short)%00%(objectname)%00%(upstream:track)%00%(upstream:remotename)%00%(upstream:remoteref) refs/heads/main refs/remotes/main [5ms]
2025-07-20 18:56:08.933 [info] > git for-each-ref --sort -committerdate --format %(refname)%00%(objectname)%00%(*objectname) [1ms]
2025-07-20 18:56:08.967 [info] > git status -z -uall [43ms]
2025-07-20 18:56:14.016 [info] > git config --get commit.template [21ms]
2025-07-20 18:56:14.018 [info] > git for-each-ref --format=%(refname)%00%(upstream:short)%00%(objectname)%00%(upstream:track)%00%(upstream:remotename)%00%(upstream:remoteref) refs/heads/main refs/remotes/main [6ms]
2025-07-20 18:56:14.049 [info] > git for-each-ref --sort -committerdate --format %(refname)%00%(objectname)%00%(*objectname) [3ms]
2025-07-20 18:56:14.092 [info] > git status -z -uall [59ms]
2025-07-20 18:56:19.129 [info] > git config --get commit.template [16ms]
2025-07-20 18:56:19.131 [info] > git for-each-ref --format=%(refname)%00%(upstream:short)%00%(objectname)%00%(upstream:track)%00%(upstream:remotename)%00%(upstream:remoteref) refs/heads/main refs/remotes/main [3ms]
2025-07-20 18:56:19.157 [info] > git for-each-ref --sort -committerdate --format %(refname)%00%(objectname)%00%(*objectname) [2ms]
2025-07-20 18:56:19.191 [info] > git status -z -uall [48ms]
2025-07-20 18:57:17.915 [info] > git config --get commit.template [8ms]
2025-07-20 18:57:17.917 [info] > git for-each-ref --format=%(refname)%00%(upstream:short)%00%(objectname)%00%(upstream:track)%00%(upstream:remotename)%00%(upstream:remoteref) refs/heads/main refs/remotes/main [2ms]
2025-07-20 18:57:17.938 [info] > git for-each-ref --sort -committerdate --format %(refname)%00%(objectname)%00%(*objectname) [5ms]
2025-07-20 18:57:17.994 [info] > git status -z -uall [70ms]
2025-07-20 18:57:23.020 [info] > git config --get commit.template [4ms]
2025-07-20 18:57:23.043 [info] > git for-each-ref --format=%(refname)%00%(upstream:short)%00%(objectname)%00%(upstream:track)%00%(upstream:remotename)%00%(upstream:remoteref) refs/heads/main refs/remotes/main [5ms]
2025-07-20 18:57:23.076 [info] > git for-each-ref --sort -committerdate --format %(refname)%00%(objectname)%00%(*objectname) [4ms]
2025-07-20 18:57:23.115 [info] > git status -z -uall [54ms]
2025-07-20 18:57:28.163 [info] > git config --get commit.template [20ms]
2025-07-20 18:57:28.167 [info] > git for-each-ref --format=%(refname)%00%(upstream:short)%00%(objectname)%00%(upstream:track)%00%(upstream:remotename)%00%(upstream:remoteref) refs/heads/main refs/remotes/main [6ms]
2025-07-20 18:57:28.192 [info] > git for-each-ref --sort -committerdate --format %(refname)%00%(objectname)%00%(*objectname) [1ms]
2025-07-20 18:57:28.229 [info] > git status -z -uall [49ms]
2025-07-20 18:57:34.094 [info] > git config --get commit.template [3ms]
2025-07-20 18:57:34.108 [info] > git for-each-ref --format=%(refname)%00%(upstream:short)%00%(objectname)%00%(upstream:track)%00%(upstream:remotename)%00%(upstream:remoteref) refs/heads/main refs/remotes/main [1ms]
2025-07-20 18:57:34.133 [info] > git for-each-ref --sort -committerdate --format %(refname)%00%(objectname)%00%(*objectname) [3ms]
2025-07-20 18:57:34.169 [info] > git status -z -uall [49ms]
2025-07-20 18:57:39.202 [info] > git config --get commit.template [9ms]
2025-07-20 18:57:39.205 [info] > git for-each-ref --format=%(refname)%00%(upstream:short)%00%(objectname)%00%(upstream:track)%00%(upstream:remotename)%00%(upstream:remoteref) refs/heads/main refs/remotes/main [4ms]
2025-07-20 18:57:39.227 [info] > git for-each-ref --sort -committerdate --format %(refname)%00%(objectname)%00%(*objectname) [1ms]
2025-07-20 18:57:39.268 [info] > git status -z -uall [50ms]
2025-07-20 18:57:44.296 [info] > git config --get commit.template [3ms]
2025-07-20 18:57:44.312 [info] > git for-each-ref --format=%(refname)%00%(upstream:short)%00%(objectname)%00%(upstream:track)%00%(upstream:remotename)%00%(upstream:remoteref) refs/heads/main refs/remotes/main [4ms]
2025-07-20 18:57:44.343 [info] > git for-each-ref --sort -committerdate --format %(refname)%00%(objectname)%00%(*objectname) [5ms]
2025-07-20 18:57:44.385 [info] > git status -z -uall [60ms]
2025-07-20 18:57:49.418 [info] > git config --get commit.template [15ms]
2025-07-20 18:57:49.421 [info] > git for-each-ref --format=%(refname)%00%(upstream:short)%00%(objectname)%00%(upstream:track)%00%(upstream:remotename)%00%(upstream:remoteref) refs/heads/main refs/remotes/main [4ms]
2025-07-20 18:57:49.467 [info] > git for-each-ref --sort -committerdate --format %(refname)%00%(objectname)%00%(*objectname) [5ms]
2025-07-20 18:57:49.501 [info] > git status -z -uall [59ms]
2025-07-20 18:57:50.348 [info] > git check-ignore -v -z --stdin [11ms]
2025-07-20 18:57:54.349 [info] > git check-ignore -v -z --stdin [8ms]
2025-07-20 18:57:54.548 [info] > git config --get commit.template [21ms]
2025-07-20 18:57:54.552 [info] > git for-each-ref --format=%(refname)%00%(upstream:short)%00%(objectname)%00%(upstream:track)%00%(upstream:remotename)%00%(upstream:remoteref) refs/heads/main refs/remotes/main [7ms]
2025-07-20 18:57:54.587 [info] > git for-each-ref --sort -committerdate --format %(refname)%00%(objectname)%00%(*objectname) [2ms]
2025-07-20 18:57:54.616 [info] > git status -z -uall [46ms]
2025-07-20 18:57:55.475 [info] > git check-ignore -v -z --stdin [11ms]
2025-07-20 18:57:58.510 [info] > git show --textconv :hypr/hyprland.conf [21ms]
2025-07-20 18:57:58.512 [info] > git ls-files --stage -- hypr/hyprland.conf [4ms]
2025-07-20 18:57:58.525 [info] > git cat-file -s 56d652e4b515ae7cb755d8761fcfd238f86b4b4d [4ms]
2025-07-20 18:57:59.629 [info] > git config --get commit.template [3ms]
2025-07-20 18:57:59.636 [info] > git for-each-ref --format=%(refname)%00%(upstream:short)%00%(objectname)%00%(upstream:track)%00%(upstream:remotename)%00%(upstream:remoteref) refs/heads/main refs/remotes/main [1ms]
2025-07-20 18:57:59.651 [info] > git for-each-ref --sort -committerdate --format %(refname)%00%(objectname)%00%(*objectname) [4ms]
2025-07-20 18:57:59.682 [info] > git status -z -uall [42ms]
2025-07-20 18:58:00.454 [info] > git show --textconv :hypr/hyprland.conf [14ms]
2025-07-20 18:58:00.458 [info] > git ls-files --stage -- hypr/hyprland.conf [5ms]
2025-07-20 18:58:00.471 [info] > git cat-file -s 56d652e4b515ae7cb755d8761fcfd238f86b4b4d [2ms]
2025-07-20 18:58:04.706 [info] > git config --get commit.template [6ms]
2025-07-20 18:58:04.721 [info] > git for-each-ref --format=%(refname)%00%(upstream:short)%00%(objectname)%00%(upstream:track)%00%(upstream:remotename)%00%(upstream:remoteref) refs/heads/main refs/remotes/main [3ms]
2025-07-20 18:58:04.740 [info] > git for-each-ref --sort -committerdate --format %(refname)%00%(objectname)%00%(*objectname) [2ms]
2025-07-20 18:58:04.768 [info] > git status -z -uall [41ms]
2025-07-20 18:58:05.295 [info] > git check-ignore -v -z --stdin [14ms]
2025-07-20 18:58:06.556 [info] > git check-ignore -v -z --stdin [7ms]
2025-07-20 18:58:09.785 [info] > git config --get commit.template [7ms]
2025-07-20 18:58:09.787 [info] > git for-each-ref --format=%(refname)%00%(upstream:short)%00%(objectname)%00%(upstream:track)%00%(upstream:remotename)%00%(upstream:remoteref) refs/heads/main refs/remotes/main [3ms]
2025-07-20 18:58:09.846 [info] > git for-each-ref --sort -committerdate --format %(refname)%00%(objectname)%00%(*objectname) [7ms]
2025-07-20 18:58:09.896 [info] > git status -z -uall [81ms]
2025-07-20 18:58:11.702 [info] > git check-ignore -v -z --stdin [9ms]
2025-07-20 18:58:14.939 [info] > git config --get commit.template [23ms]
2025-07-20 18:58:14.942 [info] > git for-each-ref --format=%(refname)%00%(upstream:short)%00%(objectname)%00%(upstream:track)%00%(upstream:remotename)%00%(upstream:remoteref) refs/heads/main refs/remotes/main [6ms]
2025-07-20 18:58:14.973 [info] > git for-each-ref --sort -committerdate --format %(refname)%00%(objectname)%00%(*objectname) [3ms]
2025-07-20 18:58:15.012 [info] > git status -z -uall [56ms]
2025-07-20 18:58:20.050 [info] > git config --get commit.template [15ms]
2025-07-20 18:58:20.051 [info] > git for-each-ref --format=%(refname)%00%(upstream:short)%00%(objectname)%00%(upstream:track)%00%(upstream:remotename)%00%(upstream:remoteref) refs/heads/main refs/remotes/main [1ms]
2025-07-20 18:58:20.078 [info] > git for-each-ref --sort -committerdate --format %(refname)%00%(objectname)%00%(*objectname) [3ms]
2025-07-20 18:58:20.117 [info] > git status -z -uall [54ms]
2025-07-20 18:58:25.153 [info] > git config --get commit.template [16ms]
2025-07-20 18:58:25.155 [info] > git for-each-ref --format=%(refname)%00%(upstream:short)%00%(objectname)%00%(upstream:track)%00%(upstream:remotename)%00%(upstream:remoteref) refs/heads/main refs/remotes/main [3ms]
2025-07-20 18:58:25.184 [info] > git for-each-ref --sort -committerdate --format %(refname)%00%(objectname)%00%(*objectname) [3ms]
2025-07-20 18:58:25.223 [info] > git status -z -uall [56ms]
2025-07-20 18:58:34.139 [info] > git config --get commit.template [5ms]
2025-07-20 18:58:34.158 [info] > git for-each-ref --format=%(refname)%00%(upstream:short)%00%(objectname)%00%(upstream:track)%00%(upstream:remotename)%00%(upstream:remoteref) refs/heads/main refs/remotes/main [4ms]
2025-07-20 18:58:34.189 [info] > git for-each-ref --sort -committerdate --format %(refname)%00%(objectname)%00%(*objectname) [1ms]
2025-07-20 18:58:34.222 [info] > git status -z -uall [46ms]
2025-07-20 18:58:39.256 [info] > git config --get commit.template [9ms]
2025-07-20 18:58:39.259 [info] > git for-each-ref --format=%(refname)%00%(upstream:short)%00%(objectname)%00%(upstream:track)%00%(upstream:remotename)%00%(upstream:remoteref) refs/heads/main refs/remotes/main [4ms]
2025-07-20 18:58:39.283 [info] > git for-each-ref --sort -committerdate --format %(refname)%00%(objectname)%00%(*objectname) [2ms]
2025-07-20 18:58:39.313 [info] > git status -z -uall [43ms]
2025-07-20 18:58:54.672 [info] > git config --get commit.template [26ms]
2025-07-20 18:58:54.674 [info] > git for-each-ref --format=%(refname)%00%(upstream:short)%00%(objectname)%00%(upstream:track)%00%(upstream:remotename)%00%(upstream:remoteref) refs/heads/main refs/remotes/main [6ms]
2025-07-20 18:58:54.693 [info] > git for-each-ref --sort -committerdate --format %(refname)%00%(objectname)%00%(*objectname) [2ms]
2025-07-20 18:58:54.726 [info] > git status -z -uall [43ms]
2025-07-20 18:59:13.813 [info] > git config --get commit.template [12ms]
2025-07-20 18:59:13.813 [info] > git for-each-ref --format=%(refname)%00%(upstream:short)%00%(objectname)%00%(upstream:track)%00%(upstream:remotename)%00%(upstream:remoteref) refs/heads/main refs/remotes/main [1ms]
2025-07-20 18:59:13.828 [info] > git for-each-ref --sort -committerdate --format %(refname)%00%(objectname)%00%(*objectname) [2ms]
2025-07-20 18:59:13.855 [info] > git status -z -uall [35ms]
2025-07-20 18:59:18.889 [info] > git config --get commit.template [4ms]
2025-07-20 18:59:18.912 [info] > git for-each-ref --format=%(refname)%00%(upstream:short)%00%(objectname)%00%(upstream:track)%00%(upstream:remotename)%00%(upstream:remoteref) refs/heads/main refs/remotes/main [5ms]
2025-07-20 18:59:18.944 [info] > git for-each-ref --sort -committerdate --format %(refname)%00%(objectname)%00%(*objectname) [3ms]
2025-07-20 18:59:18.974 [info] > git status -z -uall [45ms]
2025-07-20 18:59:23.993 [info] > git config --get commit.template [2ms]
2025-07-20 18:59:24.002 [info] > git for-each-ref --format=%(refname)%00%(upstream:short)%00%(objectname)%00%(upstream:track)%00%(upstream:remotename)%00%(upstream:remoteref) refs/heads/main refs/remotes/main [1ms]
2025-07-20 18:59:24.022 [info] > git for-each-ref --sort -committerdate --format %(refname)%00%(objectname)%00%(*objectname) [2ms]
2025-07-20 18:59:24.053 [info] > git status -z -uall [40ms]
2025-07-20 18:59:29.089 [info] > git config --get commit.template [4ms]
2025-07-20 18:59:29.109 [info] > git for-each-ref --format=%(refname)%00%(upstream:short)%00%(objectname)%00%(upstream:track)%00%(upstream:remotename)%00%(upstream:remoteref) refs/heads/main refs/remotes/main [4ms]
2025-07-20 18:59:29.146 [info] > git for-each-ref --sort -committerdate --format %(refname)%00%(objectname)%00%(*objectname) [2ms]
2025-07-20 18:59:29.173 [info] > git status -z -uall [46ms]
2025-07-20 18:59:34.204 [info] > git config --get commit.template [9ms]
2025-07-20 18:59:34.207 [info] > git for-each-ref --format=%(refname)%00%(upstream:short)%00%(objectname)%00%(upstream:track)%00%(upstream:remotename)%00%(upstream:remoteref) refs/heads/main refs/remotes/main [5ms]
2025-07-20 18:59:34.233 [info] > git for-each-ref --sort -committerdate --format %(refname)%00%(objectname)%00%(*objectname) [2ms]
2025-07-20 18:59:34.266 [info] > git status -z -uall [47ms]
2025-07-20 19:12:08.296 [info] > git config --get commit.template [19ms]
2025-07-20 19:12:08.301 [info] > git for-each-ref --format=%(refname)%00%(upstream:short)%00%(objectname)%00%(upstream:track)%00%(upstream:remotename)%00%(upstream:remoteref) refs/heads/main refs/remotes/main [8ms]
2025-07-20 19:12:08.333 [info] > git for-each-ref --sort -committerdate --format %(refname)%00%(objectname)%00%(*objectname) [2ms]
2025-07-20 19:12:08.388 [info] > git status -z -uall [73ms]
2025-07-20 19:12:13.420 [info] > git config --get commit.template [3ms]
2025-07-20 19:12:13.443 [info] > git for-each-ref --format=%(refname)%00%(upstream:short)%00%(objectname)%00%(upstream:track)%00%(upstream:remotename)%00%(upstream:remoteref) refs/heads/main refs/remotes/main [6ms]
2025-07-20 19:12:13.478 [info] > git for-each-ref --sort -committerdate --format %(refname)%00%(objectname)%00%(*objectname) [2ms]
2025-07-20 19:12:13.524 [info] > git status -z -uall [61ms]
2025-07-20 19:12:18.563 [info] > git config --get commit.template [17ms]
2025-07-20 19:12:18.564 [info] > git for-each-ref --format=%(refname)%00%(upstream:short)%00%(objectname)%00%(upstream:track)%00%(upstream:remotename)%00%(upstream:remoteref) refs/heads/main refs/remotes/main [2ms]
2025-07-20 19:12:18.593 [info] > git for-each-ref --sort -committerdate --format %(refname)%00%(objectname)%00%(*objectname) [2ms]
2025-07-20 19:12:18.649 [info] > git status -z -uall [71ms]
2025-07-20 19:12:23.682 [info] > git config --get commit.template [8ms]
2025-07-20 19:12:23.684 [info] > git for-each-ref --format=%(refname)%00%(upstream:short)%00%(objectname)%00%(upstream:track)%00%(upstream:remotename)%00%(upstream:remoteref) refs/heads/main refs/remotes/main [3ms]
2025-07-20 19:12:23.710 [info] > git for-each-ref --sort -committerdate --format %(refname)%00%(objectname)%00%(*objectname) [1ms]
2025-07-20 19:12:23.767 [info] > git status -z -uall [70ms]
2025-07-20 19:12:29.906 [info] > git config --get commit.template [12ms]
2025-07-20 19:12:29.907 [info] > git for-each-ref --format=%(refname)%00%(upstream:short)%00%(objectname)%00%(upstream:track)%00%(upstream:remotename)%00%(upstream:remoteref) refs/heads/main refs/remotes/main [4ms]
2025-07-20 19:12:29.929 [info] > git for-each-ref --sort -committerdate --format %(refname)%00%(objectname)%00%(*objectname) [1ms]
2025-07-20 19:12:29.994 [info] > git status -z -uall [70ms]
2025-07-20 19:12:36.853 [info] > git config --get commit.template [10ms]
2025-07-20 19:12:36.855 [info] > git for-each-ref --format=%(refname)%00%(upstream:short)%00%(objectname)%00%(upstream:track)%00%(upstream:remotename)%00%(upstream:remoteref) refs/heads/main refs/remotes/main [4ms]
2025-07-20 19:12:36.885 [info] > git for-each-ref --sort -committerdate --format %(refname)%00%(objectname)%00%(*objectname) [5ms]
2025-07-20 19:12:36.946 [info] > git status -z -uall [80ms]
2025-07-20 19:12:45.499 [info] > git config --get commit.template [9ms]
2025-07-20 19:12:45.501 [info] > git for-each-ref --format=%(refname)%00%(upstream:short)%00%(objectname)%00%(upstream:track)%00%(upstream:remotename)%00%(upstream:remoteref) refs/heads/main refs/remotes/main [3ms]
2025-07-20 19:12:45.533 [info] > git for-each-ref --sort -committerdate --format %(refname)%00%(objectname)%00%(*objectname) [3ms]
2025-07-20 19:12:45.600 [info] > git status -z -uall [85ms]
2025-07-20 19:13:18.412 [info] > git config --get commit.template [5ms]
2025-07-20 19:13:18.436 [info] > git for-each-ref --format=%(refname)%00%(upstream:short)%00%(objectname)%00%(upstream:track)%00%(upstream:remotename)%00%(upstream:remoteref) refs/heads/main refs/remotes/main [4ms]
2025-07-20 19:13:18.461 [info] > git for-each-ref --sort -committerdate --format %(refname)%00%(objectname)%00%(*objectname) [3ms]
2025-07-20 19:13:18.512 [info] > git status -z -uall [64ms]
2025-07-20 19:13:23.553 [info] > git config --get commit.template [20ms]
2025-07-20 19:13:23.555 [info] > git for-each-ref --format=%(refname)%00%(upstream:short)%00%(objectname)%00%(upstream:track)%00%(upstream:remotename)%00%(upstream:remoteref) refs/heads/main refs/remotes/main [4ms]
2025-07-20 19:13:23.585 [info] > git for-each-ref --sort -committerdate --format %(refname)%00%(objectname)%00%(*objectname) [1ms]
2025-07-20 19:13:23.638 [info] > git status -z -uall [67ms]
2025-07-20 19:13:29.508 [info] > git config --get commit.template [15ms]
2025-07-20 19:13:29.510 [info] > git for-each-ref --format=%(refname)%00%(upstream:short)%00%(objectname)%00%(upstream:track)%00%(upstream:remotename)%00%(upstream:remoteref) refs/heads/main refs/remotes/main [3ms]
2025-07-20 19:13:29.527 [info] > git for-each-ref --sort -committerdate --format %(refname)%00%(objectname)%00%(*objectname) [1ms]
2025-07-20 19:13:29.587 [info] > git status -z -uall [66ms]
2025-07-20 19:13:45.439 [info] > git config --get commit.template [21ms]
2025-07-20 19:13:45.446 [info] > git for-each-ref --format=%(refname)%00%(upstream:short)%00%(objectname)%00%(upstream:track)%00%(upstream:remotename)%00%(upstream:remoteref) refs/heads/main refs/remotes/main [9ms]
2025-07-20 19:13:45.483 [info] > git for-each-ref --sort -committerdate --format %(refname)%00%(objectname)%00%(*objectname) [4ms]
2025-07-20 19:13:45.536 [info] > git status -z -uall [73ms]
2025-07-20 19:13:50.584 [info] > git config --get commit.template [18ms]
2025-07-20 19:13:50.588 [info] > git for-each-ref --format=%(refname)%00%(upstream:short)%00%(objectname)%00%(upstream:track)%00%(upstream:remotename)%00%(upstream:remoteref) refs/heads/main refs/remotes/main [6ms]
2025-07-20 19:13:50.622 [info] > git for-each-ref --sort -committerdate --format %(refname)%00%(objectname)%00%(*objectname) [2ms]
2025-07-20 19:13:50.683 [info] > git status -z -uall [77ms]
2025-07-20 19:13:55.733 [info] > git config --get commit.template [20ms]
2025-07-20 19:13:55.736 [info] > git for-each-ref --format=%(refname)%00%(upstream:short)%00%(objectname)%00%(upstream:track)%00%(upstream:remotename)%00%(upstream:remoteref) refs/heads/main refs/remotes/main [5ms]
2025-07-20 19:13:55.770 [info] > git for-each-ref --sort -committerdate --format %(refname)%00%(objectname)%00%(*objectname) [2ms]
2025-07-20 19:13:55.818 [info] > git status -z -uall [65ms]
2025-07-20 19:14:00.854 [info] > git config --get commit.template [12ms]
2025-07-20 19:14:00.855 [info] > git for-each-ref --format=%(refname)%00%(upstream:short)%00%(objectname)%00%(upstream:track)%00%(upstream:remotename)%00%(upstream:remoteref) refs/heads/main refs/remotes/main [2ms]
2025-07-20 19:14:00.888 [info] > git for-each-ref --sort -committerdate --format %(refname)%00%(objectname)%00%(*objectname) [2ms]
2025-07-20 19:14:00.933 [info] > git status -z -uall [62ms]
2025-07-20 19:14:05.979 [info] > git config --get commit.template [19ms]
2025-07-20 19:14:05.984 [info] > git for-each-ref --format=%(refname)%00%(upstream:short)%00%(objectname)%00%(upstream:track)%00%(upstream:remotename)%00%(upstream:remoteref) refs/heads/main refs/remotes/main [7ms]
2025-07-20 19:14:06.020 [info] > git for-each-ref --sort -committerdate --format %(refname)%00%(objectname)%00%(*objectname) [3ms]
2025-07-20 19:14:06.085 [info] > git status -z -uall [83ms]
2025-07-20 19:14:11.117 [info] > git config --get commit.template [13ms]
2025-07-20 19:14:11.119 [info] > git for-each-ref --format=%(refname)%00%(upstream:short)%00%(objectname)%00%(upstream:track)%00%(upstream:remotename)%00%(upstream:remoteref) refs/heads/main refs/remotes/main [4ms]
2025-07-20 19:14:11.151 [info] > git for-each-ref --sort -committerdate --format %(refname)%00%(objectname)%00%(*objectname) [4ms]
2025-07-20 19:14:11.201 [info] > git status -z -uall [64ms]
2025-07-20 19:14:16.238 [info] > git config --get commit.template [13ms]
2025-07-20 19:14:16.239 [info] > git for-each-ref --format=%(refname)%00%(upstream:short)%00%(objectname)%00%(upstream:track)%00%(upstream:remotename)%00%(upstream:remoteref) refs/heads/main refs/remotes/main [2ms]
2025-07-20 19:14:16.272 [info] > git for-each-ref --sort -committerdate --format %(refname)%00%(objectname)%00%(*objectname) [2ms]
2025-07-20 19:14:16.322 [info] > git status -z -uall [65ms]
2025-07-20 19:14:21.355 [info] > git config --get commit.template [5ms]
2025-07-20 19:14:21.374 [info] > git for-each-ref --format=%(refname)%00%(upstream:short)%00%(objectname)%00%(upstream:track)%00%(upstream:remotename)%00%(upstream:remoteref) refs/heads/main refs/remotes/main [5ms]
2025-07-20 19:14:21.398 [info] > git for-each-ref --sort -committerdate --format %(refname)%00%(objectname)%00%(*objectname) [1ms]
2025-07-20 19:14:21.457 [info] > git status -z -uall [69ms]
2025-07-20 19:14:26.502 [info] > git config --get commit.template [17ms]
2025-07-20 19:14:26.505 [info] > git for-each-ref --format=%(refname)%00%(upstream:short)%00%(objectname)%00%(upstream:track)%00%(upstream:remotename)%00%(upstream:remoteref) refs/heads/main refs/remotes/main [4ms]
2025-07-20 19:14:26.535 [info] > git for-each-ref --sort -committerdate --format %(refname)%00%(objectname)%00%(*objectname) [3ms]
2025-07-20 19:14:26.585 [info] > git status -z -uall [64ms]
2025-07-20 19:14:36.865 [info] > git config --get commit.template [19ms]
2025-07-20 19:14:36.870 [info] > git for-each-ref --format=%(refname)%00%(upstream:short)%00%(objectname)%00%(upstream:track)%00%(upstream:remotename)%00%(upstream:remoteref) refs/heads/main refs/remotes/main [6ms]
2025-07-20 19:14:36.909 [info] > git for-each-ref --sort -committerdate --format %(refname)%00%(objectname)%00%(*objectname) [3ms]
2025-07-20 19:14:36.977 [info] > git status -z -uall [84ms]
2025-07-20 19:14:47.275 [info] > git config --get commit.template [12ms]
2025-07-20 19:14:47.278 [info] > git for-each-ref --format=%(refname)%00%(upstream:short)%00%(objectname)%00%(upstream:track)%00%(upstream:remotename)%00%(upstream:remoteref) refs/heads/main refs/remotes/main [5ms]
2025-07-20 19:14:47.310 [info] > git for-each-ref --sort -committerdate --format %(refname)%00%(objectname)%00%(*objectname) [1ms]
2025-07-20 19:14:47.362 [info] > git status -z -uall [67ms]
2025-07-20 19:14:52.394 [info] > git config --get commit.template [12ms]
2025-07-20 19:14:52.397 [info] > git for-each-ref --format=%(refname)%00%(upstream:short)%00%(objectname)%00%(upstream:track)%00%(upstream:remotename)%00%(upstream:remoteref) refs/heads/main refs/remotes/main [4ms]
2025-07-20 19:14:52.423 [info] > git for-each-ref --sort -committerdate --format %(refname)%00%(objectname)%00%(*objectname) [2ms]
2025-07-20 19:14:52.472 [info] > git status -z -uall [62ms]
2025-07-20 19:18:14.404 [info] > git config --get commit.template [11ms]
2025-07-20 19:18:14.406 [info] > git for-each-ref --format=%(refname)%00%(upstream:short)%00%(objectname)%00%(upstream:track)%00%(upstream:remotename)%00%(upstream:remoteref) refs/heads/main refs/remotes/main [3ms]
2025-07-20 19:18:14.420 [info] > git for-each-ref --sort -committerdate --format %(refname)%00%(objectname)%00%(*objectname) [1ms]
2025-07-20 19:18:14.476 [info] > git status -z -uall [64ms]
2025-07-20 19:18:19.534 [info] > git config --get commit.template [23ms]
2025-07-20 19:18:19.537 [info] > git for-each-ref --format=%(refname)%00%(upstream:short)%00%(objectname)%00%(upstream:track)%00%(upstream:remotename)%00%(upstream:remoteref) refs/heads/main refs/remotes/main [6ms]
2025-07-20 19:18:19.572 [info] > git for-each-ref --sort -committerdate --format %(refname)%00%(objectname)%00%(*objectname) [3ms]
2025-07-20 19:18:19.630 [info] > git status -z -uall [74ms]
2025-07-20 19:18:24.669 [info] > git config --get commit.template [16ms]
2025-07-20 19:18:24.670 [info] > git for-each-ref --format=%(refname)%00%(upstream:short)%00%(objectname)%00%(upstream:track)%00%(upstream:remotename)%00%(upstream:remoteref) refs/heads/main refs/remotes/main [2ms]
2025-07-20 19:18:24.695 [info] > git for-each-ref --sort -committerdate --format %(refname)%00%(objectname)%00%(*objectname) [3ms]
2025-07-20 19:18:24.743 [info] > git status -z -uall [63ms]
2025-07-20 19:18:29.775 [info] > git config --get commit.template [4ms]
2025-07-20 19:18:29.797 [info] > git for-each-ref --format=%(refname)%00%(upstream:short)%00%(objectname)%00%(upstream:track)%00%(upstream:remotename)%00%(upstream:remoteref) refs/heads/main refs/remotes/main [5ms]
2025-07-20 19:18:29.829 [info] > git for-each-ref --sort -committerdate --format %(refname)%00%(objectname)%00%(*objectname) [2ms]
2025-07-20 19:18:29.888 [info] > git status -z -uall [74ms]
2025-07-20 19:18:36.876 [info] > git config --get commit.template [16ms]
2025-07-20 19:18:36.877 [info] > git for-each-ref --format=%(refname)%00%(upstream:short)%00%(objectname)%00%(upstream:track)%00%(upstream:remotename)%00%(upstream:remoteref) refs/heads/main refs/remotes/main [1ms]
2025-07-20 19:18:36.904 [info] > git for-each-ref --sort -committerdate --format %(refname)%00%(objectname)%00%(*objectname) [5ms]
2025-07-20 19:18:36.961 [info] > git status -z -uall [74ms]
2025-07-20 19:18:42.001 [info] > git config --get commit.template [19ms]
2025-07-20 19:18:42.002 [info] > git for-each-ref --format=%(refname)%00%(upstream:short)%00%(objectname)%00%(upstream:track)%00%(upstream:remotename)%00%(upstream:remoteref) refs/heads/main refs/remotes/main [1ms]
2025-07-20 19:18:42.029 [info] > git for-each-ref --sort -committerdate --format %(refname)%00%(objectname)%00%(*objectname) [2ms]
2025-07-20 19:18:42.076 [info] > git status -z -uall [63ms]
2025-07-20 19:18:51.635 [info] > git config --get commit.template [24ms]
2025-07-20 19:18:51.638 [info] > git for-each-ref --format=%(refname)%00%(upstream:short)%00%(objectname)%00%(upstream:track)%00%(upstream:remotename)%00%(upstream:remoteref) refs/heads/main refs/remotes/main [4ms]
2025-07-20 19:18:51.664 [info] > git for-each-ref --sort -committerdate --format %(refname)%00%(objectname)%00%(*objectname) [1ms]
2025-07-20 19:18:51.714 [info] > git status -z -uall [63ms]
2025-07-20 19:18:56.745 [info] > git config --get commit.template [4ms]
2025-07-20 19:18:56.762 [info] > git for-each-ref --format=%(refname)%00%(upstream:short)%00%(objectname)%00%(upstream:track)%00%(upstream:remotename)%00%(upstream:remoteref) refs/heads/main refs/remotes/main [4ms]
2025-07-20 19:18:56.790 [info] > git for-each-ref --sort -committerdate --format %(refname)%00%(objectname)%00%(*objectname) [2ms]
2025-07-20 19:18:56.839 [info] > git status -z -uall [64ms]
2025-07-20 19:19:14.763 [info] > git config --get commit.template [7ms]
2025-07-20 19:19:14.766 [info] > git for-each-ref --format=%(refname)%00%(upstream:short)%00%(objectname)%00%(upstream:track)%00%(upstream:remotename)%00%(upstream:remoteref) refs/heads/main refs/remotes/main [3ms]
2025-07-20 19:19:14.792 [info] > git for-each-ref --sort -committerdate --format %(refname)%00%(objectname)%00%(*objectname) [3ms]
2025-07-20 19:19:14.864 [info] > git status -z -uall [85ms]
2025-07-20 19:19:19.906 [info] > git config --get commit.template [17ms]
2025-07-20 19:19:19.909 [info] > git for-each-ref --format=%(refname)%00%(upstream:short)%00%(objectname)%00%(upstream:track)%00%(upstream:remotename)%00%(upstream:remoteref) refs/heads/main refs/remotes/main [5ms]
2025-07-20 19:19:19.953 [info] > git for-each-ref --sort -committerdate --format %(refname)%00%(objectname)%00%(*objectname) [5ms]
2025-07-20 19:19:20.010 [info] > git status -z -uall [82ms]
2025-07-20 19:19:25.041 [info] > git config --get commit.template [10ms]
2025-07-20 19:19:25.042 [info] > git for-each-ref --format=%(refname)%00%(upstream:short)%00%(objectname)%00%(upstream:track)%00%(upstream:remotename)%00%(upstream:remoteref) refs/heads/main refs/remotes/main [3ms]
2025-07-20 19:19:25.077 [info] > git for-each-ref --sort -committerdate --format %(refname)%00%(objectname)%00%(*objectname) [3ms]
2025-07-20 19:19:25.126 [info] > git status -z -uall [67ms]
2025-07-20 19:19:30.159 [info] > git config --get commit.template [9ms]
2025-07-20 19:19:30.160 [info] > git for-each-ref --format=%(refname)%00%(upstream:short)%00%(objectname)%00%(upstream:track)%00%(upstream:remotename)%00%(upstream:remoteref) refs/heads/main refs/remotes/main [3ms]
2025-07-20 19:19:30.188 [info] > git for-each-ref --sort -committerdate --format %(refname)%00%(objectname)%00%(*objectname) [4ms]
2025-07-20 19:19:30.240 [info] > git status -z -uall [65ms]
