2025-07-20 19:39:36.624 [info] Started local extension host with pid 39565.
2025-07-20 19:39:36.643 [info] ComputeTargetPlatform: linux-x64
2025-07-20 19:39:39.300 [info] [perf] Render performance baseline is 19ms
2025-07-20 19:39:41.778 [error] Error while getting the latest version for the extension pkief.material-icon-theme. Unexpected token '<', "<!DOCTYPE "... is not valid JSON:
<!DOCTYPE html>
<html lang="en">

<head>
    <title>Open VSX Registry</title>
    <meta charset="UTF-8">
    <meta name="viewport" content="width=device-width, initial-scale=1">
    <link rel="stylesheet" href="https://fonts.googleapis.com/css?family=Roboto:300,400,500,700&display=swap" />

    <!-- Google Tag Manager -->
    <script>(function(w,d,s,l,i){w[l]=w[l]||[];w[l].push({'gtm.start':
    new Date().getTime(),event:'gtm.js'});var f=d.getElementsByTagName(s)[0],
    j=d.createElement(s),dl=l!='dataLayer'?'&l='+l:'';j.async=true;j.src=
    'https://www.googletagmanager.com/gtm.js?id='+i+dl;f.parentNode.insertBefore(j,f);
    })(window,document,'script','dataLayer','GTM-5WLCZXC');</script>

    <!-- Eclipse Cookie Consent -->
    <link rel="stylesheet" type="text/css"
        href="//www.eclipse.org/eclipse.org-common/themes/solstice/public/stylesheets/vendor/cookieconsent/cookieconsent.min.css" />
    <script
        src="//www.eclipse.org/eclipse.org-common/themes/solstice/public/javascript/vendor/cookieconsent/default.min.js">
    </script>
    <style>
        a.cc-btn.cc-allow {
            background-color: #c160ef;
        }
        a.cc-btn.cc-allow:hover, a.cc-btn.cc-allow:focus {
            background-color: #444;
        }
        .cc-revoke {
            display: none !important;
        }
        @media (prefers-color-scheme: dark) {
          body {
            background-color: #121212;
          }
        }
    </style>
</head>

<body>
    <!-- Google Tag Manager (noscript) -->
    <noscript><iframe title="Google Tag Manager" src="https://www.googletagmanager.com/ns.html?id=GTM-5WLCZXC" height="0" width="0" style="display:none;visibility:hidden"></iframe></noscript>
    <!-- End Google Tag Manager (noscript) -->
    <div id="main"></div>
    <script src='/bundle.js' ></script>
</body>

</html>

2025-07-20 19:39:42.178 [error] Error while getting the latest version for the extension catppuccin.catppuccin-vsc. Unexpected token '<', "<!DOCTYPE "... is not valid JSON:
<!DOCTYPE html>
<html lang="en">

<head>
    <title>Open VSX Registry</title>
    <meta charset="UTF-8">
    <meta name="viewport" content="width=device-width, initial-scale=1">
    <link rel="stylesheet" href="https://fonts.googleapis.com/css?family=Roboto:300,400,500,700&display=swap" />

    <!-- Google Tag Manager -->
    <script>(function(w,d,s,l,i){w[l]=w[l]||[];w[l].push({'gtm.start':
    new Date().getTime(),event:'gtm.js'});var f=d.getElementsByTagName(s)[0],
    j=d.createElement(s),dl=l!='dataLayer'?'&l='+l:'';j.async=true;j.src=
    'https://www.googletagmanager.com/gtm.js?id='+i+dl;f.parentNode.insertBefore(j,f);
    })(window,document,'script','dataLayer','GTM-5WLCZXC');</script>

    <!-- Eclipse Cookie Consent -->
    <link rel="stylesheet" type="text/css"
        href="//www.eclipse.org/eclipse.org-common/themes/solstice/public/stylesheets/vendor/cookieconsent/cookieconsent.min.css" />
    <script
        src="//www.eclipse.org/eclipse.org-common/themes/solstice/public/javascript/vendor/cookieconsent/default.min.js">
    </script>
    <style>
        a.cc-btn.cc-allow {
            background-color: #c160ef;
        }
        a.cc-btn.cc-allow:hover, a.cc-btn.cc-allow:focus {
            background-color: #444;
        }
        .cc-revoke {
            display: none !important;
        }
        @media (prefers-color-scheme: dark) {
          body {
            background-color: #121212;
          }
        }
    </style>
</head>

<body>
    <!-- Google Tag Manager (noscript) -->
    <noscript><iframe title="Google Tag Manager" src="https://www.googletagmanager.com/ns.html?id=GTM-5WLCZXC" height="0" width="0" style="display:none;visibility:hidden"></iframe></noscript>
    <!-- End Google Tag Manager (noscript) -->
    <div id="main"></div>
    <script src='/bundle.js' ></script>
</body>

</html>

2025-07-20 19:39:43.604 [error] lock() request could not be registered.: InvalidStateError: lock() request could not be registered.
2025-07-20 19:39:45.820 [error] lock() request could not be registered.: InvalidStateError: lock() request could not be registered.
2025-07-20 19:53:03.861 [info] Started local extension host with pid 40946.
2025-07-20 19:53:03.946 [info] ComputeTargetPlatform: linux-x64
2025-07-20 19:53:06.507 [info] [perf] Render performance baseline is 15ms
2025-07-20 19:53:10.050 [error] Error while getting the latest version for the extension catppuccin.catppuccin-vsc. Unexpected token '<', "<!DOCTYPE "... is not valid JSON:
<!DOCTYPE html>
<html lang="en">

<head>
    <title>Open VSX Registry</title>
    <meta charset="UTF-8">
    <meta name="viewport" content="width=device-width, initial-scale=1">
    <link rel="stylesheet" href="https://fonts.googleapis.com/css?family=Roboto:300,400,500,700&display=swap" />

    <!-- Google Tag Manager -->
    <script>(function(w,d,s,l,i){w[l]=w[l]||[];w[l].push({'gtm.start':
    new Date().getTime(),event:'gtm.js'});var f=d.getElementsByTagName(s)[0],
    j=d.createElement(s),dl=l!='dataLayer'?'&l='+l:'';j.async=true;j.src=
    'https://www.googletagmanager.com/gtm.js?id='+i+dl;f.parentNode.insertBefore(j,f);
    })(window,document,'script','dataLayer','GTM-5WLCZXC');</script>

    <!-- Eclipse Cookie Consent -->
    <link rel="stylesheet" type="text/css"
        href="//www.eclipse.org/eclipse.org-common/themes/solstice/public/stylesheets/vendor/cookieconsent/cookieconsent.min.css" />
    <script
        src="//www.eclipse.org/eclipse.org-common/themes/solstice/public/javascript/vendor/cookieconsent/default.min.js">
    </script>
    <style>
        a.cc-btn.cc-allow {
            background-color: #c160ef;
        }
        a.cc-btn.cc-allow:hover, a.cc-btn.cc-allow:focus {
            background-color: #444;
        }
        .cc-revoke {
            display: none !important;
        }
        @media (prefers-color-scheme: dark) {
          body {
            background-color: #121212;
          }
        }
    </style>
</head>

<body>
    <!-- Google Tag Manager (noscript) -->
    <noscript><iframe title="Google Tag Manager" src="https://www.googletagmanager.com/ns.html?id=GTM-5WLCZXC" height="0" width="0" style="display:none;visibility:hidden"></iframe></noscript>
    <!-- End Google Tag Manager (noscript) -->
    <div id="main"></div>
    <script src='/bundle.js' ></script>
</body>

</html>

2025-07-20 19:53:10.466 [error] Error while getting the latest version for the extension pkief.material-icon-theme. Unexpected token '<', "<!DOCTYPE "... is not valid JSON:
<!DOCTYPE html>
<html lang="en">

<head>
    <title>Open VSX Registry</title>
    <meta charset="UTF-8">
    <meta name="viewport" content="width=device-width, initial-scale=1">
    <link rel="stylesheet" href="https://fonts.googleapis.com/css?family=Roboto:300,400,500,700&display=swap" />

    <!-- Google Tag Manager -->
    <script>(function(w,d,s,l,i){w[l]=w[l]||[];w[l].push({'gtm.start':
    new Date().getTime(),event:'gtm.js'});var f=d.getElementsByTagName(s)[0],
    j=d.createElement(s),dl=l!='dataLayer'?'&l='+l:'';j.async=true;j.src=
    'https://www.googletagmanager.com/gtm.js?id='+i+dl;f.parentNode.insertBefore(j,f);
    })(window,document,'script','dataLayer','GTM-5WLCZXC');</script>

    <!-- Eclipse Cookie Consent -->
    <link rel="stylesheet" type="text/css"
        href="//www.eclipse.org/eclipse.org-common/themes/solstice/public/stylesheets/vendor/cookieconsent/cookieconsent.min.css" />
    <script
        src="//www.eclipse.org/eclipse.org-common/themes/solstice/public/javascript/vendor/cookieconsent/default.min.js">
    </script>
    <style>
        a.cc-btn.cc-allow {
            background-color: #c160ef;
        }
        a.cc-btn.cc-allow:hover, a.cc-btn.cc-allow:focus {
            background-color: #444;
        }
        .cc-revoke {
            display: none !important;
        }
        @media (prefers-color-scheme: dark) {
          body {
            background-color: #121212;
          }
        }
    </style>
</head>

<body>
    <!-- Google Tag Manager (noscript) -->
    <noscript><iframe title="Google Tag Manager" src="https://www.googletagmanager.com/ns.html?id=GTM-5WLCZXC" height="0" width="0" style="display:none;visibility:hidden"></iframe></noscript>
    <!-- End Google Tag Manager (noscript) -->
    <div id="main"></div>
    <script src='/bundle.js' ></script>
</body>

</html>

2025-07-20 19:53:26.343 [error] [Extension Host] Error: Git error
	at ChildProcess.<anonymous> (/usr/lib/code/extensions/git/dist/main.js:2:604689)
	at ChildProcess.emit (node:events:530:35)
	at ChildProcess._handle.onexit (node:internal/child_process:293:12)
2025-07-20 19:53:27.346 [error] An unknown error occurred. Please consult the log for more details.
2025-07-20 19:53:27.478 [error] [Extension Host] Error: Git error
	at ChildProcess.<anonymous> (/usr/lib/code/extensions/git/dist/main.js:2:604689)
	at ChildProcess.emit (node:events:530:35)
	at ChildProcess._handle.onexit (node:internal/child_process:293:12)
2025-07-20 19:53:28.479 [error] An unknown error occurred. Please consult the log for more details.
2025-07-20 19:53:54.967 [error] TreeError [FileExplorer] Data tree node not found: new:file:///home/arch/.config::file:///home/arch/.config: Error: TreeError [FileExplorer] Data tree node not found: new:file:///home/arch/.config::file:///home/arch/.config
    at nN.D (vscode-file://vscode-app/usr/lib/code/out/vs/workbench/workbench.desktop.main.js:417:32175)
    at nN.getRelativeTop (vscode-file://vscode-app/usr/lib/code/out/vs/workbench/workbench.desktop.main.js:417:31860)
    at Jre.value (vscode-file://vscode-app/usr/lib/code/out/vs/workbench/workbench.desktop.main.js:852:37563)
    at E.B (vscode-file://vscode-app/usr/lib/code/out/vs/workbench/workbench.desktop.main.js:29:2392)
    at E.C (vscode-file://vscode-app/usr/lib/code/out/vs/workbench/workbench.desktop.main.js:29:2462)
    at E.fire (vscode-file://vscode-app/usr/lib/code/out/vs/workbench/workbench.desktop.main.js:29:2680)
    at Jre.value (vscode-file://vscode-app/usr/lib/code/out/vs/workbench/workbench.desktop.main.js:70:35768)
    at E.B (vscode-file://vscode-app/usr/lib/code/out/vs/workbench/workbench.desktop.main.js:29:2392)
    at E.fire (vscode-file://vscode-app/usr/lib/code/out/vs/workbench/workbench.desktop.main.js:29:2611)
    at MB.n (vscode-file://vscode-app/usr/lib/code/out/vs/workbench/workbench.desktop.main.js:70:32998)
2025-07-20 19:53:55.554 [error] [Extension Host] Error: Git error
	at ChildProcess.<anonymous> (/usr/lib/code/extensions/git/dist/main.js:2:604689)
	at ChildProcess.emit (node:events:530:35)
	at ChildProcess._handle.onexit (node:internal/child_process:293:12)
2025-07-20 19:53:56.555 [error] An unknown error occurred. Please consult the log for more details.
2025-07-20 19:53:59.831 [warning] [lifecycle] onBeforeShutdown is taking a long time, pending operations: veto.blukEditService
