2025-07-20 18:29:04.043 [info] [main] Log level: Info
2025-07-20 18:29:04.043 [info] [main] Validating found git in: "git"
2025-07-20 18:29:04.043 [info] [main] Using git "2.50.1" from "git"
2025-07-20 18:29:04.043 [info] [Model][doInitialScan] Initial repository scan started
2025-07-20 18:29:04.043 [info] > git rev-parse --show-toplevel [4ms]
2025-07-20 18:29:04.043 [info] > git rev-parse --git-dir --git-common-dir [2ms]
2025-07-20 18:29:04.043 [info] [Model][openRepository] Opened repository (path): /home/arch/.config
2025-07-20 18:29:04.043 [info] [Model][openRepository] Opened repository (real path): /home/arch/.config
2025-07-20 18:29:04.043 [info] > git rev-parse --show-toplevel [2ms]
2025-07-20 18:29:04.043 [info] > git config --get commit.template [8ms]
2025-07-20 18:29:04.043 [info] > git for-each-ref --format=%(refname)%00%(upstream:short)%00%(objectname)%00%(upstream:track)%00%(upstream:remotename)%00%(upstream:remoteref) refs/heads/main refs/remotes/main [1ms]
2025-07-20 18:29:04.043 [info] > git for-each-ref --sort -committerdate --format %(refname)%00%(objectname)%00%(*objectname) [2ms]
2025-07-20 18:29:04.043 [info] > git rev-parse --show-toplevel [7ms]
2025-07-20 18:29:04.049 [info] > git rev-parse --show-toplevel [1ms]
2025-07-20 18:29:04.055 [info] > git rev-parse --show-toplevel [2ms]
2025-07-20 18:29:04.060 [info] > git rev-parse --show-toplevel [1ms]
2025-07-20 18:29:04.066 [info] > git rev-parse --show-toplevel [1ms]
2025-07-20 18:29:04.072 [info] > git rev-parse --show-toplevel [2ms]
2025-07-20 18:29:04.140 [info] > git rev-parse --show-toplevel [63ms]
2025-07-20 18:29:04.167 [info] > git rev-parse --show-toplevel [3ms]
2025-07-20 18:29:04.174 [info] > git rev-parse --show-toplevel [1ms]
2025-07-20 18:29:04.181 [info] > git rev-parse --show-toplevel [1ms]
2025-07-20 18:29:04.185 [info] > git rev-parse --show-toplevel [1ms]
2025-07-20 18:29:04.198 [info] > git rev-parse --show-toplevel [9ms]
2025-07-20 18:29:04.206 [info] > git rev-parse --show-toplevel [1ms]
2025-07-20 18:29:04.214 [info] > git rev-parse --show-toplevel [1ms]
2025-07-20 18:29:04.219 [info] > git rev-parse --show-toplevel [1ms]
2025-07-20 18:29:04.223 [info] > git rev-parse --show-toplevel [1ms]
2025-07-20 18:29:04.230 [info] > git rev-parse --show-toplevel [1ms]
2025-07-20 18:29:04.236 [info] > git rev-parse --show-toplevel [1ms]
2025-07-20 18:29:04.242 [info] > git rev-parse --show-toplevel [1ms]
2025-07-20 18:29:04.252 [info] > git rev-parse --show-toplevel [4ms]
2025-07-20 18:29:04.257 [info] > git rev-parse --show-toplevel [1ms]
2025-07-20 18:29:04.265 [info] > git rev-parse --show-toplevel [1ms]
2025-07-20 18:29:04.271 [info] > git rev-parse --show-toplevel [1ms]
2025-07-20 18:29:04.277 [info] > git rev-parse --show-toplevel [1ms]
2025-07-20 18:29:04.287 [info] > git status -z -uall [263ms]
2025-07-20 18:29:04.287 [info] > git rev-parse --show-toplevel [3ms]
2025-07-20 18:29:04.381 [info] > git for-each-ref --format=%(refname)%00%(upstream:short)%00%(objectname)%00%(upstream:track)%00%(upstream:remotename)%00%(upstream:remoteref) refs/heads/main refs/remotes/main [22ms]
2025-07-20 18:29:04.393 [info] > git config --get --local branch.main.vscode-merge-base [5ms]
2025-07-20 18:29:04.393 [warning] [Git][config] git config failed: Failed to execute git
2025-07-20 18:29:04.401 [info] > git config --get commit.template [24ms]
2025-07-20 18:29:04.401 [info] > git rev-parse --show-toplevel [32ms]
2025-07-20 18:29:04.653 [info] > git reflog main --grep-reflog=branch: Created from *. [251ms]
2025-07-20 18:29:04.850 [info] > git check-ignore -v -z --stdin [185ms]
2025-07-20 18:29:04.851 [info] > git symbolic-ref --short refs/remotes/origin/HEAD [194ms]
2025-07-20 18:29:04.851 [info] fatal: ref refs/remotes/origin/HEAD is not a symbolic ref
2025-07-20 18:29:04.851 [warning] [Repository][getDefaultBranch] Failed to get default branch details: Failed to execute git.
2025-07-20 18:29:04.858 [info] > git rev-parse --show-toplevel [207ms]
2025-07-20 18:29:04.883 [info] > git merge-base refs/heads/main refs/remotes/origin/main [26ms]
2025-07-20 18:29:04.888 [info] > git for-each-ref --format=%(refname)%00%(upstream:short)%00%(objectname)%00%(upstream:track)%00%(upstream:remotename)%00%(upstream:remoteref) refs/heads/main refs/remotes/main [39ms]
2025-07-20 18:29:04.889 [info] > git rev-parse --show-toplevel [8ms]
2025-07-20 18:29:04.913 [info] > git diff --name-status -z --diff-filter=ADMR 06bb28050d2c500c4f01db53c1d35e23a37c7845...refs/remotes/origin/main [25ms]
2025-07-20 18:29:04.943 [info] > git rev-parse --show-toplevel [48ms]
2025-07-20 18:29:04.952 [info] > git for-each-ref --sort -committerdate --format %(refname)%00%(objectname)%00%(*objectname) [9ms]
2025-07-20 18:29:04.955 [info] > git rev-parse --show-toplevel [4ms]
2025-07-20 18:29:04.963 [info] > git rev-parse --show-toplevel [2ms]
2025-07-20 18:29:04.969 [info] > git rev-parse --show-toplevel [1ms]
2025-07-20 18:29:04.975 [info] > git rev-parse --show-toplevel [2ms]
2025-07-20 18:29:04.976 [info] [Model][doInitialScan] Initial repository scan completed - repositories (1), closed repositories (0), parent repositories (0), unsafe repositories (0)
2025-07-20 18:29:04.988 [info] > git show --textconv :hypr/hyprland.conf [7ms]
2025-07-20 18:29:04.990 [info] > git ls-files --stage -- hypr/hyprland.conf [3ms]
2025-07-20 18:29:04.997 [info] > git cat-file -s 67c91d3409f7f3cc67e2d5e796b1fc8c06b6df6b [1ms]
2025-07-20 18:29:05.059 [info] > git blame --root --incremental 06bb28050d2c500c4f01db53c1d35e23a37c7845 -- hypr/hyprland.conf [4ms]
2025-07-20 18:29:05.119 [info] > git status -z -uall [183ms]
2025-07-20 18:29:13.828 [info] > git config --get commit.template [21ms]
2025-07-20 18:29:13.829 [info] > git for-each-ref --format=%(refname)%00%(upstream:short)%00%(objectname)%00%(upstream:track)%00%(upstream:remotename)%00%(upstream:remoteref) refs/heads/main refs/remotes/main [2ms]
2025-07-20 18:29:13.852 [info] > git for-each-ref --sort -committerdate --format %(refname)%00%(objectname)%00%(*objectname) [3ms]
2025-07-20 18:29:14.016 [info] > git status -z -uall [175ms]
2025-07-20 18:29:19.487 [info] > git config --get commit.template [9ms]
2025-07-20 18:29:19.488 [info] > git for-each-ref --format=%(refname)%00%(upstream:short)%00%(objectname)%00%(upstream:track)%00%(upstream:remotename)%00%(upstream:remoteref) refs/heads/main refs/remotes/main [2ms]
2025-07-20 18:29:19.501 [info] > git for-each-ref --sort -committerdate --format %(refname)%00%(objectname)%00%(*objectname) [1ms]
2025-07-20 18:29:19.633 [info] > git status -z -uall [139ms]
2025-07-20 18:29:25.659 [info] > git config --get commit.template [8ms]
2025-07-20 18:29:25.660 [info] > git for-each-ref --format=%(refname)%00%(upstream:short)%00%(objectname)%00%(upstream:track)%00%(upstream:remotename)%00%(upstream:remoteref) refs/heads/main refs/remotes/main [2ms]
2025-07-20 18:29:25.676 [info] > git for-each-ref --sort -committerdate --format %(refname)%00%(objectname)%00%(*objectname) [1ms]
2025-07-20 18:29:25.805 [info] > git status -z -uall [139ms]
2025-07-20 18:29:30.834 [info] > git config --get commit.template [6ms]
2025-07-20 18:29:30.834 [info] > git for-each-ref --format=%(refname)%00%(upstream:short)%00%(objectname)%00%(upstream:track)%00%(upstream:remotename)%00%(upstream:remoteref) refs/heads/main refs/remotes/main [1ms]
2025-07-20 18:29:30.846 [info] > git for-each-ref --sort -committerdate --format %(refname)%00%(objectname)%00%(*objectname) [1ms]
2025-07-20 18:29:30.978 [info] > git status -z -uall [139ms]
2025-07-20 18:29:36.015 [info] > git config --get commit.template [4ms]
2025-07-20 18:29:36.034 [info] > git for-each-ref --format=%(refname)%00%(upstream:short)%00%(objectname)%00%(upstream:track)%00%(upstream:remotename)%00%(upstream:remoteref) refs/heads/main refs/remotes/main [3ms]
2025-07-20 18:29:36.064 [info] > git for-each-ref --sort -committerdate --format %(refname)%00%(objectname)%00%(*objectname) [3ms]
2025-07-20 18:29:36.198 [info] > git status -z -uall [149ms]
2025-07-20 18:29:41.253 [info] > git config --get commit.template [18ms]
2025-07-20 18:29:41.255 [info] > git for-each-ref --format=%(refname)%00%(upstream:short)%00%(objectname)%00%(upstream:track)%00%(upstream:remotename)%00%(upstream:remoteref) refs/heads/main refs/remotes/main [4ms]
2025-07-20 18:29:41.288 [info] > git for-each-ref --sort -committerdate --format %(refname)%00%(objectname)%00%(*objectname) [3ms]
2025-07-20 18:29:41.417 [info] > git status -z -uall [149ms]
2025-07-20 18:29:46.465 [info] > git config --get commit.template [13ms]
2025-07-20 18:29:46.468 [info] > git for-each-ref --format=%(refname)%00%(upstream:short)%00%(objectname)%00%(upstream:track)%00%(upstream:remotename)%00%(upstream:remoteref) refs/heads/main refs/remotes/main [5ms]
2025-07-20 18:29:46.502 [info] > git for-each-ref --sort -committerdate --format %(refname)%00%(objectname)%00%(*objectname) [2ms]
2025-07-20 18:29:46.633 [info] > git status -z -uall [147ms]
2025-07-20 18:29:51.680 [info] > git config --get commit.template [15ms]
2025-07-20 18:29:51.682 [info] > git for-each-ref --format=%(refname)%00%(upstream:short)%00%(objectname)%00%(upstream:track)%00%(upstream:remotename)%00%(upstream:remoteref) refs/heads/main refs/remotes/main [4ms]
2025-07-20 18:29:51.720 [info] > git for-each-ref --sort -committerdate --format %(refname)%00%(objectname)%00%(*objectname) [4ms]
2025-07-20 18:29:51.856 [info] > git status -z -uall [154ms]
2025-07-20 18:29:56.888 [info] > git config --get commit.template [6ms]
2025-07-20 18:29:56.888 [info] > git for-each-ref --format=%(refname)%00%(upstream:short)%00%(objectname)%00%(upstream:track)%00%(upstream:remotename)%00%(upstream:remoteref) refs/heads/main refs/remotes/main [1ms]
2025-07-20 18:29:56.902 [info] > git for-each-ref --sort -committerdate --format %(refname)%00%(objectname)%00%(*objectname) [1ms]
2025-07-20 18:29:57.031 [info] > git status -z -uall [137ms]
2025-07-20 18:30:02.080 [info] > git config --get commit.template [9ms]
2025-07-20 18:30:02.081 [info] > git for-each-ref --format=%(refname)%00%(upstream:short)%00%(objectname)%00%(upstream:track)%00%(upstream:remotename)%00%(upstream:remoteref) refs/heads/main refs/remotes/main [3ms]
2025-07-20 18:30:02.108 [info] > git for-each-ref --sort -committerdate --format %(refname)%00%(objectname)%00%(*objectname) [1ms]
2025-07-20 18:30:02.241 [info] > git status -z -uall [147ms]
2025-07-20 18:30:40.782 [info] > git config --get commit.template [17ms]
2025-07-20 18:30:40.785 [info] > git for-each-ref --format=%(refname)%00%(upstream:short)%00%(objectname)%00%(upstream:track)%00%(upstream:remotename)%00%(upstream:remoteref) refs/heads/main refs/remotes/main [6ms]
2025-07-20 18:30:40.812 [info] > git for-each-ref --sort -committerdate --format %(refname)%00%(objectname)%00%(*objectname) [6ms]
2025-07-20 18:30:40.956 [info] > git status -z -uall [163ms]
2025-07-20 18:30:46.022 [info] > git config --get commit.template [13ms]
2025-07-20 18:30:46.023 [info] > git for-each-ref --format=%(refname)%00%(upstream:short)%00%(objectname)%00%(upstream:track)%00%(upstream:remotename)%00%(upstream:remoteref) refs/heads/main refs/remotes/main [2ms]
2025-07-20 18:30:46.058 [info] > git for-each-ref --sort -committerdate --format %(refname)%00%(objectname)%00%(*objectname) [7ms]
2025-07-20 18:30:46.226 [info] > git status -z -uall [194ms]
2025-07-20 18:40:25.356 [info] > git config --get commit.template [1ms]
2025-07-20 18:40:25.365 [info] > git for-each-ref --format=%(refname)%00%(upstream:short)%00%(objectname)%00%(upstream:track)%00%(upstream:remotename)%00%(upstream:remoteref) refs/heads/main refs/remotes/main [1ms]
2025-07-20 18:40:25.383 [info] > git for-each-ref --sort -committerdate --format %(refname)%00%(objectname)%00%(*objectname) [2ms]
2025-07-20 18:40:25.527 [info] > git status -z -uall [154ms]
2025-07-20 18:43:15.174 [info] > git for-each-ref --format=%(refname)%00%(upstream:short)%00%(objectname)%00%(upstream:track)%00%(upstream:remotename)%00%(upstream:remoteref) refs/heads/main refs/remotes/main [3ms]
2025-07-20 18:43:15.174 [info] > git config --get commit.template [16ms]
2025-07-20 18:43:15.195 [info] > git for-each-ref --sort -committerdate --format %(refname)%00%(objectname)%00%(*objectname) [1ms]
2025-07-20 18:43:15.355 [info] > git status -z -uall [171ms]
2025-07-20 18:43:26.997 [info] > git config --get commit.template [2ms]
2025-07-20 18:43:27.004 [info] > git for-each-ref --format=%(refname)%00%(upstream:short)%00%(objectname)%00%(upstream:track)%00%(upstream:remotename)%00%(upstream:remoteref) refs/heads/main refs/remotes/main [2ms]
2025-07-20 18:43:27.044 [info] > git for-each-ref --sort -committerdate --format %(refname)%00%(objectname)%00%(*objectname) [8ms]
2025-07-20 18:43:27.238 [info] > git status -z -uall [220ms]
2025-07-20 18:43:32.315 [info] > git config --get commit.template [25ms]
2025-07-20 18:43:32.318 [info] > git for-each-ref --format=%(refname)%00%(upstream:short)%00%(objectname)%00%(upstream:track)%00%(upstream:remotename)%00%(upstream:remoteref) refs/heads/main refs/remotes/main [7ms]
2025-07-20 18:43:32.366 [info] > git for-each-ref --sort -committerdate --format %(refname)%00%(objectname)%00%(*objectname) [9ms]
2025-07-20 18:43:32.540 [info] > git status -z -uall [203ms]
2025-07-20 18:44:09.130 [info] > git config --get commit.template [8ms]
2025-07-20 18:44:09.132 [info] > git for-each-ref --format=%(refname)%00%(upstream:short)%00%(objectname)%00%(upstream:track)%00%(upstream:remotename)%00%(upstream:remoteref) refs/heads/main refs/remotes/main [3ms]
2025-07-20 18:44:09.151 [info] > git for-each-ref --sort -committerdate --format %(refname)%00%(objectname)%00%(*objectname) [2ms]
2025-07-20 18:44:09.286 [info] > git status -z -uall [145ms]
2025-07-20 18:44:14.340 [info] > git config --get commit.template [18ms]
2025-07-20 18:44:14.341 [info] > git for-each-ref --format=%(refname)%00%(upstream:short)%00%(objectname)%00%(upstream:track)%00%(upstream:remotename)%00%(upstream:remoteref) refs/heads/main refs/remotes/main [4ms]
2025-07-20 18:44:14.372 [info] > git for-each-ref --sort -committerdate --format %(refname)%00%(objectname)%00%(*objectname) [2ms]
2025-07-20 18:44:14.513 [info] > git status -z -uall [157ms]
2025-07-20 18:44:16.117 [info] > git check-ignore -v -z --stdin [2ms]
2025-07-20 18:44:16.741 [info] > git check-ignore -v -z --stdin [10ms]
2025-07-20 18:44:18.040 [info] > git show --textconv :alacritty/alacritty.toml [22ms]
2025-07-20 18:44:18.047 [info] > git ls-files --stage -- alacritty/alacritty.toml [10ms]
2025-07-20 18:44:18.066 [info] > git cat-file -s da20bfe46668d1e52299a3e8917629e471b62d35 [3ms]
2025-07-20 18:44:18.087 [info] > git blame --root --incremental 06bb28050d2c500c4f01db53c1d35e23a37c7845 -- alacritty/alacritty.toml [2ms]
2025-07-20 18:44:19.568 [info] > git config --get commit.template [16ms]
2025-07-20 18:44:19.569 [info] > git for-each-ref --format=%(refname)%00%(upstream:short)%00%(objectname)%00%(upstream:track)%00%(upstream:remotename)%00%(upstream:remoteref) refs/heads/main refs/remotes/main [2ms]
2025-07-20 18:44:19.586 [info] > git for-each-ref --sort -committerdate --format %(refname)%00%(objectname)%00%(*objectname) [1ms]
2025-07-20 18:44:19.715 [info] > git status -z -uall [138ms]
2025-07-20 18:44:24.493 [info] > git show --textconv :BraveSoftware/Brave-Browser/Local State [12ms]
2025-07-20 18:44:24.496 [info] > git ls-files --stage -- BraveSoftware/Brave-Browser/Local State [5ms]
2025-07-20 18:44:24.510 [info] > git cat-file -s e420a6356c95cd05a51706fa2a0a8cc3a381ce6d [4ms]
2025-07-20 18:44:24.730 [info] > git blame --root --incremental 06bb28050d2c500c4f01db53c1d35e23a37c7845 -- BraveSoftware/Brave-Browser/Local State [3ms]
2025-07-20 18:44:24.747 [info] > git check-ignore -v -z --stdin [5ms]
2025-07-20 18:44:24.747 [info] > git config --get commit.template [11ms]
2025-07-20 18:44:24.748 [info] > git for-each-ref --format=%(refname)%00%(upstream:short)%00%(objectname)%00%(upstream:track)%00%(upstream:remotename)%00%(upstream:remoteref) refs/heads/main refs/remotes/main [2ms]
2025-07-20 18:44:24.760 [info] > git for-each-ref --sort -committerdate --format %(refname)%00%(objectname)%00%(*objectname) [1ms]
2025-07-20 18:44:24.920 [info] > git status -z -uall [168ms]
2025-07-20 18:44:29.985 [info] > git config --get commit.template [20ms]
2025-07-20 18:44:29.987 [info] > git for-each-ref --format=%(refname)%00%(upstream:short)%00%(objectname)%00%(upstream:track)%00%(upstream:remotename)%00%(upstream:remoteref) refs/heads/main refs/remotes/main [3ms]
2025-07-20 18:44:30.012 [info] > git for-each-ref --sort -committerdate --format %(refname)%00%(objectname)%00%(*objectname) [2ms]
2025-07-20 18:44:30.139 [info] > git status -z -uall [140ms]
2025-07-20 18:44:34.929 [info] > git check-ignore -v -z --stdin [2ms]
2025-07-20 18:44:35.201 [info] > git config --get commit.template [25ms]
2025-07-20 18:44:35.203 [info] > git for-each-ref --format=%(refname)%00%(upstream:short)%00%(objectname)%00%(upstream:track)%00%(upstream:remotename)%00%(upstream:remoteref) refs/heads/main refs/remotes/main [5ms]
2025-07-20 18:44:35.231 [info] > git for-each-ref --sort -committerdate --format %(refname)%00%(objectname)%00%(*objectname) [1ms]
2025-07-20 18:44:35.369 [info] > git status -z -uall [151ms]
2025-07-20 18:44:40.442 [info] > git config --get commit.template [20ms]
2025-07-20 18:44:40.444 [info] > git for-each-ref --format=%(refname)%00%(upstream:short)%00%(objectname)%00%(upstream:track)%00%(upstream:remotename)%00%(upstream:remoteref) refs/heads/main refs/remotes/main [4ms]
2025-07-20 18:44:40.468 [info] > git for-each-ref --sort -committerdate --format %(refname)%00%(objectname)%00%(*objectname) [4ms]
2025-07-20 18:44:40.510 [info] > git check-ignore -v -z --stdin [3ms]
2025-07-20 18:44:40.612 [info] > git status -z -uall [156ms]
2025-07-20 18:44:45.669 [info] > git config --get commit.template [12ms]
2025-07-20 18:44:45.702 [info] > git for-each-ref --format=%(refname)%00%(upstream:short)%00%(objectname)%00%(upstream:track)%00%(upstream:remotename)%00%(upstream:remoteref) refs/heads/main refs/remotes/main [10ms]
2025-07-20 18:44:45.765 [info] > git for-each-ref --sort -committerdate --format %(refname)%00%(objectname)%00%(*objectname) [10ms]
2025-07-20 18:44:45.912 [info] > git status -z -uall [183ms]
2025-07-20 18:44:50.971 [info] > git config --get commit.template [38ms]
2025-07-20 18:44:50.980 [info] > git for-each-ref --format=%(refname)%00%(upstream:short)%00%(objectname)%00%(upstream:track)%00%(upstream:remotename)%00%(upstream:remoteref) refs/heads/main refs/remotes/main [2ms]
2025-07-20 18:44:50.996 [info] > git for-each-ref --sort -committerdate --format %(refname)%00%(objectname)%00%(*objectname) [2ms]
2025-07-20 18:44:51.126 [info] > git status -z -uall [139ms]
2025-07-20 18:44:51.222 [info] > git check-ignore -v -z --stdin [3ms]
2025-07-20 18:44:56.189 [info] > git config --get commit.template [23ms]
2025-07-20 18:44:56.194 [info] > git for-each-ref --format=%(refname)%00%(upstream:short)%00%(objectname)%00%(upstream:track)%00%(upstream:remotename)%00%(upstream:remoteref) refs/heads/main refs/remotes/main [7ms]
2025-07-20 18:44:56.208 [info] > git for-each-ref --sort -committerdate --format %(refname)%00%(objectname)%00%(*objectname) [1ms]
2025-07-20 18:44:56.350 [info] > git status -z -uall [147ms]
2025-07-20 18:45:01.413 [info] > git config --get commit.template [21ms]
2025-07-20 18:45:01.418 [info] > git for-each-ref --format=%(refname)%00%(upstream:short)%00%(objectname)%00%(upstream:track)%00%(upstream:remotename)%00%(upstream:remoteref) refs/heads/main refs/remotes/main [7ms]
2025-07-20 18:45:01.463 [info] > git for-each-ref --sort -committerdate --format %(refname)%00%(objectname)%00%(*objectname) [2ms]
2025-07-20 18:45:01.596 [info] > git status -z -uall [155ms]
2025-07-20 18:45:06.656 [info] > git config --get commit.template [18ms]
2025-07-20 18:45:06.659 [info] > git for-each-ref --format=%(refname)%00%(upstream:short)%00%(objectname)%00%(upstream:track)%00%(upstream:remotename)%00%(upstream:remoteref) refs/heads/main refs/remotes/main [4ms]
2025-07-20 18:45:06.685 [info] > git for-each-ref --sort -committerdate --format %(refname)%00%(objectname)%00%(*objectname) [2ms]
2025-07-20 18:45:06.833 [info] > git status -z -uall [161ms]
2025-07-20 18:45:09.231 [info] > git check-ignore -v -z --stdin [7ms]
2025-07-20 18:45:10.222 [info] > git show --textconv :BraveSoftware/Brave-Browser/ZxcvbnData/3/english_wikipedia.txt [16ms]
2025-07-20 18:45:10.226 [info] > git ls-files --stage -- BraveSoftware/Brave-Browser/ZxcvbnData/3/english_wikipedia.txt [8ms]
2025-07-20 18:45:10.239 [info] > git cat-file -s 498deb5dda9b5498f246c226a3a40f8aa012d471 [4ms]
2025-07-20 18:45:10.289 [info] > git blame --root --incremental 06bb28050d2c500c4f01db53c1d35e23a37c7845 -- BraveSoftware/Brave-Browser/ZxcvbnData/3/english_wikipedia.txt [5ms]
2025-07-20 18:45:10.477 [info] > git check-ignore -v -z --stdin [12ms]
2025-07-20 18:45:11.872 [info] > git config --get commit.template [2ms]
2025-07-20 18:45:11.883 [info] > git for-each-ref --format=%(refname)%00%(upstream:short)%00%(objectname)%00%(upstream:track)%00%(upstream:remotename)%00%(upstream:remoteref) refs/heads/main refs/remotes/main [3ms]
2025-07-20 18:45:11.904 [info] > git for-each-ref --sort -committerdate --format %(refname)%00%(objectname)%00%(*objectname) [2ms]
2025-07-20 18:45:12.048 [info] > git status -z -uall [156ms]
2025-07-20 18:45:13.208 [info] > git show --textconv :chromium/ZxcvbnData/3/english_wikipedia.txt [22ms]
2025-07-20 18:45:13.209 [info] > git ls-files --stage -- chromium/ZxcvbnData/3/english_wikipedia.txt [7ms]
2025-07-20 18:45:13.223 [info] > git cat-file -s 498deb5dda9b5498f246c226a3a40f8aa012d471 [3ms]
2025-07-20 18:45:13.263 [info] > git blame --root --incremental 06bb28050d2c500c4f01db53c1d35e23a37c7845 -- chromium/ZxcvbnData/3/english_wikipedia.txt [6ms]
2025-07-20 18:45:13.453 [info] > git check-ignore -v -z --stdin [9ms]
2025-07-20 18:45:14.034 [info] > git show --textconv :Code - OSS/CachedProfilesData/__default__profile__/extensions.user.cache [14ms]
2025-07-20 18:45:14.038 [info] > git ls-files --stage -- Code - OSS/CachedProfilesData/__default__profile__/extensions.user.cache [4ms]
2025-07-20 18:45:14.051 [info] > git cat-file -s 4d8fac46fb879d45e321034b66bcb0868b64785e [3ms]
2025-07-20 18:45:14.084 [info] > git blame --root --incremental 06bb28050d2c500c4f01db53c1d35e23a37c7845 -- Code - OSS/CachedProfilesData/__default__profile__/extensions.user.cache [8ms]
2025-07-20 18:45:14.308 [info] > git check-ignore -v -z --stdin [8ms]
2025-07-20 18:45:17.094 [info] > git config --get commit.template [14ms]
2025-07-20 18:45:17.095 [info] > git for-each-ref --format=%(refname)%00%(upstream:short)%00%(objectname)%00%(upstream:track)%00%(upstream:remotename)%00%(upstream:remoteref) refs/heads/main refs/remotes/main [3ms]
2025-07-20 18:45:17.133 [info] > git for-each-ref --sort -committerdate --format %(refname)%00%(objectname)%00%(*objectname) [4ms]
2025-07-20 18:45:17.287 [info] > git status -z -uall [176ms]
2025-07-20 18:45:17.517 [info] > git check-ignore -v -z --stdin [1ms]
2025-07-20 18:45:18.125 [info] > git show --textconv :Code - OSS/User/History/-18e6c5b1/BgEF.tsx [7ms]
2025-07-20 18:45:18.127 [info] > git ls-files --stage -- Code - OSS/User/History/-18e6c5b1/BgEF.tsx [3ms]
2025-07-20 18:45:18.134 [info] > git cat-file -s a2df8dce675fed0712d021fa45245289ecd26c88 [2ms]
2025-07-20 18:45:18.149 [info] > git blame --root --incremental 06bb28050d2c500c4f01db53c1d35e23a37c7845 -- Code - OSS/User/History/-18e6c5b1/BgEF.tsx [3ms]
2025-07-20 18:45:18.391 [info] > git check-ignore -v -z --stdin [3ms]
2025-07-20 18:45:20.440 [info] > git show --textconv :Code - OSS/User/History/-38ff91d1/95PE.toml [18ms]
2025-07-20 18:45:20.446 [info] > git ls-files --stage -- Code - OSS/User/History/-38ff91d1/95PE.toml [7ms]
2025-07-20 18:45:20.458 [info] > git cat-file -s c99d4aeb21655e8ef7fe7e2ad6dd106381784e7f [2ms]
2025-07-20 18:45:20.477 [info] > git blame --root --incremental 06bb28050d2c500c4f01db53c1d35e23a37c7845 -- Code - OSS/User/History/-38ff91d1/95PE.toml [4ms]
2025-07-20 18:45:20.709 [info] > git check-ignore -v -z --stdin [8ms]
2025-07-20 18:45:22.327 [info] > git config --get commit.template [4ms]
2025-07-20 18:45:22.354 [info] > git for-each-ref --format=%(refname)%00%(upstream:short)%00%(objectname)%00%(upstream:track)%00%(upstream:remotename)%00%(upstream:remoteref) refs/heads/main refs/remotes/main [8ms]
2025-07-20 18:45:22.403 [info] > git for-each-ref --sort -committerdate --format %(refname)%00%(objectname)%00%(*objectname) [2ms]
2025-07-20 18:45:22.540 [info] > git status -z -uall [158ms]
2025-07-20 18:45:23.268 [info] > git show --textconv :Code - OSS/User/History/-38ff91d1/crcK.toml [20ms]
2025-07-20 18:45:23.278 [info] > git ls-files --stage -- Code - OSS/User/History/-38ff91d1/crcK.toml [11ms]
2025-07-20 18:45:23.299 [info] > git cat-file -s c99d4aeb21655e8ef7fe7e2ad6dd106381784e7f [6ms]
2025-07-20 18:45:23.340 [info] > git blame --root --incremental 06bb28050d2c500c4f01db53c1d35e23a37c7845 -- Code - OSS/User/History/-38ff91d1/crcK.toml [6ms]
2025-07-20 18:45:25.957 [info] > git show --textconv :Code - OSS/User/History/-38ff91d1/LAYj.toml [15ms]
2025-07-20 18:45:25.965 [info] > git ls-files --stage -- Code - OSS/User/History/-38ff91d1/LAYj.toml [8ms]
2025-07-20 18:45:25.977 [info] > git cat-file -s e1cc7d538d0bad9edaa5999cac7d9d650826e1bc [2ms]
2025-07-20 18:45:25.990 [info] > git blame --root --incremental 06bb28050d2c500c4f01db53c1d35e23a37c7845 -- Code - OSS/User/History/-38ff91d1/LAYj.toml [3ms]
2025-07-20 18:45:26.826 [info] > git check-ignore -v -z --stdin [8ms]
2025-07-20 18:45:27.599 [info] > git config --get commit.template [16ms]
2025-07-20 18:45:27.601 [info] > git for-each-ref --format=%(refname)%00%(upstream:short)%00%(objectname)%00%(upstream:track)%00%(upstream:remotename)%00%(upstream:remoteref) refs/heads/main refs/remotes/main [4ms]
2025-07-20 18:45:27.622 [info] > git for-each-ref --sort -committerdate --format %(refname)%00%(objectname)%00%(*objectname) [2ms]
2025-07-20 18:45:27.761 [info] > git status -z -uall [151ms]
2025-07-20 18:45:28.659 [info] > git check-ignore -v -z --stdin [2ms]
2025-07-20 18:45:30.836 [info] > git check-ignore -v -z --stdin [12ms]
2025-07-20 18:45:32.441 [info] > git check-ignore -v -z --stdin [6ms]
2025-07-20 18:45:32.805 [info] > git config --get commit.template [14ms]
2025-07-20 18:45:32.808 [info] > git for-each-ref --format=%(refname)%00%(upstream:short)%00%(objectname)%00%(upstream:track)%00%(upstream:remotename)%00%(upstream:remoteref) refs/heads/main refs/remotes/main [4ms]
2025-07-20 18:45:32.825 [info] > git for-each-ref --sort -committerdate --format %(refname)%00%(objectname)%00%(*objectname) [1ms]
2025-07-20 18:45:32.957 [info] > git status -z -uall [141ms]
2025-07-20 18:45:34.845 [info] > git check-ignore -v -z --stdin [6ms]
2025-07-20 18:45:36.956 [info] > git show --textconv :Code - OSS/User/History/4752e674/7FEI.css [20ms]
2025-07-20 18:45:36.964 [info] > git ls-files --stage -- Code - OSS/User/History/4752e674/7FEI.css [9ms]
2025-07-20 18:45:36.983 [info] > git cat-file -s e6bb68fbf0b4da4c9d916739e769262c9321ebd5 [6ms]
2025-07-20 18:45:37.011 [info] > git blame --root --incremental 06bb28050d2c500c4f01db53c1d35e23a37c7845 -- Code - OSS/User/History/4752e674/7FEI.css [6ms]
2025-07-20 18:45:37.238 [info] > git check-ignore -v -z --stdin [9ms]
2025-07-20 18:45:38.006 [info] > git config --get commit.template [4ms]
2025-07-20 18:45:38.021 [info] > git for-each-ref --format=%(refname)%00%(upstream:short)%00%(objectname)%00%(upstream:track)%00%(upstream:remotename)%00%(upstream:remoteref) refs/heads/main refs/remotes/main [3ms]
2025-07-20 18:45:38.053 [info] > git for-each-ref --sort -committerdate --format %(refname)%00%(objectname)%00%(*objectname) [3ms]
2025-07-20 18:45:38.182 [info] > git status -z -uall [147ms]
2025-07-20 18:45:39.705 [info] > git show --textconv :hypr/hyprland.conf [16ms]
2025-07-20 18:45:39.707 [info] > git ls-files --stage -- hypr/hyprland.conf [4ms]
2025-07-20 18:45:39.721 [info] > git cat-file -s 67c91d3409f7f3cc67e2d5e796b1fc8c06b6df6b [4ms]
2025-07-20 18:45:43.253 [info] > git config --get commit.template [26ms]
2025-07-20 18:45:43.259 [info] > git for-each-ref --format=%(refname)%00%(upstream:short)%00%(objectname)%00%(upstream:track)%00%(upstream:remotename)%00%(upstream:remoteref) refs/heads/main refs/remotes/main [10ms]
2025-07-20 18:45:43.293 [info] > git show --textconv :hypr/hyprland.conf [18ms]
2025-07-20 18:45:43.332 [info] > git ls-files --stage -- hypr/hyprland.conf [40ms]
2025-07-20 18:45:43.337 [info] > git for-each-ref --sort -committerdate --format %(refname)%00%(objectname)%00%(*objectname) [6ms]
2025-07-20 18:45:43.339 [info] > git cat-file -s 67c91d3409f7f3cc67e2d5e796b1fc8c06b6df6b [2ms]
2025-07-20 18:45:43.488 [info] > git status -z -uall [175ms]
2025-07-20 18:45:48.526 [info] > git config --get commit.template [3ms]
2025-07-20 18:45:48.542 [info] > git for-each-ref --format=%(refname)%00%(upstream:short)%00%(objectname)%00%(upstream:track)%00%(upstream:remotename)%00%(upstream:remoteref) refs/heads/main refs/remotes/main [2ms]
2025-07-20 18:45:48.577 [info] > git for-each-ref --sort -committerdate --format %(refname)%00%(objectname)%00%(*objectname) [2ms]
2025-07-20 18:45:48.709 [info] > git status -z -uall [147ms]
2025-07-20 18:45:53.755 [info] > git config --get commit.template [10ms]
2025-07-20 18:45:53.757 [info] > git for-each-ref --format=%(refname)%00%(upstream:short)%00%(objectname)%00%(upstream:track)%00%(upstream:remotename)%00%(upstream:remoteref) refs/heads/main refs/remotes/main [3ms]
2025-07-20 18:45:53.781 [info] > git for-each-ref --sort -committerdate --format %(refname)%00%(objectname)%00%(*objectname) [2ms]
2025-07-20 18:45:53.964 [info] > git status -z -uall [198ms]
2025-07-20 18:45:59.011 [info] > git config --get commit.template [2ms]
2025-07-20 18:45:59.025 [info] > git for-each-ref --format=%(refname)%00%(upstream:short)%00%(objectname)%00%(upstream:track)%00%(upstream:remotename)%00%(upstream:remoteref) refs/heads/main refs/remotes/main [4ms]
2025-07-20 18:45:59.051 [info] > git for-each-ref --sort -committerdate --format %(refname)%00%(objectname)%00%(*objectname) [2ms]
2025-07-20 18:45:59.193 [info] > git status -z -uall [157ms]
2025-07-20 18:46:04.259 [info] > git config --get commit.template [21ms]
2025-07-20 18:46:04.263 [info] > git for-each-ref --format=%(refname)%00%(upstream:short)%00%(objectname)%00%(upstream:track)%00%(upstream:remotename)%00%(upstream:remoteref) refs/heads/main refs/remotes/main [6ms]
2025-07-20 18:46:04.297 [info] > git for-each-ref --sort -committerdate --format %(refname)%00%(objectname)%00%(*objectname) [2ms]
2025-07-20 18:46:04.429 [info] > git status -z -uall [147ms]
2025-07-20 18:46:09.488 [info] > git config --get commit.template [22ms]
2025-07-20 18:46:09.494 [info] > git for-each-ref --format=%(refname)%00%(upstream:short)%00%(objectname)%00%(upstream:track)%00%(upstream:remotename)%00%(upstream:remoteref) refs/heads/main refs/remotes/main [7ms]
2025-07-20 18:46:09.531 [info] > git for-each-ref --sort -committerdate --format %(refname)%00%(objectname)%00%(*objectname) [2ms]
2025-07-20 18:46:09.670 [info] > git status -z -uall [154ms]
2025-07-20 18:46:14.730 [info] > git config --get commit.template [20ms]
2025-07-20 18:46:14.733 [info] > git for-each-ref --format=%(refname)%00%(upstream:short)%00%(objectname)%00%(upstream:track)%00%(upstream:remotename)%00%(upstream:remoteref) refs/heads/main refs/remotes/main [5ms]
2025-07-20 18:46:14.773 [info] > git for-each-ref --sort -committerdate --format %(refname)%00%(objectname)%00%(*objectname) [3ms]
2025-07-20 18:46:14.908 [info] > git status -z -uall [156ms]
2025-07-20 18:46:19.957 [info] > git config --get commit.template [3ms]
2025-07-20 18:46:19.979 [info] > git for-each-ref --format=%(refname)%00%(upstream:short)%00%(objectname)%00%(upstream:track)%00%(upstream:remotename)%00%(upstream:remoteref) refs/heads/main refs/remotes/main [5ms]
2025-07-20 18:46:19.993 [info] > git for-each-ref --sort -committerdate --format %(refname)%00%(objectname)%00%(*objectname) [1ms]
2025-07-20 18:46:20.123 [info] > git status -z -uall [136ms]
2025-07-20 18:46:25.191 [info] > git config --get commit.template [20ms]
2025-07-20 18:46:25.195 [info] > git for-each-ref --format=%(refname)%00%(upstream:short)%00%(objectname)%00%(upstream:track)%00%(upstream:remotename)%00%(upstream:remoteref) refs/heads/main refs/remotes/main [6ms]
2025-07-20 18:46:25.222 [info] > git for-each-ref --sort -committerdate --format %(refname)%00%(objectname)%00%(*objectname) [2ms]
2025-07-20 18:46:25.353 [info] > git status -z -uall [142ms]
2025-07-20 18:46:28.210 [info] > git config --get commit.template [8ms]
2025-07-20 18:46:28.211 [info] > git for-each-ref --format=%(refname)%00%(upstream:short)%00%(objectname)%00%(upstream:track)%00%(upstream:remotename)%00%(upstream:remoteref) refs/heads/main refs/remotes/main [2ms]
2025-07-20 18:46:28.227 [info] > git for-each-ref --sort -committerdate --format %(refname)%00%(objectname)%00%(*objectname) [2ms]
2025-07-20 18:46:29.162 [info] > git status -z -uall [945ms]
2025-07-20 18:46:29.482 [info] > git ls-files --stage -- hypr/hyprland.conf [7ms]
2025-07-20 18:46:29.492 [info] > git cat-file -s 56d652e4b515ae7cb755d8761fcfd238f86b4b4d [2ms]
2025-07-20 18:46:29.542 [info] > git show --textconv :hypr/hyprland.conf [2ms]
2025-07-20 18:46:29.822 [info] > git show --textconv HEAD:hypr/hyprland.conf [12ms]
2025-07-20 18:46:29.825 [info] > git ls-tree -l HEAD -- hypr/hyprland.conf [4ms]
2025-07-20 18:46:30.409 [info] > git config --get commit.template [18ms]
2025-07-20 18:46:30.412 [info] > git for-each-ref --format=%(refname)%00%(upstream:short)%00%(objectname)%00%(upstream:track)%00%(upstream:remotename)%00%(upstream:remoteref) refs/heads/main refs/remotes/main [5ms]
2025-07-20 18:46:30.441 [info] > git for-each-ref --sort -committerdate --format %(refname)%00%(objectname)%00%(*objectname) [3ms]
2025-07-20 18:46:31.299 [info] > git status -z -uall [874ms]
2025-07-20 18:46:36.348 [info] > git config --get commit.template [22ms]
2025-07-20 18:46:36.351 [info] > git for-each-ref --format=%(refname)%00%(upstream:short)%00%(objectname)%00%(upstream:track)%00%(upstream:remotename)%00%(upstream:remoteref) refs/heads/main refs/remotes/main [5ms]
2025-07-20 18:46:36.377 [info] > git for-each-ref --sort -committerdate --format %(refname)%00%(objectname)%00%(*objectname) [2ms]
2025-07-20 18:46:37.221 [info] > git status -z -uall [855ms]
2025-07-20 18:46:42.261 [info] > git config --get commit.template [15ms]
2025-07-20 18:46:42.262 [info] > git for-each-ref --format=%(refname)%00%(upstream:short)%00%(objectname)%00%(upstream:track)%00%(upstream:remotename)%00%(upstream:remoteref) refs/heads/main refs/remotes/main [3ms]
2025-07-20 18:46:42.289 [info] > git for-each-ref --sort -committerdate --format %(refname)%00%(objectname)%00%(*objectname) [1ms]
2025-07-20 18:46:43.141 [info] > git status -z -uall [864ms]
2025-07-20 18:46:48.172 [info] > git config --get commit.template [3ms]
2025-07-20 18:46:48.192 [info] > git for-each-ref --format=%(refname)%00%(upstream:short)%00%(objectname)%00%(upstream:track)%00%(upstream:remotename)%00%(upstream:remoteref) refs/heads/main refs/remotes/main [3ms]
2025-07-20 18:46:48.227 [info] > git for-each-ref --sort -committerdate --format %(refname)%00%(objectname)%00%(*objectname) [1ms]
2025-07-20 18:46:49.066 [info] > git status -z -uall [856ms]
