2025-07-19 21:40:19.750 [info] [main] Log level: Info
2025-07-19 21:40:19.750 [info] [main] Validating found git in: "git"
2025-07-19 21:40:19.750 [info] [main] Using git "2.50.1" from "git"
2025-07-19 21:40:19.750 [info] [Model][doInitialScan] Initial repository scan started
2025-07-19 21:40:19.750 [info] [Model][doInitialScan] Initial repository scan completed - repositories (0), closed repositories (0), parent repositories (0), unsafe repositories (0)
2025-07-19 21:40:24.208 [info] [main] Log level: Info
2025-07-19 21:40:24.208 [info] [main] Validating found git in: "git"
2025-07-19 21:40:24.208 [info] [main] Using git "2.50.1" from "git"
2025-07-19 21:40:24.208 [info] [Model][doInitialScan] Initial repository scan started
2025-07-19 21:40:24.208 [info] > git rev-parse --show-toplevel [4ms]
2025-07-19 21:40:24.208 [info] fatal: not a git repository (or any of the parent directories): .git
2025-07-19 21:40:24.213 [info] > git rev-parse --show-toplevel [1ms]
2025-07-19 21:40:24.213 [info] fatal: not a git repository (or any of the parent directories): .git
2025-07-19 21:40:24.221 [info] > git rev-parse --show-toplevel [1ms]
2025-07-19 21:40:24.221 [info] fatal: not a git repository (or any of the parent directories): .git
2025-07-19 21:40:24.228 [info] > git rev-parse --show-toplevel [2ms]
2025-07-19 21:40:24.228 [info] fatal: not a git repository (or any of the parent directories): .git
2025-07-19 21:40:24.233 [info] > git rev-parse --show-toplevel [1ms]
2025-07-19 21:40:24.233 [info] fatal: not a git repository (or any of the parent directories): .git
2025-07-19 21:40:24.238 [info] > git rev-parse --show-toplevel [1ms]
2025-07-19 21:40:24.238 [info] fatal: not a git repository (or any of the parent directories): .git
2025-07-19 21:40:24.243 [info] > git rev-parse --show-toplevel [1ms]
2025-07-19 21:40:24.243 [info] fatal: not a git repository (or any of the parent directories): .git
2025-07-19 21:40:24.249 [info] > git rev-parse --show-toplevel [1ms]
2025-07-19 21:40:24.249 [info] fatal: not a git repository (or any of the parent directories): .git
2025-07-19 21:40:24.255 [info] > git rev-parse --show-toplevel [1ms]
2025-07-19 21:40:24.255 [info] fatal: not a git repository (or any of the parent directories): .git
2025-07-19 21:40:24.264 [info] > git rev-parse --show-toplevel [5ms]
2025-07-19 21:40:24.264 [info] fatal: not a git repository (or any of the parent directories): .git
2025-07-19 21:40:24.270 [info] > git rev-parse --show-toplevel [2ms]
2025-07-19 21:40:24.270 [info] fatal: not a git repository (or any of the parent directories): .git
2025-07-19 21:40:24.294 [info] > git rev-parse --show-toplevel [3ms]
2025-07-19 21:40:24.294 [info] fatal: not a git repository (or any of the parent directories): .git
2025-07-19 21:40:24.300 [info] > git rev-parse --show-toplevel [1ms]
2025-07-19 21:40:24.300 [info] fatal: not a git repository (or any of the parent directories): .git
2025-07-19 21:40:24.305 [info] > git rev-parse --show-toplevel [2ms]
2025-07-19 21:40:24.305 [info] fatal: not a git repository (or any of the parent directories): .git
2025-07-19 21:40:24.310 [info] > git rev-parse --show-toplevel [1ms]
2025-07-19 21:40:24.310 [info] fatal: not a git repository (or any of the parent directories): .git
2025-07-19 21:40:24.316 [info] > git rev-parse --show-toplevel [1ms]
2025-07-19 21:40:24.316 [info] fatal: not a git repository (or any of the parent directories): .git
2025-07-19 21:40:24.320 [info] > git rev-parse --show-toplevel [1ms]
2025-07-19 21:40:24.320 [info] fatal: not a git repository (or any of the parent directories): .git
2025-07-19 21:40:24.325 [info] > git rev-parse --show-toplevel [1ms]
2025-07-19 21:40:24.325 [info] fatal: not a git repository (or any of the parent directories): .git
2025-07-19 21:40:24.332 [info] > git rev-parse --show-toplevel [2ms]
2025-07-19 21:40:24.332 [info] fatal: not a git repository (or any of the parent directories): .git
2025-07-19 21:40:24.340 [info] > git rev-parse --show-toplevel [2ms]
2025-07-19 21:40:24.340 [info] fatal: not a git repository (or any of the parent directories): .git
2025-07-19 21:40:24.352 [info] > git rev-parse --show-toplevel [5ms]
2025-07-19 21:40:24.352 [info] fatal: not a git repository (or any of the parent directories): .git
2025-07-19 21:40:24.372 [info] > git rev-parse --show-toplevel [1ms]
2025-07-19 21:40:24.372 [info] fatal: not a git repository (or any of the parent directories): .git
2025-07-19 21:40:24.382 [info] > git rev-parse --show-toplevel [2ms]
2025-07-19 21:40:24.382 [info] fatal: not a git repository (or any of the parent directories): .git
2025-07-19 21:40:24.392 [info] > git rev-parse --show-toplevel [2ms]
2025-07-19 21:40:24.392 [info] fatal: not a git repository (or any of the parent directories): .git
2025-07-19 21:40:24.400 [info] > git rev-parse --show-toplevel [1ms]
2025-07-19 21:40:24.400 [info] fatal: not a git repository (or any of the parent directories): .git
2025-07-19 21:40:24.413 [info] > git rev-parse --show-toplevel [3ms]
2025-07-19 21:40:24.413 [info] fatal: not a git repository (or any of the parent directories): .git
2025-07-19 21:40:24.429 [info] > git rev-parse --show-toplevel [6ms]
2025-07-19 21:40:24.429 [info] fatal: not a git repository (or any of the parent directories): .git
2025-07-19 21:40:24.448 [info] > git rev-parse --show-toplevel [4ms]
2025-07-19 21:40:24.448 [info] fatal: not a git repository (or any of the parent directories): .git
2025-07-19 21:40:24.469 [info] > git rev-parse --show-toplevel [4ms]
2025-07-19 21:40:24.469 [info] fatal: not a git repository (or any of the parent directories): .git
2025-07-19 21:40:24.496 [info] > git rev-parse --show-toplevel [6ms]
2025-07-19 21:40:24.496 [info] fatal: not a git repository (or any of the parent directories): .git
2025-07-19 21:40:24.519 [info] > git rev-parse --show-toplevel [4ms]
2025-07-19 21:40:24.519 [info] fatal: not a git repository (or any of the parent directories): .git
2025-07-19 21:40:24.547 [info] > git rev-parse --show-toplevel [9ms]
2025-07-19 21:40:24.547 [info] fatal: not a git repository (or any of the parent directories): .git
2025-07-19 21:40:24.563 [info] > git rev-parse --show-toplevel [2ms]
2025-07-19 21:40:24.563 [info] fatal: not a git repository (or any of the parent directories): .git
2025-07-19 21:40:24.570 [info] > git rev-parse --show-toplevel [1ms]
2025-07-19 21:40:24.570 [info] fatal: not a git repository (or any of the parent directories): .git
2025-07-19 21:40:24.576 [info] > git rev-parse --show-toplevel [1ms]
2025-07-19 21:40:24.576 [info] fatal: not a git repository (or any of the parent directories): .git
2025-07-19 21:40:24.576 [info] [Model][doInitialScan] Initial repository scan completed - repositories (0), closed repositories (0), parent repositories (0), unsafe repositories (0)
2025-07-19 21:40:34.354 [info] > git rev-parse --show-toplevel [2ms]
2025-07-19 21:40:34.354 [info] fatal: not a git repository (or any of the parent directories): .git
