2025-07-20 19:54:46.274 [info] [main] Log level: Info
2025-07-20 19:54:46.274 [info] [main] Validating found git in: "git"
2025-07-20 19:54:46.274 [info] [main] Using git "2.50.1" from "git"
2025-07-20 19:54:46.274 [info] [Model][doInitialScan] Initial repository scan started
2025-07-20 19:54:46.274 [info] > git rev-parse --show-toplevel [14ms]
2025-07-20 19:54:46.274 [info] > git rev-parse --git-dir --git-common-dir [1ms]
2025-07-20 19:54:46.274 [info] [Model][openRepository] Opened repository (path): /home/arch/.config
2025-07-20 19:54:46.274 [info] [Model][openRepository] Opened repository (real path): /home/arch/.config
2025-07-20 19:54:46.274 [info] > git for-each-ref --format=%(refname)%00%(upstream:short)%00%(objectname)%00%(upstream:track)%00%(upstream:remotename)%00%(upstream:remoteref) refs/heads/main refs/remotes/main [4ms]
2025-07-20 19:54:46.274 [info] > git config --get commit.template [12ms]
2025-07-20 19:54:46.275 [info] > git for-each-ref --sort -committerdate --format %(refname)%00%(objectname)%00%(*objectname) [2ms]
2025-07-20 19:54:46.353 [info] > git status -z -uall [88ms]
2025-07-20 19:54:46.384 [info] > git for-each-ref --format=%(refname)%00%(upstream:short)%00%(objectname)%00%(upstream:track)%00%(upstream:remotename)%00%(upstream:remoteref) refs/heads/main refs/remotes/main [8ms]
2025-07-20 19:54:46.398 [info] > git config --get --local branch.main.vscode-merge-base [9ms]
2025-07-20 19:54:46.398 [warning] [Git][config] git config failed: Failed to execute git
2025-07-20 19:54:46.403 [info] > git config --get commit.template [20ms]
2025-07-20 19:54:46.404 [info] > git rev-parse --show-toplevel [7ms]
2025-07-20 19:54:46.413 [info] > git for-each-ref --format=%(refname)%00%(upstream:short)%00%(objectname)%00%(upstream:track)%00%(upstream:remotename)%00%(upstream:remoteref) refs/heads/main refs/remotes/main [5ms]
2025-07-20 19:54:46.414 [info] > git reflog main --grep-reflog=branch: Created from *. [11ms]
2025-07-20 19:54:46.418 [info] > git rev-parse --show-toplevel [5ms]
2025-07-20 19:54:46.423 [info] > git symbolic-ref --short refs/remotes/origin/HEAD [5ms]
2025-07-20 19:54:46.423 [info] fatal: ref refs/remotes/origin/HEAD is not a symbolic ref
2025-07-20 19:54:46.424 [warning] [Repository][getDefaultBranch] Failed to get default branch details: Failed to execute git.
2025-07-20 19:54:46.431 [info] > git rev-parse --show-toplevel [8ms]
2025-07-20 19:54:46.446 [info] > git merge-base refs/heads/main refs/remotes/origin/main [17ms]
2025-07-20 19:54:46.454 [info] > git rev-parse --show-toplevel [8ms]
2025-07-20 19:54:46.454 [info] > git for-each-ref --sort -committerdate --format %(refname)%00%(objectname)%00%(*objectname) [12ms]
2025-07-20 19:54:46.499 [info] > git status -z -uall [63ms]
2025-07-20 19:54:46.516 [info] > git diff --name-status -z --diff-filter=ADMR d5c28b4d7b60b83779eb1c71f54ecf19e45ee401...refs/remotes/origin/main [63ms]
2025-07-20 19:54:46.521 [info] > git merge-base refs/heads/main refs/remotes/origin/main [7ms]
2025-07-20 19:54:46.527 [info] > git rev-parse --show-toplevel [28ms]
2025-07-20 19:54:46.534 [info] > git diff --name-status -z --diff-filter=ADMR d5c28b4d7b60b83779eb1c71f54ecf19e45ee401...refs/remotes/origin/main [8ms]
2025-07-20 19:54:46.536 [info] > git rev-parse --show-toplevel [3ms]
2025-07-20 19:54:46.557 [info] > git rev-parse --show-toplevel [2ms]
2025-07-20 19:54:46.563 [info] > git rev-parse --show-toplevel [1ms]
2025-07-20 19:54:46.570 [info] > git rev-parse --show-toplevel [1ms]
2025-07-20 19:54:46.575 [info] > git rev-parse --show-toplevel [1ms]
2025-07-20 19:54:46.581 [info] > git rev-parse --show-toplevel [1ms]
2025-07-20 19:54:46.596 [info] > git rev-parse --show-toplevel [11ms]
2025-07-20 19:54:46.602 [info] > git rev-parse --show-toplevel [1ms]
2025-07-20 19:54:46.635 [info] > git rev-parse --show-toplevel [1ms]
2025-07-20 19:54:46.641 [info] > git rev-parse --show-toplevel [1ms]
2025-07-20 19:54:46.647 [info] > git rev-parse --show-toplevel [1ms]
2025-07-20 19:54:46.653 [info] > git rev-parse --show-toplevel [1ms]
2025-07-20 19:54:46.659 [info] > git rev-parse --show-toplevel [1ms]
2025-07-20 19:54:46.664 [info] > git rev-parse --show-toplevel [1ms]
2025-07-20 19:54:46.670 [info] > git rev-parse --show-toplevel [1ms]
2025-07-20 19:54:46.676 [info] > git rev-parse --show-toplevel [1ms]
2025-07-20 19:54:46.682 [info] > git rev-parse --show-toplevel [1ms]
2025-07-20 19:54:46.688 [info] > git rev-parse --show-toplevel [1ms]
2025-07-20 19:54:46.694 [info] > git rev-parse --show-toplevel [0ms]
2025-07-20 19:54:46.726 [info] > git rev-parse --show-toplevel [29ms]
2025-07-20 19:54:46.735 [info] > git check-ignore -v -z --stdin [5ms]
2025-07-20 19:54:46.737 [info] > git rev-parse --show-toplevel [3ms]
2025-07-20 19:54:46.742 [info] > git rev-parse --show-toplevel [1ms]
2025-07-20 19:54:46.747 [info] > git rev-parse --show-toplevel [1ms]
2025-07-20 19:54:46.751 [info] > git rev-parse --show-toplevel [0ms]
2025-07-20 19:54:46.756 [info] > git rev-parse --show-toplevel [1ms]
2025-07-20 19:54:46.761 [info] > git rev-parse --show-toplevel [1ms]
2025-07-20 19:54:46.765 [info] > git rev-parse --show-toplevel [1ms]
2025-07-20 19:54:46.770 [info] > git rev-parse --show-toplevel [1ms]
2025-07-20 19:54:46.771 [info] [Model][doInitialScan] Initial repository scan completed - repositories (1), closed repositories (0), parent repositories (0), unsafe repositories (0)
2025-07-20 19:54:47.645 [info] > git check-ignore -v -z --stdin [2ms]
2025-07-20 19:55:15.586 [info] > git config --get commit.template [8ms]
2025-07-20 19:55:15.587 [info] > git for-each-ref --format=%(refname)%00%(upstream:short)%00%(objectname)%00%(upstream:track)%00%(upstream:remotename)%00%(upstream:remoteref) refs/heads/main refs/remotes/main [2ms]
2025-07-20 19:55:15.601 [info] > git for-each-ref --sort -committerdate --format %(refname)%00%(objectname)%00%(*objectname) [2ms]
2025-07-20 19:55:15.644 [info] > git status -z -uall [51ms]
2025-07-20 19:55:18.619 [info] > git check-ignore -v -z --stdin [3ms]
2025-07-20 19:55:20.664 [info] > git config --get commit.template [4ms]
2025-07-20 19:55:20.665 [info] > git for-each-ref --format=%(refname)%00%(upstream:short)%00%(objectname)%00%(upstream:track)%00%(upstream:remotename)%00%(upstream:remoteref) refs/heads/main refs/remotes/main [1ms]
2025-07-20 19:55:20.674 [info] > git for-each-ref --sort -committerdate --format %(refname)%00%(objectname)%00%(*objectname) [1ms]
2025-07-20 19:55:20.721 [info] > git status -z -uall [52ms]
2025-07-20 19:55:25.744 [info] > git config --get commit.template [6ms]
2025-07-20 19:55:25.744 [info] > git for-each-ref --format=%(refname)%00%(upstream:short)%00%(objectname)%00%(upstream:track)%00%(upstream:remotename)%00%(upstream:remoteref) refs/heads/main refs/remotes/main [1ms]
2025-07-20 19:55:25.754 [info] > git for-each-ref --sort -committerdate --format %(refname)%00%(objectname)%00%(*objectname) [1ms]
2025-07-20 19:55:25.794 [info] > git status -z -uall [46ms]
2025-07-20 19:55:26.436 [info] > git check-ignore -v -z --stdin [2ms]
2025-07-20 19:55:30.587 [info] > git check-ignore -v -z --stdin [3ms]
2025-07-20 19:55:30.808 [info] > git config --get commit.template [4ms]
2025-07-20 19:55:30.809 [info] > git for-each-ref --format=%(refname)%00%(upstream:short)%00%(objectname)%00%(upstream:track)%00%(upstream:remotename)%00%(upstream:remoteref) refs/heads/main refs/remotes/main [1ms]
2025-07-20 19:55:30.819 [info] > git for-each-ref --sort -committerdate --format %(refname)%00%(objectname)%00%(*objectname) [2ms]
2025-07-20 19:55:30.863 [info] > git status -z -uall [50ms]
2025-07-20 19:55:31.345 [info] > git check-ignore -v -z --stdin [3ms]
2025-07-20 19:55:35.877 [info] > git config --get commit.template [4ms]
2025-07-20 19:55:35.878 [info] > git for-each-ref --format=%(refname)%00%(upstream:short)%00%(objectname)%00%(upstream:track)%00%(upstream:remotename)%00%(upstream:remoteref) refs/heads/main refs/remotes/main [1ms]
2025-07-20 19:55:35.889 [info] > git for-each-ref --sort -committerdate --format %(refname)%00%(objectname)%00%(*objectname) [2ms]
2025-07-20 19:55:35.933 [info] > git status -z -uall [50ms]
2025-07-20 19:55:36.210 [info] > git check-ignore -v -z --stdin [3ms]
2025-07-20 19:55:40.953 [info] > git config --get commit.template [5ms]
2025-07-20 19:55:40.954 [info] > git for-each-ref --format=%(refname)%00%(upstream:short)%00%(objectname)%00%(upstream:track)%00%(upstream:remotename)%00%(upstream:remoteref) refs/heads/main refs/remotes/main [1ms]
2025-07-20 19:55:40.965 [info] > git for-each-ref --sort -committerdate --format %(refname)%00%(objectname)%00%(*objectname) [1ms]
2025-07-20 19:55:41.009 [info] > git status -z -uall [50ms]
2025-07-20 19:55:46.027 [info] > git config --get commit.template [5ms]
2025-07-20 19:55:46.028 [info] > git for-each-ref --format=%(refname)%00%(upstream:short)%00%(objectname)%00%(upstream:track)%00%(upstream:remotename)%00%(upstream:remoteref) refs/heads/main refs/remotes/main [1ms]
2025-07-20 19:55:46.039 [info] > git for-each-ref --sort -committerdate --format %(refname)%00%(objectname)%00%(*objectname) [1ms]
2025-07-20 19:55:46.083 [info] > git status -z -uall [50ms]
2025-07-20 19:55:51.101 [info] > git config --get commit.template [6ms]
2025-07-20 19:55:51.102 [info] > git for-each-ref --format=%(refname)%00%(upstream:short)%00%(objectname)%00%(upstream:track)%00%(upstream:remotename)%00%(upstream:remoteref) refs/heads/main refs/remotes/main [2ms]
2025-07-20 19:55:51.111 [info] > git for-each-ref --sort -committerdate --format %(refname)%00%(objectname)%00%(*objectname) [2ms]
2025-07-20 19:55:51.152 [info] > git status -z -uall [46ms]
2025-07-20 19:56:14.568 [info] > git config --get commit.template [1ms]
2025-07-20 19:56:14.576 [info] > git for-each-ref --format=%(refname)%00%(upstream:short)%00%(objectname)%00%(upstream:track)%00%(upstream:remotename)%00%(upstream:remoteref) refs/heads/main refs/remotes/main [1ms]
2025-07-20 19:56:14.590 [info] > git for-each-ref --sort -committerdate --format %(refname)%00%(objectname)%00%(*objectname) [2ms]
2025-07-20 19:56:14.635 [info] > git status -z -uall [53ms]
2025-07-20 19:56:19.655 [info] > git config --get commit.template [6ms]
2025-07-20 19:56:19.655 [info] > git for-each-ref --format=%(refname)%00%(upstream:short)%00%(objectname)%00%(upstream:track)%00%(upstream:remotename)%00%(upstream:remoteref) refs/heads/main refs/remotes/main [1ms]
2025-07-20 19:56:19.666 [info] > git for-each-ref --sort -committerdate --format %(refname)%00%(objectname)%00%(*objectname) [1ms]
2025-07-20 19:56:19.715 [info] > git status -z -uall [55ms]
2025-07-20 19:56:24.730 [info] > git config --get commit.template [5ms]
2025-07-20 19:56:24.731 [info] > git for-each-ref --format=%(refname)%00%(upstream:short)%00%(objectname)%00%(upstream:track)%00%(upstream:remotename)%00%(upstream:remoteref) refs/heads/main refs/remotes/main [2ms]
2025-07-20 19:56:24.740 [info] > git for-each-ref --sort -committerdate --format %(refname)%00%(objectname)%00%(*objectname) [2ms]
2025-07-20 19:56:24.783 [info] > git status -z -uall [47ms]
2025-07-20 19:56:28.241 [info] > git check-ignore -v -z --stdin [3ms]
2025-07-20 19:56:29.798 [info] > git config --get commit.template [5ms]
2025-07-20 19:56:29.799 [info] > git for-each-ref --format=%(refname)%00%(upstream:short)%00%(objectname)%00%(upstream:track)%00%(upstream:remotename)%00%(upstream:remoteref) refs/heads/main refs/remotes/main [1ms]
2025-07-20 19:56:29.810 [info] > git for-each-ref --sort -committerdate --format %(refname)%00%(objectname)%00%(*objectname) [1ms]
2025-07-20 19:56:29.850 [info] > git status -z -uall [46ms]
2025-07-20 19:56:34.871 [info] > git config --get commit.template [6ms]
2025-07-20 19:56:34.871 [info] > git for-each-ref --format=%(refname)%00%(upstream:short)%00%(objectname)%00%(upstream:track)%00%(upstream:remotename)%00%(upstream:remoteref) refs/heads/main refs/remotes/main [1ms]
2025-07-20 19:56:34.883 [info] > git for-each-ref --sort -committerdate --format %(refname)%00%(objectname)%00%(*objectname) [1ms]
2025-07-20 19:56:34.928 [info] > git status -z -uall [51ms]
2025-07-20 19:57:30.093 [info] > git config --get commit.template [8ms]
2025-07-20 19:57:30.094 [info] > git for-each-ref --format=%(refname)%00%(upstream:short)%00%(objectname)%00%(upstream:track)%00%(upstream:remotename)%00%(upstream:remoteref) refs/heads/main refs/remotes/main [1ms]
2025-07-20 19:57:30.108 [info] > git for-each-ref --sort -committerdate --format %(refname)%00%(objectname)%00%(*objectname) [1ms]
2025-07-20 19:57:30.151 [info] > git status -z -uall [50ms]
2025-07-20 19:57:32.998 [info] > git check-ignore -v -z --stdin [2ms]
2025-07-20 19:57:35.172 [info] > git config --get commit.template [6ms]
2025-07-20 19:57:35.173 [info] > git for-each-ref --format=%(refname)%00%(upstream:short)%00%(objectname)%00%(upstream:track)%00%(upstream:remotename)%00%(upstream:remoteref) refs/heads/main refs/remotes/main [1ms]
2025-07-20 19:57:35.186 [info] > git for-each-ref --sort -committerdate --format %(refname)%00%(objectname)%00%(*objectname) [2ms]
2025-07-20 19:57:35.240 [info] > git status -z -uall [62ms]
2025-07-20 20:01:16.193 [info] > git config --get commit.template [7ms]
2025-07-20 20:01:16.194 [info] > git for-each-ref --format=%(refname)%00%(upstream:short)%00%(objectname)%00%(upstream:track)%00%(upstream:remotename)%00%(upstream:remoteref) refs/heads/main refs/remotes/main [2ms]
2025-07-20 20:01:16.206 [info] > git for-each-ref --sort -committerdate --format %(refname)%00%(objectname)%00%(*objectname) [1ms]
2025-07-20 20:01:16.247 [info] > git status -z -uall [48ms]
2025-07-20 20:01:21.268 [info] > git config --get commit.template [4ms]
2025-07-20 20:01:21.271 [info] > git for-each-ref --format=%(refname)%00%(upstream:short)%00%(objectname)%00%(upstream:track)%00%(upstream:remotename)%00%(upstream:remoteref) refs/heads/main refs/remotes/main [3ms]
2025-07-20 20:01:21.284 [info] > git for-each-ref --sort -committerdate --format %(refname)%00%(objectname)%00%(*objectname) [2ms]
2025-07-20 20:01:21.333 [info] > git status -z -uall [56ms]
2025-07-20 20:01:22.429 [info] > git check-ignore -v -z --stdin [3ms]
2025-07-20 20:01:23.673 [info] > git check-ignore -v -z --stdin [3ms]
2025-07-20 20:01:26.162 [info] > git check-ignore -v -z --stdin [4ms]
2025-07-20 20:01:26.348 [info] > git config --get commit.template [4ms]
2025-07-20 20:01:26.349 [info] > git for-each-ref --format=%(refname)%00%(upstream:short)%00%(objectname)%00%(upstream:track)%00%(upstream:remotename)%00%(upstream:remoteref) refs/heads/main refs/remotes/main [1ms]
2025-07-20 20:01:26.360 [info] > git for-each-ref --sort -committerdate --format %(refname)%00%(objectname)%00%(*objectname) [1ms]
2025-07-20 20:01:26.405 [info] > git status -z -uall [51ms]
2025-07-20 20:01:28.257 [info] > git check-ignore -v -z --stdin [2ms]
2025-07-20 20:01:32.302 [info] > git check-ignore -v -z --stdin [2ms]
2025-07-20 20:01:32.997 [info] > git check-ignore -v -z --stdin [1ms]
2025-07-20 20:01:35.531 [info] > git config --get commit.template [6ms]
2025-07-20 20:01:35.532 [info] > git for-each-ref --format=%(refname)%00%(upstream:short)%00%(objectname)%00%(upstream:track)%00%(upstream:remotename)%00%(upstream:remoteref) refs/heads/main refs/remotes/main [2ms]
2025-07-20 20:01:35.542 [info] > git for-each-ref --sort -committerdate --format %(refname)%00%(objectname)%00%(*objectname) [1ms]
2025-07-20 20:01:35.585 [info] > git status -z -uall [48ms]
2025-07-20 20:01:39.117 [info] > git check-ignore -v -z --stdin [3ms]
2025-07-20 20:01:40.602 [info] > git config --get commit.template [5ms]
2025-07-20 20:01:40.603 [info] > git for-each-ref --format=%(refname)%00%(upstream:short)%00%(objectname)%00%(upstream:track)%00%(upstream:remotename)%00%(upstream:remoteref) refs/heads/main refs/remotes/main [1ms]
2025-07-20 20:01:40.613 [info] > git for-each-ref --sort -committerdate --format %(refname)%00%(objectname)%00%(*objectname) [2ms]
2025-07-20 20:01:40.659 [info] > git status -z -uall [52ms]
2025-07-20 20:01:45.680 [info] > git config --get commit.template [4ms]
2025-07-20 20:01:45.681 [info] > git for-each-ref --format=%(refname)%00%(upstream:short)%00%(objectname)%00%(upstream:track)%00%(upstream:remotename)%00%(upstream:remoteref) refs/heads/main refs/remotes/main [1ms]
2025-07-20 20:01:45.692 [info] > git for-each-ref --sort -committerdate --format %(refname)%00%(objectname)%00%(*objectname) [2ms]
2025-07-20 20:01:45.732 [info] > git status -z -uall [47ms]
2025-07-20 20:01:50.753 [info] > git config --get commit.template [6ms]
2025-07-20 20:01:50.754 [info] > git for-each-ref --format=%(refname)%00%(upstream:short)%00%(objectname)%00%(upstream:track)%00%(upstream:remotename)%00%(upstream:remoteref) refs/heads/main refs/remotes/main [2ms]
2025-07-20 20:01:50.764 [info] > git for-each-ref --sort -committerdate --format %(refname)%00%(objectname)%00%(*objectname) [1ms]
2025-07-20 20:01:50.817 [info] > git status -z -uall [58ms]
2025-07-20 20:01:52.817 [info] > git check-ignore -v -z --stdin [2ms]
2025-07-20 20:03:53.495 [info] > git config --get commit.template [8ms]
2025-07-20 20:03:53.496 [info] > git for-each-ref --format=%(refname)%00%(upstream:short)%00%(objectname)%00%(upstream:track)%00%(upstream:remotename)%00%(upstream:remoteref) refs/heads/main refs/remotes/main [2ms]
2025-07-20 20:03:53.509 [info] > git for-each-ref --sort -committerdate --format %(refname)%00%(objectname)%00%(*objectname) [1ms]
2025-07-20 20:03:53.552 [info] > git status -z -uall [50ms]
2025-07-20 20:03:58.097 [info] > git check-ignore -v -z --stdin [2ms]
2025-07-20 20:03:58.570 [info] > git config --get commit.template [5ms]
2025-07-20 20:03:58.570 [info] > git for-each-ref --format=%(refname)%00%(upstream:short)%00%(objectname)%00%(upstream:track)%00%(upstream:remotename)%00%(upstream:remoteref) refs/heads/main refs/remotes/main [1ms]
2025-07-20 20:03:58.580 [info] > git for-each-ref --sort -committerdate --format %(refname)%00%(objectname)%00%(*objectname) [2ms]
2025-07-20 20:03:58.620 [info] > git status -z -uall [46ms]
2025-07-20 20:04:03.637 [info] > git config --get commit.template [6ms]
2025-07-20 20:04:03.638 [info] > git for-each-ref --format=%(refname)%00%(upstream:short)%00%(objectname)%00%(upstream:track)%00%(upstream:remotename)%00%(upstream:remoteref) refs/heads/main refs/remotes/main [2ms]
2025-07-20 20:04:03.648 [info] > git for-each-ref --sort -committerdate --format %(refname)%00%(objectname)%00%(*objectname) [2ms]
2025-07-20 20:04:03.691 [info] > git status -z -uall [49ms]
2025-07-20 20:04:05.892 [info] > git check-ignore -v -z --stdin [2ms]
2025-07-20 20:04:08.703 [info] > git config --get commit.template [1ms]
2025-07-20 20:04:08.708 [info] > git for-each-ref --format=%(refname)%00%(upstream:short)%00%(objectname)%00%(upstream:track)%00%(upstream:remotename)%00%(upstream:remoteref) refs/heads/main refs/remotes/main [1ms]
2025-07-20 20:04:08.718 [info] > git for-each-ref --sort -committerdate --format %(refname)%00%(objectname)%00%(*objectname) [1ms]
2025-07-20 20:04:08.765 [info] > git status -z -uall [51ms]
2025-07-20 20:04:13.784 [info] > git config --get commit.template [5ms]
2025-07-20 20:04:13.785 [info] > git for-each-ref --format=%(refname)%00%(upstream:short)%00%(objectname)%00%(upstream:track)%00%(upstream:remotename)%00%(upstream:remoteref) refs/heads/main refs/remotes/main [2ms]
2025-07-20 20:04:13.795 [info] > git for-each-ref --sort -committerdate --format %(refname)%00%(objectname)%00%(*objectname) [1ms]
2025-07-20 20:04:13.838 [info] > git status -z -uall [49ms]
2025-07-20 20:04:18.851 [info] > git config --get commit.template [1ms]
2025-07-20 20:04:18.857 [info] > git for-each-ref --format=%(refname)%00%(upstream:short)%00%(objectname)%00%(upstream:track)%00%(upstream:remotename)%00%(upstream:remoteref) refs/heads/main refs/remotes/main [2ms]
2025-07-20 20:04:18.867 [info] > git for-each-ref --sort -committerdate --format %(refname)%00%(objectname)%00%(*objectname) [2ms]
2025-07-20 20:04:18.909 [info] > git status -z -uall [48ms]
2025-07-20 20:04:21.153 [info] > git check-ignore -v -z --stdin [3ms]
2025-07-20 20:04:22.628 [info] > git check-ignore -v -z --stdin [2ms]
2025-07-20 20:04:23.926 [info] > git config --get commit.template [6ms]
2025-07-20 20:04:23.926 [info] > git for-each-ref --format=%(refname)%00%(upstream:short)%00%(objectname)%00%(upstream:track)%00%(upstream:remotename)%00%(upstream:remoteref) refs/heads/main refs/remotes/main [1ms]
2025-07-20 20:04:23.938 [info] > git for-each-ref --sort -committerdate --format %(refname)%00%(objectname)%00%(*objectname) [1ms]
2025-07-20 20:04:23.985 [info] > git status -z -uall [54ms]
2025-07-20 20:35:34.848 [info] > git config --get commit.template [6ms]
2025-07-20 20:35:34.849 [info] > git for-each-ref --format=%(refname)%00%(upstream:short)%00%(objectname)%00%(upstream:track)%00%(upstream:remotename)%00%(upstream:remoteref) refs/heads/main refs/remotes/main [2ms]
2025-07-20 20:35:34.864 [info] > git for-each-ref --sort -committerdate --format %(refname)%00%(objectname)%00%(*objectname) [2ms]
2025-07-20 20:35:34.909 [info] > git status -z -uall [54ms]
2025-07-20 20:35:39.608 [info] > git check-ignore -v -z --stdin [2ms]
2025-07-20 20:35:39.927 [info] > git config --get commit.template [6ms]
2025-07-20 20:35:39.928 [info] > git for-each-ref --format=%(refname)%00%(upstream:short)%00%(objectname)%00%(upstream:track)%00%(upstream:remotename)%00%(upstream:remoteref) refs/heads/main refs/remotes/main [2ms]
2025-07-20 20:35:39.939 [info] > git for-each-ref --sort -committerdate --format %(refname)%00%(objectname)%00%(*objectname) [1ms]
2025-07-20 20:35:39.987 [info] > git status -z -uall [54ms]
2025-07-20 20:35:41.062 [info] > git check-ignore -v -z --stdin [3ms]
2025-07-20 20:35:57.861 [info] > git config --get commit.template [10ms]
2025-07-20 20:35:57.862 [info] > git for-each-ref --format=%(refname)%00%(upstream:short)%00%(objectname)%00%(upstream:track)%00%(upstream:remotename)%00%(upstream:remoteref) refs/heads/main refs/remotes/main [2ms]
2025-07-20 20:35:57.877 [info] > git for-each-ref --sort -committerdate --format %(refname)%00%(objectname)%00%(*objectname) [2ms]
2025-07-20 20:35:57.915 [info] > git status -z -uall [47ms]
2025-07-20 20:36:02.933 [info] > git config --get commit.template [5ms]
2025-07-20 20:36:02.934 [info] > git for-each-ref --format=%(refname)%00%(upstream:short)%00%(objectname)%00%(upstream:track)%00%(upstream:remotename)%00%(upstream:remoteref) refs/heads/main refs/remotes/main [1ms]
2025-07-20 20:36:02.944 [info] > git for-each-ref --sort -committerdate --format %(refname)%00%(objectname)%00%(*objectname) [1ms]
2025-07-20 20:36:02.988 [info] > git status -z -uall [50ms]
2025-07-20 20:36:08.010 [info] > git config --get commit.template [4ms]
2025-07-20 20:36:08.011 [info] > git for-each-ref --format=%(refname)%00%(upstream:short)%00%(objectname)%00%(upstream:track)%00%(upstream:remotename)%00%(upstream:remoteref) refs/heads/main refs/remotes/main [1ms]
2025-07-20 20:36:08.019 [info] > git for-each-ref --sort -committerdate --format %(refname)%00%(objectname)%00%(*objectname) [1ms]
2025-07-20 20:36:08.063 [info] > git status -z -uall [48ms]
2025-07-20 20:36:13.077 [info] > git config --get commit.template [4ms]
2025-07-20 20:36:13.078 [info] > git for-each-ref --format=%(refname)%00%(upstream:short)%00%(objectname)%00%(upstream:track)%00%(upstream:remotename)%00%(upstream:remoteref) refs/heads/main refs/remotes/main [1ms]
2025-07-20 20:36:13.089 [info] > git for-each-ref --sort -committerdate --format %(refname)%00%(objectname)%00%(*objectname) [2ms]
2025-07-20 20:36:13.156 [info] > git status -z -uall [74ms]
2025-07-20 20:36:18.172 [info] > git config --get commit.template [4ms]
2025-07-20 20:36:18.173 [info] > git for-each-ref --format=%(refname)%00%(upstream:short)%00%(objectname)%00%(upstream:track)%00%(upstream:remotename)%00%(upstream:remoteref) refs/heads/main refs/remotes/main [1ms]
2025-07-20 20:36:18.183 [info] > git for-each-ref --sort -committerdate --format %(refname)%00%(objectname)%00%(*objectname) [1ms]
2025-07-20 20:36:18.225 [info] > git status -z -uall [48ms]
2025-07-20 20:36:23.240 [info] > git config --get commit.template [1ms]
2025-07-20 20:36:23.246 [info] > git for-each-ref --format=%(refname)%00%(upstream:short)%00%(objectname)%00%(upstream:track)%00%(upstream:remotename)%00%(upstream:remoteref) refs/heads/main refs/remotes/main [1ms]
2025-07-20 20:36:23.256 [info] > git for-each-ref --sort -committerdate --format %(refname)%00%(objectname)%00%(*objectname) [1ms]
2025-07-20 20:36:23.295 [info] > git status -z -uall [45ms]
2025-07-20 20:36:32.123 [info] > git config --get commit.template [8ms]
2025-07-20 20:36:32.125 [info] > git for-each-ref --format=%(refname)%00%(upstream:short)%00%(objectname)%00%(upstream:track)%00%(upstream:remotename)%00%(upstream:remoteref) refs/heads/main refs/remotes/main [2ms]
2025-07-20 20:36:32.139 [info] > git for-each-ref --sort -committerdate --format %(refname)%00%(objectname)%00%(*objectname) [1ms]
2025-07-20 20:36:32.204 [info] > git status -z -uall [71ms]
2025-07-20 20:36:37.219 [info] > git config --get commit.template [4ms]
2025-07-20 20:36:37.220 [info] > git for-each-ref --format=%(refname)%00%(upstream:short)%00%(objectname)%00%(upstream:track)%00%(upstream:remotename)%00%(upstream:remoteref) refs/heads/main refs/remotes/main [1ms]
2025-07-20 20:36:37.231 [info] > git for-each-ref --sort -committerdate --format %(refname)%00%(objectname)%00%(*objectname) [2ms]
2025-07-20 20:36:37.271 [info] > git status -z -uall [47ms]
2025-07-20 20:36:42.291 [info] > git config --get commit.template [7ms]
2025-07-20 20:36:42.291 [info] > git for-each-ref --format=%(refname)%00%(upstream:short)%00%(objectname)%00%(upstream:track)%00%(upstream:remotename)%00%(upstream:remoteref) refs/heads/main refs/remotes/main [1ms]
2025-07-20 20:36:42.303 [info] > git for-each-ref --sort -committerdate --format %(refname)%00%(objectname)%00%(*objectname) [1ms]
2025-07-20 20:36:42.354 [info] > git status -z -uall [57ms]
2025-07-20 20:37:24.923 [info] > git config --get commit.template [9ms]
2025-07-20 20:37:24.924 [info] > git for-each-ref --format=%(refname)%00%(upstream:short)%00%(objectname)%00%(upstream:track)%00%(upstream:remotename)%00%(upstream:remoteref) refs/heads/main refs/remotes/main [2ms]
2025-07-20 20:37:24.938 [info] > git for-each-ref --sort -committerdate --format %(refname)%00%(objectname)%00%(*objectname) [2ms]
2025-07-20 20:37:24.983 [info] > git status -z -uall [53ms]
2025-07-20 20:37:27.208 [info] > git check-ignore -v -z --stdin [2ms]
2025-07-20 20:37:29.051 [info] > git check-ignore -v -z --stdin [2ms]
2025-07-20 20:37:30.000 [info] > git config --get commit.template [1ms]
2025-07-20 20:37:30.006 [info] > git for-each-ref --format=%(refname)%00%(upstream:short)%00%(objectname)%00%(upstream:track)%00%(upstream:remotename)%00%(upstream:remoteref) refs/heads/main refs/remotes/main [1ms]
2025-07-20 20:37:30.018 [info] > git for-each-ref --sort -committerdate --format %(refname)%00%(objectname)%00%(*objectname) [2ms]
2025-07-20 20:37:30.079 [info] > git status -z -uall [68ms]
2025-07-20 20:37:35.099 [info] > git config --get commit.template [4ms]
2025-07-20 20:37:35.100 [info] > git for-each-ref --format=%(refname)%00%(upstream:short)%00%(objectname)%00%(upstream:track)%00%(upstream:remotename)%00%(upstream:remoteref) refs/heads/main refs/remotes/main [1ms]
2025-07-20 20:37:35.110 [info] > git for-each-ref --sort -committerdate --format %(refname)%00%(objectname)%00%(*objectname) [2ms]
2025-07-20 20:37:35.155 [info] > git status -z -uall [51ms]
2025-07-20 20:37:40.174 [info] > git config --get commit.template [4ms]
2025-07-20 20:37:40.175 [info] > git for-each-ref --format=%(refname)%00%(upstream:short)%00%(objectname)%00%(upstream:track)%00%(upstream:remotename)%00%(upstream:remoteref) refs/heads/main refs/remotes/main [1ms]
2025-07-20 20:37:40.187 [info] > git for-each-ref --sort -committerdate --format %(refname)%00%(objectname)%00%(*objectname) [2ms]
2025-07-20 20:37:40.227 [info] > git status -z -uall [47ms]
2025-07-20 20:37:44.445 [info] > git check-ignore -v -z --stdin [3ms]
2025-07-20 20:37:45.245 [info] > git config --get commit.template [7ms]
2025-07-20 20:37:45.245 [info] > git for-each-ref --format=%(refname)%00%(upstream:short)%00%(objectname)%00%(upstream:track)%00%(upstream:remotename)%00%(upstream:remoteref) refs/heads/main refs/remotes/main [1ms]
2025-07-20 20:37:45.257 [info] > git for-each-ref --sort -committerdate --format %(refname)%00%(objectname)%00%(*objectname) [1ms]
2025-07-20 20:37:45.294 [info] > git status -z -uall [43ms]
2025-07-20 20:37:45.971 [info] > git check-ignore -v -z --stdin [2ms]
2025-07-20 20:37:46.736 [info] > git check-ignore -v -z --stdin [3ms]
2025-07-20 20:37:50.315 [info] > git config --get commit.template [4ms]
2025-07-20 20:37:50.315 [info] > git for-each-ref --format=%(refname)%00%(upstream:short)%00%(objectname)%00%(upstream:track)%00%(upstream:remotename)%00%(upstream:remoteref) refs/heads/main refs/remotes/main [1ms]
2025-07-20 20:37:50.326 [info] > git for-each-ref --sort -committerdate --format %(refname)%00%(objectname)%00%(*objectname) [2ms]
2025-07-20 20:37:50.362 [info] > git status -z -uall [43ms]
2025-07-20 20:37:52.743 [info] > git check-ignore -v -z --stdin [2ms]
2025-07-20 20:37:55.377 [info] > git config --get commit.template [4ms]
2025-07-20 20:37:55.378 [info] > git for-each-ref --format=%(refname)%00%(upstream:short)%00%(objectname)%00%(upstream:track)%00%(upstream:remotename)%00%(upstream:remoteref) refs/heads/main refs/remotes/main [1ms]
2025-07-20 20:37:55.389 [info] > git for-each-ref --sort -committerdate --format %(refname)%00%(objectname)%00%(*objectname) [2ms]
2025-07-20 20:37:55.425 [info] > git status -z -uall [43ms]
2025-07-20 20:38:06.638 [info] > git config --get commit.template [8ms]
2025-07-20 20:38:06.639 [info] > git for-each-ref --format=%(refname)%00%(upstream:short)%00%(objectname)%00%(upstream:track)%00%(upstream:remotename)%00%(upstream:remoteref) refs/heads/main refs/remotes/main [2ms]
2025-07-20 20:38:06.653 [info] > git for-each-ref --sort -committerdate --format %(refname)%00%(objectname)%00%(*objectname) [2ms]
2025-07-20 20:38:06.708 [info] > git status -z -uall [63ms]
2025-07-20 20:38:11.533 [info] > git check-ignore -v -z --stdin [2ms]
2025-07-20 20:38:11.720 [info] > git config --get commit.template [1ms]
2025-07-20 20:38:11.726 [info] > git for-each-ref --format=%(refname)%00%(upstream:short)%00%(objectname)%00%(upstream:track)%00%(upstream:remotename)%00%(upstream:remoteref) refs/heads/main refs/remotes/main [2ms]
2025-07-20 20:38:11.738 [info] > git for-each-ref --sort -committerdate --format %(refname)%00%(objectname)%00%(*objectname) [2ms]
2025-07-20 20:38:11.775 [info] > git status -z -uall [44ms]
2025-07-20 20:38:44.770 [info] > git config --get commit.template [1ms]
2025-07-20 20:38:44.776 [info] > git for-each-ref --format=%(refname)%00%(upstream:short)%00%(objectname)%00%(upstream:track)%00%(upstream:remotename)%00%(upstream:remoteref) refs/heads/main refs/remotes/main [0ms]
2025-07-20 20:38:44.790 [info] > git for-each-ref --sort -committerdate --format %(refname)%00%(objectname)%00%(*objectname) [2ms]
2025-07-20 20:38:44.830 [info] > git status -z -uall [49ms]
2025-07-20 20:38:49.843 [info] > git config --get commit.template [1ms]
2025-07-20 20:38:49.849 [info] > git for-each-ref --format=%(refname)%00%(upstream:short)%00%(objectname)%00%(upstream:track)%00%(upstream:remotename)%00%(upstream:remoteref) refs/heads/main refs/remotes/main [1ms]
2025-07-20 20:38:49.860 [info] > git for-each-ref --sort -committerdate --format %(refname)%00%(objectname)%00%(*objectname) [1ms]
2025-07-20 20:38:49.902 [info] > git status -z -uall [48ms]
2025-07-20 20:39:04.730 [info] > git config --get commit.template [7ms]
2025-07-20 20:39:04.731 [info] > git for-each-ref --format=%(refname)%00%(upstream:short)%00%(objectname)%00%(upstream:track)%00%(upstream:remotename)%00%(upstream:remoteref) refs/heads/main refs/remotes/main [2ms]
2025-07-20 20:39:04.746 [info] > git for-each-ref --sort -committerdate --format %(refname)%00%(objectname)%00%(*objectname) [1ms]
2025-07-20 20:39:04.799 [info] > git status -z -uall [61ms]
2025-07-20 20:39:09.819 [info] > git config --get commit.template [5ms]
2025-07-20 20:39:09.819 [info] > git for-each-ref --format=%(refname)%00%(upstream:short)%00%(objectname)%00%(upstream:track)%00%(upstream:remotename)%00%(upstream:remoteref) refs/heads/main refs/remotes/main [1ms]
2025-07-20 20:39:09.830 [info] > git for-each-ref --sort -committerdate --format %(refname)%00%(objectname)%00%(*objectname) [0ms]
2025-07-20 20:39:09.874 [info] > git status -z -uall [50ms]
2025-07-20 20:39:14.887 [info] > git config --get commit.template [1ms]
2025-07-20 20:39:14.893 [info] > git for-each-ref --format=%(refname)%00%(upstream:short)%00%(objectname)%00%(upstream:track)%00%(upstream:remotename)%00%(upstream:remoteref) refs/heads/main refs/remotes/main [1ms]
2025-07-20 20:39:14.904 [info] > git for-each-ref --sort -committerdate --format %(refname)%00%(objectname)%00%(*objectname) [1ms]
2025-07-20 20:39:14.947 [info] > git status -z -uall [49ms]
2025-07-20 20:39:19.963 [info] > git config --get commit.template [5ms]
2025-07-20 20:39:19.964 [info] > git for-each-ref --format=%(refname)%00%(upstream:short)%00%(objectname)%00%(upstream:track)%00%(upstream:remotename)%00%(upstream:remoteref) refs/heads/main refs/remotes/main [1ms]
2025-07-20 20:39:19.974 [info] > git for-each-ref --sort -committerdate --format %(refname)%00%(objectname)%00%(*objectname) [2ms]
2025-07-20 20:39:20.015 [info] > git status -z -uall [47ms]
2025-07-20 20:39:25.036 [info] > git config --get commit.template [5ms]
2025-07-20 20:39:25.037 [info] > git for-each-ref --format=%(refname)%00%(upstream:short)%00%(objectname)%00%(upstream:track)%00%(upstream:remotename)%00%(upstream:remoteref) refs/heads/main refs/remotes/main [1ms]
2025-07-20 20:39:25.049 [info] > git for-each-ref --sort -committerdate --format %(refname)%00%(objectname)%00%(*objectname) [2ms]
2025-07-20 20:39:25.092 [info] > git status -z -uall [50ms]
2025-07-20 20:39:30.113 [info] > git config --get commit.template [5ms]
2025-07-20 20:39:30.114 [info] > git for-each-ref --format=%(refname)%00%(upstream:short)%00%(objectname)%00%(upstream:track)%00%(upstream:remotename)%00%(upstream:remoteref) refs/heads/main refs/remotes/main [2ms]
2025-07-20 20:39:30.124 [info] > git for-each-ref --sort -committerdate --format %(refname)%00%(objectname)%00%(*objectname) [1ms]
2025-07-20 20:39:30.164 [info] > git status -z -uall [45ms]
2025-07-20 20:41:23.585 [info] > git config --get commit.template [6ms]
2025-07-20 20:41:23.586 [info] > git for-each-ref --format=%(refname)%00%(upstream:short)%00%(objectname)%00%(upstream:track)%00%(upstream:remotename)%00%(upstream:remoteref) refs/heads/main refs/remotes/main [2ms]
2025-07-20 20:41:23.600 [info] > git for-each-ref --sort -committerdate --format %(refname)%00%(objectname)%00%(*objectname) [1ms]
2025-07-20 20:41:23.654 [info] > git status -z -uall [63ms]
2025-07-20 20:41:28.672 [info] > git config --get commit.template [4ms]
2025-07-20 20:41:28.673 [info] > git for-each-ref --format=%(refname)%00%(upstream:short)%00%(objectname)%00%(upstream:track)%00%(upstream:remotename)%00%(upstream:remoteref) refs/heads/main refs/remotes/main [1ms]
2025-07-20 20:41:28.683 [info] > git for-each-ref --sort -committerdate --format %(refname)%00%(objectname)%00%(*objectname) [1ms]
2025-07-20 20:41:28.721 [info] > git status -z -uall [44ms]
2025-07-20 20:41:33.737 [info] > git config --get commit.template [5ms]
2025-07-20 20:41:33.739 [info] > git for-each-ref --format=%(refname)%00%(upstream:short)%00%(objectname)%00%(upstream:track)%00%(upstream:remotename)%00%(upstream:remoteref) refs/heads/main refs/remotes/main [2ms]
2025-07-20 20:41:33.749 [info] > git for-each-ref --sort -committerdate --format %(refname)%00%(objectname)%00%(*objectname) [1ms]
2025-07-20 20:41:33.799 [info] > git status -z -uall [56ms]
2025-07-20 20:41:38.815 [info] > git config --get commit.template [4ms]
2025-07-20 20:41:38.815 [info] > git for-each-ref --format=%(refname)%00%(upstream:short)%00%(objectname)%00%(upstream:track)%00%(upstream:remotename)%00%(upstream:remoteref) refs/heads/main refs/remotes/main [1ms]
2025-07-20 20:41:38.828 [info] > git for-each-ref --sort -committerdate --format %(refname)%00%(objectname)%00%(*objectname) [1ms]
2025-07-20 20:41:38.874 [info] > git status -z -uall [53ms]
2025-07-20 20:41:43.893 [info] > git config --get commit.template [5ms]
2025-07-20 20:41:43.894 [info] > git for-each-ref --format=%(refname)%00%(upstream:short)%00%(objectname)%00%(upstream:track)%00%(upstream:remotename)%00%(upstream:remoteref) refs/heads/main refs/remotes/main [2ms]
2025-07-20 20:41:43.904 [info] > git for-each-ref --sort -committerdate --format %(refname)%00%(objectname)%00%(*objectname) [1ms]
2025-07-20 20:41:43.955 [info] > git status -z -uall [57ms]
2025-07-20 20:41:48.971 [info] > git config --get commit.template [4ms]
2025-07-20 20:41:48.972 [info] > git for-each-ref --format=%(refname)%00%(upstream:short)%00%(objectname)%00%(upstream:track)%00%(upstream:remotename)%00%(upstream:remoteref) refs/heads/main refs/remotes/main [2ms]
2025-07-20 20:41:48.981 [info] > git for-each-ref --sort -committerdate --format %(refname)%00%(objectname)%00%(*objectname) [1ms]
2025-07-20 20:41:49.030 [info] > git status -z -uall [54ms]
2025-07-20 20:41:55.522 [info] > git config --get commit.template [5ms]
2025-07-20 20:41:55.523 [info] > git for-each-ref --format=%(refname)%00%(upstream:short)%00%(objectname)%00%(upstream:track)%00%(upstream:remotename)%00%(upstream:remoteref) refs/heads/main refs/remotes/main [3ms]
2025-07-20 20:41:55.535 [info] > git for-each-ref --sort -committerdate --format %(refname)%00%(objectname)%00%(*objectname) [1ms]
2025-07-20 20:41:55.576 [info] > git status -z -uall [47ms]
2025-07-20 20:41:55.926 [info] > git show --textconv :omarchy/themes/Doraemon/btop.theme [6ms]
2025-07-20 20:41:55.931 [info] > git ls-files --stage -- omarchy/themes/Doraemon/btop.theme [6ms]
2025-07-20 20:41:55.936 [info] > git hash-object -t tree /dev/null [5ms]
2025-07-20 20:41:55.936 [warning] [GitFileSystemProvider][readFile] File not found - git:/home/arch/.config/omarchy/themes/Doraemon/btop.theme.git?%7B%22path%22%3A%22%2Fhome%2Farch%2F.config%2Fomarchy%2Fthemes%2FDoraemon%2Fbtop.theme%22%2C%22ref%22%3A%22%22%7D
2025-07-20 20:41:55.936 [info] > git hash-object -t tree /dev/null [1ms]
2025-07-20 20:41:55.936 [warning] [GitFileSystemProvider][stat] File not found - git:/home/arch/.config/omarchy/themes/Doraemon/btop.theme.git?%7B%22path%22%3A%22%2Fhome%2Farch%2F.config%2Fomarchy%2Fthemes%2FDoraemon%2Fbtop.theme%22%2C%22ref%22%3A%22%22%7D
2025-07-20 20:41:56.401 [info] > git show --textconv :omarchy/themes/Doraemon/alacritty.toml [5ms]
2025-07-20 20:41:56.402 [warning] [GitFileSystemProvider][readFile] File not found - git:/home/arch/.config/omarchy/themes/Doraemon/alacritty.toml.git?%7B%22path%22%3A%22%2Fhome%2Farch%2F.config%2Fomarchy%2Fthemes%2FDoraemon%2Falacritty.toml%22%2C%22ref%22%3A%22%22%7D
2025-07-20 20:41:56.403 [info] > git ls-files --stage -- omarchy/themes/Doraemon/alacritty.toml [2ms]
2025-07-20 20:41:56.404 [warning] [GitFileSystemProvider][stat] File not found - git:/home/arch/.config/omarchy/themes/Doraemon/alacritty.toml.git?%7B%22path%22%3A%22%2Fhome%2Farch%2F.config%2Fomarchy%2Fthemes%2FDoraemon%2Falacritty.toml%22%2C%22ref%22%3A%22%22%7D
2025-07-20 20:41:57.797 [info] > git show --textconv :omarchy/themes/Doraemon/btop.theme [7ms]
2025-07-20 20:41:57.798 [warning] [GitFileSystemProvider][readFile] File not found - git:/home/arch/.config/omarchy/themes/Doraemon/btop.theme.git?%7B%22path%22%3A%22%2Fhome%2Farch%2F.config%2Fomarchy%2Fthemes%2FDoraemon%2Fbtop.theme%22%2C%22ref%22%3A%22%22%7D
2025-07-20 20:41:57.799 [info] > git ls-files --stage -- omarchy/themes/Doraemon/btop.theme [2ms]
2025-07-20 20:41:57.800 [warning] [GitFileSystemProvider][stat] File not found - git:/home/arch/.config/omarchy/themes/Doraemon/btop.theme.git?%7B%22path%22%3A%22%2Fhome%2Farch%2F.config%2Fomarchy%2Fthemes%2FDoraemon%2Fbtop.theme%22%2C%22ref%22%3A%22%22%7D
2025-07-20 20:41:58.412 [info] > git show --textconv :omarchy/themes/Doraemon/hyprland.conf [6ms]
2025-07-20 20:41:58.412 [warning] [GitFileSystemProvider][readFile] File not found - git:/home/arch/.config/omarchy/themes/Doraemon/hyprland.conf.git?%7B%22path%22%3A%22%2Fhome%2Farch%2F.config%2Fomarchy%2Fthemes%2FDoraemon%2Fhyprland.conf%22%2C%22ref%22%3A%22%22%7D
2025-07-20 20:41:58.414 [info] > git ls-files --stage -- omarchy/themes/Doraemon/hyprland.conf [3ms]
2025-07-20 20:41:58.414 [warning] [GitFileSystemProvider][stat] File not found - git:/home/arch/.config/omarchy/themes/Doraemon/hyprland.conf.git?%7B%22path%22%3A%22%2Fhome%2Farch%2F.config%2Fomarchy%2Fthemes%2FDoraemon%2Fhyprland.conf%22%2C%22ref%22%3A%22%22%7D
2025-07-20 20:41:59.956 [info] > git show --textconv :omarchy/themes/Doraemon/hyprlock.conf [6ms]
2025-07-20 20:41:59.956 [warning] [GitFileSystemProvider][readFile] File not found - git:/home/arch/.config/omarchy/themes/Doraemon/hyprlock.conf.git?%7B%22path%22%3A%22%2Fhome%2Farch%2F.config%2Fomarchy%2Fthemes%2FDoraemon%2Fhyprlock.conf%22%2C%22ref%22%3A%22%22%7D
2025-07-20 20:41:59.958 [info] > git ls-files --stage -- omarchy/themes/Doraemon/hyprlock.conf [3ms]
2025-07-20 20:41:59.958 [warning] [GitFileSystemProvider][stat] File not found - git:/home/arch/.config/omarchy/themes/Doraemon/hyprlock.conf.git?%7B%22path%22%3A%22%2Fhome%2Farch%2F.config%2Fomarchy%2Fthemes%2FDoraemon%2Fhyprlock.conf%22%2C%22ref%22%3A%22%22%7D
2025-07-20 20:42:00.591 [info] > git config --get commit.template [0ms]
2025-07-20 20:42:00.598 [info] > git for-each-ref --format=%(refname)%00%(upstream:short)%00%(objectname)%00%(upstream:track)%00%(upstream:remotename)%00%(upstream:remoteref) refs/heads/main refs/remotes/main [1ms]
2025-07-20 20:42:00.609 [info] > git for-each-ref --sort -committerdate --format %(refname)%00%(objectname)%00%(*objectname) [1ms]
2025-07-20 20:42:00.647 [info] > git status -z -uall [45ms]
2025-07-20 20:42:01.211 [info] > git show --textconv :omarchy/themes/Doraemon/mako.ini [6ms]
2025-07-20 20:42:01.211 [warning] [GitFileSystemProvider][readFile] File not found - git:/home/arch/.config/omarchy/themes/Doraemon/mako.ini.git?%7B%22path%22%3A%22%2Fhome%2Farch%2F.config%2Fomarchy%2Fthemes%2FDoraemon%2Fmako.ini%22%2C%22ref%22%3A%22%22%7D
2025-07-20 20:42:01.213 [info] > git ls-files --stage -- omarchy/themes/Doraemon/mako.ini [2ms]
2025-07-20 20:42:01.213 [warning] [GitFileSystemProvider][stat] File not found - git:/home/arch/.config/omarchy/themes/Doraemon/mako.ini.git?%7B%22path%22%3A%22%2Fhome%2Farch%2F.config%2Fomarchy%2Fthemes%2FDoraemon%2Fmako.ini%22%2C%22ref%22%3A%22%22%7D
2025-07-20 20:42:03.729 [info] > git show --textconv :omarchy/themes/Doraemon/neovim.lua [7ms]
2025-07-20 20:42:03.730 [warning] [GitFileSystemProvider][readFile] File not found - git:/home/arch/.config/omarchy/themes/Doraemon/neovim.lua.git?%7B%22path%22%3A%22%2Fhome%2Farch%2F.config%2Fomarchy%2Fthemes%2FDoraemon%2Fneovim.lua%22%2C%22ref%22%3A%22%22%7D
2025-07-20 20:42:03.731 [info] > git ls-files --stage -- omarchy/themes/Doraemon/neovim.lua [3ms]
2025-07-20 20:42:03.731 [warning] [GitFileSystemProvider][stat] File not found - git:/home/arch/.config/omarchy/themes/Doraemon/neovim.lua.git?%7B%22path%22%3A%22%2Fhome%2Farch%2F.config%2Fomarchy%2Fthemes%2FDoraemon%2Fneovim.lua%22%2C%22ref%22%3A%22%22%7D
2025-07-20 20:42:04.389 [info] > git show --textconv :omarchy/themes/Doraemon/waybar.css [8ms]
2025-07-20 20:42:04.395 [warning] [GitFileSystemProvider][readFile] File not found - git:/home/arch/.config/omarchy/themes/Doraemon/waybar.css.git?%7B%22path%22%3A%22%2Fhome%2Farch%2F.config%2Fomarchy%2Fthemes%2FDoraemon%2Fwaybar.css%22%2C%22ref%22%3A%22%22%7D
2025-07-20 20:42:04.397 [info] > git ls-files --stage -- omarchy/themes/Doraemon/waybar.css [10ms]
2025-07-20 20:42:04.397 [warning] [GitFileSystemProvider][stat] File not found - git:/home/arch/.config/omarchy/themes/Doraemon/waybar.css.git?%7B%22path%22%3A%22%2Fhome%2Farch%2F.config%2Fomarchy%2Fthemes%2FDoraemon%2Fwaybar.css%22%2C%22ref%22%3A%22%22%7D
2025-07-20 20:42:05.665 [info] > git config --get commit.template [5ms]
2025-07-20 20:42:05.666 [info] > git for-each-ref --format=%(refname)%00%(upstream:short)%00%(objectname)%00%(upstream:track)%00%(upstream:remotename)%00%(upstream:remoteref) refs/heads/main refs/remotes/main [2ms]
2025-07-20 20:42:05.677 [info] > git for-each-ref --sort -committerdate --format %(refname)%00%(objectname)%00%(*objectname) [1ms]
2025-07-20 20:42:05.714 [info] > git status -z -uall [44ms]
2025-07-20 20:42:06.064 [info] > git show --textconv :omarchy/themes/Doraemon/wofi.css [6ms]
2025-07-20 20:42:06.064 [warning] [GitFileSystemProvider][readFile] File not found - git:/home/arch/.config/omarchy/themes/Doraemon/wofi.css.git?%7B%22path%22%3A%22%2Fhome%2Farch%2F.config%2Fomarchy%2Fthemes%2FDoraemon%2Fwofi.css%22%2C%22ref%22%3A%22%22%7D
2025-07-20 20:42:06.065 [info] > git ls-files --stage -- omarchy/themes/Doraemon/wofi.css [2ms]
2025-07-20 20:42:06.065 [warning] [GitFileSystemProvider][stat] File not found - git:/home/arch/.config/omarchy/themes/Doraemon/wofi.css.git?%7B%22path%22%3A%22%2Fhome%2Farch%2F.config%2Fomarchy%2Fthemes%2FDoraemon%2Fwofi.css%22%2C%22ref%22%3A%22%22%7D
2025-07-20 20:42:09.974 [info] > git check-ignore -v -z --stdin [2ms]
2025-07-20 20:42:10.734 [info] > git config --get commit.template [4ms]
2025-07-20 20:42:10.735 [info] > git for-each-ref --format=%(refname)%00%(upstream:short)%00%(objectname)%00%(upstream:track)%00%(upstream:remotename)%00%(upstream:remoteref) refs/heads/main refs/remotes/main [1ms]
2025-07-20 20:42:10.744 [info] > git for-each-ref --sort -committerdate --format %(refname)%00%(objectname)%00%(*objectname) [1ms]
2025-07-20 20:42:10.794 [info] > git status -z -uall [55ms]
2025-07-20 20:42:15.816 [info] > git config --get commit.template [6ms]
2025-07-20 20:42:15.816 [info] > git for-each-ref --format=%(refname)%00%(upstream:short)%00%(objectname)%00%(upstream:track)%00%(upstream:remotename)%00%(upstream:remoteref) refs/heads/main refs/remotes/main [1ms]
2025-07-20 20:42:15.827 [info] > git for-each-ref --sort -committerdate --format %(refname)%00%(objectname)%00%(*objectname) [1ms]
2025-07-20 20:42:15.866 [info] > git status -z -uall [45ms]
2025-07-20 20:42:40.551 [info] > git config --get commit.template [6ms]
2025-07-20 20:42:40.552 [info] > git for-each-ref --format=%(refname)%00%(upstream:short)%00%(objectname)%00%(upstream:track)%00%(upstream:remotename)%00%(upstream:remoteref) refs/heads/main refs/remotes/main [1ms]
2025-07-20 20:42:40.565 [info] > git for-each-ref --sort -committerdate --format %(refname)%00%(objectname)%00%(*objectname) [1ms]
2025-07-20 20:42:40.608 [info] > git status -z -uall [50ms]
2025-07-20 20:42:45.625 [info] > git config --get commit.template [5ms]
2025-07-20 20:42:45.626 [info] > git for-each-ref --format=%(refname)%00%(upstream:short)%00%(objectname)%00%(upstream:track)%00%(upstream:remotename)%00%(upstream:remoteref) refs/heads/main refs/remotes/main [2ms]
2025-07-20 20:42:45.638 [info] > git for-each-ref --sort -committerdate --format %(refname)%00%(objectname)%00%(*objectname) [2ms]
2025-07-20 20:42:45.678 [info] > git status -z -uall [47ms]
2025-07-20 20:43:10.080 [info] > git config --get commit.template [8ms]
2025-07-20 20:43:10.081 [info] > git for-each-ref --format=%(refname)%00%(upstream:short)%00%(objectname)%00%(upstream:track)%00%(upstream:remotename)%00%(upstream:remoteref) refs/heads/main refs/remotes/main [2ms]
2025-07-20 20:43:10.095 [info] > git for-each-ref --sort -committerdate --format %(refname)%00%(objectname)%00%(*objectname) [1ms]
2025-07-20 20:43:10.156 [info] > git status -z -uall [70ms]
2025-07-20 20:43:15.177 [info] > git config --get commit.template [6ms]
2025-07-20 20:43:15.178 [info] > git for-each-ref --format=%(refname)%00%(upstream:short)%00%(objectname)%00%(upstream:track)%00%(upstream:remotename)%00%(upstream:remoteref) refs/heads/main refs/remotes/main [2ms]
2025-07-20 20:43:15.188 [info] > git for-each-ref --sort -committerdate --format %(refname)%00%(objectname)%00%(*objectname) [1ms]
2025-07-20 20:43:15.230 [info] > git status -z -uall [47ms]
2025-07-20 20:43:20.252 [info] > git config --get commit.template [6ms]
2025-07-20 20:43:20.253 [info] > git for-each-ref --format=%(refname)%00%(upstream:short)%00%(objectname)%00%(upstream:track)%00%(upstream:remotename)%00%(upstream:remoteref) refs/heads/main refs/remotes/main [2ms]
2025-07-20 20:43:20.264 [info] > git for-each-ref --sort -committerdate --format %(refname)%00%(objectname)%00%(*objectname) [2ms]
2025-07-20 20:43:20.305 [info] > git status -z -uall [47ms]
2025-07-20 20:43:25.322 [info] > git config --get commit.template [5ms]
2025-07-20 20:43:25.323 [info] > git for-each-ref --format=%(refname)%00%(upstream:short)%00%(objectname)%00%(upstream:track)%00%(upstream:remotename)%00%(upstream:remoteref) refs/heads/main refs/remotes/main [1ms]
2025-07-20 20:43:25.334 [info] > git for-each-ref --sort -committerdate --format %(refname)%00%(objectname)%00%(*objectname) [1ms]
2025-07-20 20:43:25.373 [info] > git status -z -uall [45ms]
2025-07-20 20:43:30.388 [info] > git config --get commit.template [0ms]
2025-07-20 20:43:30.394 [info] > git for-each-ref --format=%(refname)%00%(upstream:short)%00%(objectname)%00%(upstream:track)%00%(upstream:remotename)%00%(upstream:remoteref) refs/heads/main refs/remotes/main [2ms]
2025-07-20 20:43:30.405 [info] > git for-each-ref --sort -committerdate --format %(refname)%00%(objectname)%00%(*objectname) [1ms]
2025-07-20 20:43:30.448 [info] > git status -z -uall [49ms]
2025-07-20 20:43:35.468 [info] > git config --get commit.template [6ms]
2025-07-20 20:43:35.469 [info] > git for-each-ref --format=%(refname)%00%(upstream:short)%00%(objectname)%00%(upstream:track)%00%(upstream:remotename)%00%(upstream:remoteref) refs/heads/main refs/remotes/main [2ms]
2025-07-20 20:43:35.482 [info] > git for-each-ref --sort -committerdate --format %(refname)%00%(objectname)%00%(*objectname) [2ms]
2025-07-20 20:43:35.521 [info] > git status -z -uall [46ms]
2025-07-20 20:44:14.568 [info] > git config --get commit.template [1ms]
2025-07-20 20:44:14.575 [info] > git for-each-ref --format=%(refname)%00%(upstream:short)%00%(objectname)%00%(upstream:track)%00%(upstream:remotename)%00%(upstream:remoteref) refs/heads/main refs/remotes/main [1ms]
2025-07-20 20:44:14.589 [info] > git for-each-ref --sort -committerdate --format %(refname)%00%(objectname)%00%(*objectname) [2ms]
2025-07-20 20:44:14.631 [info] > git status -z -uall [50ms]
2025-07-20 20:44:19.650 [info] > git config --get commit.template [5ms]
2025-07-20 20:44:19.651 [info] > git for-each-ref --format=%(refname)%00%(upstream:short)%00%(objectname)%00%(upstream:track)%00%(upstream:remotename)%00%(upstream:remoteref) refs/heads/main refs/remotes/main [2ms]
2025-07-20 20:44:19.661 [info] > git for-each-ref --sort -committerdate --format %(refname)%00%(objectname)%00%(*objectname) [1ms]
2025-07-20 20:44:19.702 [info] > git status -z -uall [46ms]
2025-07-20 20:44:20.348 [info] > git check-ignore -v -z --stdin [2ms]
2025-07-20 20:44:24.719 [info] > git config --get commit.template [5ms]
2025-07-20 20:44:24.720 [info] > git for-each-ref --format=%(refname)%00%(upstream:short)%00%(objectname)%00%(upstream:track)%00%(upstream:remotename)%00%(upstream:remoteref) refs/heads/main refs/remotes/main [2ms]
2025-07-20 20:44:24.729 [info] > git for-each-ref --sort -committerdate --format %(refname)%00%(objectname)%00%(*objectname) [1ms]
2025-07-20 20:44:24.772 [info] > git status -z -uall [48ms]
2025-07-20 20:44:29.788 [info] > git config --get commit.template [5ms]
2025-07-20 20:44:29.788 [info] > git for-each-ref --format=%(refname)%00%(upstream:short)%00%(objectname)%00%(upstream:track)%00%(upstream:remotename)%00%(upstream:remoteref) refs/heads/main refs/remotes/main [1ms]
2025-07-20 20:44:29.800 [info] > git for-each-ref --sort -committerdate --format %(refname)%00%(objectname)%00%(*objectname) [1ms]
2025-07-20 20:44:29.846 [info] > git status -z -uall [52ms]
2025-07-20 20:44:34.866 [info] > git config --get commit.template [4ms]
2025-07-20 20:44:34.867 [info] > git for-each-ref --format=%(refname)%00%(upstream:short)%00%(objectname)%00%(upstream:track)%00%(upstream:remotename)%00%(upstream:remoteref) refs/heads/main refs/remotes/main [1ms]
2025-07-20 20:44:34.877 [info] > git for-each-ref --sort -committerdate --format %(refname)%00%(objectname)%00%(*objectname) [1ms]
2025-07-20 20:44:34.918 [info] > git status -z -uall [47ms]
2025-07-20 20:44:39.934 [info] > git config --get commit.template [5ms]
2025-07-20 20:44:39.936 [info] > git for-each-ref --format=%(refname)%00%(upstream:short)%00%(objectname)%00%(upstream:track)%00%(upstream:remotename)%00%(upstream:remoteref) refs/heads/main refs/remotes/main [2ms]
2025-07-20 20:44:39.945 [info] > git for-each-ref --sort -committerdate --format %(refname)%00%(objectname)%00%(*objectname) [1ms]
2025-07-20 20:44:40.005 [info] > git status -z -uall [65ms]
2025-07-20 20:44:45.021 [info] > git config --get commit.template [4ms]
2025-07-20 20:44:45.022 [info] > git for-each-ref --format=%(refname)%00%(upstream:short)%00%(objectname)%00%(upstream:track)%00%(upstream:remotename)%00%(upstream:remoteref) refs/heads/main refs/remotes/main [1ms]
2025-07-20 20:44:45.032 [info] > git for-each-ref --sort -committerdate --format %(refname)%00%(objectname)%00%(*objectname) [1ms]
2025-07-20 20:44:45.084 [info] > git status -z -uall [58ms]
2025-07-20 20:44:50.104 [info] > git config --get commit.template [5ms]
2025-07-20 20:44:50.105 [info] > git for-each-ref --format=%(refname)%00%(upstream:short)%00%(objectname)%00%(upstream:track)%00%(upstream:remotename)%00%(upstream:remoteref) refs/heads/main refs/remotes/main [1ms]
2025-07-20 20:44:50.115 [info] > git for-each-ref --sort -committerdate --format %(refname)%00%(objectname)%00%(*objectname) [1ms]
2025-07-20 20:44:50.156 [info] > git status -z -uall [47ms]
2025-07-20 20:45:38.924 [info] > git config --get commit.template [6ms]
2025-07-20 20:45:38.925 [info] > git for-each-ref --format=%(refname)%00%(upstream:short)%00%(objectname)%00%(upstream:track)%00%(upstream:remotename)%00%(upstream:remoteref) refs/heads/main refs/remotes/main [2ms]
2025-07-20 20:45:38.939 [info] > git for-each-ref --sort -committerdate --format %(refname)%00%(objectname)%00%(*objectname) [1ms]
2025-07-20 20:45:38.986 [info] > git status -z -uall [55ms]
2025-07-20 20:45:44.004 [info] > git config --get commit.template [1ms]
2025-07-20 20:45:44.010 [info] > git for-each-ref --format=%(refname)%00%(upstream:short)%00%(objectname)%00%(upstream:track)%00%(upstream:remotename)%00%(upstream:remoteref) refs/heads/main refs/remotes/main [1ms]
2025-07-20 20:45:44.022 [info] > git for-each-ref --sort -committerdate --format %(refname)%00%(objectname)%00%(*objectname) [2ms]
2025-07-20 20:45:44.063 [info] > git status -z -uall [48ms]
2025-07-20 20:45:49.077 [info] > git config --get commit.template [1ms]
2025-07-20 20:45:49.086 [info] > git for-each-ref --format=%(refname)%00%(upstream:short)%00%(objectname)%00%(upstream:track)%00%(upstream:remotename)%00%(upstream:remoteref) refs/heads/main refs/remotes/main [2ms]
2025-07-20 20:45:49.097 [info] > git for-each-ref --sort -committerdate --format %(refname)%00%(objectname)%00%(*objectname) [1ms]
2025-07-20 20:45:49.138 [info] > git status -z -uall [47ms]
2025-07-20 20:45:56.581 [info] > git config --get commit.template [10ms]
2025-07-20 20:45:56.582 [info] > git for-each-ref --format=%(refname)%00%(upstream:short)%00%(objectname)%00%(upstream:track)%00%(upstream:remotename)%00%(upstream:remoteref) refs/heads/main refs/remotes/main [2ms]
2025-07-20 20:45:56.599 [info] > git for-each-ref --sort -committerdate --format %(refname)%00%(objectname)%00%(*objectname) [2ms]
2025-07-20 20:45:56.680 [info] > git status -z -uall [91ms]
2025-07-20 20:46:01.698 [info] > git config --get commit.template [4ms]
2025-07-20 20:46:01.699 [info] > git for-each-ref --format=%(refname)%00%(upstream:short)%00%(objectname)%00%(upstream:track)%00%(upstream:remotename)%00%(upstream:remoteref) refs/heads/main refs/remotes/main [1ms]
2025-07-20 20:46:01.710 [info] > git for-each-ref --sort -committerdate --format %(refname)%00%(objectname)%00%(*objectname) [2ms]
2025-07-20 20:46:01.746 [info] > git status -z -uall [43ms]
2025-07-20 20:46:18.369 [info] > git config --get commit.template [6ms]
2025-07-20 20:46:18.370 [info] > git for-each-ref --format=%(refname)%00%(upstream:short)%00%(objectname)%00%(upstream:track)%00%(upstream:remotename)%00%(upstream:remoteref) refs/heads/main refs/remotes/main [1ms]
2025-07-20 20:46:18.384 [info] > git for-each-ref --sort -committerdate --format %(refname)%00%(objectname)%00%(*objectname) [2ms]
2025-07-20 20:46:18.422 [info] > git status -z -uall [46ms]
2025-07-20 20:46:23.807 [info] > git config --get commit.template [8ms]
2025-07-20 20:46:23.810 [info] > git for-each-ref --format=%(refname)%00%(upstream:short)%00%(objectname)%00%(upstream:track)%00%(upstream:remotename)%00%(upstream:remoteref) refs/heads/main refs/remotes/main [3ms]
2025-07-20 20:46:23.830 [info] > git for-each-ref --sort -committerdate --format %(refname)%00%(objectname)%00%(*objectname) [2ms]
2025-07-20 20:46:23.900 [info] > git status -z -uall [80ms]
2025-07-20 20:49:31.070 [info] > git config --get commit.template [7ms]
2025-07-20 20:49:31.071 [info] > git for-each-ref --format=%(refname)%00%(upstream:short)%00%(objectname)%00%(upstream:track)%00%(upstream:remotename)%00%(upstream:remoteref) refs/heads/main refs/remotes/main [1ms]
2025-07-20 20:49:31.082 [info] > git for-each-ref --sort -committerdate --format %(refname)%00%(objectname)%00%(*objectname) [1ms]
2025-07-20 20:49:31.123 [info] > git status -z -uall [47ms]
2025-07-20 20:49:36.138 [info] > git config --get commit.template [4ms]
2025-07-20 20:49:36.139 [info] > git for-each-ref --format=%(refname)%00%(upstream:short)%00%(objectname)%00%(upstream:track)%00%(upstream:remotename)%00%(upstream:remoteref) refs/heads/main refs/remotes/main [1ms]
2025-07-20 20:49:36.148 [info] > git for-each-ref --sort -committerdate --format %(refname)%00%(objectname)%00%(*objectname) [1ms]
2025-07-20 20:49:36.191 [info] > git status -z -uall [48ms]
2025-07-20 20:49:41.210 [info] > git config --get commit.template [5ms]
2025-07-20 20:49:41.211 [info] > git for-each-ref --format=%(refname)%00%(upstream:short)%00%(objectname)%00%(upstream:track)%00%(upstream:remotename)%00%(upstream:remoteref) refs/heads/main refs/remotes/main [1ms]
2025-07-20 20:49:41.220 [info] > git for-each-ref --sort -committerdate --format %(refname)%00%(objectname)%00%(*objectname) [1ms]
2025-07-20 20:49:41.263 [info] > git status -z -uall [48ms]
2025-07-20 20:49:46.277 [info] > git config --get commit.template [4ms]
2025-07-20 20:49:46.278 [info] > git for-each-ref --format=%(refname)%00%(upstream:short)%00%(objectname)%00%(upstream:track)%00%(upstream:remotename)%00%(upstream:remoteref) refs/heads/main refs/remotes/main [1ms]
2025-07-20 20:49:46.288 [info] > git for-each-ref --sort -committerdate --format %(refname)%00%(objectname)%00%(*objectname) [1ms]
2025-07-20 20:49:46.329 [info] > git status -z -uall [47ms]
2025-07-20 20:49:51.343 [info] > git config --get commit.template [2ms]
2025-07-20 20:49:51.349 [info] > git for-each-ref --format=%(refname)%00%(upstream:short)%00%(objectname)%00%(upstream:track)%00%(upstream:remotename)%00%(upstream:remoteref) refs/heads/main refs/remotes/main [1ms]
2025-07-20 20:49:51.359 [info] > git for-each-ref --sort -committerdate --format %(refname)%00%(objectname)%00%(*objectname) [1ms]
2025-07-20 20:49:51.403 [info] > git status -z -uall [49ms]
2025-07-20 20:49:56.421 [info] > git config --get commit.template [5ms]
2025-07-20 20:49:56.422 [info] > git for-each-ref --format=%(refname)%00%(upstream:short)%00%(objectname)%00%(upstream:track)%00%(upstream:remotename)%00%(upstream:remoteref) refs/heads/main refs/remotes/main [1ms]
2025-07-20 20:49:56.434 [info] > git for-each-ref --sort -committerdate --format %(refname)%00%(objectname)%00%(*objectname) [2ms]
2025-07-20 20:49:56.472 [info] > git status -z -uall [45ms]
2025-07-20 20:50:08.665 [info] > git config --get commit.template [6ms]
2025-07-20 20:50:08.667 [info] > git for-each-ref --format=%(refname)%00%(upstream:short)%00%(objectname)%00%(upstream:track)%00%(upstream:remotename)%00%(upstream:remoteref) refs/heads/main refs/remotes/main [2ms]
2025-07-20 20:50:08.680 [info] > git for-each-ref --sort -committerdate --format %(refname)%00%(objectname)%00%(*objectname) [2ms]
2025-07-20 20:50:08.720 [info] > git status -z -uall [48ms]
2025-07-20 20:57:06.192 [info] > git config --get commit.template [6ms]
2025-07-20 20:57:06.194 [info] > git for-each-ref --format=%(refname)%00%(upstream:short)%00%(objectname)%00%(upstream:track)%00%(upstream:remotename)%00%(upstream:remoteref) refs/heads/main refs/remotes/main [2ms]
2025-07-20 20:57:06.207 [info] > git for-each-ref --sort -committerdate --format %(refname)%00%(objectname)%00%(*objectname) [1ms]
2025-07-20 20:57:06.246 [info] > git status -z -uall [46ms]
2025-07-20 20:57:11.268 [info] > git config --get commit.template [5ms]
2025-07-20 20:57:11.269 [info] > git for-each-ref --format=%(refname)%00%(upstream:short)%00%(objectname)%00%(upstream:track)%00%(upstream:remotename)%00%(upstream:remoteref) refs/heads/main refs/remotes/main [2ms]
2025-07-20 20:57:11.279 [info] > git for-each-ref --sort -committerdate --format %(refname)%00%(objectname)%00%(*objectname) [1ms]
2025-07-20 20:57:11.335 [info] > git status -z -uall [62ms]
2025-07-20 20:57:16.355 [info] > git config --get commit.template [5ms]
2025-07-20 20:57:16.357 [info] > git for-each-ref --format=%(refname)%00%(upstream:short)%00%(objectname)%00%(upstream:track)%00%(upstream:remotename)%00%(upstream:remoteref) refs/heads/main refs/remotes/main [2ms]
2025-07-20 20:57:16.367 [info] > git for-each-ref --sort -committerdate --format %(refname)%00%(objectname)%00%(*objectname) [1ms]
2025-07-20 20:57:16.416 [info] > git status -z -uall [55ms]
2025-07-20 20:57:18.174 [info] > git check-ignore -v -z --stdin [2ms]
2025-07-20 20:58:57.313 [info] > git config --get commit.template [8ms]
2025-07-20 20:58:57.314 [info] > git for-each-ref --format=%(refname)%00%(upstream:short)%00%(objectname)%00%(upstream:track)%00%(upstream:remotename)%00%(upstream:remoteref) refs/heads/main refs/remotes/main [2ms]
2025-07-20 20:58:57.328 [info] > git for-each-ref --sort -committerdate --format %(refname)%00%(objectname)%00%(*objectname) [1ms]
2025-07-20 20:58:57.367 [info] > git status -z -uall [46ms]
2025-07-20 20:59:00.627 [info] > git check-ignore -v -z --stdin [2ms]
2025-07-20 20:59:02.384 [info] > git config --get commit.template [6ms]
2025-07-20 20:59:02.385 [info] > git for-each-ref --format=%(refname)%00%(upstream:short)%00%(objectname)%00%(upstream:track)%00%(upstream:remotename)%00%(upstream:remoteref) refs/heads/main refs/remotes/main [1ms]
2025-07-20 20:59:02.403 [info] > git for-each-ref --sort -committerdate --format %(refname)%00%(objectname)%00%(*objectname) [1ms]
2025-07-20 20:59:02.481 [info] > git status -z -uall [88ms]
2025-07-20 20:59:09.069 [info] > git config --get commit.template [5ms]
2025-07-20 20:59:09.071 [info] > git for-each-ref --format=%(refname)%00%(upstream:short)%00%(objectname)%00%(upstream:track)%00%(upstream:remotename)%00%(upstream:remoteref) refs/heads/main refs/remotes/main [2ms]
2025-07-20 20:59:09.083 [info] > git for-each-ref --sort -committerdate --format %(refname)%00%(objectname)%00%(*objectname) [1ms]
2025-07-20 20:59:09.140 [info] > git status -z -uall [64ms]
2025-07-20 20:59:46.560 [info] > git config --get commit.template [7ms]
2025-07-20 20:59:46.561 [info] > git for-each-ref --format=%(refname)%00%(upstream:short)%00%(objectname)%00%(upstream:track)%00%(upstream:remotename)%00%(upstream:remoteref) refs/heads/main refs/remotes/main [3ms]
2025-07-20 20:59:46.573 [info] > git for-each-ref --sort -committerdate --format %(refname)%00%(objectname)%00%(*objectname) [1ms]
2025-07-20 20:59:46.613 [info] > git status -z -uall [47ms]
2025-07-20 21:00:10.376 [info] > git config --get commit.template [8ms]
2025-07-20 21:00:10.377 [info] > git for-each-ref --format=%(refname)%00%(upstream:short)%00%(objectname)%00%(upstream:track)%00%(upstream:remotename)%00%(upstream:remoteref) refs/heads/main refs/remotes/main [2ms]
2025-07-20 21:00:10.393 [info] > git for-each-ref --sort -committerdate --format %(refname)%00%(objectname)%00%(*objectname) [2ms]
2025-07-20 21:00:10.431 [info] > git status -z -uall [47ms]
2025-07-20 21:00:15.450 [info] > git config --get commit.template [4ms]
2025-07-20 21:00:15.451 [info] > git for-each-ref --format=%(refname)%00%(upstream:short)%00%(objectname)%00%(upstream:track)%00%(upstream:remotename)%00%(upstream:remoteref) refs/heads/main refs/remotes/main [1ms]
2025-07-20 21:00:15.461 [info] > git for-each-ref --sort -committerdate --format %(refname)%00%(objectname)%00%(*objectname) [2ms]
2025-07-20 21:00:15.501 [info] > git status -z -uall [45ms]
2025-07-20 21:00:16.533 [info] > git check-ignore -v -z --stdin [2ms]
2025-07-20 21:00:18.533 [info] > git check-ignore -v -z --stdin [3ms]
2025-07-20 21:00:20.668 [info] > git config --get commit.template [0ms]
2025-07-20 21:00:20.674 [info] > git for-each-ref --format=%(refname)%00%(upstream:short)%00%(objectname)%00%(upstream:track)%00%(upstream:remotename)%00%(upstream:remoteref) refs/heads/main refs/remotes/main [1ms]
2025-07-20 21:00:20.684 [info] > git for-each-ref --sort -committerdate --format %(refname)%00%(objectname)%00%(*objectname) [2ms]
2025-07-20 21:00:20.726 [info] > git status -z -uall [48ms]
2025-07-20 21:00:25.745 [info] > git config --get commit.template [5ms]
2025-07-20 21:00:25.746 [info] > git for-each-ref --format=%(refname)%00%(upstream:short)%00%(objectname)%00%(upstream:track)%00%(upstream:remotename)%00%(upstream:remoteref) refs/heads/main refs/remotes/main [2ms]
2025-07-20 21:00:25.756 [info] > git for-each-ref --sort -committerdate --format %(refname)%00%(objectname)%00%(*objectname) [2ms]
2025-07-20 21:00:25.801 [info] > git status -z -uall [51ms]
2025-07-20 21:00:30.813 [info] > git config --get commit.template [1ms]
2025-07-20 21:00:30.819 [info] > git for-each-ref --format=%(refname)%00%(upstream:short)%00%(objectname)%00%(upstream:track)%00%(upstream:remotename)%00%(upstream:remoteref) refs/heads/main refs/remotes/main [1ms]
2025-07-20 21:00:30.831 [info] > git for-each-ref --sort -committerdate --format %(refname)%00%(objectname)%00%(*objectname) [2ms]
2025-07-20 21:00:30.868 [info] > git status -z -uall [44ms]
2025-07-20 21:00:35.881 [info] > git config --get commit.template [5ms]
2025-07-20 21:00:35.882 [info] > git for-each-ref --format=%(refname)%00%(upstream:short)%00%(objectname)%00%(upstream:track)%00%(upstream:remotename)%00%(upstream:remoteref) refs/heads/main refs/remotes/main [1ms]
2025-07-20 21:00:35.895 [info] > git for-each-ref --sort -committerdate --format %(refname)%00%(objectname)%00%(*objectname) [2ms]
2025-07-20 21:00:35.932 [info] > git status -z -uall [44ms]
2025-07-20 21:00:39.100 [info] > git check-ignore -v -z --stdin [3ms]
2025-07-20 21:00:40.952 [info] > git config --get commit.template [5ms]
2025-07-20 21:00:40.953 [info] > git for-each-ref --format=%(refname)%00%(upstream:short)%00%(objectname)%00%(upstream:track)%00%(upstream:remotename)%00%(upstream:remoteref) refs/heads/main refs/remotes/main [2ms]
2025-07-20 21:00:40.964 [info] > git for-each-ref --sort -committerdate --format %(refname)%00%(objectname)%00%(*objectname) [2ms]
2025-07-20 21:00:41.002 [info] > git status -z -uall [45ms]
2025-07-20 21:00:46.023 [info] > git config --get commit.template [6ms]
2025-07-20 21:00:46.023 [info] > git for-each-ref --format=%(refname)%00%(upstream:short)%00%(objectname)%00%(upstream:track)%00%(upstream:remotename)%00%(upstream:remoteref) refs/heads/main refs/remotes/main [1ms]
2025-07-20 21:00:46.034 [info] > git for-each-ref --sort -committerdate --format %(refname)%00%(objectname)%00%(*objectname) [1ms]
2025-07-20 21:00:46.072 [info] > git status -z -uall [44ms]
2025-07-20 21:00:57.704 [info] > git config --get commit.template [8ms]
2025-07-20 21:00:57.705 [info] > git for-each-ref --format=%(refname)%00%(upstream:short)%00%(objectname)%00%(upstream:track)%00%(upstream:remotename)%00%(upstream:remoteref) refs/heads/main refs/remotes/main [2ms]
2025-07-20 21:00:57.716 [info] > git for-each-ref --sort -committerdate --format %(refname)%00%(objectname)%00%(*objectname) [1ms]
2025-07-20 21:00:57.757 [info] > git status -z -uall [47ms]
2025-07-20 21:01:02.776 [info] > git config --get commit.template [4ms]
2025-07-20 21:01:02.777 [info] > git for-each-ref --format=%(refname)%00%(upstream:short)%00%(objectname)%00%(upstream:track)%00%(upstream:remotename)%00%(upstream:remoteref) refs/heads/main refs/remotes/main [1ms]
2025-07-20 21:01:02.787 [info] > git for-each-ref --sort -committerdate --format %(refname)%00%(objectname)%00%(*objectname) [2ms]
2025-07-20 21:01:02.833 [info] > git status -z -uall [52ms]
2025-07-20 21:01:11.105 [info] > git config --get commit.template [7ms]
2025-07-20 21:01:11.106 [info] > git for-each-ref --format=%(refname)%00%(upstream:short)%00%(objectname)%00%(upstream:track)%00%(upstream:remotename)%00%(upstream:remoteref) refs/heads/main refs/remotes/main [1ms]
2025-07-20 21:01:11.119 [info] > git for-each-ref --sort -committerdate --format %(refname)%00%(objectname)%00%(*objectname) [2ms]
2025-07-20 21:01:11.177 [info] > git status -z -uall [65ms]
2025-07-20 21:01:16.196 [info] > git config --get commit.template [6ms]
2025-07-20 21:01:16.196 [info] > git for-each-ref --format=%(refname)%00%(upstream:short)%00%(objectname)%00%(upstream:track)%00%(upstream:remotename)%00%(upstream:remoteref) refs/heads/main refs/remotes/main [1ms]
2025-07-20 21:01:16.207 [info] > git for-each-ref --sort -committerdate --format %(refname)%00%(objectname)%00%(*objectname) [1ms]
2025-07-20 21:01:16.249 [info] > git status -z -uall [48ms]
2025-07-20 21:01:21.267 [info] > git config --get commit.template [5ms]
2025-07-20 21:01:21.268 [info] > git for-each-ref --format=%(refname)%00%(upstream:short)%00%(objectname)%00%(upstream:track)%00%(upstream:remotename)%00%(upstream:remoteref) refs/heads/main refs/remotes/main [2ms]
2025-07-20 21:01:21.278 [info] > git for-each-ref --sort -committerdate --format %(refname)%00%(objectname)%00%(*objectname) [1ms]
2025-07-20 21:01:21.322 [info] > git status -z -uall [50ms]
2025-07-20 21:01:26.339 [info] > git config --get commit.template [6ms]
2025-07-20 21:01:26.340 [info] > git for-each-ref --format=%(refname)%00%(upstream:short)%00%(objectname)%00%(upstream:track)%00%(upstream:remotename)%00%(upstream:remoteref) refs/heads/main refs/remotes/main [2ms]
2025-07-20 21:01:26.351 [info] > git for-each-ref --sort -committerdate --format %(refname)%00%(objectname)%00%(*objectname) [1ms]
2025-07-20 21:01:26.391 [info] > git status -z -uall [46ms]
