2025-07-20 18:22:41.683 [info] [main] Log level: Info
2025-07-20 18:22:41.683 [info] [main] Validating found git in: "git"
2025-07-20 18:22:41.683 [info] [main] Using git "2.50.1" from "git"
2025-07-20 18:22:41.683 [info] [Model][doInitialScan] Initial repository scan started
2025-07-20 18:22:41.683 [info] > git rev-parse --show-toplevel [7ms]
2025-07-20 18:22:41.683 [info] > git rev-parse --git-dir --git-common-dir [2ms]
2025-07-20 18:22:41.683 [info] [Model][openRepository] Opened repository (path): /home/arch/.config
2025-07-20 18:22:41.683 [info] [Model][openRepository] Opened repository (real path): /home/arch/.config
2025-07-20 18:22:41.683 [info] > git rev-parse --show-toplevel [6ms]
2025-07-20 18:22:41.683 [info] > git config --get commit.template [12ms]
2025-07-20 18:22:41.684 [info] > git for-each-ref --format=%(refname)%00%(upstream:short)%00%(objectname)%00%(upstream:track)%00%(upstream:remotename)%00%(upstream:remoteref) refs/heads/main refs/remotes/main [6ms]
2025-07-20 18:22:41.803 [info] > git for-each-ref --sort -committerdate --format %(refname)%00%(objectname)%00%(*objectname) [4ms]
2025-07-20 18:22:41.815 [info] > git rev-parse --show-toplevel [1ms]
2025-07-20 18:22:41.819 [info] > git rev-parse --show-toplevel [1ms]
2025-07-20 18:22:41.825 [info] > git rev-parse --show-toplevel [1ms]
2025-07-20 18:22:41.833 [info] > git rev-parse --show-toplevel [1ms]
2025-07-20 18:22:41.839 [info] > git rev-parse --show-toplevel [1ms]
2025-07-20 18:22:41.844 [info] > git rev-parse --show-toplevel [1ms]
2025-07-20 18:22:41.850 [info] > git rev-parse --show-toplevel [2ms]
2025-07-20 18:22:41.855 [info] > git rev-parse --show-toplevel [1ms]
2025-07-20 18:22:41.862 [info] > git rev-parse --show-toplevel [2ms]
2025-07-20 18:22:41.870 [info] > git rev-parse --show-toplevel [2ms]
2025-07-20 18:22:41.878 [info] > git rev-parse --show-toplevel [2ms]
2025-07-20 18:22:41.885 [info] > git rev-parse --show-toplevel [1ms]
2025-07-20 18:22:42.059 [info] > git rev-parse --show-toplevel [10ms]
2025-07-20 18:22:42.064 [info] > git status -z -uall [274ms]
2025-07-20 18:22:42.163 [info] > git check-ignore -v -z --stdin [7ms]
2025-07-20 18:22:42.164 [info] > git for-each-ref --format=%(refname)%00%(upstream:short)%00%(objectname)%00%(upstream:track)%00%(upstream:remotename)%00%(upstream:remoteref) refs/heads/main refs/remotes/main [17ms]
2025-07-20 18:22:42.171 [info] > git rev-parse --show-toplevel [108ms]
2025-07-20 18:22:42.203 [info] > git config --get --local branch.main.vscode-merge-base [33ms]
2025-07-20 18:22:42.203 [warning] [Git][config] git config failed: Failed to execute git
2025-07-20 18:22:42.208 [info] > git config --get commit.template [46ms]
2025-07-20 18:22:42.494 [info] > git reflog main --grep-reflog=branch: Created from *. [286ms]
2025-07-20 18:22:42.501 [info] > git rev-parse --show-toplevel [300ms]
2025-07-20 18:22:42.531 [info] > git symbolic-ref --short refs/remotes/origin/HEAD [30ms]
2025-07-20 18:22:42.531 [info] fatal: ref refs/remotes/origin/HEAD is not a symbolic ref
2025-07-20 18:22:42.531 [warning] [Repository][getDefaultBranch] Failed to get default branch details: Failed to execute git.
2025-07-20 18:22:42.542 [info] > git merge-base refs/heads/main refs/remotes/origin/main [3ms]
2025-07-20 18:22:42.549 [info] > git rev-parse --show-toplevel [19ms]
2025-07-20 18:22:42.549 [info] > git for-each-ref --format=%(refname)%00%(upstream:short)%00%(objectname)%00%(upstream:track)%00%(upstream:remotename)%00%(upstream:remoteref) refs/heads/main refs/remotes/main [25ms]
2025-07-20 18:22:42.561 [info] > git rev-parse --show-toplevel [4ms]
2025-07-20 18:22:42.562 [info] > git diff --name-status -z --diff-filter=ADMR 06bb28050d2c500c4f01db53c1d35e23a37c7845...refs/remotes/origin/main [13ms]
2025-07-20 18:22:42.583 [info] > git rev-parse --show-toplevel [13ms]
2025-07-20 18:22:42.591 [info] > git for-each-ref --sort -committerdate --format %(refname)%00%(objectname)%00%(*objectname) [9ms]
2025-07-20 18:22:42.592 [info] > git rev-parse --show-toplevel [1ms]
2025-07-20 18:22:42.597 [info] > git rev-parse --show-toplevel [2ms]
2025-07-20 18:22:42.603 [info] > git rev-parse --show-toplevel [2ms]
2025-07-20 18:22:42.611 [info] > git rev-parse --show-toplevel [1ms]
2025-07-20 18:22:42.620 [info] > git rev-parse --show-toplevel [2ms]
2025-07-20 18:22:42.627 [info] > git rev-parse --show-toplevel [1ms]
2025-07-20 18:22:42.635 [info] > git rev-parse --show-toplevel [2ms]
2025-07-20 18:22:42.645 [info] > git rev-parse --show-toplevel [2ms]
2025-07-20 18:22:42.651 [info] > git rev-parse --show-toplevel [1ms]
2025-07-20 18:22:42.659 [info] > git rev-parse --show-toplevel [1ms]
2025-07-20 18:22:42.663 [info] > git rev-parse --show-toplevel [0ms]
2025-07-20 18:22:42.671 [info] > git rev-parse --show-toplevel [1ms]
2025-07-20 18:22:42.681 [info] > git rev-parse --show-toplevel [1ms]
2025-07-20 18:22:42.688 [info] > git rev-parse --show-toplevel [2ms]
2025-07-20 18:22:42.693 [info] > git rev-parse --show-toplevel [1ms]
2025-07-20 18:22:42.693 [info] [Model][doInitialScan] Initial repository scan completed - repositories (1), closed repositories (0), parent repositories (0), unsafe repositories (0)
2025-07-20 18:22:42.707 [info] > git show --textconv :hypr/hyprland.conf [8ms]
2025-07-20 18:22:42.708 [info] > git ls-files --stage -- hypr/hyprland.conf [2ms]
2025-07-20 18:22:42.725 [info] > git cat-file -s 67c91d3409f7f3cc67e2d5e796b1fc8c06b6df6b [12ms]
2025-07-20 18:22:42.779 [info] > git blame --root --incremental 06bb28050d2c500c4f01db53c1d35e23a37c7845 -- hypr/hyprland.conf [2ms]
2025-07-20 18:22:42.824 [info] > git status -z -uall [249ms]
2025-07-20 18:22:49.562 [info] > git config --get commit.template [6ms]
2025-07-20 18:22:49.563 [info] > git for-each-ref --format=%(refname)%00%(upstream:short)%00%(objectname)%00%(upstream:track)%00%(upstream:remotename)%00%(upstream:remoteref) refs/heads/main refs/remotes/main [2ms]
2025-07-20 18:22:49.576 [info] > git for-each-ref --sort -committerdate --format %(refname)%00%(objectname)%00%(*objectname) [2ms]
2025-07-20 18:22:49.704 [info] > git status -z -uall [136ms]
2025-07-20 18:22:54.753 [info] > git config --get commit.template [13ms]
2025-07-20 18:22:54.753 [info] > git for-each-ref --format=%(refname)%00%(upstream:short)%00%(objectname)%00%(upstream:track)%00%(upstream:remotename)%00%(upstream:remoteref) refs/heads/main refs/remotes/main [1ms]
2025-07-20 18:22:54.777 [info] > git for-each-ref --sort -committerdate --format %(refname)%00%(objectname)%00%(*objectname) [2ms]
2025-07-20 18:22:54.915 [info] > git status -z -uall [150ms]
2025-07-20 18:23:56.882 [info] > git config --get commit.template [10ms]
2025-07-20 18:23:56.883 [info] > git for-each-ref --format=%(refname)%00%(upstream:short)%00%(objectname)%00%(upstream:track)%00%(upstream:remotename)%00%(upstream:remoteref) refs/heads/main refs/remotes/main [2ms]
2025-07-20 18:23:56.896 [info] > git for-each-ref --sort -committerdate --format %(refname)%00%(objectname)%00%(*objectname) [1ms]
2025-07-20 18:23:57.029 [info] > git status -z -uall [140ms]
2025-07-20 18:24:02.085 [info] > git config --get commit.template [14ms]
2025-07-20 18:24:02.086 [info] > git for-each-ref --format=%(refname)%00%(upstream:short)%00%(objectname)%00%(upstream:track)%00%(upstream:remotename)%00%(upstream:remoteref) refs/heads/main refs/remotes/main [2ms]
2025-07-20 18:24:02.112 [info] > git for-each-ref --sort -committerdate --format %(refname)%00%(objectname)%00%(*objectname) [4ms]
2025-07-20 18:24:02.246 [info] > git status -z -uall [148ms]
