2025-07-20 19:35:24.576 [info] [main] Log level: Info
2025-07-20 19:35:24.576 [info] [main] Validating found git in: "git"
2025-07-20 19:35:24.576 [info] [main] Using git "2.50.1" from "git"
2025-07-20 19:35:24.576 [info] [Model][doInitialScan] Initial repository scan started
2025-07-20 19:35:24.576 [info] > git rev-parse --show-toplevel [18ms]
2025-07-20 19:35:24.576 [info] > git rev-parse --git-dir --git-common-dir [1ms]
2025-07-20 19:35:24.576 [info] [Model][openRepository] Opened repository (path): /home/arch/.config
2025-07-20 19:35:24.576 [info] [Model][openRepository] Opened repository (real path): /home/arch/.config
2025-07-20 19:35:24.576 [info] > git rev-parse --show-toplevel [2ms]
2025-07-20 19:35:24.576 [info] > git config --get commit.template [6ms]
2025-07-20 19:35:24.611 [info] > git for-each-ref --format=%(refname)%00%(upstream:short)%00%(objectname)%00%(upstream:track)%00%(upstream:remotename)%00%(upstream:remoteref) refs/heads/main refs/remotes/main [37ms]
2025-07-20 19:35:24.678 [info] > git for-each-ref --sort -committerdate --format %(refname)%00%(objectname)%00%(*objectname) [2ms]
2025-07-20 19:35:24.686 [info] > git rev-parse --show-toplevel [1ms]
2025-07-20 19:35:24.694 [info] > git rev-parse --show-toplevel [2ms]
2025-07-20 19:35:24.701 [info] > git rev-parse --show-toplevel [1ms]
2025-07-20 19:35:24.708 [info] > git rev-parse --show-toplevel [1ms]
2025-07-20 19:35:24.714 [info] > git rev-parse --show-toplevel [1ms]
2025-07-20 19:35:24.719 [info] > git rev-parse --show-toplevel [1ms]
2025-07-20 19:35:24.726 [info] > git rev-parse --show-toplevel [1ms]
2025-07-20 19:35:24.732 [info] > git rev-parse --show-toplevel [1ms]
2025-07-20 19:35:24.739 [info] > git rev-parse --show-toplevel [2ms]
2025-07-20 19:35:24.746 [info] > git status -z -uall [79ms]
2025-07-20 19:35:24.782 [info] > git for-each-ref --format=%(refname)%00%(upstream:short)%00%(objectname)%00%(upstream:track)%00%(upstream:remotename)%00%(upstream:remoteref) refs/heads/main refs/remotes/main [7ms]
2025-07-20 19:35:24.787 [info] > git rev-parse --show-toplevel [42ms]
2025-07-20 19:35:24.798 [info] > git config --get --local branch.main.vscode-merge-base [10ms]
2025-07-20 19:35:24.798 [warning] [Git][config] git config failed: Failed to execute git
2025-07-20 19:35:24.803 [info] > git config --get commit.template [22ms]
2025-07-20 19:35:24.804 [info] > git rev-parse --show-toplevel [7ms]
2025-07-20 19:35:24.815 [info] > git for-each-ref --format=%(refname)%00%(upstream:short)%00%(objectname)%00%(upstream:track)%00%(upstream:remotename)%00%(upstream:remoteref) refs/heads/main refs/remotes/main [5ms]
2025-07-20 19:35:24.815 [info] > git reflog main --grep-reflog=branch: Created from *. [12ms]
2025-07-20 19:35:24.821 [info] > git rev-parse --show-toplevel [7ms]
2025-07-20 19:35:24.822 [info] > git symbolic-ref --short refs/remotes/origin/HEAD [1ms]
2025-07-20 19:35:24.822 [info] fatal: ref refs/remotes/origin/HEAD is not a symbolic ref
2025-07-20 19:35:24.822 [warning] [Repository][getDefaultBranch] Failed to get default branch details: Failed to execute git.
2025-07-20 19:35:24.846 [info] > git merge-base refs/heads/main refs/remotes/origin/main [18ms]
2025-07-20 19:35:24.917 [info] > git status -z -uall [78ms]
2025-07-20 19:35:24.917 [info] > git diff --name-status -z --diff-filter=ADMR bfcbe2a5be644a7639a5cfcc6604080041dddaf6...refs/remotes/origin/main [66ms]
2025-07-20 19:35:24.918 [info] > git for-each-ref --sort -committerdate --format %(refname)%00%(objectname)%00%(*objectname) [73ms]
2025-07-20 19:35:24.933 [info] > git rev-parse --show-toplevel [99ms]
2025-07-20 19:35:24.941 [info] > git rev-parse --show-toplevel [2ms]
2025-07-20 19:35:24.951 [info] > git rev-parse --show-toplevel [2ms]
2025-07-20 19:35:24.979 [info] > git rev-parse --show-toplevel [3ms]
2025-07-20 19:35:24.985 [info] > git rev-parse --show-toplevel [2ms]
2025-07-20 19:35:24.992 [info] > git rev-parse --show-toplevel [2ms]
2025-07-20 19:35:24.998 [info] > git rev-parse --show-toplevel [2ms]
2025-07-20 19:35:25.010 [info] > git rev-parse --show-toplevel [9ms]
2025-07-20 19:35:25.015 [info] > git rev-parse --show-toplevel [1ms]
2025-07-20 19:35:25.052 [info] > git rev-parse --show-toplevel [32ms]
2025-07-20 19:35:25.058 [info] > git rev-parse --show-toplevel [1ms]
2025-07-20 19:35:25.064 [info] > git rev-parse --show-toplevel [1ms]
2025-07-20 19:35:25.070 [info] > git rev-parse --show-toplevel [1ms]
2025-07-20 19:35:25.076 [info] > git rev-parse --show-toplevel [1ms]
2025-07-20 19:35:25.086 [info] > git rev-parse --show-toplevel [5ms]
2025-07-20 19:35:25.091 [info] > git rev-parse --show-toplevel [1ms]
2025-07-20 19:35:25.095 [info] > git check-ignore -v -z --stdin [10ms]
2025-07-20 19:35:25.096 [info] > git rev-parse --show-toplevel [1ms]
2025-07-20 19:35:25.102 [info] > git rev-parse --show-toplevel [1ms]
2025-07-20 19:35:25.108 [info] > git rev-parse --show-toplevel [1ms]
2025-07-20 19:35:25.113 [info] > git rev-parse --show-toplevel [1ms]
2025-07-20 19:35:25.118 [info] > git rev-parse --show-toplevel [1ms]
2025-07-20 19:35:25.118 [info] [Model][doInitialScan] Initial repository scan completed - repositories (1), closed repositories (0), parent repositories (0), unsafe repositories (0)
2025-07-20 19:35:25.129 [info] > git show --textconv :hypr/hyprland.conf [6ms]
2025-07-20 19:35:25.131 [info] > git ls-files --stage -- hypr/hyprland.conf [2ms]
2025-07-20 19:35:25.137 [info] > git cat-file -s 56d652e4b515ae7cb755d8761fcfd238f86b4b4d [2ms]
2025-07-20 19:35:25.194 [info] > git blame --root --incremental bfcbe2a5be644a7639a5cfcc6604080041dddaf6 -- hypr/hyprland.conf [1ms]
2025-07-20 19:35:31.566 [info] > git config --get commit.template [11ms]
2025-07-20 19:35:31.567 [info] > git for-each-ref --format=%(refname)%00%(upstream:short)%00%(objectname)%00%(upstream:track)%00%(upstream:remotename)%00%(upstream:remoteref) refs/heads/main refs/remotes/main [2ms]
2025-07-20 19:35:31.583 [info] > git for-each-ref --sort -committerdate --format %(refname)%00%(objectname)%00%(*objectname) [2ms]
2025-07-20 19:35:31.681 [info] > git status -z -uall [107ms]
2025-07-20 19:35:36.729 [info] > git config --get commit.template [5ms]
2025-07-20 19:35:36.755 [info] > git for-each-ref --format=%(refname)%00%(upstream:short)%00%(objectname)%00%(upstream:track)%00%(upstream:remotename)%00%(upstream:remoteref) refs/heads/main refs/remotes/main [7ms]
2025-07-20 19:35:36.802 [info] > git for-each-ref --sort -committerdate --format %(refname)%00%(objectname)%00%(*objectname) [5ms]
2025-07-20 19:35:36.870 [info] > git status -z -uall [92ms]
2025-07-20 19:35:42.715 [info] > git config --get commit.template [14ms]
2025-07-20 19:35:42.716 [info] > git for-each-ref --format=%(refname)%00%(upstream:short)%00%(objectname)%00%(upstream:track)%00%(upstream:remotename)%00%(upstream:remoteref) refs/heads/main refs/remotes/main [2ms]
2025-07-20 19:35:42.736 [info] > git for-each-ref --sort -committerdate --format %(refname)%00%(objectname)%00%(*objectname) [3ms]
2025-07-20 19:35:42.797 [info] > git status -z -uall [74ms]
2025-07-20 19:35:45.109 [info] > git check-ignore -v -z --stdin [8ms]
2025-07-20 19:35:47.851 [info] > git config --get commit.template [20ms]
2025-07-20 19:35:47.853 [info] > git for-each-ref --format=%(refname)%00%(upstream:short)%00%(objectname)%00%(upstream:track)%00%(upstream:remotename)%00%(upstream:remoteref) refs/heads/main refs/remotes/main [3ms]
2025-07-20 19:35:47.879 [info] > git for-each-ref --sort -committerdate --format %(refname)%00%(objectname)%00%(*objectname) [1ms]
2025-07-20 19:35:47.929 [info] > git status -z -uall [63ms]
2025-07-20 19:35:54.086 [info] > git config --get commit.template [10ms]
2025-07-20 19:35:54.088 [info] > git for-each-ref --format=%(refname)%00%(upstream:short)%00%(objectname)%00%(upstream:track)%00%(upstream:remotename)%00%(upstream:remoteref) refs/heads/main refs/remotes/main [3ms]
2025-07-20 19:35:54.106 [info] > git for-each-ref --sort -committerdate --format %(refname)%00%(objectname)%00%(*objectname) [2ms]
2025-07-20 19:35:54.162 [info] > git status -z -uall [65ms]
2025-07-20 19:36:05.875 [info] > git config --get commit.template [13ms]
2025-07-20 19:36:05.877 [info] > git for-each-ref --format=%(refname)%00%(upstream:short)%00%(objectname)%00%(upstream:track)%00%(upstream:remotename)%00%(upstream:remoteref) refs/heads/main refs/remotes/main [4ms]
2025-07-20 19:36:05.899 [info] > git for-each-ref --sort -committerdate --format %(refname)%00%(objectname)%00%(*objectname) [2ms]
2025-07-20 19:36:05.956 [info] > git status -z -uall [69ms]
2025-07-20 19:36:20.731 [info] > git config --get commit.template [9ms]
2025-07-20 19:36:20.732 [info] > git for-each-ref --format=%(refname)%00%(upstream:short)%00%(objectname)%00%(upstream:track)%00%(upstream:remotename)%00%(upstream:remoteref) refs/heads/main refs/remotes/main [2ms]
2025-07-20 19:36:20.749 [info] > git for-each-ref --sort -committerdate --format %(refname)%00%(objectname)%00%(*objectname) [3ms]
2025-07-20 19:36:20.800 [info] > git status -z -uall [62ms]
2025-07-20 19:36:25.853 [info] > git config --get commit.template [15ms]
2025-07-20 19:36:25.854 [info] > git for-each-ref --format=%(refname)%00%(upstream:short)%00%(objectname)%00%(upstream:track)%00%(upstream:remotename)%00%(upstream:remoteref) refs/heads/main refs/remotes/main [2ms]
2025-07-20 19:36:25.883 [info] > git for-each-ref --sort -committerdate --format %(refname)%00%(objectname)%00%(*objectname) [2ms]
2025-07-20 19:36:25.954 [info] > git status -z -uall [87ms]
2025-07-20 19:36:30.979 [info] > git config --get commit.template [9ms]
2025-07-20 19:36:30.980 [info] > git for-each-ref --format=%(refname)%00%(upstream:short)%00%(objectname)%00%(upstream:track)%00%(upstream:remotename)%00%(upstream:remoteref) refs/heads/main refs/remotes/main [2ms]
2025-07-20 19:36:31.010 [info] > git for-each-ref --sort -committerdate --format %(refname)%00%(objectname)%00%(*objectname) [7ms]
2025-07-20 19:36:31.071 [info] > git status -z -uall [80ms]
2025-07-20 19:36:36.116 [info] > git config --get commit.template [21ms]
2025-07-20 19:36:36.117 [info] > git for-each-ref --format=%(refname)%00%(upstream:short)%00%(objectname)%00%(upstream:track)%00%(upstream:remotename)%00%(upstream:remoteref) refs/heads/main refs/remotes/main [3ms]
2025-07-20 19:36:36.133 [info] > git for-each-ref --sort -committerdate --format %(refname)%00%(objectname)%00%(*objectname) [1ms]
2025-07-20 19:36:36.195 [info] > git status -z -uall [70ms]
2025-07-20 19:36:41.240 [info] > git config --get commit.template [17ms]
2025-07-20 19:36:41.241 [info] > git for-each-ref --format=%(refname)%00%(upstream:short)%00%(objectname)%00%(upstream:track)%00%(upstream:remotename)%00%(upstream:remoteref) refs/heads/main refs/remotes/main [3ms]
2025-07-20 19:36:41.262 [info] > git for-each-ref --sort -committerdate --format %(refname)%00%(objectname)%00%(*objectname) [1ms]
2025-07-20 19:36:41.314 [info] > git status -z -uall [64ms]
2025-07-20 19:36:46.367 [info] > git config --get commit.template [21ms]
2025-07-20 19:36:46.371 [info] > git for-each-ref --format=%(refname)%00%(upstream:short)%00%(objectname)%00%(upstream:track)%00%(upstream:remotename)%00%(upstream:remoteref) refs/heads/main refs/remotes/main [6ms]
2025-07-20 19:36:46.396 [info] > git for-each-ref --sort -committerdate --format %(refname)%00%(objectname)%00%(*objectname) [2ms]
2025-07-20 19:36:46.459 [info] > git status -z -uall [73ms]
2025-07-20 19:36:51.505 [info] > git config --get commit.template [20ms]
2025-07-20 19:36:51.510 [info] > git for-each-ref --format=%(refname)%00%(upstream:short)%00%(objectname)%00%(upstream:track)%00%(upstream:remotename)%00%(upstream:remoteref) refs/heads/main refs/remotes/main [6ms]
2025-07-20 19:36:51.540 [info] > git for-each-ref --sort -committerdate --format %(refname)%00%(objectname)%00%(*objectname) [3ms]
2025-07-20 19:36:51.601 [info] > git status -z -uall [80ms]
2025-07-20 19:37:09.135 [info] > git config --get commit.template [26ms]
2025-07-20 19:37:09.141 [info] > git for-each-ref --format=%(refname)%00%(upstream:short)%00%(objectname)%00%(upstream:track)%00%(upstream:remotename)%00%(upstream:remoteref) refs/heads/main refs/remotes/main [7ms]
2025-07-20 19:37:09.167 [info] > git for-each-ref --sort -committerdate --format %(refname)%00%(objectname)%00%(*objectname) [1ms]
2025-07-20 19:37:09.227 [info] > git status -z -uall [71ms]
2025-07-20 19:37:14.272 [info] > git config --get commit.template [6ms]
2025-07-20 19:37:14.292 [info] > git for-each-ref --format=%(refname)%00%(upstream:short)%00%(objectname)%00%(upstream:track)%00%(upstream:remotename)%00%(upstream:remoteref) refs/heads/main refs/remotes/main [4ms]
2025-07-20 19:37:14.334 [info] > git for-each-ref --sort -committerdate --format %(refname)%00%(objectname)%00%(*objectname) [7ms]
2025-07-20 19:37:14.387 [info] > git status -z -uall [80ms]
2025-07-20 19:37:19.418 [info] > git config --get commit.template [1ms]
2025-07-20 19:37:19.424 [info] > git for-each-ref --format=%(refname)%00%(upstream:short)%00%(objectname)%00%(upstream:track)%00%(upstream:remotename)%00%(upstream:remoteref) refs/heads/main refs/remotes/main [3ms]
2025-07-20 19:37:19.447 [info] > git for-each-ref --sort -committerdate --format %(refname)%00%(objectname)%00%(*objectname) [2ms]
2025-07-20 19:37:19.497 [info] > git status -z -uall [63ms]
2025-07-20 19:37:24.540 [info] > git config --get commit.template [15ms]
2025-07-20 19:37:24.541 [info] > git for-each-ref --format=%(refname)%00%(upstream:short)%00%(objectname)%00%(upstream:track)%00%(upstream:remotename)%00%(upstream:remoteref) refs/heads/main refs/remotes/main [2ms]
2025-07-20 19:37:24.575 [info] > git for-each-ref --sort -committerdate --format %(refname)%00%(objectname)%00%(*objectname) [1ms]
2025-07-20 19:37:24.626 [info] > git status -z -uall [66ms]
2025-07-20 19:37:29.643 [info] > git config --get commit.template [4ms]
2025-07-20 19:37:29.644 [info] > git for-each-ref --format=%(refname)%00%(upstream:short)%00%(objectname)%00%(upstream:track)%00%(upstream:remotename)%00%(upstream:remoteref) refs/heads/main refs/remotes/main [1ms]
2025-07-20 19:37:29.653 [info] > git for-each-ref --sort -committerdate --format %(refname)%00%(objectname)%00%(*objectname) [1ms]
2025-07-20 19:37:29.708 [info] > git status -z -uall [60ms]
2025-07-20 19:37:50.298 [info] > git config --get commit.template [19ms]
2025-07-20 19:37:50.302 [info] > git for-each-ref --format=%(refname)%00%(upstream:short)%00%(objectname)%00%(upstream:track)%00%(upstream:remotename)%00%(upstream:remoteref) refs/heads/main refs/remotes/main [5ms]
2025-07-20 19:37:50.323 [info] > git for-each-ref --sort -committerdate --format %(refname)%00%(objectname)%00%(*objectname) [1ms]
2025-07-20 19:37:50.388 [info] > git status -z -uall [75ms]
