2025-07-20 18:07:32.145 [info] [main] Log level: Info
2025-07-20 18:07:32.145 [info] [main] Validating found git in: "git"
2025-07-20 18:07:32.145 [info] [main] Using git "2.50.1" from "git"
2025-07-20 18:07:32.145 [info] [Model][doInitialScan] Initial repository scan started
2025-07-20 18:07:32.145 [info] [Model][doInitialScan] Initial repository scan completed - repositories (0), closed repositories (0), parent repositories (0), unsafe repositories (0)
2025-07-20 18:07:35.515 [info] [main] Log level: Info
2025-07-20 18:07:35.515 [info] [main] Validating found git in: "git"
2025-07-20 18:07:35.515 [info] [main] Using git "2.50.1" from "git"
2025-07-20 18:07:35.515 [info] [Model][doInitialScan] Initial repository scan started
2025-07-20 18:07:35.515 [info] > git rev-parse --show-toplevel [18ms]
2025-07-20 18:07:35.515 [info] > git rev-parse --git-dir --git-common-dir [8ms]
2025-07-20 18:07:35.515 [info] [Model][openRepository] Opened repository (path): /home/arch/.config
2025-07-20 18:07:35.515 [info] [Model][openRepository] Opened repository (real path): /home/arch/.config
2025-07-20 18:07:35.515 [info] > git rev-parse --show-toplevel [25ms]
2025-07-20 18:07:35.515 [info] > git config --get commit.template [33ms]
2025-07-20 18:07:35.651 [info] > git for-each-ref --format=%(refname)%00%(upstream:short)%00%(objectname)%00%(upstream:track)%00%(upstream:remotename)%00%(upstream:remoteref) refs/heads/main refs/remotes/main [138ms]
2025-07-20 18:07:35.767 [info] > git for-each-ref --sort -committerdate --format %(refname)%00%(objectname)%00%(*objectname) [35ms]
2025-07-20 18:07:35.809 [info] > git rev-parse --show-toplevel [5ms]
2025-07-20 18:07:35.828 [info] > git rev-parse --show-toplevel [5ms]
2025-07-20 18:07:35.843 [info] > git rev-parse --show-toplevel [4ms]
2025-07-20 18:07:35.858 [info] > git rev-parse --show-toplevel [3ms]
2025-07-20 18:07:35.871 [info] > git rev-parse --show-toplevel [4ms]
2025-07-20 18:07:35.883 [info] > git rev-parse --show-toplevel [3ms]
2025-07-20 18:07:35.892 [info] > git rev-parse --show-toplevel [3ms]
2025-07-20 18:07:35.904 [info] > git rev-parse --show-toplevel [3ms]
2025-07-20 18:07:35.915 [info] > git rev-parse --show-toplevel [3ms]
2025-07-20 18:07:35.926 [info] > git rev-parse --show-toplevel [2ms]
2025-07-20 18:07:35.939 [info] > git rev-parse --show-toplevel [3ms]
2025-07-20 18:07:36.203 [info] > git rev-parse --show-toplevel [256ms]
2025-07-20 18:07:36.239 [info] > git status -z -uall [532ms]
2025-07-20 18:07:36.239 [info] > git check-ignore -v -z --stdin [28ms]
2025-07-20 18:07:36.550 [info] > git for-each-ref --format=%(refname)%00%(upstream:short)%00%(objectname)%00%(upstream:track)%00%(upstream:remotename)%00%(upstream:remoteref) refs/heads/main refs/remotes/main [192ms]
2025-07-20 18:07:36.558 [info] > git rev-parse --show-toplevel [320ms]
2025-07-20 18:07:36.571 [info] > git config --get --local branch.main.vscode-merge-base [12ms]
2025-07-20 18:07:36.571 [warning] [Git][config] git config failed: Failed to execute git
2025-07-20 18:07:36.581 [info] > git config --get commit.template [32ms]
2025-07-20 18:07:36.606 [info] > git rev-parse --show-toplevel [37ms]
2025-07-20 18:07:36.644 [info] > git reflog main --grep-reflog=branch: Created from *. [64ms]
2025-07-20 18:07:36.658 [info] > git symbolic-ref --short refs/remotes/origin/HEAD [6ms]
2025-07-20 18:07:36.658 [info] fatal: ref refs/remotes/origin/HEAD is not a symbolic ref
2025-07-20 18:07:36.658 [warning] [Repository][getDefaultBranch] Failed to get default branch details: Failed to execute git.
2025-07-20 18:07:36.666 [info] > git rev-parse --show-toplevel [23ms]
2025-07-20 18:07:36.666 [info] > git for-each-ref --format=%(refname)%00%(upstream:short)%00%(objectname)%00%(upstream:track)%00%(upstream:remotename)%00%(upstream:remoteref) refs/heads/main refs/remotes/main [31ms]
2025-07-20 18:07:36.676 [info] > git merge-base refs/heads/main refs/remotes/origin/main [9ms]
2025-07-20 18:07:36.684 [info] > git rev-parse --show-toplevel [9ms]
2025-07-20 18:07:36.708 [info] > git for-each-ref --sort -committerdate --format %(refname)%00%(objectname)%00%(*objectname) [9ms]
2025-07-20 18:07:36.709 [info] > git diff --name-status -z --diff-filter=ADMR 06bb28050d2c500c4f01db53c1d35e23a37c7845...refs/remotes/origin/main [26ms]
2025-07-20 18:07:36.711 [info] > git rev-parse --show-toplevel [4ms]
2025-07-20 18:07:36.729 [info] > git rev-parse --show-toplevel [2ms]
2025-07-20 18:07:36.741 [info] > git rev-parse --show-toplevel [3ms]
2025-07-20 18:07:36.752 [info] > git rev-parse --show-toplevel [2ms]
2025-07-20 18:07:36.762 [info] > git rev-parse --show-toplevel [3ms]
2025-07-20 18:07:36.773 [info] > git rev-parse --show-toplevel [2ms]
2025-07-20 18:07:36.783 [info] > git rev-parse --show-toplevel [2ms]
2025-07-20 18:07:36.794 [info] > git rev-parse --show-toplevel [2ms]
2025-07-20 18:07:36.804 [info] > git rev-parse --show-toplevel [2ms]
2025-07-20 18:07:36.815 [info] > git rev-parse --show-toplevel [2ms]
2025-07-20 18:07:36.824 [info] > git rev-parse --show-toplevel [2ms]
2025-07-20 18:07:36.831 [info] > git rev-parse --show-toplevel [1ms]
2025-07-20 18:07:36.842 [info] > git rev-parse --show-toplevel [3ms]
2025-07-20 18:07:36.852 [info] > git rev-parse --show-toplevel [3ms]
2025-07-20 18:07:36.862 [info] > git rev-parse --show-toplevel [2ms]
2025-07-20 18:07:36.872 [info] > git rev-parse --show-toplevel [2ms]
2025-07-20 18:07:36.881 [info] > git rev-parse --show-toplevel [2ms]
2025-07-20 18:07:36.882 [info] [Model][doInitialScan] Initial repository scan completed - repositories (1), closed repositories (0), parent repositories (0), unsafe repositories (0)
2025-07-20 18:07:36.899 [info] > git show --textconv :hypr/hypridle.conf [9ms]
2025-07-20 18:07:36.901 [info] > git ls-files --stage -- hypr/hypridle.conf [3ms]
2025-07-20 18:07:36.911 [info] > git cat-file -s 8b1449ed6e7f151b480d26fd11dd236674626f9e [2ms]
2025-07-20 18:07:36.949 [info] > git blame --root --incremental 06bb28050d2c500c4f01db53c1d35e23a37c7845 -- hypr/hypridle.conf [4ms]
2025-07-20 18:07:37.003 [info] > git status -z -uall [313ms]
2025-07-20 18:07:38.000 [info] > git show --textconv :hypr/hyprland.conf [27ms]
2025-07-20 18:07:38.012 [info] > git ls-files --stage -- hypr/hyprland.conf [17ms]
2025-07-20 18:07:38.038 [info] > git cat-file -s 67c91d3409f7f3cc67e2d5e796b1fc8c06b6df6b [7ms]
2025-07-20 18:07:38.289 [info] > git blame --root --incremental 06bb28050d2c500c4f01db53c1d35e23a37c7845 -- hypr/hyprland.conf [6ms]
2025-07-20 18:07:39.493 [info] > git config --get commit.template [29ms]
2025-07-20 18:07:39.495 [info] > git for-each-ref --format=%(refname)%00%(upstream:short)%00%(objectname)%00%(upstream:track)%00%(upstream:remotename)%00%(upstream:remoteref) refs/heads/main refs/remotes/main [6ms]
2025-07-20 18:07:39.542 [info] > git for-each-ref --sort -committerdate --format %(refname)%00%(objectname)%00%(*objectname) [5ms]
2025-07-20 18:07:39.794 [info] > git status -z -uall [276ms]
2025-07-20 18:07:44.884 [info] > git config --get commit.template [20ms]
2025-07-20 18:07:44.888 [info] > git for-each-ref --format=%(refname)%00%(upstream:short)%00%(objectname)%00%(upstream:track)%00%(upstream:remotename)%00%(upstream:remoteref) refs/heads/main refs/remotes/main [6ms]
2025-07-20 18:07:44.927 [info] > git for-each-ref --sort -committerdate --format %(refname)%00%(objectname)%00%(*objectname) [5ms]
2025-07-20 18:07:45.185 [info] > git status -z -uall [280ms]
2025-07-20 18:07:50.252 [info] > git config --get commit.template [18ms]
2025-07-20 18:07:50.254 [info] > git for-each-ref --format=%(refname)%00%(upstream:short)%00%(objectname)%00%(upstream:track)%00%(upstream:remotename)%00%(upstream:remoteref) refs/heads/main refs/remotes/main [5ms]
2025-07-20 18:07:50.293 [info] > git for-each-ref --sort -committerdate --format %(refname)%00%(objectname)%00%(*objectname) [4ms]
2025-07-20 18:07:50.546 [info] > git status -z -uall [274ms]
2025-07-20 18:08:59.942 [info] > git config --get commit.template [28ms]
2025-07-20 18:08:59.948 [info] > git for-each-ref --format=%(refname)%00%(upstream:short)%00%(objectname)%00%(upstream:track)%00%(upstream:remotename)%00%(upstream:remoteref) refs/heads/main refs/remotes/main [10ms]
2025-07-20 18:09:00.015 [info] > git for-each-ref --sort -committerdate --format %(refname)%00%(objectname)%00%(*objectname) [10ms]
2025-07-20 18:09:00.254 [info] > git status -z -uall [278ms]
2025-07-20 18:09:05.356 [info] > git config --get commit.template [23ms]
2025-07-20 18:09:05.362 [info] > git for-each-ref --format=%(refname)%00%(upstream:short)%00%(objectname)%00%(upstream:track)%00%(upstream:remotename)%00%(upstream:remoteref) refs/heads/main refs/remotes/main [8ms]
2025-07-20 18:09:05.405 [info] > git for-each-ref --sort -committerdate --format %(refname)%00%(objectname)%00%(*objectname) [4ms]
2025-07-20 18:09:05.669 [info] > git status -z -uall [287ms]
2025-07-20 18:10:07.923 [info] > git config --get commit.template [24ms]
2025-07-20 18:10:07.929 [info] > git for-each-ref --format=%(refname)%00%(upstream:short)%00%(objectname)%00%(upstream:track)%00%(upstream:remotename)%00%(upstream:remoteref) refs/heads/main refs/remotes/main [9ms]
2025-07-20 18:10:07.997 [info] > git for-each-ref --sort -committerdate --format %(refname)%00%(objectname)%00%(*objectname) [13ms]
2025-07-20 18:10:08.340 [info] > git status -z -uall [386ms]
2025-07-20 18:10:13.436 [info] > git config --get commit.template [4ms]
2025-07-20 18:10:13.468 [info] > git for-each-ref --format=%(refname)%00%(upstream:short)%00%(objectname)%00%(upstream:track)%00%(upstream:remotename)%00%(upstream:remoteref) refs/heads/main refs/remotes/main [8ms]
2025-07-20 18:10:13.510 [info] > git for-each-ref --sort -committerdate --format %(refname)%00%(objectname)%00%(*objectname) [5ms]
2025-07-20 18:10:13.796 [info] > git status -z -uall [309ms]
2025-07-20 18:10:18.860 [info] > git config --get commit.template [6ms]
2025-07-20 18:10:18.890 [info] > git for-each-ref --format=%(refname)%00%(upstream:short)%00%(objectname)%00%(upstream:track)%00%(upstream:remotename)%00%(upstream:remoteref) refs/heads/main refs/remotes/main [9ms]
2025-07-20 18:10:18.945 [info] > git for-each-ref --sort -committerdate --format %(refname)%00%(objectname)%00%(*objectname) [10ms]
2025-07-20 18:10:19.208 [info] > git status -z -uall [296ms]
2025-07-20 18:10:24.282 [info] > git config --get commit.template [22ms]
2025-07-20 18:10:24.285 [info] > git for-each-ref --format=%(refname)%00%(upstream:short)%00%(objectname)%00%(upstream:track)%00%(upstream:remotename)%00%(upstream:remoteref) refs/heads/main refs/remotes/main [5ms]
2025-07-20 18:10:24.335 [info] > git for-each-ref --sort -committerdate --format %(refname)%00%(objectname)%00%(*objectname) [6ms]
2025-07-20 18:10:24.584 [info] > git status -z -uall [280ms]
2025-07-20 18:10:31.416 [info] > git config --get commit.template [5ms]
2025-07-20 18:10:31.452 [info] > git for-each-ref --format=%(refname)%00%(upstream:short)%00%(objectname)%00%(upstream:track)%00%(upstream:remotename)%00%(upstream:remoteref) refs/heads/main refs/remotes/main [9ms]
2025-07-20 18:10:31.510 [info] > git for-each-ref --sort -committerdate --format %(refname)%00%(objectname)%00%(*objectname) [5ms]
2025-07-20 18:10:31.772 [info] > git status -z -uall [293ms]
2025-07-20 18:10:36.838 [info] > git config --get commit.template [20ms]
2025-07-20 18:10:36.840 [info] > git for-each-ref --format=%(refname)%00%(upstream:short)%00%(objectname)%00%(upstream:track)%00%(upstream:remotename)%00%(upstream:remoteref) refs/heads/main refs/remotes/main [4ms]
2025-07-20 18:10:36.890 [info] > git for-each-ref --sort -committerdate --format %(refname)%00%(objectname)%00%(*objectname) [8ms]
2025-07-20 18:10:37.165 [info] > git status -z -uall [304ms]
2025-07-20 18:10:42.242 [info] > git config --get commit.template [23ms]
2025-07-20 18:10:42.244 [info] > git for-each-ref --format=%(refname)%00%(upstream:short)%00%(objectname)%00%(upstream:track)%00%(upstream:remotename)%00%(upstream:remoteref) refs/heads/main refs/remotes/main [4ms]
2025-07-20 18:10:42.293 [info] > git for-each-ref --sort -committerdate --format %(refname)%00%(objectname)%00%(*objectname) [5ms]
2025-07-20 18:10:42.567 [info] > git status -z -uall [303ms]
2025-07-20 18:10:47.646 [info] > git config --get commit.template [26ms]
2025-07-20 18:10:47.649 [info] > git for-each-ref --format=%(refname)%00%(upstream:short)%00%(objectname)%00%(upstream:track)%00%(upstream:remotename)%00%(upstream:remoteref) refs/heads/main refs/remotes/main [5ms]
2025-07-20 18:10:47.700 [info] > git for-each-ref --sort -committerdate --format %(refname)%00%(objectname)%00%(*objectname) [8ms]
2025-07-20 18:10:47.970 [info] > git status -z -uall [300ms]
2025-07-20 18:10:53.048 [info] > git config --get commit.template [23ms]
2025-07-20 18:10:53.051 [info] > git for-each-ref --format=%(refname)%00%(upstream:short)%00%(objectname)%00%(upstream:track)%00%(upstream:remotename)%00%(upstream:remoteref) refs/heads/main refs/remotes/main [5ms]
2025-07-20 18:10:53.104 [info] > git for-each-ref --sort -committerdate --format %(refname)%00%(objectname)%00%(*objectname) [7ms]
2025-07-20 18:10:53.341 [info] > git status -z -uall [269ms]
2025-07-20 18:10:58.409 [info] > git config --get commit.template [23ms]
2025-07-20 18:10:58.414 [info] > git for-each-ref --format=%(refname)%00%(upstream:short)%00%(objectname)%00%(upstream:track)%00%(upstream:remotename)%00%(upstream:remoteref) refs/heads/main refs/remotes/main [7ms]
2025-07-20 18:10:58.464 [info] > git for-each-ref --sort -committerdate --format %(refname)%00%(objectname)%00%(*objectname) [7ms]
2025-07-20 18:10:58.724 [info] > git status -z -uall [289ms]
2025-07-20 18:11:03.804 [info] > git config --get commit.template [28ms]
2025-07-20 18:11:03.809 [info] > git for-each-ref --format=%(refname)%00%(upstream:short)%00%(objectname)%00%(upstream:track)%00%(upstream:remotename)%00%(upstream:remoteref) refs/heads/main refs/remotes/main [8ms]
2025-07-20 18:11:03.861 [info] > git for-each-ref --sort -committerdate --format %(refname)%00%(objectname)%00%(*objectname) [5ms]
2025-07-20 18:11:04.124 [info] > git status -z -uall [291ms]
2025-07-20 18:11:09.197 [info] > git config --get commit.template [24ms]
2025-07-20 18:11:09.203 [info] > git for-each-ref --format=%(refname)%00%(upstream:short)%00%(objectname)%00%(upstream:track)%00%(upstream:remotename)%00%(upstream:remoteref) refs/heads/main refs/remotes/main [8ms]
2025-07-20 18:11:09.249 [info] > git for-each-ref --sort -committerdate --format %(refname)%00%(objectname)%00%(*objectname) [6ms]
2025-07-20 18:11:09.504 [info] > git status -z -uall [281ms]
2025-07-20 18:11:14.557 [info] > git config --get commit.template [5ms]
2025-07-20 18:11:14.588 [info] > git for-each-ref --format=%(refname)%00%(upstream:short)%00%(objectname)%00%(upstream:track)%00%(upstream:remotename)%00%(upstream:remoteref) refs/heads/main refs/remotes/main [10ms]
2025-07-20 18:11:14.648 [info] > git for-each-ref --sort -committerdate --format %(refname)%00%(objectname)%00%(*objectname) [9ms]
2025-07-20 18:11:14.890 [info] > git status -z -uall [278ms]
2025-07-20 18:11:19.952 [info] > git config --get commit.template [19ms]
2025-07-20 18:11:19.955 [info] > git for-each-ref --format=%(refname)%00%(upstream:short)%00%(objectname)%00%(upstream:track)%00%(upstream:remotename)%00%(upstream:remoteref) refs/heads/main refs/remotes/main [5ms]
2025-07-20 18:11:19.998 [info] > git for-each-ref --sort -committerdate --format %(refname)%00%(objectname)%00%(*objectname) [5ms]
2025-07-20 18:11:20.242 [info] > git status -z -uall [268ms]
2025-07-20 18:11:25.315 [info] > git config --get commit.template [23ms]
2025-07-20 18:11:25.321 [info] > git for-each-ref --format=%(refname)%00%(upstream:short)%00%(objectname)%00%(upstream:track)%00%(upstream:remotename)%00%(upstream:remoteref) refs/heads/main refs/remotes/main [8ms]
2025-07-20 18:11:25.370 [info] > git for-each-ref --sort -committerdate --format %(refname)%00%(objectname)%00%(*objectname) [8ms]
2025-07-20 18:11:25.650 [info] > git status -z -uall [309ms]
2025-07-20 18:11:30.737 [info] > git config --get commit.template [24ms]
2025-07-20 18:11:30.743 [info] > git for-each-ref --format=%(refname)%00%(upstream:short)%00%(objectname)%00%(upstream:track)%00%(upstream:remotename)%00%(upstream:remoteref) refs/heads/main refs/remotes/main [9ms]
2025-07-20 18:11:30.796 [info] > git for-each-ref --sort -committerdate --format %(refname)%00%(objectname)%00%(*objectname) [4ms]
2025-07-20 18:11:31.024 [info] > git status -z -uall [259ms]
2025-07-20 18:11:36.083 [info] > git config --get commit.template [4ms]
2025-07-20 18:11:36.113 [info] > git for-each-ref --format=%(refname)%00%(upstream:short)%00%(objectname)%00%(upstream:track)%00%(upstream:remotename)%00%(upstream:remoteref) refs/heads/main refs/remotes/main [5ms]
2025-07-20 18:11:36.155 [info] > git for-each-ref --sort -committerdate --format %(refname)%00%(objectname)%00%(*objectname) [4ms]
2025-07-20 18:11:36.406 [info] > git status -z -uall [271ms]
2025-07-20 18:11:41.470 [info] > git config --get commit.template [19ms]
2025-07-20 18:11:41.473 [info] > git for-each-ref --format=%(refname)%00%(upstream:short)%00%(objectname)%00%(upstream:track)%00%(upstream:remotename)%00%(upstream:remoteref) refs/heads/main refs/remotes/main [5ms]
2025-07-20 18:11:41.513 [info] > git for-each-ref --sort -committerdate --format %(refname)%00%(objectname)%00%(*objectname) [4ms]
2025-07-20 18:11:41.777 [info] > git status -z -uall [285ms]
2025-07-20 18:11:46.824 [info] > git config --get commit.template [6ms]
2025-07-20 18:11:46.849 [info] > git for-each-ref --format=%(refname)%00%(upstream:short)%00%(objectname)%00%(upstream:track)%00%(upstream:remotename)%00%(upstream:remoteref) refs/heads/main refs/remotes/main [6ms]
2025-07-20 18:11:46.905 [info] > git for-each-ref --sort -committerdate --format %(refname)%00%(objectname)%00%(*objectname) [10ms]
2025-07-20 18:11:47.157 [info] > git status -z -uall [285ms]
2025-07-20 18:11:52.757 [info] > git config --get commit.template [33ms]
2025-07-20 18:11:52.764 [info] > git for-each-ref --format=%(refname)%00%(upstream:short)%00%(objectname)%00%(upstream:track)%00%(upstream:remotename)%00%(upstream:remoteref) refs/heads/main refs/remotes/main [9ms]
2025-07-20 18:11:52.828 [info] > git for-each-ref --sort -committerdate --format %(refname)%00%(objectname)%00%(*objectname) [9ms]
2025-07-20 18:11:53.194 [info] > git status -z -uall [402ms]
2025-07-20 18:12:00.210 [info] > git config --get commit.template [33ms]
2025-07-20 18:12:00.213 [info] > git for-each-ref --format=%(refname)%00%(upstream:short)%00%(objectname)%00%(upstream:track)%00%(upstream:remotename)%00%(upstream:remoteref) refs/heads/main refs/remotes/main [6ms]
2025-07-20 18:12:00.259 [info] > git for-each-ref --sort -committerdate --format %(refname)%00%(objectname)%00%(*objectname) [6ms]
2025-07-20 18:12:00.490 [info] > git status -z -uall [257ms]
2025-07-20 18:12:44.355 [info] > git config --get commit.template [31ms]
2025-07-20 18:12:44.358 [info] > git for-each-ref --format=%(refname)%00%(upstream:short)%00%(objectname)%00%(upstream:track)%00%(upstream:remotename)%00%(upstream:remoteref) refs/heads/main refs/remotes/main [6ms]
2025-07-20 18:12:44.403 [info] > git for-each-ref --sort -committerdate --format %(refname)%00%(objectname)%00%(*objectname) [5ms]
2025-07-20 18:12:44.645 [info] > git status -z -uall [267ms]
2025-07-20 18:12:49.733 [info] > git config --get commit.template [23ms]
2025-07-20 18:12:49.737 [info] > git for-each-ref --format=%(refname)%00%(upstream:short)%00%(objectname)%00%(upstream:track)%00%(upstream:remotename)%00%(upstream:remoteref) refs/heads/main refs/remotes/main [8ms]
2025-07-20 18:12:49.778 [info] > git for-each-ref --sort -committerdate --format %(refname)%00%(objectname)%00%(*objectname) [5ms]
2025-07-20 18:12:50.047 [info] > git status -z -uall [293ms]
2025-07-20 18:12:55.119 [info] > git config --get commit.template [20ms]
2025-07-20 18:12:55.121 [info] > git for-each-ref --format=%(refname)%00%(upstream:short)%00%(objectname)%00%(upstream:track)%00%(upstream:remotename)%00%(upstream:remoteref) refs/heads/main refs/remotes/main [4ms]
2025-07-20 18:12:55.170 [info] > git for-each-ref --sort -committerdate --format %(refname)%00%(objectname)%00%(*objectname) [8ms]
2025-07-20 18:12:55.440 [info] > git status -z -uall [299ms]
2025-07-20 18:13:00.500 [info] > git config --get commit.template [8ms]
2025-07-20 18:13:00.528 [info] > git for-each-ref --format=%(refname)%00%(upstream:short)%00%(objectname)%00%(upstream:track)%00%(upstream:remotename)%00%(upstream:remoteref) refs/heads/main refs/remotes/main [7ms]
2025-07-20 18:13:00.579 [info] > git for-each-ref --sort -committerdate --format %(refname)%00%(objectname)%00%(*objectname) [7ms]
2025-07-20 18:13:00.830 [info] > git status -z -uall [278ms]
2025-07-20 18:13:05.899 [info] > git config --get commit.template [23ms]
2025-07-20 18:13:05.901 [info] > git for-each-ref --format=%(refname)%00%(upstream:short)%00%(objectname)%00%(upstream:track)%00%(upstream:remotename)%00%(upstream:remoteref) refs/heads/main refs/remotes/main [6ms]
2025-07-20 18:13:05.959 [info] > git for-each-ref --sort -committerdate --format %(refname)%00%(objectname)%00%(*objectname) [7ms]
2025-07-20 18:13:06.314 [info] > git status -z -uall [386ms]
2025-07-20 18:13:11.401 [info] > git config --get commit.template [26ms]
2025-07-20 18:13:11.405 [info] > git for-each-ref --format=%(refname)%00%(upstream:short)%00%(objectname)%00%(upstream:track)%00%(upstream:remotename)%00%(upstream:remoteref) refs/heads/main refs/remotes/main [8ms]
2025-07-20 18:13:11.466 [info] > git for-each-ref --sort -committerdate --format %(refname)%00%(objectname)%00%(*objectname) [9ms]
2025-07-20 18:13:11.713 [info] > git status -z -uall [283ms]
2025-07-20 18:13:16.779 [info] > git config --get commit.template [23ms]
2025-07-20 18:13:16.781 [info] > git for-each-ref --format=%(refname)%00%(upstream:short)%00%(objectname)%00%(upstream:track)%00%(upstream:remotename)%00%(upstream:remoteref) refs/heads/main refs/remotes/main [4ms]
2025-07-20 18:13:16.841 [info] > git for-each-ref --sort -committerdate --format %(refname)%00%(objectname)%00%(*objectname) [6ms]
2025-07-20 18:13:17.233 [info] > git status -z -uall [424ms]
2025-07-20 18:13:22.277 [info] > git config --get commit.template [4ms]
2025-07-20 18:13:22.299 [info] > git for-each-ref --format=%(refname)%00%(upstream:short)%00%(objectname)%00%(upstream:track)%00%(upstream:remotename)%00%(upstream:remoteref) refs/heads/main refs/remotes/main [5ms]
2025-07-20 18:13:22.335 [info] > git for-each-ref --sort -committerdate --format %(refname)%00%(objectname)%00%(*objectname) [5ms]
2025-07-20 18:13:22.588 [info] > git status -z -uall [273ms]
2025-07-20 18:13:27.655 [info] > git config --get commit.template [22ms]
2025-07-20 18:13:27.660 [info] > git for-each-ref --format=%(refname)%00%(upstream:short)%00%(objectname)%00%(upstream:track)%00%(upstream:remotename)%00%(upstream:remoteref) refs/heads/main refs/remotes/main [7ms]
2025-07-20 18:13:27.709 [info] > git for-each-ref --sort -committerdate --format %(refname)%00%(objectname)%00%(*objectname) [7ms]
2025-07-20 18:13:27.975 [info] > git status -z -uall [291ms]
2025-07-20 18:13:33.047 [info] > git config --get commit.template [21ms]
2025-07-20 18:13:33.053 [info] > git for-each-ref --format=%(refname)%00%(upstream:short)%00%(objectname)%00%(upstream:track)%00%(upstream:remotename)%00%(upstream:remoteref) refs/heads/main refs/remotes/main [8ms]
2025-07-20 18:13:33.103 [info] > git for-each-ref --sort -committerdate --format %(refname)%00%(objectname)%00%(*objectname) [5ms]
2025-07-20 18:13:33.342 [info] > git status -z -uall [269ms]
2025-07-20 18:13:38.389 [info] > git config --get commit.template [5ms]
2025-07-20 18:13:38.412 [info] > git for-each-ref --format=%(refname)%00%(upstream:short)%00%(objectname)%00%(upstream:track)%00%(upstream:remotename)%00%(upstream:remoteref) refs/heads/main refs/remotes/main [6ms]
2025-07-20 18:13:38.461 [info] > git for-each-ref --sort -committerdate --format %(refname)%00%(objectname)%00%(*objectname) [8ms]
2025-07-20 18:13:38.699 [info] > git status -z -uall [269ms]
2025-07-20 18:14:21.080 [info] > git config --get commit.template [27ms]
2025-07-20 18:14:21.084 [info] > git for-each-ref --format=%(refname)%00%(upstream:short)%00%(objectname)%00%(upstream:track)%00%(upstream:remotename)%00%(upstream:remoteref) refs/heads/main refs/remotes/main [6ms]
2025-07-20 18:14:21.118 [info] > git for-each-ref --sort -committerdate --format %(refname)%00%(objectname)%00%(*objectname) [4ms]
2025-07-20 18:14:21.349 [info] > git status -z -uall [252ms]
2025-07-20 18:15:14.262 [info] > git config --get commit.template [2ms]
2025-07-20 18:15:14.270 [info] > git for-each-ref --format=%(refname)%00%(upstream:short)%00%(objectname)%00%(upstream:track)%00%(upstream:remotename)%00%(upstream:remoteref) refs/heads/main refs/remotes/main [2ms]
2025-07-20 18:15:14.285 [info] > git for-each-ref --sort -committerdate --format %(refname)%00%(objectname)%00%(*objectname) [1ms]
2025-07-20 18:15:14.423 [info] > git status -z -uall [147ms]
2025-07-20 18:15:19.490 [info] > git config --get commit.template [17ms]
2025-07-20 18:15:19.491 [info] > git for-each-ref --format=%(refname)%00%(upstream:short)%00%(objectname)%00%(upstream:track)%00%(upstream:remotename)%00%(upstream:remoteref) refs/heads/main refs/remotes/main [2ms]
2025-07-20 18:15:19.527 [info] > git for-each-ref --sort -committerdate --format %(refname)%00%(objectname)%00%(*objectname) [5ms]
2025-07-20 18:15:19.660 [info] > git status -z -uall [158ms]
2025-07-20 18:15:24.694 [info] > git config --get commit.template [2ms]
2025-07-20 18:15:24.706 [info] > git for-each-ref --format=%(refname)%00%(upstream:short)%00%(objectname)%00%(upstream:track)%00%(upstream:remotename)%00%(upstream:remoteref) refs/heads/main refs/remotes/main [3ms]
2025-07-20 18:15:24.732 [info] > git for-each-ref --sort -committerdate --format %(refname)%00%(objectname)%00%(*objectname) [2ms]
2025-07-20 18:15:24.861 [info] > git status -z -uall [143ms]
2025-07-20 18:15:29.900 [info] > git config --get commit.template [3ms]
2025-07-20 18:15:29.916 [info] > git for-each-ref --format=%(refname)%00%(upstream:short)%00%(objectname)%00%(upstream:track)%00%(upstream:remotename)%00%(upstream:remoteref) refs/heads/main refs/remotes/main [2ms]
2025-07-20 18:15:29.946 [info] > git for-each-ref --sort -committerdate --format %(refname)%00%(objectname)%00%(*objectname) [3ms]
2025-07-20 18:15:30.087 [info] > git status -z -uall [158ms]
2025-07-20 18:15:35.143 [info] > git config --get commit.template [20ms]
2025-07-20 18:15:35.145 [info] > git for-each-ref --format=%(refname)%00%(upstream:short)%00%(objectname)%00%(upstream:track)%00%(upstream:remotename)%00%(upstream:remoteref) refs/heads/main refs/remotes/main [4ms]
2025-07-20 18:15:35.175 [info] > git for-each-ref --sort -committerdate --format %(refname)%00%(objectname)%00%(*objectname) [2ms]
2025-07-20 18:15:35.313 [info] > git status -z -uall [152ms]
2025-07-20 18:15:40.357 [info] > git config --get commit.template [11ms]
2025-07-20 18:15:40.358 [info] > git for-each-ref --format=%(refname)%00%(upstream:short)%00%(objectname)%00%(upstream:track)%00%(upstream:remotename)%00%(upstream:remoteref) refs/heads/main refs/remotes/main [2ms]
2025-07-20 18:15:40.376 [info] > git for-each-ref --sort -committerdate --format %(refname)%00%(objectname)%00%(*objectname) [2ms]
2025-07-20 18:15:40.519 [info] > git status -z -uall [153ms]
2025-07-20 18:15:45.563 [info] > git config --get commit.template [17ms]
2025-07-20 18:15:45.567 [info] > git for-each-ref --format=%(refname)%00%(upstream:short)%00%(objectname)%00%(upstream:track)%00%(upstream:remotename)%00%(upstream:remoteref) refs/heads/main refs/remotes/main [6ms]
2025-07-20 18:15:45.611 [info] > git for-each-ref --sort -committerdate --format %(refname)%00%(objectname)%00%(*objectname) [4ms]
2025-07-20 18:15:45.747 [info] > git status -z -uall [158ms]
2025-07-20 18:15:50.779 [info] > git config --get commit.template [5ms]
2025-07-20 18:15:50.780 [info] > git for-each-ref --format=%(refname)%00%(upstream:short)%00%(objectname)%00%(upstream:track)%00%(upstream:remotename)%00%(upstream:remoteref) refs/heads/main refs/remotes/main [2ms]
2025-07-20 18:15:50.790 [info] > git for-each-ref --sort -committerdate --format %(refname)%00%(objectname)%00%(*objectname) [1ms]
2025-07-20 18:15:50.918 [info] > git status -z -uall [134ms]
