2025-07-20 08:45:32.464 [info] [main] Log level: Info
2025-07-20 08:45:32.464 [info] [main] Validating found git in: "git"
2025-07-20 08:45:32.464 [info] [main] Using git "2.50.1" from "git"
2025-07-20 08:45:32.464 [info] [Model][doInitialScan] Initial repository scan started
2025-07-20 08:45:32.464 [info] > git rev-parse --show-toplevel [111ms]
2025-07-20 08:45:32.464 [info] fatal: not a git repository (or any of the parent directories): .git
2025-07-20 08:45:32.464 [info] > git rev-parse --show-toplevel [5ms]
2025-07-20 08:45:32.464 [info] fatal: not a git repository (or any of the parent directories): .git
2025-07-20 08:45:32.464 [info] > git rev-parse --show-toplevel [17ms]
2025-07-20 08:45:32.464 [info] fatal: not a git repository (or any of the parent directories): .git
2025-07-20 08:45:32.476 [info] > git rev-parse --show-toplevel [7ms]
2025-07-20 08:45:32.476 [info] fatal: not a git repository (or any of the parent directories): .git
2025-07-20 08:45:32.483 [info] > git rev-parse --show-toplevel [1ms]
2025-07-20 08:45:32.483 [info] fatal: not a git repository (or any of the parent directories): .git
2025-07-20 08:45:32.488 [info] > git rev-parse --show-toplevel [1ms]
2025-07-20 08:45:32.488 [info] fatal: not a git repository (or any of the parent directories): .git
2025-07-20 08:45:32.493 [info] > git rev-parse --show-toplevel [1ms]
2025-07-20 08:45:32.493 [info] fatal: not a git repository (or any of the parent directories): .git
2025-07-20 08:45:32.497 [info] > git rev-parse --show-toplevel [1ms]
2025-07-20 08:45:32.497 [info] fatal: not a git repository (or any of the parent directories): .git
2025-07-20 08:45:32.501 [info] > git rev-parse --show-toplevel [1ms]
2025-07-20 08:45:32.501 [info] fatal: not a git repository (or any of the parent directories): .git
2025-07-20 08:45:32.507 [info] > git rev-parse --show-toplevel [2ms]
2025-07-20 08:45:32.507 [info] fatal: not a git repository (or any of the parent directories): .git
2025-07-20 08:45:32.511 [info] > git rev-parse --show-toplevel [1ms]
2025-07-20 08:45:32.511 [info] fatal: not a git repository (or any of the parent directories): .git
2025-07-20 08:45:32.516 [info] > git rev-parse --show-toplevel [1ms]
2025-07-20 08:45:32.516 [info] fatal: not a git repository (or any of the parent directories): .git
2025-07-20 08:45:32.519 [info] > git rev-parse --show-toplevel [0ms]
2025-07-20 08:45:32.519 [info] fatal: not a git repository (or any of the parent directories): .git
2025-07-20 08:45:32.524 [info] > git rev-parse --show-toplevel [1ms]
2025-07-20 08:45:32.524 [info] fatal: not a git repository (or any of the parent directories): .git
2025-07-20 08:45:32.529 [info] > git rev-parse --show-toplevel [1ms]
2025-07-20 08:45:32.529 [info] fatal: not a git repository (or any of the parent directories): .git
2025-07-20 08:45:32.535 [info] > git rev-parse --show-toplevel [2ms]
2025-07-20 08:45:32.535 [info] fatal: not a git repository (or any of the parent directories): .git
2025-07-20 08:45:32.539 [info] > git rev-parse --show-toplevel [1ms]
2025-07-20 08:45:32.539 [info] fatal: not a git repository (or any of the parent directories): .git
2025-07-20 08:45:32.545 [info] > git rev-parse --show-toplevel [1ms]
2025-07-20 08:45:32.545 [info] fatal: not a git repository (or any of the parent directories): .git
2025-07-20 08:45:32.550 [info] > git rev-parse --show-toplevel [1ms]
2025-07-20 08:45:32.550 [info] fatal: not a git repository (or any of the parent directories): .git
2025-07-20 08:45:32.555 [info] > git rev-parse --show-toplevel [1ms]
2025-07-20 08:45:32.555 [info] fatal: not a git repository (or any of the parent directories): .git
2025-07-20 08:45:32.560 [info] > git rev-parse --show-toplevel [1ms]
2025-07-20 08:45:32.560 [info] fatal: not a git repository (or any of the parent directories): .git
2025-07-20 08:45:32.565 [info] > git rev-parse --show-toplevel [1ms]
2025-07-20 08:45:32.565 [info] fatal: not a git repository (or any of the parent directories): .git
2025-07-20 08:45:32.570 [info] > git rev-parse --show-toplevel [1ms]
2025-07-20 08:45:32.570 [info] fatal: not a git repository (or any of the parent directories): .git
2025-07-20 08:45:32.582 [info] > git rev-parse --show-toplevel [8ms]
2025-07-20 08:45:32.582 [info] fatal: not a git repository (or any of the parent directories): .git
2025-07-20 08:45:32.589 [info] > git rev-parse --show-toplevel [2ms]
2025-07-20 08:45:32.590 [info] fatal: not a git repository (or any of the parent directories): .git
2025-07-20 08:45:32.595 [info] > git rev-parse --show-toplevel [1ms]
2025-07-20 08:45:32.595 [info] fatal: not a git repository (or any of the parent directories): .git
2025-07-20 08:45:32.600 [info] > git rev-parse --show-toplevel [1ms]
2025-07-20 08:45:32.600 [info] fatal: not a git repository (or any of the parent directories): .git
2025-07-20 08:45:32.604 [info] > git rev-parse --show-toplevel [1ms]
2025-07-20 08:45:32.604 [info] fatal: not a git repository (or any of the parent directories): .git
2025-07-20 08:45:32.608 [info] > git rev-parse --show-toplevel [1ms]
2025-07-20 08:45:32.608 [info] fatal: not a git repository (or any of the parent directories): .git
2025-07-20 08:45:32.613 [info] > git rev-parse --show-toplevel [1ms]
2025-07-20 08:45:32.613 [info] fatal: not a git repository (or any of the parent directories): .git
2025-07-20 08:45:32.618 [info] > git rev-parse --show-toplevel [1ms]
2025-07-20 08:45:32.618 [info] fatal: not a git repository (or any of the parent directories): .git
2025-07-20 08:45:32.623 [info] > git rev-parse --show-toplevel [1ms]
2025-07-20 08:45:32.623 [info] fatal: not a git repository (or any of the parent directories): .git
2025-07-20 08:45:32.628 [info] > git rev-parse --show-toplevel [1ms]
2025-07-20 08:45:32.628 [info] fatal: not a git repository (or any of the parent directories): .git
2025-07-20 08:45:32.632 [info] > git rev-parse --show-toplevel [1ms]
2025-07-20 08:45:32.632 [info] fatal: not a git repository (or any of the parent directories): .git
2025-07-20 08:45:32.637 [info] > git rev-parse --show-toplevel [1ms]
2025-07-20 08:45:32.637 [info] fatal: not a git repository (or any of the parent directories): .git
2025-07-20 08:45:32.641 [info] > git rev-parse --show-toplevel [1ms]
2025-07-20 08:45:32.641 [info] fatal: not a git repository (or any of the parent directories): .git
2025-07-20 08:45:32.645 [info] > git rev-parse --show-toplevel [1ms]
2025-07-20 08:45:32.645 [info] fatal: not a git repository (or any of the parent directories): .git
2025-07-20 08:45:32.646 [info] [Model][doInitialScan] Initial repository scan completed - repositories (0), closed repositories (0), parent repositories (0), unsafe repositories (0)
2025-07-20 08:45:33.934 [info] > git rev-parse --show-toplevel [1ms]
2025-07-20 08:45:33.934 [info] fatal: not a git repository (or any of the parent directories): .git
2025-07-20 08:47:02.527 [info] > git rev-parse --show-toplevel [9ms]
2025-07-20 08:47:02.540 [info] > git rev-parse --path-format=relative --show-toplevel [5ms]
2025-07-20 08:47:02.550 [info] > git rev-parse --git-dir --git-common-dir [1ms]
2025-07-20 08:47:02.550 [info] fatal: not a git repository (or any of the parent directories): .git
2025-07-20 08:47:09.698 [info] > git rev-parse --show-toplevel [1ms]
2025-07-20 08:47:09.698 [info] fatal: not a git repository (or any of the parent directories): .git
2025-07-20 08:48:25.226 [info] > git rev-parse --show-toplevel [4ms]
2025-07-20 08:48:25.240 [info] > git rev-parse --git-dir --git-common-dir [3ms]
2025-07-20 08:48:25.256 [info] [Model][openRepository] Opened repository (path): /home/arch/.config
2025-07-20 08:48:25.256 [info] [Model][openRepository] Opened repository (real path): /home/arch/.config
2025-07-20 08:48:25.273 [info] [Git][getRemotes] No remotes found in the git config file
2025-07-20 08:48:25.274 [info] > git config --get commit.template [11ms]
2025-07-20 08:48:25.275 [info] > git for-each-ref --format=%(refname)%00%(upstream:short)%00%(objectname)%00%(upstream:track)%00%(upstream:remotename)%00%(upstream:remoteref) refs/heads/master refs/remotes/master [3ms]
2025-07-20 08:48:25.275 [warning] [Git][getBranch] No such branch: master
2025-07-20 08:48:25.287 [info] > git for-each-ref --sort -committerdate --format %(refname)%00%(objectname)%00%(*objectname) [2ms]
2025-07-20 08:48:25.303 [info] > git status -z -uall [22ms]
2025-07-20 08:48:25.650 [info] > git for-each-ref --format=%(refname)%00%(upstream:short)%00%(objectname)%00%(upstream:track)%00%(upstream:remotename)%00%(upstream:remoteref) refs/heads/master refs/remotes/master [266ms]
2025-07-20 08:48:25.650 [warning] [Git][getBranch] No such branch: master
2025-07-20 08:48:25.651 [error] [GitHistoryProvider][resolveHEADMergeBase] Failed to resolve merge base for master: Error: No such branch: master.
2025-07-20 08:48:25.654 [info] > git config --get commit.template [7ms]
2025-07-20 08:48:25.662 [info] [Git][getRemotes] No remotes found in the git config file
2025-07-20 08:48:25.662 [info] > git for-each-ref --format=%(refname)%00%(upstream:short)%00%(objectname)%00%(upstream:track)%00%(upstream:remotename)%00%(upstream:remoteref) refs/heads/master refs/remotes/master [0ms]
2025-07-20 08:48:25.662 [warning] [Git][getBranch] No such branch: master
2025-07-20 08:48:25.684 [info] > git for-each-ref --sort -committerdate --format %(refname)%00%(objectname)%00%(*objectname) [7ms]
2025-07-20 08:48:25.692 [info] > git status -z -uall [23ms]
2025-07-20 08:48:25.816 [info] > git check-ignore -v -z --stdin [8ms]
2025-07-20 08:48:28.040 [info] [Git][getRemotes] No remotes found in the git config file
2025-07-20 08:48:28.040 [info] > git config --get commit.template [17ms]
2025-07-20 08:48:28.041 [info] > git for-each-ref --format=%(refname)%00%(upstream:short)%00%(objectname)%00%(upstream:track)%00%(upstream:remotename)%00%(upstream:remoteref) refs/heads/master refs/remotes/master [1ms]
2025-07-20 08:48:28.041 [warning] [Git][getBranch] No such branch: master
2025-07-20 08:48:28.054 [info] > git for-each-ref --sort -committerdate --format %(refname)%00%(objectname)%00%(*objectname) [1ms]
2025-07-20 08:48:28.066 [info] > git status -z -uall [17ms]
2025-07-20 08:48:33.104 [info] [Git][getRemotes] No remotes found in the git config file
2025-07-20 08:48:33.104 [info] > git config --get commit.template [4ms]
2025-07-20 08:48:33.105 [info] > git for-each-ref --format=%(refname)%00%(upstream:short)%00%(objectname)%00%(upstream:track)%00%(upstream:remotename)%00%(upstream:remoteref) refs/heads/master refs/remotes/master [1ms]
2025-07-20 08:48:33.105 [warning] [Git][getBranch] No such branch: master
2025-07-20 08:48:33.114 [info] > git for-each-ref --sort -committerdate --format %(refname)%00%(objectname)%00%(*objectname) [1ms]
2025-07-20 08:48:33.119 [info] > git status -z -uall [11ms]
