2025-07-19 21:39:57.404 [info] [main] Log level: Info
2025-07-19 21:39:57.404 [info] [main] Validating found git in: "git"
2025-07-19 21:39:57.404 [info] [main] Using git "2.50.1" from "git"
2025-07-19 21:39:57.404 [info] [Model][doInitialScan] Initial repository scan started
2025-07-19 21:39:57.404 [info] [Model][doInitialScan] Initial repository scan completed - repositories (0), closed repositories (0), parent repositories (0), unsafe repositories (0)
2025-07-19 21:40:02.840 [info] [main] Log level: Info
2025-07-19 21:40:02.840 [info] [main] Validating found git in: "git"
2025-07-19 21:40:02.840 [info] [main] Using git "2.50.1" from "git"
2025-07-19 21:40:02.840 [info] [Model][doInitialScan] Initial repository scan started
2025-07-19 21:40:02.840 [info] > git rev-parse --show-toplevel [27ms]
2025-07-19 21:40:02.840 [info] fatal: not a git repository (or any of the parent directories): .git
2025-07-19 21:40:02.840 [info] > git rev-parse --show-toplevel [1ms]
2025-07-19 21:40:02.840 [info] fatal: not a git repository (or any of the parent directories): .git
2025-07-19 21:40:02.840 [info] [Model][doInitialScan] Initial repository scan completed - repositories (0), closed repositories (0), parent repositories (0), unsafe repositories (0)
2025-07-19 21:40:02.997 [info] > git rev-parse --show-toplevel [1ms]
2025-07-19 21:40:02.998 [info] fatal: not a git repository (or any of the parent directories): .git
2025-07-19 21:40:03.772 [info] > git rev-parse --show-toplevel [1ms]
2025-07-19 21:40:03.772 [info] fatal: not a git repository (or any of the parent directories): .git
2025-07-19 21:40:04.362 [info] > git rev-parse --show-toplevel [4ms]
2025-07-19 21:40:04.362 [info] fatal: not a git repository (or any of the parent directories): .git
2025-07-19 21:40:08.570 [info] > git rev-parse --show-toplevel [1ms]
2025-07-19 21:40:08.570 [info] fatal: not a git repository (or any of the parent directories): .git
2025-07-19 21:40:12.000 [info] > git rev-parse --show-toplevel [1ms]
2025-07-19 21:40:12.000 [info] fatal: not a git repository (or any of the parent directories): .git
