2025-07-20 18:07:31.397 [info] Extension host with pid 4837 started
2025-07-20 18:07:31.398 [info] ExtensionService#_doActivateExtension vscode.configuration-editing, startup: false, activationEvent: 'onLanguage:jsonc'
2025-07-20 18:07:31.416 [info] ExtensionService#_doActivateExtension vscode.json-language-features, startup: false, activationEvent: 'onLanguage:jsonc'
2025-07-20 18:07:31.484 [info] ExtensionService#_doActivateExtension vscode.typescript-language-features, startup: false, activationEvent: 'onLanguage:jsonc'
2025-07-20 18:07:31.563 [info] ExtensionService#_doActivateExtension vscode.emmet, startup: false, activationEvent: 'onLanguage'
2025-07-20 18:07:31.843 [info] ExtensionService#_doActivateExtension vscode.git-base, startup: true, activationEvent: '*', root cause: vscode.git
2025-07-20 18:07:31.847 [info] ExtensionService#_doActivateExtension vscode.git, startup: true, activationEvent: '*'
2025-07-20 18:07:31.927 [info] ExtensionService#_doActivateExtension vscode.github, startup: true, activationEvent: '*'
2025-07-20 18:07:32.152 [info] Eager extensions activated
2025-07-20 18:07:32.155 [info] ExtensionService#_doActivateExtension vscode.debug-auto-launch, startup: false, activationEvent: 'onStartupFinished'
2025-07-20 18:07:32.157 [info] ExtensionService#_doActivateExtension vscode.merge-conflict, startup: false, activationEvent: 'onStartupFinished'
2025-07-20 18:07:32.193 [info] ExtensionService#_doActivateExtension Catppuccin.catppuccin-vsc, startup: false, activationEvent: 'onStartupFinished'
2025-07-20 18:07:32.200 [info] ExtensionService#_doActivateExtension PKief.material-icon-theme, startup: false, activationEvent: 'onStartupFinished'
2025-07-20 18:07:32.986 [info] Extension host terminating: renderer closed the MessagePort
2025-07-20 18:07:33.003 [info] Extension host with pid 4837 exiting with code 0
2025-07-20 18:07:34.717 [info] Extension host with pid 4874 started
2025-07-20 18:07:34.717 [info] Skipping acquiring lock for /home/arch/.config/Code - OSS/User/workspaceStorage/bb2a9779ff93daad339410085ddf195a.
2025-07-20 18:07:35.060 [info] ExtensionService#_doActivateExtension vscode.emmet, startup: false, activationEvent: 'onLanguage'
2025-07-20 18:07:35.172 [info] ExtensionService#_doActivateExtension vscode.git-base, startup: true, activationEvent: '*', root cause: vscode.git
2025-07-20 18:07:35.177 [info] ExtensionService#_doActivateExtension vscode.git, startup: true, activationEvent: '*'
2025-07-20 18:07:35.246 [info] ExtensionService#_doActivateExtension vscode.github, startup: true, activationEvent: '*'
2025-07-20 18:07:35.504 [info] Eager extensions activated
2025-07-20 18:07:35.519 [info] ExtensionService#_doActivateExtension vscode.debug-auto-launch, startup: false, activationEvent: 'onStartupFinished'
2025-07-20 18:07:35.528 [info] ExtensionService#_doActivateExtension vscode.merge-conflict, startup: false, activationEvent: 'onStartupFinished'
2025-07-20 18:07:35.577 [info] ExtensionService#_doActivateExtension Catppuccin.catppuccin-vsc, startup: false, activationEvent: 'onStartupFinished'
2025-07-20 18:07:35.588 [info] ExtensionService#_doActivateExtension PKief.material-icon-theme, startup: false, activationEvent: 'onStartupFinished'
2025-07-20 18:07:35.948 [info] ExtensionService#_doActivateExtension vscode.configuration-editing, startup: false, activationEvent: 'onLanguage:jsonc'
2025-07-20 18:07:35.966 [info] ExtensionService#_doActivateExtension vscode.json-language-features, startup: false, activationEvent: 'onLanguage:jsonc'
2025-07-20 18:07:36.091 [info] ExtensionService#_doActivateExtension vscode.typescript-language-features, startup: false, activationEvent: 'onLanguage:jsonc'
2025-07-20 18:07:36.312 [warning] [Decorations] CAPPING events from decorations provider vscode.git 1717
2025-07-20 18:07:37.067 [warning] [Decorations] CAPPING events from decorations provider vscode.git 1717
2025-07-20 18:07:37.375 [info] ExtensionService#_doActivateExtension vscode.github-authentication, startup: false, activationEvent: 'onAuthenticationRequest:github'
2025-07-20 18:07:39.829 [warning] [Decorations] CAPPING events from decorations provider vscode.git 1718
2025-07-20 18:07:45.208 [warning] [Decorations] CAPPING events from decorations provider vscode.git 1718
2025-07-20 18:07:50.572 [warning] [Decorations] CAPPING events from decorations provider vscode.git 1719
2025-07-20 18:09:00.295 [warning] [Decorations] CAPPING events from decorations provider vscode.git 1721
2025-07-20 18:09:05.693 [warning] [Decorations] CAPPING events from decorations provider vscode.git 1720
2025-07-20 18:10:08.390 [warning] [Decorations] CAPPING events from decorations provider vscode.git 1720
2025-07-20 18:10:13.820 [warning] [Decorations] CAPPING events from decorations provider vscode.git 1720
2025-07-20 18:10:19.231 [warning] [Decorations] CAPPING events from decorations provider vscode.git 1720
2025-07-20 18:10:24.684 [warning] [Decorations] CAPPING events from decorations provider vscode.git 1720
2025-07-20 18:10:31.791 [warning] [Decorations] CAPPING events from decorations provider vscode.git 1720
2025-07-20 18:10:37.191 [warning] [Decorations] CAPPING events from decorations provider vscode.git 1720
2025-07-20 18:10:42.592 [warning] [Decorations] CAPPING events from decorations provider vscode.git 1722
2025-07-20 18:10:47.999 [warning] [Decorations] CAPPING events from decorations provider vscode.git 1722
2025-07-20 18:10:53.358 [warning] [Decorations] CAPPING events from decorations provider vscode.git 1722
2025-07-20 18:10:58.744 [warning] [Decorations] CAPPING events from decorations provider vscode.git 1722
2025-07-20 18:11:04.148 [warning] [Decorations] CAPPING events from decorations provider vscode.git 1722
2025-07-20 18:11:09.528 [warning] [Decorations] CAPPING events from decorations provider vscode.git 1723
2025-07-20 18:11:14.908 [warning] [Decorations] CAPPING events from decorations provider vscode.git 1723
2025-07-20 18:11:20.263 [warning] [Decorations] CAPPING events from decorations provider vscode.git 1723
2025-07-20 18:11:25.681 [warning] [Decorations] CAPPING events from decorations provider vscode.git 1723
2025-07-20 18:11:31.046 [warning] [Decorations] CAPPING events from decorations provider vscode.git 1723
2025-07-20 18:11:36.424 [warning] [Decorations] CAPPING events from decorations provider vscode.git 1724
2025-07-20 18:11:41.795 [warning] [Decorations] CAPPING events from decorations provider vscode.git 1724
2025-07-20 18:11:47.181 [warning] [Decorations] CAPPING events from decorations provider vscode.git 1724
2025-07-20 18:11:53.218 [warning] [Decorations] CAPPING events from decorations provider vscode.git 1724
2025-07-20 18:12:00.508 [warning] [Decorations] CAPPING events from decorations provider vscode.git 1724
2025-07-20 18:12:44.675 [warning] [Decorations] CAPPING events from decorations provider vscode.git 1724
2025-07-20 18:12:50.070 [warning] [Decorations] CAPPING events from decorations provider vscode.git 1733
2025-07-20 18:12:55.462 [warning] [Decorations] CAPPING events from decorations provider vscode.git 1733
2025-07-20 18:13:00.849 [warning] [Decorations] CAPPING events from decorations provider vscode.git 1733
2025-07-20 18:13:06.346 [warning] [Decorations] CAPPING events from decorations provider vscode.git 1733
2025-07-20 18:13:11.731 [warning] [Decorations] CAPPING events from decorations provider vscode.git 1734
2025-07-20 18:13:17.253 [warning] [Decorations] CAPPING events from decorations provider vscode.git 1734
2025-07-20 18:13:22.607 [warning] [Decorations] CAPPING events from decorations provider vscode.git 1734
2025-07-20 18:13:27.993 [warning] [Decorations] CAPPING events from decorations provider vscode.git 1734
2025-07-20 18:13:33.360 [warning] [Decorations] CAPPING events from decorations provider vscode.git 1734
2025-07-20 18:13:38.723 [warning] [Decorations] CAPPING events from decorations provider vscode.git 1734
2025-07-20 18:14:21.370 [warning] [Decorations] CAPPING events from decorations provider vscode.git 1734
2025-07-20 18:15:14.443 [warning] [Decorations] CAPPING events from decorations provider vscode.git 1734
2025-07-20 18:15:19.680 [warning] [Decorations] CAPPING events from decorations provider vscode.git 1734
2025-07-20 18:15:24.877 [warning] [Decorations] CAPPING events from decorations provider vscode.git 1734
2025-07-20 18:15:30.098 [warning] [Decorations] CAPPING events from decorations provider vscode.git 1734
2025-07-20 18:15:35.327 [warning] [Decorations] CAPPING events from decorations provider vscode.git 1734
2025-07-20 18:15:40.529 [warning] [Decorations] CAPPING events from decorations provider vscode.git 1734
2025-07-20 18:15:45.765 [warning] [Decorations] CAPPING events from decorations provider vscode.git 1734
2025-07-20 18:15:50.928 [warning] [Decorations] CAPPING events from decorations provider vscode.git 1735
